2024-07-05 09:58:17.736 [main] INFO  com.webMethodsUI.flow.testbase.TestBase - ChromeDriver: chrome on WINDOWS (ca7a12b7e645df38f8b296e5de53f256)
2024-07-05 09:58:17.743 [main] INFO  com.webMethodsUI.flow.testbase.TestBase - Initilize Web Driver: 1620989914
2024-07-05 09:58:17.838 [main] INFO  com.webMethodsUI.flow.testbase.TestBase - Navigating to URLhttps://azsprotenant6.int-az-us.webmethods-spro.io/
2024-07-05 09:58:18.615 [main] INFO  com.webMethodsUI.flow.pageObjects.common.LoginPage - Verify username text field is visible
2024-07-05 09:58:25.673 [main] INFO  com.webMethodsUI.flow.pageObjects.common.LoginPage - Entering user Name: megha
2024-07-05 09:58:25.879 [main] INFO  com.webMethodsUI.flow.pageObjects.common.LoginPage - Entering Password: SAGmanage@123456
2024-07-05 09:58:28.146 [main] INFO  com.webMethodsUI.flow.pageObjects.common.LoginPage - Click on Login Button
2024-07-05 09:58:31.512 [main] INFO  com.webMethodsUI.flow.pageObjects.common.LoginPage - wait for page load
2024-07-05 09:58:31.718 [main] INFO  com.webMethodsUI.flow.pageObjects.common.LoginPage - wait for page load
2024-07-05 09:58:31.860 [main] INFO  com.webMethodsUI.flow.pageObjects.common.LoginPage - Verify Home page greet message is visible
2024-07-05 09:58:34.998 [main] INFO  com.webMethodsUI.flow.pageObjects.common.LoginPage - Verify create project plus button is visible
2024-07-05 09:58:36.761 [main] INFO  com.webMethodsUI.flow.pageObjects.common.LoginPage - Cicking on search project field
2024-07-05 09:58:37.161 [main] INFO  com.webMethodsUI.flow.pageObjects.common.LoginPage - Entering project name in search box: OriginUI_AutomationProject1
2024-07-05 09:58:37.613 [main] INFO  com.webMethodsUI.flow.pageObjects.common.LoginPage - Clicking on searchicon to search project
2024-07-05 09:58:38.026 [main] INFO  com.webMethodsUI.flow.pageObjects.common.LoginPage - wait for page load
2024-07-05 09:58:39.253 [main] INFO  com.webMethodsUI.flow.pageObjects.common.LoginPage - Clicking on Project [[ChromeDriver: chrome on WINDOWS (ca7a12b7e645df38f8b296e5de53f256)] -> xpath: //span[contains(@class,'project-name')][contains(text(),'OriginUI_AutomationProject1')]]
2024-07-05 09:58:39.658 [main] INFO  com.webMethodsUI.flow.pageObjects.common.LoginPage - wait for page load
2024-07-05 09:58:41.982 [main] INFO  com.webMethodsUI.flow.pageObjects.common.LoginPage - Fetching webelement at runtime //div[@class='tab-details']/ul/li/a/span[contains(text(),'Packages')]
2024-07-05 09:58:42.037 [main] INFO  com.webMethodsUI.flow.pageObjects.common.LoginPage - Clicking on subMenu...Packages
2024-07-05 09:58:42.474 [main] INFO  com.webMethodsUI.flow.pageObjects.common.LoginPage - wait for page load
2024-07-05 09:58:43.092 [main] INFO  com.webMethodsUI.flow.pageObjects.common.LoginPage - Fetching webelement at runtime //button[contains(text(),'Add package')]
2024-07-05 09:58:43.134 [main] INFO  com.webMethodsUI.flow.pageObjects.common.LoginPage - wait for button to load:
2024-07-05 09:58:43.297 [main] INFO  com.webMethodsUI.flow.pageObjects.common.LoginPage - Click on buttonAdd package
2024-07-05 09:58:43.720 [main] INFO  com.webMethodsUI.flow.pageObjects.common.LoginPage - Fetching webelement at runtime //h2[contains(text(),'GIT')]
2024-07-05 09:58:43.774 [main] INFO  com.webMethodsUI.flow.pageObjects.common.LoginPage - wait for page to load:
2024-07-05 09:58:43.960 [main] INFO  com.webMethodsUI.flow.pageObjects.common.LoginPage - clicking on add git account
2024-07-05 09:58:44.292 [main] INFO  com.webMethodsUI.flow.pageObjects.common.LoginPage - Fetching webelement at runtime //input[@placeholder='Enter git URL']
2024-07-05 09:58:44.337 [main] INFO  com.webMethodsUI.flow.pageObjects.common.LoginPage - Entering GIT URl: https://github.com/ak879753/AbhiPackages
2024-07-05 09:58:44.672 [main] INFO  com.webMethodsUI.flow.pageObjects.common.LoginPage - Fetching webelement at runtime //button[contains(text(),'Next')]
2024-07-05 09:58:44.717 [main] INFO  com.webMethodsUI.flow.pageObjects.common.LoginPage - wait for button to load:
2024-07-05 09:58:44.870 [main] INFO  com.webMethodsUI.flow.pageObjects.common.LoginPage - Click on buttonNext
2024-07-05 09:58:45.227 [main] INFO  com.webMethodsUI.flow.pageObjects.common.LoginPage - Fetching webelement at runtime (//span[@class='delite-icon dlt-icon-caret-down'])[2]
2024-07-05 09:58:45.280 [main] INFO  com.webMethodsUI.flow.pageObjects.common.LoginPage - wait for page to load:
2024-07-05 09:58:45.471 [main] INFO  com.webMethodsUI.flow.pageObjects.common.LoginPage - clicking on add git dropdown
2024-07-05 09:58:45.888 [main] INFO  com.webMethodsUI.flow.pageObjects.common.LoginPage - Fetching webelement at runtime //div[@id='react-select-9-option-0-0']
2024-07-05 09:59:16.062 [main] INFO  com.webMethodsUI.flow.pageObjects.common.LoginPage - Fetching webelement at runtime //div[@class='tab-details']/ul/li/a/span[contains(text(),'Connectors ')]
2024-07-05 09:59:16.087 [main] INFO  com.webMethodsUI.flow.pageObjects.common.LoginPage - Clicking on subMenu...Connectors 
2024-07-05 09:59:16.365 [main] INFO  com.webMethodsUI.flow.pageObjects.common.LoginPage - wait for page load
2024-07-05 09:59:16.488 [main] INFO  com.webMethodsUI.flow.pageObjects.common.LoginPage - Fetching webelement at runtime //a[contains(text(),'Deploy Anywhere')]
2024-07-05 09:59:38.010 [main] INFO  com.webMethodsUI.flow.pageObjects.common.LoginPage - Clicking on Left Panal MainMenu....Deploy Anywhere
2024-07-05 09:59:38.409 [main] INFO  com.webMethodsUI.flow.pageObjects.common.LoginPage - wait for page load
2024-07-05 09:59:39.604 [main] INFO  com.webMethodsUI.flow.pageObjects.common.LoginPage - Fetching webelement at runtime //div[contains(text(),'Connector')]
2024-07-05 09:59:39.642 [main] INFO  com.webMethodsUI.flow.pageObjects.common.LoginPage - Verify vissible level is: Connector
2024-07-05 09:59:39.756 [main] INFO  com.webMethodsUI.flow.pageObjects.common.LoginPage - Fetching webelement at runtime //div[contains(text(),'Type')]
2024-07-05 09:59:39.794 [main] INFO  com.webMethodsUI.flow.pageObjects.common.LoginPage - Verify vissible level is: Type
2024-07-05 09:59:39.907 [main] INFO  com.webMethodsUI.flow.pageObjects.common.LoginPage - Fetching webelement at runtime //div[contains(text(),'Configured accounts')]
2024-07-05 09:59:39.948 [main] INFO  com.webMethodsUI.flow.pageObjects.common.LoginPage - Verify vissible level is: Configured accounts
2024-07-05 09:59:40.073 [main] INFO  com.webMethodsUI.flow.pageObjects.common.LoginPage - Fetching webelement at runtime //span[@class='delite-icon dlt-icon-chevron-down icon-chevron-down']
2024-07-05 09:59:40.100 [main] INFO  com.webMethodsUI.flow.pageObjects.common.LoginPage - Click on connector details button
2024-07-05 09:59:40.430 [main] INFO  com.webMethodsUI.flow.pageObjects.common.LoginPage - Fetching webelement at runtime //*[contains(text(),'53')]
2024-07-05 10:00:10.617 [main] INFO  com.webMethodsUI.flow.pageObjects.common.LoginPage - Fetching webelement at runtime //div[@class='tab-details']/ul/li/a/span[contains(text(),'Connectors ')]
2024-07-05 10:00:10.653 [main] INFO  com.webMethodsUI.flow.pageObjects.common.LoginPage - Clicking on subMenu...Connectors 
2024-07-05 10:00:11.005 [main] INFO  com.webMethodsUI.flow.pageObjects.common.LoginPage - wait for page load
2024-07-05 10:00:16.558 [main] INFO  com.webMethodsUI.flow.pageObjects.common.LoginPage - Fetching webelement at runtime //a[contains(text(),'Deploy Anywhere')]
2024-07-05 10:00:16.606 [main] INFO  com.webMethodsUI.flow.pageObjects.common.LoginPage - Clicking on Left Panal MainMenu....Deploy Anywhere
2024-07-05 10:00:16.977 [main] INFO  com.webMethodsUI.flow.pageObjects.common.LoginPage - wait for page load
2024-07-05 10:00:18.166 [main] INFO  com.webMethodsUI.flow.pageObjects.common.LoginPage - Fetching webelement at runtime //div[contains(text(),'Connector')]
2024-07-05 10:00:18.202 [main] INFO  com.webMethodsUI.flow.pageObjects.common.LoginPage - Verify vissible level is: Connector
2024-07-05 10:00:18.354 [main] INFO  com.webMethodsUI.flow.pageObjects.common.LoginPage - Fetching webelement at runtime //button[normalize-space()='Filters']
2024-07-05 10:00:18.387 [main] INFO  com.webMethodsUI.flow.pageObjects.common.LoginPage - Click on connector details button
2024-07-05 10:00:18.699 [main] INFO  com.webMethodsUI.flow.pageObjects.common.LoginPage - Fetching webelement at runtime //button[contains(text(),'Reset')]
2024-07-05 10:00:18.734 [main] INFO  com.webMethodsUI.flow.pageObjects.common.LoginPage - disbaled button is :Reset
2024-07-05 10:00:18.756 [main] INFO  com.webMethodsUI.flow.pageObjects.common.LoginPage - Fetching webelement at runtime //button[contains(text(),'Apply')]
2024-07-05 10:00:18.795 [main] INFO  com.webMethodsUI.flow.pageObjects.common.LoginPage - disbaled button is :Apply
2024-07-05 10:00:18.816 [main] INFO  com.webMethodsUI.flow.pageObjects.common.LoginPage - Fetching webelement at runtime //div[contains(text(),'Select account')]
2024-07-05 10:00:18.856 [main] INFO  com.webMethodsUI.flow.pageObjects.common.LoginPage - click on filter :Select account
2024-07-05 10:00:19.154 [main] INFO  com.webMethodsUI.flow.pageObjects.common.LoginPage - Fetching webelement at runtime //div[@id='react-select-8-option-0']
2024-07-05 10:00:49.348 [main] INFO  com.webMethodsUI.flow.pageObjects.common.LoginPage - Fetching webelement at runtime //div[@class='tab-details']/ul/li/a/span[contains(text(),'Packages ')]
2024-07-05 11:41:00.102 [main] INFO  com.webMethodsUI.flow.testbase.TestBase - ChromeDriver: chrome on WINDOWS (8f982b352e12a94beaf8bf0e18b7cb26)
2024-07-05 11:41:00.108 [main] INFO  com.webMethodsUI.flow.testbase.TestBase - Initilize Web Driver: 1620989914
2024-07-05 11:41:00.223 [main] INFO  com.webMethodsUI.flow.testbase.TestBase - Navigating to URLhttps://azsprotenant6.int-az-us.webmethods-spro.io/
2024-07-05 11:41:01.074 [main] INFO  com.webMethodsUI.flow.pageObjects.common.LoginPage - Verify username text field is visible
2024-07-05 11:41:08.680 [main] INFO  com.webMethodsUI.flow.pageObjects.common.LoginPage - Entering user Name: megha
2024-07-05 11:41:08.876 [main] INFO  com.webMethodsUI.flow.pageObjects.common.LoginPage - Entering Password: SAGmanage@123456
2024-07-05 11:41:11.143 [main] INFO  com.webMethodsUI.flow.pageObjects.common.LoginPage - Click on Login Button
2024-07-05 11:41:14.648 [main] INFO  com.webMethodsUI.flow.pageObjects.common.LoginPage - wait for page load
2024-07-05 11:41:14.855 [main] INFO  com.webMethodsUI.flow.pageObjects.common.LoginPage - wait for page load
2024-07-05 11:41:15.019 [main] INFO  com.webMethodsUI.flow.pageObjects.common.LoginPage - Verify Home page greet message is visible
2024-07-05 11:41:17.887 [main] INFO  com.webMethodsUI.flow.pageObjects.common.LoginPage - Verify create project plus button is visible
2024-07-05 11:41:19.578 [main] INFO  com.webMethodsUI.flow.pageObjects.common.LoginPage - Cicking on search project field
2024-07-05 11:41:20.004 [main] INFO  com.webMethodsUI.flow.pageObjects.common.LoginPage - Entering project name in search box: OriginUI_AutomationProject1
2024-07-05 11:41:20.446 [main] INFO  com.webMethodsUI.flow.pageObjects.common.LoginPage - Clicking on searchicon to search project
2024-07-05 11:41:20.820 [main] INFO  com.webMethodsUI.flow.pageObjects.common.LoginPage - wait for page load
2024-07-05 11:41:22.038 [main] INFO  com.webMethodsUI.flow.pageObjects.common.LoginPage - Clicking on Project [[ChromeDriver: chrome on WINDOWS (8f982b352e12a94beaf8bf0e18b7cb26)] -> xpath: //span[contains(@class,'project-name')][contains(text(),'OriginUI_AutomationProject1')]]
2024-07-05 11:41:22.419 [main] INFO  com.webMethodsUI.flow.pageObjects.common.LoginPage - wait for page load
2024-07-05 11:41:24.785 [main] INFO  com.webMethodsUI.flow.pageObjects.common.LoginPage - Fetching webelement at runtime //div[@class='tab-details']/ul/li/a/span[contains(text(),'Packages')]
2024-07-05 11:41:24.843 [main] INFO  com.webMethodsUI.flow.pageObjects.common.LoginPage - Clicking on subMenu...Packages
2024-07-05 11:41:25.279 [main] INFO  com.webMethodsUI.flow.pageObjects.common.LoginPage - wait for page load
2024-07-05 11:41:25.753 [main] INFO  com.webMethodsUI.flow.pageObjects.common.LoginPage - Fetching webelement at runtime //button[contains(text(),'Add package')]
2024-07-05 11:41:25.803 [main] INFO  com.webMethodsUI.flow.pageObjects.common.LoginPage - wait for button to load:
2024-07-05 11:41:25.943 [main] INFO  com.webMethodsUI.flow.pageObjects.common.LoginPage - Click on buttonAdd package
2024-07-05 11:41:26.360 [main] INFO  com.webMethodsUI.flow.pageObjects.common.LoginPage - Fetching webelement at runtime //h2[contains(text(),'GIT')]
2024-07-05 11:41:26.413 [main] INFO  com.webMethodsUI.flow.pageObjects.common.LoginPage - wait for page to load:
2024-07-05 11:41:26.580 [main] INFO  com.webMethodsUI.flow.pageObjects.common.LoginPage - clicking on add git account
2024-07-05 11:41:26.986 [main] INFO  com.webMethodsUI.flow.pageObjects.common.LoginPage - Fetching webelement at runtime //input[@placeholder='Enter git URL']
2024-07-05 11:41:27.035 [main] INFO  com.webMethodsUI.flow.pageObjects.common.LoginPage - Entering GIT URl: https://github.com/ak879753/AbhiPackages
2024-07-05 11:41:27.460 [main] INFO  com.webMethodsUI.flow.pageObjects.common.LoginPage - Fetching webelement at runtime //button[contains(text(),'Next')]
2024-07-05 11:41:27.517 [main] INFO  com.webMethodsUI.flow.pageObjects.common.LoginPage - wait for button to load:
2024-07-05 11:41:27.683 [main] INFO  com.webMethodsUI.flow.pageObjects.common.LoginPage - Click on buttonNext
2024-07-05 11:41:28.060 [main] INFO  com.webMethodsUI.flow.pageObjects.common.LoginPage - Fetching webelement at runtime (//span[@class='delite-icon dlt-icon-caret-down'])[2]
2024-07-05 11:41:28.111 [main] INFO  com.webMethodsUI.flow.pageObjects.common.LoginPage - wait for page to load:
2024-07-05 11:41:28.290 [main] INFO  com.webMethodsUI.flow.pageObjects.common.LoginPage - clicking on add git dropdown
2024-07-05 11:41:28.705 [main] INFO  com.webMethodsUI.flow.pageObjects.common.LoginPage - Fetching webelement at runtime //div[@id='react-select-9-option-0-0']
2024-07-05 11:41:58.987 [main] INFO  com.webMethodsUI.flow.pageObjects.common.LoginPage - Fetching webelement at runtime //div[@class='tab-details']/ul/li/a/span[contains(text(),'Connectors ')]
2024-07-05 11:41:59.038 [main] INFO  com.webMethodsUI.flow.pageObjects.common.LoginPage - Clicking on subMenu...Connectors 
2024-07-05 11:41:59.460 [main] INFO  com.webMethodsUI.flow.pageObjects.common.LoginPage - wait for page load
2024-07-05 11:42:05.387 [main] INFO  com.webMethodsUI.flow.pageObjects.common.LoginPage - Fetching webelement at runtime //a[contains(text(),'Deploy Anywhere')]
2024-07-05 11:42:05.412 [main] INFO  com.webMethodsUI.flow.pageObjects.common.LoginPage - Clicking on Left Panal MainMenu....Deploy Anywhere
2024-07-05 11:42:05.765 [main] INFO  com.webMethodsUI.flow.pageObjects.common.LoginPage - wait for page load
2024-07-05 11:42:06.937 [main] INFO  com.webMethodsUI.flow.pageObjects.common.LoginPage - Fetching webelement at runtime //div[contains(text(),'Connector')]
2024-07-05 11:42:06.967 [main] INFO  com.webMethodsUI.flow.pageObjects.common.LoginPage - Verify vissible level is: Connector
2024-07-05 11:42:07.106 [main] INFO  com.webMethodsUI.flow.pageObjects.common.LoginPage - Fetching webelement at runtime //div[contains(text(),'Type')]
2024-07-05 11:42:07.137 [main] INFO  com.webMethodsUI.flow.pageObjects.common.LoginPage - Verify vissible level is: Type
2024-07-05 11:42:07.287 [main] INFO  com.webMethodsUI.flow.pageObjects.common.LoginPage - Fetching webelement at runtime //div[contains(text(),'Configured accounts')]
2024-07-05 11:42:07.334 [main] INFO  com.webMethodsUI.flow.pageObjects.common.LoginPage - Verify vissible level is: Configured accounts
2024-07-05 11:42:07.486 [main] INFO  com.webMethodsUI.flow.pageObjects.common.LoginPage - Fetching webelement at runtime //span[@class='delite-icon dlt-icon-chevron-down icon-chevron-down']
2024-07-05 11:42:07.535 [main] INFO  com.webMethodsUI.flow.pageObjects.common.LoginPage - Click on connector details button
2024-07-05 11:42:07.885 [main] INFO  com.webMethodsUI.flow.pageObjects.common.LoginPage - Fetching webelement at runtime //div[contains(text(),'53')]
2024-07-05 11:42:07.929 [main] INFO  com.webMethodsUI.flow.pageObjects.common.LoginPage - Verify vissible level is: 53
2024-07-05 11:42:08.105 [main] INFO  com.webMethodsUI.flow.pageObjects.common.LoginPage - Fetching webelement at runtime //div[contains(text(),'iscloudstreamsconnection')]
2024-07-05 11:42:08.158 [main] INFO  com.webMethodsUI.flow.pageObjects.common.LoginPage - Verify vissible level is: iscloudstreamsconnection
2024-07-05 11:42:08.379 [main] INFO  com.webMethodsUI.flow.pageObjects.common.LoginPage - Fetching webelement at runtime //div[contains(text(),'Salesforce CRM')]
2024-07-05 11:42:38.534 [main] INFO  com.webMethodsUI.flow.pageObjects.common.LoginPage - Fetching webelement at runtime //div[@class='tab-details']/ul/li/a/span[contains(text(),'Connectors ')]
2024-07-05 11:42:38.567 [main] INFO  com.webMethodsUI.flow.pageObjects.common.LoginPage - Clicking on subMenu...Connectors 
2024-07-05 11:42:38.928 [main] INFO  com.webMethodsUI.flow.pageObjects.common.LoginPage - wait for page load
2024-07-05 11:42:44.264 [main] INFO  com.webMethodsUI.flow.pageObjects.common.LoginPage - Fetching webelement at runtime //a[contains(text(),'Deploy Anywhere')]
2024-07-05 11:42:44.300 [main] INFO  com.webMethodsUI.flow.pageObjects.common.LoginPage - Clicking on Left Panal MainMenu....Deploy Anywhere
2024-07-05 11:42:44.645 [main] INFO  com.webMethodsUI.flow.pageObjects.common.LoginPage - wait for page load
2024-07-05 11:42:45.805 [main] INFO  com.webMethodsUI.flow.pageObjects.common.LoginPage - Fetching webelement at runtime //div[contains(text(),'Connector')]
2024-07-05 11:42:45.859 [main] INFO  com.webMethodsUI.flow.pageObjects.common.LoginPage - Verify vissible level is: Connector
2024-07-05 11:42:45.980 [main] INFO  com.webMethodsUI.flow.pageObjects.common.LoginPage - Fetching webelement at runtime //button[normalize-space()='Filters']
2024-07-05 11:42:46.011 [main] INFO  com.webMethodsUI.flow.pageObjects.common.LoginPage - Click on connector details button
2024-07-05 11:42:46.338 [main] INFO  com.webMethodsUI.flow.pageObjects.common.LoginPage - Fetching webelement at runtime //button[contains(text(),'Reset')]
2024-07-05 11:42:46.363 [main] INFO  com.webMethodsUI.flow.pageObjects.common.LoginPage - disbaled button is :Reset
2024-07-05 11:42:46.386 [main] INFO  com.webMethodsUI.flow.pageObjects.common.LoginPage - Fetching webelement at runtime //button[contains(text(),'Apply')]
2024-07-05 11:42:46.413 [main] INFO  com.webMethodsUI.flow.pageObjects.common.LoginPage - disbaled button is :Apply
2024-07-05 11:42:46.451 [main] INFO  com.webMethodsUI.flow.pageObjects.common.LoginPage - Fetching webelement at runtime //div[contains(text(),'Select account')]
2024-07-05 11:42:46.505 [main] INFO  com.webMethodsUI.flow.pageObjects.common.LoginPage - click on filter :Select account
2024-07-05 11:42:46.864 [main] INFO  com.webMethodsUI.flow.pageObjects.common.LoginPage - Fetching webelement at runtime //div[contains(text(),'Abhi_conn')]
2024-07-05 11:42:46.911 [main] INFO  com.webMethodsUI.flow.pageObjects.common.LoginPage - click on filter :Abhi_conn
2024-07-05 11:42:47.249 [main] INFO  com.webMethodsUI.flow.pageObjects.common.LoginPage - Fetching webelement at runtime //button[contains(text(),'Apply')]
2024-07-05 11:42:47.277 [main] INFO  com.webMethodsUI.flow.pageObjects.common.LoginPage - wait for button to load:
2024-07-05 11:42:47.428 [main] INFO  com.webMethodsUI.flow.pageObjects.common.LoginPage - Click on buttonApply
2024-07-05 11:42:47.775 [main] INFO  com.webMethodsUI.flow.pageObjects.common.LoginPage - Fetching webelement at runtime //button[contains(text(),'Reset')]
2024-07-05 11:42:47.813 [main] INFO  com.webMethodsUI.flow.pageObjects.common.LoginPage - wait for button to load:
2024-07-05 11:42:47.957 [main] INFO  com.webMethodsUI.flow.pageObjects.common.LoginPage - Click on buttonReset
2024-07-05 11:42:48.341 [main] INFO  com.webMethodsUI.flow.pageObjects.common.LoginPage - Fetching webelement at runtime //div[contains(text(),'Select type')]
2024-07-05 11:42:48.391 [main] INFO  com.webMethodsUI.flow.pageObjects.common.LoginPage - click on filter :Select type
2024-07-05 11:42:48.738 [main] INFO  com.webMethodsUI.flow.pageObjects.common.LoginPage - Fetching webelement at runtime //div[contains(text(),'iscloudstreamsconnection')]
2024-07-05 11:42:48.787 [main] INFO  com.webMethodsUI.flow.pageObjects.common.LoginPage - click on filter :iscloudstreamsconnection
2024-07-05 11:42:49.177 [main] INFO  com.webMethodsUI.flow.pageObjects.common.LoginPage - Fetching webelement at runtime //button[contains(text(),'Apply')]
2024-07-05 11:42:49.211 [main] INFO  com.webMethodsUI.flow.pageObjects.common.LoginPage - wait for button to load:
2024-07-05 11:42:49.372 [main] INFO  com.webMethodsUI.flow.pageObjects.common.LoginPage - Click on buttonApply
2024-07-05 11:42:49.718 [main] INFO  com.webMethodsUI.flow.pageObjects.common.LoginPage - Fetching webelement at runtime //button[contains(text(),'Reset')]
2024-07-05 11:42:49.760 [main] INFO  com.webMethodsUI.flow.pageObjects.common.LoginPage - wait for button to load:
2024-07-05 11:42:49.928 [main] INFO  com.webMethodsUI.flow.pageObjects.common.LoginPage - Click on buttonReset
2024-07-05 11:42:50.261 [main] INFO  com.webMethodsUI.flow.pageObjects.common.LoginPage - Fetching webelement at runtime //div[contains(text(),'Select connector')]
2024-07-05 11:42:50.308 [main] INFO  com.webMethodsUI.flow.pageObjects.common.LoginPage - click on filter :Select connector
2024-07-05 11:42:50.634 [main] INFO  com.webMethodsUI.flow.pageObjects.common.LoginPage - Fetching webelement at runtime //div[contains(text(),'Salesforce CRM')]
2024-07-05 11:42:50.671 [main] INFO  com.webMethodsUI.flow.pageObjects.common.LoginPage - click on filter :Salesforce CRM
2024-07-05 11:42:51.020 [main] INFO  com.webMethodsUI.flow.pageObjects.common.LoginPage - Fetching webelement at runtime //button[contains(text(),'Apply')]
2024-07-05 11:42:51.054 [main] INFO  com.webMethodsUI.flow.pageObjects.common.LoginPage - wait for button to load:
2024-07-05 11:42:51.196 [main] INFO  com.webMethodsUI.flow.pageObjects.common.LoginPage - Click on buttonApply
2024-07-05 11:42:51.526 [main] INFO  com.webMethodsUI.flow.pageObjects.common.LoginPage - Fetching webelement at runtime //button[contains(text(),'Reset')]
2024-07-05 11:42:51.577 [main] INFO  com.webMethodsUI.flow.pageObjects.common.LoginPage - wait for button to load:
2024-07-05 11:42:51.744 [main] INFO  com.webMethodsUI.flow.pageObjects.common.LoginPage - Click on buttonReset
2024-07-05 11:42:52.191 [main] INFO  com.webMethodsUI.flow.pageObjects.common.LoginPage - Fetching webelement at runtime //div[@class='tab-details']/ul/li/a/span[contains(text(),'Packages ')]
2024-07-05 11:57:17.138 [main] INFO  com.webMethodsUI.flow.testbase.TestBase - ChromeDriver: chrome on WINDOWS (4ebc0325745d59434044ccc380aca360)
2024-07-05 11:57:17.146 [main] INFO  com.webMethodsUI.flow.testbase.TestBase - Initilize Web Driver: 1620989914
2024-07-05 11:57:17.249 [main] INFO  com.webMethodsUI.flow.testbase.TestBase - Navigating to URLhttps://azsprotenant6.int-az-us.webmethods-spro.io/
2024-07-05 11:57:18.191 [main] INFO  com.webMethodsUI.flow.pageObjects.common.LoginPage - Verify username text field is visible
2024-07-05 11:57:24.973 [main] INFO  com.webMethodsUI.flow.pageObjects.common.LoginPage - Entering user Name: megha
2024-07-05 11:57:25.197 [main] INFO  com.webMethodsUI.flow.pageObjects.common.LoginPage - Entering Password: SAGmanage@123456
2024-07-05 11:57:27.438 [main] INFO  com.webMethodsUI.flow.pageObjects.common.LoginPage - Click on Login Button
2024-07-05 11:57:31.325 [main] INFO  com.webMethodsUI.flow.pageObjects.common.LoginPage - wait for page load
2024-07-05 11:57:31.488 [main] INFO  com.webMethodsUI.flow.pageObjects.common.LoginPage - wait for page load
2024-07-05 11:57:31.667 [main] INFO  com.webMethodsUI.flow.pageObjects.common.LoginPage - Verify Home page greet message is visible
2024-07-05 11:57:34.519 [main] INFO  com.webMethodsUI.flow.pageObjects.common.LoginPage - Verify create project plus button is visible
2024-07-05 11:57:36.206 [main] INFO  com.webMethodsUI.flow.pageObjects.common.LoginPage - Cicking on search project field
2024-07-05 11:57:36.588 [main] INFO  com.webMethodsUI.flow.pageObjects.common.LoginPage - Entering project name in search box: OriginUI_AutomationProject1
2024-07-05 11:57:37.045 [main] INFO  com.webMethodsUI.flow.pageObjects.common.LoginPage - Clicking on searchicon to search project
2024-07-05 11:57:37.419 [main] INFO  com.webMethodsUI.flow.pageObjects.common.LoginPage - wait for page load
2024-07-05 11:57:38.646 [main] INFO  com.webMethodsUI.flow.pageObjects.common.LoginPage - Clicking on Project [[ChromeDriver: chrome on WINDOWS (4ebc0325745d59434044ccc380aca360)] -> xpath: //span[contains(@class,'project-name')][contains(text(),'OriginUI_AutomationProject1')]]
2024-07-05 11:57:39.050 [main] INFO  com.webMethodsUI.flow.pageObjects.common.LoginPage - wait for page load
2024-07-05 11:57:41.493 [main] INFO  com.webMethodsUI.flow.pageObjects.common.LoginPage - Fetching webelement at runtime //div[@class='tab-details']/ul/li/a/span[contains(text(),'Packages')]
2024-07-05 11:57:41.569 [main] INFO  com.webMethodsUI.flow.pageObjects.common.LoginPage - Clicking on subMenu...Packages
2024-07-05 11:57:42.093 [main] INFO  com.webMethodsUI.flow.pageObjects.common.LoginPage - wait for page load
2024-07-05 11:57:42.523 [main] INFO  com.webMethodsUI.flow.pageObjects.common.LoginPage - Fetching webelement at runtime //button[contains(text(),'Add package')]
2024-07-05 11:57:42.603 [main] INFO  com.webMethodsUI.flow.pageObjects.common.LoginPage - wait for button to load:
2024-07-05 11:57:42.791 [main] INFO  com.webMethodsUI.flow.pageObjects.common.LoginPage - Click on buttonAdd package
2024-07-05 11:57:43.375 [main] INFO  com.webMethodsUI.flow.pageObjects.common.LoginPage - Fetching webelement at runtime //h2[contains(text(),'GIT')]
2024-07-05 11:57:43.476 [main] INFO  com.webMethodsUI.flow.pageObjects.common.LoginPage - wait for page to load:
2024-07-05 11:57:43.794 [main] INFO  com.webMethodsUI.flow.pageObjects.common.LoginPage - clicking on add git account
2024-07-05 11:57:44.233 [main] INFO  com.webMethodsUI.flow.pageObjects.common.LoginPage - Fetching webelement at runtime //input[@placeholder='Enter git URL']
2024-07-05 11:57:44.291 [main] INFO  com.webMethodsUI.flow.pageObjects.common.LoginPage - wait for page to load:
2024-07-05 11:57:44.480 [main] INFO  com.webMethodsUI.flow.pageObjects.common.LoginPage - Entering GIT URl: https://github.com/ak879753/AbhiPackages
2024-07-05 11:57:45.031 [main] INFO  com.webMethodsUI.flow.pageObjects.common.LoginPage - Fetching webelement at runtime //button[contains(text(),'Next')]
2024-07-05 11:57:45.084 [main] INFO  com.webMethodsUI.flow.pageObjects.common.LoginPage - wait for button to load:
2024-07-05 11:57:45.262 [main] INFO  com.webMethodsUI.flow.pageObjects.common.LoginPage - Click on buttonNext
2024-07-05 11:57:45.615 [main] INFO  com.webMethodsUI.flow.pageObjects.common.LoginPage - Fetching webelement at runtime //div[contains(text(),'Select an option')]
2024-07-05 11:57:46.742 [main] INFO  com.webMethodsUI.flow.pageObjects.common.LoginPage - click on filter :Select an option
2024-07-05 11:57:47.148 [main] INFO  com.webMethodsUI.flow.pageObjects.common.LoginPage - Fetching webelement at runtime //div[contains(text(),'main')]
2024-07-05 11:57:47.193 [main] INFO  com.webMethodsUI.flow.pageObjects.common.LoginPage - click on filter :main
2024-07-05 11:57:47.555 [main] INFO  com.webMethodsUI.flow.pageObjects.common.LoginPage - Fetching webelement at runtime //button[contains(text(),'Pull')]
2024-07-05 11:57:47.605 [main] INFO  com.webMethodsUI.flow.pageObjects.common.LoginPage - wait for button to load:
2024-07-05 11:57:47.779 [main] INFO  com.webMethodsUI.flow.pageObjects.common.LoginPage - Click on buttonPull
2024-07-05 11:57:49.284 [main] INFO  com.webMethodsUI.flow.pageObjects.common.LoginPage - Fetching webelement at runtime //div[@class='tab-details']/ul/li/a/span[contains(text(),'Connectors ')]
2024-07-05 11:57:49.341 [main] INFO  com.webMethodsUI.flow.pageObjects.common.LoginPage - Clicking on subMenu...Connectors 
2024-07-05 11:57:49.728 [main] INFO  com.webMethodsUI.flow.pageObjects.common.LoginPage - wait for page load
2024-07-05 11:57:53.540 [main] INFO  com.webMethodsUI.flow.pageObjects.common.LoginPage - Fetching webelement at runtime //a[contains(text(),'Deploy Anywhere')]
2024-07-05 11:57:58.746 [main] INFO  com.webMethodsUI.flow.pageObjects.common.LoginPage - Clicking on Left Panal MainMenu....Deploy Anywhere
2024-07-05 11:57:59.157 [main] INFO  com.webMethodsUI.flow.pageObjects.common.LoginPage - wait for page load
2024-07-05 11:58:00.354 [main] INFO  com.webMethodsUI.flow.pageObjects.common.LoginPage - Fetching webelement at runtime //div[contains(text(),'Connector')]
2024-07-05 11:58:00.410 [main] INFO  com.webMethodsUI.flow.pageObjects.common.LoginPage - Verify vissible level is: Connector
2024-07-05 11:58:00.581 [main] INFO  com.webMethodsUI.flow.pageObjects.common.LoginPage - Fetching webelement at runtime //div[contains(text(),'Type')]
2024-07-05 11:58:00.638 [main] INFO  com.webMethodsUI.flow.pageObjects.common.LoginPage - Verify vissible level is: Type
2024-07-05 11:58:00.800 [main] INFO  com.webMethodsUI.flow.pageObjects.common.LoginPage - Fetching webelement at runtime //div[contains(text(),'Configured accounts')]
2024-07-05 11:58:00.852 [main] INFO  com.webMethodsUI.flow.pageObjects.common.LoginPage - Verify vissible level is: Configured accounts
2024-07-05 11:58:01.019 [main] INFO  com.webMethodsUI.flow.pageObjects.common.LoginPage - Fetching webelement at runtime //span[@class='delite-icon dlt-icon-chevron-down icon-chevron-down']
2024-07-05 11:58:01.064 [main] INFO  com.webMethodsUI.flow.pageObjects.common.LoginPage - Click on connector details button
2024-07-05 11:58:01.423 [main] INFO  com.webMethodsUI.flow.pageObjects.common.LoginPage - Fetching webelement at runtime //div[contains(text(),'53')]
2024-07-05 11:58:01.479 [main] INFO  com.webMethodsUI.flow.pageObjects.common.LoginPage - Verify vissible level is: 53
2024-07-05 11:58:01.644 [main] INFO  com.webMethodsUI.flow.pageObjects.common.LoginPage - Fetching webelement at runtime //div[contains(text(),'iscloudstreamsconnection')]
2024-07-05 11:58:01.673 [main] INFO  com.webMethodsUI.flow.pageObjects.common.LoginPage - Verify vissible level is: iscloudstreamsconnection
2024-07-05 11:58:01.833 [main] INFO  com.webMethodsUI.flow.pageObjects.common.LoginPage - Fetching webelement at runtime //div[contains(text(),'Salesforce CRM')]
2024-07-05 11:58:32.057 [main] INFO  com.webMethodsUI.flow.pageObjects.common.LoginPage - Fetching webelement at runtime //div[@class='tab-details']/ul/li/a/span[contains(text(),'Connectors ')]
2024-07-05 11:58:32.099 [main] INFO  com.webMethodsUI.flow.pageObjects.common.LoginPage - Clicking on subMenu...Connectors 
2024-07-05 11:58:32.524 [main] INFO  com.webMethodsUI.flow.pageObjects.common.LoginPage - wait for page load
2024-07-05 11:58:37.845 [main] INFO  com.webMethodsUI.flow.pageObjects.common.LoginPage - Fetching webelement at runtime //a[contains(text(),'Deploy Anywhere')]
2024-07-05 11:58:37.888 [main] INFO  com.webMethodsUI.flow.pageObjects.common.LoginPage - Clicking on Left Panal MainMenu....Deploy Anywhere
2024-07-05 11:58:38.259 [main] INFO  com.webMethodsUI.flow.pageObjects.common.LoginPage - wait for page load
2024-07-05 11:58:39.485 [main] INFO  com.webMethodsUI.flow.pageObjects.common.LoginPage - Fetching webelement at runtime //div[contains(text(),'Connector')]
2024-07-05 11:58:39.520 [main] INFO  com.webMethodsUI.flow.pageObjects.common.LoginPage - Verify vissible level is: Connector
2024-07-05 11:58:39.709 [main] INFO  com.webMethodsUI.flow.pageObjects.common.LoginPage - Fetching webelement at runtime //button[normalize-space()='Filters']
2024-07-05 11:58:39.764 [main] INFO  com.webMethodsUI.flow.pageObjects.common.LoginPage - Click on connector details button
2024-07-05 11:58:40.173 [main] INFO  com.webMethodsUI.flow.pageObjects.common.LoginPage - Fetching webelement at runtime //button[contains(text(),'Reset')]
2024-07-05 11:58:40.226 [main] INFO  com.webMethodsUI.flow.pageObjects.common.LoginPage - disbaled button is :Reset
2024-07-05 11:58:40.261 [main] INFO  com.webMethodsUI.flow.pageObjects.common.LoginPage - Fetching webelement at runtime //button[contains(text(),'Apply')]
2024-07-05 11:58:40.317 [main] INFO  com.webMethodsUI.flow.pageObjects.common.LoginPage - disbaled button is :Apply
2024-07-05 11:58:40.353 [main] INFO  com.webMethodsUI.flow.pageObjects.common.LoginPage - Fetching webelement at runtime //div[contains(text(),'Select account')]
2024-07-05 11:58:40.409 [main] INFO  com.webMethodsUI.flow.pageObjects.common.LoginPage - click on filter :Select account
2024-07-05 11:58:40.762 [main] INFO  com.webMethodsUI.flow.pageObjects.common.LoginPage - Fetching webelement at runtime //div[contains(text(),'Abhi_conn')]
2024-07-05 11:58:40.803 [main] INFO  com.webMethodsUI.flow.pageObjects.common.LoginPage - click on filter :Abhi_conn
2024-07-05 11:58:41.144 [main] INFO  com.webMethodsUI.flow.pageObjects.common.LoginPage - Fetching webelement at runtime //button[contains(text(),'Apply')]
2024-07-05 11:58:41.198 [main] INFO  com.webMethodsUI.flow.pageObjects.common.LoginPage - wait for button to load:
2024-07-05 11:58:41.339 [main] INFO  com.webMethodsUI.flow.pageObjects.common.LoginPage - Click on buttonApply
2024-07-05 11:58:41.680 [main] INFO  com.webMethodsUI.flow.pageObjects.common.LoginPage - Fetching webelement at runtime //button[contains(text(),'Reset')]
2024-07-05 11:58:41.721 [main] INFO  com.webMethodsUI.flow.pageObjects.common.LoginPage - wait for button to load:
2024-07-05 11:58:41.868 [main] INFO  com.webMethodsUI.flow.pageObjects.common.LoginPage - Click on buttonReset
2024-07-05 11:58:42.234 [main] INFO  com.webMethodsUI.flow.pageObjects.common.LoginPage - Fetching webelement at runtime //div[contains(text(),'Select type')]
2024-07-05 11:58:42.288 [main] INFO  com.webMethodsUI.flow.pageObjects.common.LoginPage - click on filter :Select type
2024-07-05 11:58:42.665 [main] INFO  com.webMethodsUI.flow.pageObjects.common.LoginPage - Fetching webelement at runtime //div[contains(text(),'iscloudstreamsconnection')]
2024-07-05 11:58:42.713 [main] INFO  com.webMethodsUI.flow.pageObjects.common.LoginPage - click on filter :iscloudstreamsconnection
2024-07-05 11:58:43.095 [main] INFO  com.webMethodsUI.flow.pageObjects.common.LoginPage - Fetching webelement at runtime //button[contains(text(),'Apply')]
2024-07-05 11:58:43.139 [main] INFO  com.webMethodsUI.flow.pageObjects.common.LoginPage - wait for button to load:
2024-07-05 11:58:43.335 [main] INFO  com.webMethodsUI.flow.pageObjects.common.LoginPage - Click on buttonApply
2024-07-05 11:58:43.699 [main] INFO  com.webMethodsUI.flow.pageObjects.common.LoginPage - Fetching webelement at runtime //button[contains(text(),'Reset')]
2024-07-05 11:58:43.734 [main] INFO  com.webMethodsUI.flow.pageObjects.common.LoginPage - wait for button to load:
2024-07-05 11:58:43.905 [main] INFO  com.webMethodsUI.flow.pageObjects.common.LoginPage - Click on buttonReset
2024-07-05 11:58:44.256 [main] INFO  com.webMethodsUI.flow.pageObjects.common.LoginPage - Fetching webelement at runtime //div[contains(text(),'Select connector')]
2024-07-05 11:58:44.302 [main] INFO  com.webMethodsUI.flow.pageObjects.common.LoginPage - click on filter :Select connector
2024-07-05 11:58:44.670 [main] INFO  com.webMethodsUI.flow.pageObjects.common.LoginPage - Fetching webelement at runtime //div[contains(text(),'Salesforce CRM')]
2024-07-05 11:58:44.712 [main] INFO  com.webMethodsUI.flow.pageObjects.common.LoginPage - click on filter :Salesforce CRM
2024-07-05 11:58:45.076 [main] INFO  com.webMethodsUI.flow.pageObjects.common.LoginPage - Fetching webelement at runtime //button[contains(text(),'Apply')]
2024-07-05 11:58:45.107 [main] INFO  com.webMethodsUI.flow.pageObjects.common.LoginPage - wait for button to load:
2024-07-05 11:58:45.281 [main] INFO  com.webMethodsUI.flow.pageObjects.common.LoginPage - Click on buttonApply
2024-07-05 11:58:45.644 [main] INFO  com.webMethodsUI.flow.pageObjects.common.LoginPage - Fetching webelement at runtime //button[contains(text(),'Reset')]
2024-07-05 11:58:45.690 [main] INFO  com.webMethodsUI.flow.pageObjects.common.LoginPage - wait for button to load:
2024-07-05 11:58:45.889 [main] INFO  com.webMethodsUI.flow.pageObjects.common.LoginPage - Click on buttonReset
2024-07-05 11:58:46.354 [main] INFO  com.webMethodsUI.flow.pageObjects.common.LoginPage - Fetching webelement at runtime //div[@class='tab-details']/ul/li/a/span[contains(text(),'Packages')]
2024-07-05 11:58:46.402 [main] INFO  com.webMethodsUI.flow.pageObjects.common.LoginPage - Clicking on subMenu...Packages
2024-07-05 11:58:46.796 [main] INFO  com.webMethodsUI.flow.pageObjects.common.LoginPage - wait for page load
2024-07-05 11:58:47.264 [main] INFO  com.webMethodsUI.flow.pageObjects.common.LoginPage - Fetching webelement at runtime (//span[@title='Remove package'])[1]
2024-07-05 11:58:47.304 [main] INFO  com.webMethodsUI.flow.pageObjects.common.LoginPage - Removing the added packages :
2024-07-05 11:58:47.632 [main] INFO  com.webMethodsUI.flow.pageObjects.common.LoginPage - Fetching webelement at runtime //button[contains(text(),'Delete')]
2024-07-05 11:58:48.191 [main] INFO  com.webMethodsUI.flow.pageObjects.common.LoginPage - wait for button to load:
2024-07-05 11:58:48.373 [main] INFO  com.webMethodsUI.flow.pageObjects.common.LoginPage - Click on buttonDelete
2024-07-05 11:58:48.709 [main] INFO  com.webMethodsUI.flow.pageObjects.common.LoginPage - wait for page load, packages should not be visible
2024-07-05 12:09:19.504 [main] INFO  com.webMethodsUI.flow.testbase.TestBase - ChromeDriver: chrome on WINDOWS (70848e4db79d02e77367bb33c5de7db6)
2024-07-05 12:09:19.517 [main] INFO  com.webMethodsUI.flow.testbase.TestBase - Initilize Web Driver: 1620989914
2024-07-05 12:09:19.656 [main] INFO  com.webMethodsUI.flow.testbase.TestBase - Navigating to URLhttps://azsprotenant6.int-az-us.webmethods-spro.io/
2024-07-05 12:09:20.483 [main] INFO  com.webMethodsUI.flow.pageObjects.common.LoginPage - Verify username text field is visible
2024-07-05 12:09:26.885 [main] INFO  com.webMethodsUI.flow.pageObjects.common.LoginPage - Entering user Name: megha
2024-07-05 12:09:27.115 [main] INFO  com.webMethodsUI.flow.pageObjects.common.LoginPage - Entering Password: SAGmanage@123456
2024-07-05 12:09:29.426 [main] INFO  com.webMethodsUI.flow.pageObjects.common.LoginPage - Click on Login Button
2024-07-05 12:09:33.098 [main] INFO  com.webMethodsUI.flow.pageObjects.common.LoginPage - wait for page load
2024-07-05 12:09:33.311 [main] INFO  com.webMethodsUI.flow.pageObjects.common.LoginPage - wait for page load
2024-07-05 12:09:33.877 [main] INFO  com.webMethodsUI.flow.pageObjects.common.LoginPage - Verify Home page greet message is visible
2024-07-05 12:09:38.024 [main] INFO  com.webMethodsUI.flow.pageObjects.common.LoginPage - Verify create project plus button is visible
2024-07-05 12:09:39.641 [main] INFO  com.webMethodsUI.flow.pageObjects.common.LoginPage - Cicking on search project field
2024-07-05 12:09:40.004 [main] INFO  com.webMethodsUI.flow.pageObjects.common.LoginPage - Entering project name in search box: OriginUI_AutomationProject1
2024-07-05 12:09:40.446 [main] INFO  com.webMethodsUI.flow.pageObjects.common.LoginPage - Clicking on searchicon to search project
2024-07-05 12:09:40.859 [main] INFO  com.webMethodsUI.flow.pageObjects.common.LoginPage - wait for page load
2024-07-05 12:09:42.071 [main] INFO  com.webMethodsUI.flow.pageObjects.common.LoginPage - Clicking on Project [[ChromeDriver: chrome on WINDOWS (70848e4db79d02e77367bb33c5de7db6)] -> xpath: //span[contains(@class,'project-name')][contains(text(),'OriginUI_AutomationProject1')]]
2024-07-05 12:09:42.566 [main] INFO  com.webMethodsUI.flow.pageObjects.common.LoginPage - wait for page load
2024-07-05 12:09:44.917 [main] INFO  com.webMethodsUI.flow.pageObjects.common.LoginPage - Fetching webelement at runtime //div[@class='tab-details']/ul/li/a/span[contains(text(),'Packages')]
2024-07-05 12:09:44.971 [main] INFO  com.webMethodsUI.flow.pageObjects.common.LoginPage - Clicking on subMenu...Packages
2024-07-05 12:09:45.387 [main] INFO  com.webMethodsUI.flow.pageObjects.common.LoginPage - wait for page load
2024-07-05 12:09:46.025 [main] INFO  com.webMethodsUI.flow.pageObjects.common.LoginPage - Fetching webelement at runtime //button[contains(text(),'Add package')]
2024-07-05 12:09:46.083 [main] INFO  com.webMethodsUI.flow.pageObjects.common.LoginPage - wait for button to load:
2024-07-05 12:09:46.228 [main] INFO  com.webMethodsUI.flow.pageObjects.common.LoginPage - Click on buttonAdd package
2024-07-05 12:09:46.660 [main] INFO  com.webMethodsUI.flow.pageObjects.common.LoginPage - Fetching webelement at runtime //h2[contains(text(),'GIT')]
2024-07-05 12:09:46.721 [main] INFO  com.webMethodsUI.flow.pageObjects.common.LoginPage - wait for page to load:
2024-07-05 12:09:46.891 [main] INFO  com.webMethodsUI.flow.pageObjects.common.LoginPage - clicking on add git account
2024-07-05 12:09:47.284 [main] INFO  com.webMethodsUI.flow.pageObjects.common.LoginPage - Fetching webelement at runtime //input[@placeholder='Enter git URL']
2024-07-05 12:09:47.329 [main] INFO  com.webMethodsUI.flow.pageObjects.common.LoginPage - wait for page to load:
2024-07-05 12:09:47.503 [main] INFO  com.webMethodsUI.flow.pageObjects.common.LoginPage - Entering GIT URl: https://github.com/ak879753/AbhiPackages
2024-07-05 12:09:47.953 [main] INFO  com.webMethodsUI.flow.pageObjects.common.LoginPage - Fetching webelement at runtime //button[contains(text(),'Next')]
2024-07-05 12:09:48.013 [main] INFO  com.webMethodsUI.flow.pageObjects.common.LoginPage - wait for button to load:
2024-07-05 12:09:48.187 [main] INFO  com.webMethodsUI.flow.pageObjects.common.LoginPage - Click on buttonNext
2024-07-05 12:09:48.550 [main] INFO  com.webMethodsUI.flow.pageObjects.common.LoginPage - Fetching webelement at runtime //div[contains(text(),'Select an option')]
2024-07-05 12:09:49.683 [main] INFO  com.webMethodsUI.flow.pageObjects.common.LoginPage - click on filter :Select an option
2024-07-05 12:09:50.055 [main] INFO  com.webMethodsUI.flow.pageObjects.common.LoginPage - Fetching webelement at runtime //div[contains(text(),'main')]
2024-07-05 12:09:50.113 [main] INFO  com.webMethodsUI.flow.pageObjects.common.LoginPage - click on filter :main
2024-07-05 12:09:50.455 [main] INFO  com.webMethodsUI.flow.pageObjects.common.LoginPage - Fetching webelement at runtime //button[contains(text(),'Pull')]
2024-07-05 12:09:50.502 [main] INFO  com.webMethodsUI.flow.pageObjects.common.LoginPage - wait for button to load:
2024-07-05 12:09:50.678 [main] INFO  com.webMethodsUI.flow.pageObjects.common.LoginPage - Click on buttonPull
2024-07-05 12:09:52.127 [main] INFO  com.webMethodsUI.flow.pageObjects.common.LoginPage - Fetching webelement at runtime //div[@class='tab-details']/ul/li/a/span[contains(text(),'Connectors ')]
2024-07-05 12:09:52.179 [main] INFO  com.webMethodsUI.flow.pageObjects.common.LoginPage - Clicking on subMenu...Connectors 
2024-07-05 12:09:52.526 [main] INFO  com.webMethodsUI.flow.pageObjects.common.LoginPage - wait for page load
2024-07-05 12:09:55.429 [main] INFO  com.webMethodsUI.flow.pageObjects.common.LoginPage - Fetching webelement at runtime //a[contains(text(),'Deploy Anywhere')]
2024-07-05 12:09:59.608 [main] INFO  com.webMethodsUI.flow.pageObjects.common.LoginPage - Clicking on Left Panal MainMenu....Deploy Anywhere
2024-07-05 12:09:59.978 [main] INFO  com.webMethodsUI.flow.pageObjects.common.LoginPage - wait for page load
2024-07-05 12:10:01.165 [main] INFO  com.webMethodsUI.flow.pageObjects.common.LoginPage - Fetching webelement at runtime //div[contains(text(),'Connector')]
2024-07-05 12:10:01.194 [main] INFO  com.webMethodsUI.flow.pageObjects.common.LoginPage - Verify vissible level is: Connector
2024-07-05 12:10:01.340 [main] INFO  com.webMethodsUI.flow.pageObjects.common.LoginPage - Fetching webelement at runtime //div[contains(text(),'Type')]
2024-07-05 12:10:01.395 [main] INFO  com.webMethodsUI.flow.pageObjects.common.LoginPage - Verify vissible level is: Type
2024-07-05 12:10:01.535 [main] INFO  com.webMethodsUI.flow.pageObjects.common.LoginPage - Fetching webelement at runtime //div[contains(text(),'Configured accounts')]
2024-07-05 12:10:01.578 [main] INFO  com.webMethodsUI.flow.pageObjects.common.LoginPage - Verify vissible level is: Configured accounts
2024-07-05 12:10:01.742 [main] INFO  com.webMethodsUI.flow.pageObjects.common.LoginPage - Fetching webelement at runtime //span[@class='delite-icon dlt-icon-chevron-down icon-chevron-down']
2024-07-05 12:10:01.791 [main] INFO  com.webMethodsUI.flow.pageObjects.common.LoginPage - Click on connector details button
2024-07-05 12:10:02.137 [main] INFO  com.webMethodsUI.flow.pageObjects.common.LoginPage - Fetching webelement at runtime //div[contains(text(),'53')]
2024-07-05 12:10:02.169 [main] INFO  com.webMethodsUI.flow.pageObjects.common.LoginPage - Verify vissible level is: 53
2024-07-05 12:10:02.333 [main] INFO  com.webMethodsUI.flow.pageObjects.common.LoginPage - Fetching webelement at runtime //div[contains(text(),'iscloudstreamsconnection')]
2024-07-05 12:10:02.383 [main] INFO  com.webMethodsUI.flow.pageObjects.common.LoginPage - Verify vissible level is: iscloudstreamsconnection
2024-07-05 12:10:02.542 [main] INFO  com.webMethodsUI.flow.pageObjects.common.LoginPage - Fetching webelement at runtime //div[contains(text(),'Abhi_conn')]
2024-07-05 12:10:32.703 [main] INFO  com.webMethodsUI.flow.pageObjects.common.LoginPage - Fetching webelement at runtime //div[@class='tab-details']/ul/li/a/span[contains(text(),'Connectors ')]
2024-07-05 12:10:32.732 [main] INFO  com.webMethodsUI.flow.pageObjects.common.LoginPage - Clicking on subMenu...Connectors 
2024-07-05 12:10:33.039 [main] INFO  com.webMethodsUI.flow.pageObjects.common.LoginPage - wait for page load
2024-07-05 12:10:38.743 [main] INFO  com.webMethodsUI.flow.pageObjects.common.LoginPage - Fetching webelement at runtime //a[contains(text(),'Deploy Anywhere')]
2024-07-05 12:10:38.789 [main] INFO  com.webMethodsUI.flow.pageObjects.common.LoginPage - Clicking on Left Panal MainMenu....Deploy Anywhere
2024-07-05 12:10:39.180 [main] INFO  com.webMethodsUI.flow.pageObjects.common.LoginPage - wait for page load
2024-07-05 12:10:40.378 [main] INFO  com.webMethodsUI.flow.pageObjects.common.LoginPage - Fetching webelement at runtime //div[contains(text(),'Connector')]
2024-07-05 12:10:40.402 [main] INFO  com.webMethodsUI.flow.pageObjects.common.LoginPage - Verify vissible level is: Connector
2024-07-05 12:10:40.544 [main] INFO  com.webMethodsUI.flow.pageObjects.common.LoginPage - Fetching webelement at runtime //button[normalize-space()='Filters']
2024-07-05 12:10:40.585 [main] INFO  com.webMethodsUI.flow.pageObjects.common.LoginPage - Click on connector details button
2024-07-05 12:10:40.929 [main] INFO  com.webMethodsUI.flow.pageObjects.common.LoginPage - Fetching webelement at runtime //button[contains(text(),'Reset')]
2024-07-05 12:10:40.986 [main] INFO  com.webMethodsUI.flow.pageObjects.common.LoginPage - disbaled button is :Reset
2024-07-05 12:10:41.024 [main] INFO  com.webMethodsUI.flow.pageObjects.common.LoginPage - Fetching webelement at runtime //button[contains(text(),'Apply')]
2024-07-05 12:10:41.077 [main] INFO  com.webMethodsUI.flow.pageObjects.common.LoginPage - disbaled button is :Apply
2024-07-05 12:10:41.119 [main] INFO  com.webMethodsUI.flow.pageObjects.common.LoginPage - Fetching webelement at runtime //div[contains(text(),'Select account')]
2024-07-05 12:10:41.166 [main] INFO  com.webMethodsUI.flow.pageObjects.common.LoginPage - click on filter :Select account
2024-07-05 12:10:41.550 [main] INFO  com.webMethodsUI.flow.pageObjects.common.LoginPage - Fetching webelement at runtime //div[contains(text(),'Abhi_conn')]
2024-07-05 12:10:41.595 [main] INFO  com.webMethodsUI.flow.pageObjects.common.LoginPage - click on filter :Abhi_conn
2024-07-05 12:10:41.942 [main] INFO  com.webMethodsUI.flow.pageObjects.common.LoginPage - Fetching webelement at runtime //button[contains(text(),'Apply')]
2024-07-05 12:10:41.974 [main] INFO  com.webMethodsUI.flow.pageObjects.common.LoginPage - wait for button to load:
2024-07-05 12:10:42.154 [main] INFO  com.webMethodsUI.flow.pageObjects.common.LoginPage - Click on buttonApply
2024-07-05 12:10:42.551 [main] INFO  com.webMethodsUI.flow.pageObjects.common.LoginPage - Fetching webelement at runtime //button[contains(text(),'Reset')]
2024-07-05 12:10:42.595 [main] INFO  com.webMethodsUI.flow.pageObjects.common.LoginPage - wait for button to load:
2024-07-05 12:10:42.780 [main] INFO  com.webMethodsUI.flow.pageObjects.common.LoginPage - Click on buttonReset
2024-07-05 12:10:43.219 [main] INFO  com.webMethodsUI.flow.pageObjects.common.LoginPage - Fetching webelement at runtime //div[contains(text(),'Select type')]
2024-07-05 12:10:43.264 [main] INFO  com.webMethodsUI.flow.pageObjects.common.LoginPage - click on filter :Select type
2024-07-05 12:10:43.633 [main] INFO  com.webMethodsUI.flow.pageObjects.common.LoginPage - Fetching webelement at runtime //div[contains(text(),'iscloudstreamsconnection')]
2024-07-05 12:10:43.701 [main] INFO  com.webMethodsUI.flow.pageObjects.common.LoginPage - click on filter :iscloudstreamsconnection
2024-07-05 12:10:44.072 [main] INFO  com.webMethodsUI.flow.pageObjects.common.LoginPage - Fetching webelement at runtime //button[contains(text(),'Apply')]
2024-07-05 12:10:44.130 [main] INFO  com.webMethodsUI.flow.pageObjects.common.LoginPage - wait for button to load:
2024-07-05 12:10:44.310 [main] INFO  com.webMethodsUI.flow.pageObjects.common.LoginPage - Click on buttonApply
2024-07-05 12:10:44.687 [main] INFO  com.webMethodsUI.flow.pageObjects.common.LoginPage - Fetching webelement at runtime //button[contains(text(),'Reset')]
2024-07-05 12:10:44.723 [main] INFO  com.webMethodsUI.flow.pageObjects.common.LoginPage - wait for button to load:
2024-07-05 12:10:44.899 [main] INFO  com.webMethodsUI.flow.pageObjects.common.LoginPage - Click on buttonReset
2024-07-05 12:10:45.247 [main] INFO  com.webMethodsUI.flow.pageObjects.common.LoginPage - Fetching webelement at runtime //div[contains(text(),'Select connector')]
2024-07-05 12:10:45.302 [main] INFO  com.webMethodsUI.flow.pageObjects.common.LoginPage - click on filter :Select connector
2024-07-05 12:10:45.634 [main] INFO  com.webMethodsUI.flow.pageObjects.common.LoginPage - Fetching webelement at runtime //div[contains(text(),'Salesforce CRM')]
2024-07-05 12:10:45.667 [main] INFO  com.webMethodsUI.flow.pageObjects.common.LoginPage - click on filter :Salesforce CRM
2024-07-05 12:10:46.004 [main] INFO  com.webMethodsUI.flow.pageObjects.common.LoginPage - Fetching webelement at runtime //button[contains(text(),'Apply')]
2024-07-05 12:10:46.032 [main] INFO  com.webMethodsUI.flow.pageObjects.common.LoginPage - wait for button to load:
2024-07-05 12:10:46.193 [main] INFO  com.webMethodsUI.flow.pageObjects.common.LoginPage - Click on buttonApply
2024-07-05 12:10:46.524 [main] INFO  com.webMethodsUI.flow.pageObjects.common.LoginPage - Fetching webelement at runtime //button[contains(text(),'Reset')]
2024-07-05 12:10:46.554 [main] INFO  com.webMethodsUI.flow.pageObjects.common.LoginPage - wait for button to load:
2024-07-05 12:10:46.712 [main] INFO  com.webMethodsUI.flow.pageObjects.common.LoginPage - Click on buttonReset
2024-07-05 12:10:47.155 [main] INFO  com.webMethodsUI.flow.pageObjects.common.LoginPage - Fetching webelement at runtime //div[@class='tab-details']/ul/li/a/span[contains(text(),'Packages')]
2024-07-05 12:10:47.194 [main] INFO  com.webMethodsUI.flow.pageObjects.common.LoginPage - Clicking on subMenu...Packages
2024-07-05 12:10:47.524 [main] INFO  com.webMethodsUI.flow.pageObjects.common.LoginPage - wait for page load
2024-07-05 12:10:50.982 [main] INFO  com.webMethodsUI.flow.pageObjects.common.LoginPage - Fetching webelement at runtime (//span[@title='Remove package'])[1]
2024-07-05 12:10:51.038 [main] INFO  com.webMethodsUI.flow.pageObjects.common.LoginPage - Removing the added packages :
2024-07-05 12:10:51.363 [main] INFO  com.webMethodsUI.flow.pageObjects.common.LoginPage - Fetching webelement at runtime //button[contains(text(),'Delete')]
2024-07-05 12:10:52.113 [main] INFO  com.webMethodsUI.flow.pageObjects.common.LoginPage - wait for button to load:
2024-07-05 12:10:52.255 [main] INFO  com.webMethodsUI.flow.pageObjects.common.LoginPage - Click on buttonDelete
2024-07-05 12:10:55.590 [main] INFO  com.webMethodsUI.flow.pageObjects.common.LoginPage - wait for page load, packages should not be visible
2024-07-05 16:41:18.773 [main] INFO  com.webMethodsUI.flow.testbase.TestBase - ChromeDriver: chrome on WINDOWS (fe5fff91ffee68d7c02fa2c7440cecd3)
2024-07-05 16:41:18.781 [main] INFO  com.webMethodsUI.flow.testbase.TestBase - Initilize Web Driver: 1620989914
2024-07-05 16:41:18.873 [main] INFO  com.webMethodsUI.flow.testbase.TestBase - Navigating to URLhttps://azsprotenant6.int-az-us.webmethods-spro.io/
2024-07-05 16:41:19.710 [main] INFO  com.webMethodsUI.flow.pageObjects.common.LoginPage - Verify username text field is visible
2024-07-05 16:41:26.844 [main] INFO  com.webMethodsUI.flow.pageObjects.common.LoginPage - Entering user Name: megha
2024-07-05 16:41:27.085 [main] INFO  com.webMethodsUI.flow.pageObjects.common.LoginPage - Entering Password: SAGmanage@123456
2024-07-05 16:41:29.386 [main] INFO  com.webMethodsUI.flow.pageObjects.common.LoginPage - Click on Login Button
2024-07-05 16:41:32.712 [main] INFO  com.webMethodsUI.flow.pageObjects.common.LoginPage - wait for page load
2024-07-05 16:41:32.901 [main] INFO  com.webMethodsUI.flow.pageObjects.common.LoginPage - wait for page load
2024-07-05 16:41:33.071 [main] INFO  com.webMethodsUI.flow.pageObjects.common.LoginPage - Verify Home page greet message is visible
2024-07-05 16:41:35.880 [main] INFO  com.webMethodsUI.flow.pageObjects.common.LoginPage - Verify create project plus button is visible
2024-07-05 16:41:37.764 [main] INFO  com.webMethodsUI.flow.pageObjects.common.LoginPage - Cicking on search project field
2024-07-05 16:41:38.240 [main] INFO  com.webMethodsUI.flow.pageObjects.common.LoginPage - Entering project name in search box: OriginUI_AutomationProject1
2024-07-05 16:41:38.707 [main] INFO  com.webMethodsUI.flow.pageObjects.common.LoginPage - Clicking on searchicon to search project
2024-07-05 16:41:39.144 [main] INFO  com.webMethodsUI.flow.pageObjects.common.LoginPage - wait for page load
2024-07-05 16:41:40.361 [main] INFO  com.webMethodsUI.flow.pageObjects.common.LoginPage - Clicking on Project [[ChromeDriver: chrome on WINDOWS (fe5fff91ffee68d7c02fa2c7440cecd3)] -> xpath: //span[contains(@class,'project-name')][contains(text(),'OriginUI_AutomationProject1')]]
2024-07-05 16:41:40.763 [main] INFO  com.webMethodsUI.flow.pageObjects.common.LoginPage - wait for page load
2024-07-05 16:41:43.126 [main] INFO  com.webMethodsUI.flow.pageObjects.common.LoginPage - Fetching webelement at runtime //div[@class='tab-details']/ul/li/a/span[contains(text(),'Packages')]
2024-07-05 16:41:43.177 [main] INFO  com.webMethodsUI.flow.pageObjects.common.LoginPage - Clicking on subMenu...Packages
2024-07-05 16:41:43.590 [main] INFO  com.webMethodsUI.flow.pageObjects.common.LoginPage - wait for page load
2024-07-05 16:41:43.927 [main] INFO  com.webMethodsUI.flow.pageObjects.common.LoginPage - Fetching webelement at runtime //button[contains(text(),'Add package')]
2024-07-05 16:41:43.980 [main] INFO  com.webMethodsUI.flow.pageObjects.common.LoginPage - wait for button to load:
2024-07-05 16:41:44.165 [main] INFO  com.webMethodsUI.flow.pageObjects.common.LoginPage - Click on buttonAdd package
2024-07-05 16:41:44.636 [main] INFO  com.webMethodsUI.flow.pageObjects.common.LoginPage - Fetching webelement at runtime //h2[contains(text(),'GIT')]
2024-07-05 16:41:44.694 [main] INFO  com.webMethodsUI.flow.pageObjects.common.LoginPage - wait for page to load:
2024-07-05 16:41:44.873 [main] INFO  com.webMethodsUI.flow.pageObjects.common.LoginPage - clicking on add git account
2024-07-05 16:41:45.228 [main] INFO  com.webMethodsUI.flow.pageObjects.common.LoginPage - Fetching webelement at runtime //input[@placeholder='Enter git URL']
2024-07-05 16:41:45.278 [main] INFO  com.webMethodsUI.flow.pageObjects.common.LoginPage - wait for page to load:
2024-07-05 16:41:45.453 [main] INFO  com.webMethodsUI.flow.pageObjects.common.LoginPage - Entering GIT URl: https://github.com/ak879753/AbhiPackages
2024-07-05 16:41:45.817 [main] INFO  com.webMethodsUI.flow.pageObjects.common.LoginPage - Fetching webelement at runtime //button[contains(text(),'Next')]
2024-07-05 16:41:45.890 [main] INFO  com.webMethodsUI.flow.pageObjects.common.LoginPage - wait for button to load:
2024-07-05 16:41:46.068 [main] INFO  com.webMethodsUI.flow.pageObjects.common.LoginPage - Click on buttonNext
2024-07-05 16:41:46.444 [main] INFO  com.webMethodsUI.flow.pageObjects.common.LoginPage - Fetching webelement at runtime //div[contains(text(),'Select an option')]
2024-07-05 16:41:47.654 [main] INFO  com.webMethodsUI.flow.pageObjects.common.LoginPage - click on filter :Select an option
2024-07-05 16:41:48.047 [main] INFO  com.webMethodsUI.flow.pageObjects.common.LoginPage - Fetching webelement at runtime //div[contains(text(),'main')]
2024-07-05 16:41:48.114 [main] INFO  com.webMethodsUI.flow.pageObjects.common.LoginPage - click on filter :main
2024-07-05 16:41:48.524 [main] INFO  com.webMethodsUI.flow.pageObjects.common.LoginPage - Fetching webelement at runtime //button[contains(text(),'Pull')]
2024-07-05 16:41:48.573 [main] INFO  com.webMethodsUI.flow.pageObjects.common.LoginPage - wait for button to load:
2024-07-05 16:41:48.741 [main] INFO  com.webMethodsUI.flow.pageObjects.common.LoginPage - Click on buttonPull
2024-07-05 16:41:53.213 [main] INFO  com.webMethodsUI.flow.pageObjects.common.LoginPage - Fetching webelement at runtime //div[@class='tab-details']/ul/li/a/span[contains(text(),'Connectors ')]
2024-07-05 16:41:53.262 [main] INFO  com.webMethodsUI.flow.pageObjects.common.LoginPage - Clicking on subMenu...Connectors 
2024-07-05 16:41:53.570 [main] INFO  com.webMethodsUI.flow.pageObjects.common.LoginPage - wait for page load
2024-07-05 16:42:23.751 [main] INFO  com.webMethodsUI.flow.pageObjects.common.LoginPage - Fetching webelement at runtime //div[@class='tab-details']/ul/li/a/span[contains(text(),'Connectors ')]
2024-07-05 16:42:23.788 [main] INFO  com.webMethodsUI.flow.pageObjects.common.LoginPage - Clicking on subMenu...Connectors 
2024-07-05 16:42:24.121 [main] INFO  com.webMethodsUI.flow.pageObjects.common.LoginPage - wait for page load
2024-07-05 16:42:54.446 [main] INFO  com.webMethodsUI.flow.pageObjects.common.LoginPage - Fetching webelement at runtime //div[@class='tab-details']/ul/li/a/span[contains(text(),'Packages')]
2024-07-05 16:42:54.481 [main] INFO  com.webMethodsUI.flow.pageObjects.common.LoginPage - Clicking on subMenu...Packages
2024-07-05 16:42:54.809 [main] INFO  com.webMethodsUI.flow.pageObjects.common.LoginPage - wait for page load
2024-07-05 16:42:59.322 [main] INFO  com.webMethodsUI.flow.pageObjects.common.LoginPage - Fetching webelement at runtime (//span[@title='Remove package'])[1]
