2023-11-19 22:41:48.096 [main] INFO  com.webMethodsUI.flow.testbase.TestBase - ChromeDriver: chrome on WINDOWS (ad12543495ed84870e3996a7f5615555)
2023-11-19 22:41:48.102 [main] INFO  com.webMethodsUI.flow.testbase.TestBase - Initilize Web Driver: 1066575950
2023-11-19 22:41:48.261 [main] INFO  com.webMethodsUI.flow.testbase.TestBase - Navigating to URLhttps://icpredevbvt2.stag-int-aws-us.webmethods.io/
2023-11-19 22:41:50.375 [main] INFO  com.webMethodsUI.flow.pageObjects.common.LoginPage - Verify username text field is visible
2023-11-19 22:41:57.163 [main] INFO  com.webMethodsUI.flow.pageObjects.common.LoginPage - Entering user Name: smudtest
2023-11-19 22:41:57.436 [main] INFO  com.webMethodsUI.flow.pageObjects.common.LoginPage - Entering user Name: [[ChromeDriver: chrome on WINDOWS (ad12543495ed84870e3996a7f5615555)] -> xpath: //*[@id='password']]
2023-11-19 22:41:59.731 [main] INFO  com.webMethodsUI.flow.pageObjects.common.LoginPage - Click on Login Button
2023-11-19 22:42:03.641 [main] INFO  com.webMethodsUI.flow.pageObjects.common.LoginPage - wait for page load
2023-11-19 22:42:03.988 [main] INFO  com.webMethodsUI.flow.pageObjects.common.LoginPage - Verify Home page greet message is visible
2023-11-19 22:42:07.989 [main] INFO  com.webMethodsUI.flow.pageObjects.common.LoginPage - Verify create project plus button is visible
2023-11-19 22:42:08.728 [main] INFO  com.webMethodsUI.flow.pageObjects.common.LoginPage - Cicking on search project field
2023-11-19 22:42:09.130 [main] INFO  com.webMethodsUI.flow.pageObjects.common.LoginPage - Entering project name in search box
2023-11-19 22:42:09.425 [main] INFO  com.webMethodsUI.flow.pageObjects.common.LoginPage - Clicking on searchicon to search project
2023-11-19 22:42:09.786 [main] INFO  com.webMethodsUI.flow.pageObjects.common.LoginPage - wait for page load
2023-11-19 22:42:10.187 [main] INFO  com.webMethodsUI.flow.pageObjects.common.LoginPage - Fetching webelement at runtime //div[@class='tab-details']/ul/li/a/span[contains(text(),'Events')]
2023-11-19 22:42:34.474 [main] INFO  com.webMethodsUI.flow.pageObjects.common.LoginPage - Clicking on subMenu...Events
2023-11-19 22:42:34.846 [main] INFO  com.webMethodsUI.flow.pageObjects.common.LoginPage - wait for page load
2023-11-19 22:42:34.973 [main] INFO  com.webMethodsUI.flow.pageObjects.common.LoginPage - Fetching webelement at runtime //span[@data-testid='toggle-button-Messaging']
2023-11-19 22:42:35.010 [main] INFO  com.webMethodsUI.flow.pageObjects.common.LoginPage - Clicking on messaging toggle button
2023-11-19 22:42:35.300 [main] INFO  com.webMethodsUI.flow.pageObjects.common.LoginPage - Fetching webelement at runtime //button[contains(text(),'Add subscriber')]
2023-11-19 22:42:35.324 [main] INFO  com.webMethodsUI.flow.pageObjects.common.LoginPage - clicking on button: Add subscriber
2023-11-19 22:42:35.607 [main] INFO  com.webMethodsUI.flow.pageObjects.common.LoginPage - Fetching webelement at runtime //input[@name='subscriberName']
2023-11-19 22:42:35.745 [main] INFO  com.webMethodsUI.flow.pageObjects.common.LoginPage - Enter subscriber name SharedUISubscriber
2023-11-19 22:42:36.134 [main] INFO  com.webMethodsUI.flow.pageObjects.common.LoginPage - Fetching webelement at runtime //*[@id='react-select-17-input']
