2023-11-20 21:19:37.710 [main] INFO  com.webMethodsUI.flow.testbase.TestBase - ChromeDriver: chrome on WINDOWS (af792d717fef4008e2a383ef13bd25d1)
2023-11-20 21:19:37.713 [main] INFO  com.webMethodsUI.flow.testbase.TestBase - Initilize Web Driver: 1404612586
2023-11-20 21:19:37.895 [main] INFO  com.webMethodsUI.flow.testbase.TestBase - Navigating to URLhttps://devrealm1.dev-int-aws-us.webmethods.io/
2023-11-20 21:19:40.072 [main] INFO  com.webMethodsUI.flow.pageObjects.common.LoginPage - Verify username text field is visible
2023-11-20 21:19:46.817 [main] INFO  com.webMethodsUI.flow.pageObjects.common.LoginPage - Entering user Name: icapiuser
2023-11-20 21:19:47.053 [main] INFO  com.webMethodsUI.flow.pageObjects.common.LoginPage - Entering user Name: [[ChromeDriver: chrome on WINDOWS (af792d717fef4008e2a383ef13bd25d1)] -> xpath: //*[@id='password']]
2023-11-20 21:19:49.306 [main] INFO  com.webMethodsUI.flow.pageObjects.common.LoginPage - Click on Login Button
2023-11-20 21:19:55.107 [main] INFO  com.webMethodsUI.flow.pageObjects.common.LoginPage - wait for page load
2023-11-20 21:19:55.267 [main] INFO  com.webMethodsUI.flow.pageObjects.common.LoginPage - Verify Home page greet message is visible
2023-11-20 21:19:58.670 [main] INFO  com.webMethodsUI.flow.pageObjects.common.LoginPage - Verify create project plus button is visible
2023-11-20 21:20:00.253 [main] INFO  com.webMethodsUI.flow.pageObjects.common.LoginPage - Cicking on search project field
2023-11-20 21:20:00.613 [main] INFO  com.webMethodsUI.flow.pageObjects.common.LoginPage - Entering project name in search box
2023-11-20 21:20:00.999 [main] INFO  com.webMethodsUI.flow.pageObjects.common.LoginPage - Clicking on searchicon to search project
2023-11-20 21:20:01.360 [main] INFO  com.webMethodsUI.flow.pageObjects.common.LoginPage - wait for page load
2023-11-20 21:20:02.597 [main] INFO  com.webMethodsUI.flow.pageObjects.common.LoginPage - Clicking on Project [[ChromeDriver: chrome on WINDOWS (af792d717fef4008e2a383ef13bd25d1)] -> xpath: //span[contains(text(),'IC_MessagingShared')]]
2023-11-20 21:20:02.991 [main] INFO  com.webMethodsUI.flow.pageObjects.common.LoginPage - wait for page load
2023-11-20 21:20:05.298 [main] INFO  com.webMethodsUI.flow.pageObjects.common.LoginPage - Fetching webelement at runtime //div[@class='tab-details']/ul/li/a/span[contains(text(),'Events')]
2023-11-20 21:20:05.333 [main] INFO  com.webMethodsUI.flow.pageObjects.common.LoginPage - Clicking on subMenu...Events
2023-11-20 21:20:05.648 [main] INFO  com.webMethodsUI.flow.pageObjects.common.LoginPage - wait for page load
2023-11-20 21:20:05.775 [main] INFO  com.webMethodsUI.flow.pageObjects.common.LoginPage - Fetching webelement at runtime //span[@data-testid='toggle-button-Messaging']
2023-11-20 21:20:05.821 [main] INFO  com.webMethodsUI.flow.pageObjects.common.LoginPage - Clicking on messaging toggle button
2023-11-20 21:20:06.190 [main] INFO  com.webMethodsUI.flow.pageObjects.common.LoginPage - Fetching webelement at runtime //button[contains(text(),'Messaging destinations')]
2023-11-20 21:20:06.242 [main] INFO  com.webMethodsUI.flow.pageObjects.common.LoginPage - clicking on button: Messaging destinations
2023-11-20 21:20:06.630 [main] INFO  com.webMethodsUI.flow.pageObjects.common.LoginPage - Fetching webelement at runtime //button[contains(text(),'Add queue')]
2023-11-20 21:20:06.686 [main] INFO  com.webMethodsUI.flow.pageObjects.common.LoginPage - clicking on button: Add queue
2023-11-20 21:20:07.068 [main] INFO  com.webMethodsUI.flow.pageObjects.common.LoginPage - Fetching webelement at runtime //input[@name='queueName']
2023-11-20 21:20:07.106 [main] INFO  com.webMethodsUI.flow.pageObjects.common.LoginPage - Enter queue name SharedUIQueue
2023-11-20 21:20:07.349 [main] INFO  com.webMethodsUI.flow.pageObjects.common.LoginPage - Fetching webelement at runtime //span[@class='switch-label small']
2023-11-20 21:20:07.406 [main] INFO  com.webMethodsUI.flow.pageObjects.common.LoginPage - Clicking on shared Toggle button
2023-11-20 21:20:07.738 [main] INFO  com.webMethodsUI.flow.pageObjects.common.LoginPage - Fetching webelement at runtime //button[contains(text(),'Save')]
2023-11-20 21:20:07.795 [main] INFO  com.webMethodsUI.flow.pageObjects.common.LoginPage - clicking on button: Save
2023-11-20 21:20:08.148 [main] INFO  com.webMethodsUI.flow.pageObjects.common.LoginPage - Fetching webelement at runtime //a[contains(text(),'Topics')]
2023-11-20 21:20:08.200 [main] INFO  com.webMethodsUI.flow.pageObjects.common.LoginPage - Clicking on Topic tab
2023-11-20 21:20:08.622 [main] INFO  com.webMethodsUI.flow.pageObjects.common.LoginPage - Fetching webelement at runtime //button[contains(text(),'Add topic')]
2023-11-20 21:20:08.677 [main] INFO  com.webMethodsUI.flow.pageObjects.common.LoginPage - clicking on button: Add topic
2023-11-20 21:20:09.120 [main] INFO  com.webMethodsUI.flow.pageObjects.common.LoginPage - Fetching webelement at runtime //input[@name='topicName']
2023-11-20 21:20:09.172 [main] INFO  com.webMethodsUI.flow.pageObjects.common.LoginPage - Enter topic name SharedUITopic
2023-11-20 21:20:09.386 [main] INFO  com.webMethodsUI.flow.pageObjects.common.LoginPage - Fetching webelement at runtime //span[@class='switch-label small']
2023-11-20 21:20:09.417 [main] INFO  com.webMethodsUI.flow.pageObjects.common.LoginPage - Clicking on shared Toggle button
2023-11-20 21:20:09.747 [main] INFO  com.webMethodsUI.flow.pageObjects.common.LoginPage - Fetching webelement at runtime //button[contains(text(),'Save')]
2023-11-20 21:20:09.791 [main] INFO  com.webMethodsUI.flow.pageObjects.common.LoginPage - clicking on button: Save
2023-11-20 21:20:10.207 [main] INFO  com.webMethodsUI.flow.pageObjects.common.LoginPage - Fetching webelement at runtime //div[@class='tab-details']/ul/li/a/span[contains(text(),'Events')]
2023-11-20 21:20:10.262 [main] INFO  com.webMethodsUI.flow.pageObjects.common.LoginPage - Clicking on subMenu...Events
2023-11-20 21:20:10.672 [main] INFO  com.webMethodsUI.flow.pageObjects.common.LoginPage - wait for page load
2023-11-20 21:20:10.826 [main] INFO  com.webMethodsUI.flow.pageObjects.common.LoginPage - Fetching webelement at runtime //span[@data-testid='toggle-button-Messaging']
2023-11-20 21:20:10.861 [main] INFO  com.webMethodsUI.flow.pageObjects.common.LoginPage - Clicking on messaging toggle button
2023-11-20 21:20:11.250 [main] INFO  com.webMethodsUI.flow.pageObjects.common.LoginPage - Fetching webelement at runtime //button[contains(text(),'Add subscriber')]
2023-11-20 21:20:11.300 [main] INFO  com.webMethodsUI.flow.pageObjects.common.LoginPage - clicking on button: Add subscriber
2023-11-20 21:20:11.702 [main] INFO  com.webMethodsUI.flow.pageObjects.common.LoginPage - Fetching webelement at runtime //input[@name='subscriberName']
2023-11-20 21:20:31.670 [main] INFO  com.webMethodsUI.flow.pageObjects.common.LoginPage - Enter subscriber name SharedUISubscriber
2023-11-20 21:20:32.047 [main] INFO  com.webMethodsUI.flow.pageObjects.common.LoginPage - Fetching webelement at runtime (//div[@class='select2-common__placeholder css-1wa3eu0-placeholder'][normalize-space()='Please select'])[1]
2023-11-20 21:20:32.100 [main] INFO  com.webMethodsUI.flow.pageObjects.common.LoginPage - Clicking on Topic tab
2023-11-20 21:20:32.429 [main] INFO  com.webMethodsUI.flow.pageObjects.common.LoginPage - Fetching webelement at runtime //div[contains(text(),'SharedUIQueue')]
2023-11-20 21:20:32.492 [main] INFO  com.webMethodsUI.flow.pageObjects.common.LoginPage - Clicking on LabelSharedUIQueue
2023-11-20 21:20:32.865 [main] INFO  com.webMethodsUI.flow.pageObjects.common.LoginPage - Fetching webelement at runtime //div[@class='new-destination-add-button ']
2023-11-20 21:20:32.909 [main] INFO  com.webMethodsUI.flow.pageObjects.common.LoginPage - Clicking on plus icon to add flowservice
2023-11-20 21:20:33.273 [main] INFO  com.webMethodsUI.flow.pageObjects.common.LoginPage - Fetching webelement at runtime //input[@id='flowServiceName']
2023-11-20 21:20:33.323 [main] INFO  com.webMethodsUI.flow.pageObjects.common.LoginPage - Enter subscriber name SharedFlowForQueue
2023-11-20 21:20:33.620 [main] INFO  com.webMethodsUI.flow.pageObjects.common.LoginPage - Fetching webelement at runtime (//button[@type='button'][normalize-space()='Save'])[2]
2023-11-20 21:20:33.679 [main] INFO  com.webMethodsUI.flow.pageObjects.common.LoginPage - clicking on save button: 
2023-11-20 21:20:34.031 [main] INFO  com.webMethodsUI.flow.pageObjects.common.LoginPage - Fetching webelement at runtime //button[contains(text(),'Save')]
2023-11-20 21:20:34.076 [main] INFO  com.webMethodsUI.flow.pageObjects.common.LoginPage - clicking on button: Save
2023-11-20 21:20:34.477 [main] INFO  com.webMethodsUI.flow.pageObjects.common.LoginPage - Fetching webelement at runtime //div[@class='tab-details']/ul/li/a/span[contains(text(),'Events')]
2023-11-20 21:20:34.535 [main] INFO  com.webMethodsUI.flow.pageObjects.common.LoginPage - Clicking on subMenu...Events
2023-11-20 21:20:34.903 [main] INFO  com.webMethodsUI.flow.pageObjects.common.LoginPage - wait for page load
2023-11-20 21:20:35.085 [main] INFO  com.webMethodsUI.flow.pageObjects.common.LoginPage - Fetching webelement at runtime //span[@data-testid='toggle-button-Messaging']
2023-11-20 21:21:05.373 [main] INFO  com.webMethodsUI.flow.pageObjects.common.LoginPage - Fetching webelement at runtime //div[@class='tab-details']/ul/li/a/span[contains(text(),'Integrations')]
2023-11-20 21:21:05.425 [main] INFO  com.webMethodsUI.flow.pageObjects.common.LoginPage - Clicking on subMenu...Integrations
2023-11-20 21:21:05.888 [main] INFO  com.webMethodsUI.flow.pageObjects.common.LoginPage - wait for page load
2023-11-20 21:21:06.065 [main] INFO  com.webMethodsUI.flow.pageObjects.common.LoginPage - Fetching webelement at runtime //a[contains(text(),'Flow services')]
2023-11-20 21:21:08.864 [main] INFO  com.webMethodsUI.flow.pageObjects.common.LoginPage - Clicking on subMenu...Flow services
2023-11-20 21:21:09.296 [main] INFO  com.webMethodsUI.flow.pageObjects.common.LoginPage - wait for page load
2023-11-20 21:21:10.467 [main] INFO  com.webMethodsUI.flow.pageObjects.common.LoginPage - Verify add flowservice plus icon is visible
2023-11-20 21:21:10.655 [main] INFO  com.webMethodsUI.flow.pageObjects.common.LoginPage - Click on flowservice create plus Button
2023-11-20 21:21:11.069 [main] INFO  com.webMethodsUI.flow.pageObjects.common.LoginPage - wait for page load
2023-11-20 21:21:19.204 [main] INFO  com.webMethodsUI.flow.pageObjects.flowService.FlowServiceCanvasPage - flowService Canvas page Object created
2023-11-20 21:21:19.204 [main] INFO  com.webMethodsUI.flow.pageObjects.common.LoginPage - wait for page load
2023-11-20 21:21:19.388 [main] INFO  com.webMethodsUI.flow.pageObjects.common.LoginPage - Entering flow service title:  MessagingFlowService
2023-11-20 21:21:19.898 [main] INFO  com.webMethodsUI.flow.pageObjects.common.LoginPage - Entering flowServiceDescription: TestFlowService Description here
2023-11-20 21:21:20.397 [main] INFO  com.webMethodsUI.flow.pageObjects.common.LoginPage - Entering nameOfFirstStep:  Messaging 
2023-11-20 21:21:20.762 [main] INFO  com.webMethodsUI.flow.pageObjects.common.LoginPage - wait for page load
2023-11-20 21:30:12.689 [main] INFO  com.webMethodsUI.flow.testbase.TestBase - ChromeDriver: chrome on WINDOWS (642d3a1536868ffb032acad6dae1a1ab)
2023-11-20 21:30:12.694 [main] INFO  com.webMethodsUI.flow.testbase.TestBase - Initilize Web Driver: 1066575950
2023-11-20 21:30:12.853 [main] INFO  com.webMethodsUI.flow.testbase.TestBase - Navigating to URLhttps://devrealm1.dev-int-aws-us.webmethods.io/
2023-11-20 21:30:15.151 [main] INFO  com.webMethodsUI.flow.pageObjects.common.LoginPage - Verify username text field is visible
2023-11-20 21:30:21.735 [main] INFO  com.webMethodsUI.flow.pageObjects.common.LoginPage - Entering user Name: icapiuser
2023-11-20 21:30:21.971 [main] INFO  com.webMethodsUI.flow.pageObjects.common.LoginPage - Entering user Name: [[ChromeDriver: chrome on WINDOWS (642d3a1536868ffb032acad6dae1a1ab)] -> xpath: //*[@id='password']]
2023-11-20 21:30:24.203 [main] INFO  com.webMethodsUI.flow.pageObjects.common.LoginPage - Click on Login Button
2023-11-20 21:30:29.600 [main] INFO  com.webMethodsUI.flow.pageObjects.common.LoginPage - wait for page load
2023-11-20 21:30:29.795 [main] INFO  com.webMethodsUI.flow.pageObjects.common.LoginPage - Verify Home page greet message is visible
2023-11-20 21:30:33.144 [main] INFO  com.webMethodsUI.flow.pageObjects.common.LoginPage - Verify create project plus button is visible
2023-11-20 21:30:34.809 [main] INFO  com.webMethodsUI.flow.pageObjects.common.LoginPage - Cicking on search project field
2023-11-20 21:30:35.191 [main] INFO  com.webMethodsUI.flow.pageObjects.common.LoginPage - Entering project name in search box
2023-11-20 21:30:35.569 [main] INFO  com.webMethodsUI.flow.pageObjects.common.LoginPage - Clicking on searchicon to search project
2023-11-20 21:30:35.966 [main] INFO  com.webMethodsUI.flow.pageObjects.common.LoginPage - wait for page load
2023-11-20 21:30:37.193 [main] INFO  com.webMethodsUI.flow.pageObjects.common.LoginPage - Clicking on Project [[ChromeDriver: chrome on WINDOWS (642d3a1536868ffb032acad6dae1a1ab)] -> xpath: //span[contains(text(),'IC_MessagingShared')]]
2023-11-20 21:30:37.588 [main] INFO  com.webMethodsUI.flow.pageObjects.common.LoginPage - wait for page load
2023-11-20 21:30:42.098 [main] INFO  com.webMethodsUI.flow.pageObjects.common.LoginPage - Fetching webelement at runtime //div[@class='tab-details']/ul/li/a/span[contains(text(),'Integrations')]
2023-11-20 21:30:42.150 [main] INFO  com.webMethodsUI.flow.pageObjects.common.LoginPage - Clicking on subMenu...Integrations
2023-11-20 21:30:42.499 [main] INFO  com.webMethodsUI.flow.pageObjects.common.LoginPage - wait for page load
2023-11-20 21:30:42.651 [main] INFO  com.webMethodsUI.flow.pageObjects.common.LoginPage - Fetching webelement at runtime //a[contains(text(),'Flow services')]
2023-11-20 21:30:42.699 [main] INFO  com.webMethodsUI.flow.pageObjects.common.LoginPage - Clicking on subMenu...Flow services
2023-11-20 21:30:43.075 [main] INFO  com.webMethodsUI.flow.pageObjects.common.LoginPage - wait for page load
2023-11-20 21:30:44.282 [main] INFO  com.webMethodsUI.flow.pageObjects.common.LoginPage - Verify add flowservice plus icon is visible
2023-11-20 21:30:44.470 [main] INFO  com.webMethodsUI.flow.pageObjects.common.LoginPage - Click on flowservice create plus Button
2023-11-20 21:30:44.845 [main] INFO  com.webMethodsUI.flow.pageObjects.common.LoginPage - wait for page load
2023-11-20 21:30:55.605 [main] INFO  com.webMethodsUI.flow.pageObjects.flowService.FlowServiceCanvasPage - flowService Canvas page Object created
2023-11-20 21:30:55.606 [main] INFO  com.webMethodsUI.flow.pageObjects.common.LoginPage - wait for page load
2023-11-20 21:30:55.794 [main] INFO  com.webMethodsUI.flow.pageObjects.common.LoginPage - Entering flow service title:  MessagingFlowService
2023-11-20 21:30:56.271 [main] INFO  com.webMethodsUI.flow.pageObjects.common.LoginPage - Entering flowServiceDescription: TestFlowService Description here
2023-11-20 21:30:58.873 [main] INFO  com.webMethodsUI.flow.pageObjects.common.LoginPage - Entering nameOfFirstStep:  Messaging
2023-11-20 21:30:59.215 [main] INFO  com.webMethodsUI.flow.pageObjects.common.LoginPage - wait for page load
2023-11-20 21:30:59.365 [main] INFO  com.webMethodsUI.flow.pageObjects.common.LoginPage - Clicking on ALL drop down link
2023-11-20 21:30:59.742 [main] INFO  com.webMethodsUI.flow.pageObjects.common.LoginPage - Clicking on option link..APPS
2023-11-20 21:31:00.099 [main] INFO  com.webMethodsUI.flow.pageObjects.common.LoginPage - wait for page load
2023-11-20 21:31:00.232 [main] INFO  com.webMethodsUI.flow.pageObjects.common.LoginPage - Fetching webelement at runtime //*[@class='item-name']
2023-11-20 21:31:00.285 [main] INFO  com.webMethodsUI.flow.pageObjects.common.LoginPage - Wait for conenctor name to be visible in List
2023-11-20 21:31:00.412 [main] INFO  com.webMethodsUI.flow.pageObjects.common.LoginPage - verify connector name is matching
2023-11-20 21:31:00.557 [main] INFO  com.webMethodsUI.flow.pageObjects.common.LoginPage - Clicking on connector name... Messaging
2023-11-20 21:31:00.894 [main] INFO  com.webMethodsUI.flow.pageObjects.common.LoginPage - Fetching webelement at runtime (//input[@id='step-dropdown-input'])[1]
2023-11-20 21:31:00.951 [main] INFO  com.webMethodsUI.flow.pageObjects.common.LoginPage - clicking on messaging choose an action fields
2023-11-20 21:31:01.283 [main] INFO  com.webMethodsUI.flow.pageObjects.common.LoginPage - Fetching webelement at runtime //span[contains(text(),'publish')]
2023-11-20 21:31:01.572 [main] INFO  com.webMethodsUI.flow.pageObjects.common.LoginPage - Selecting the publish action for messagingpublish
2023-11-20 21:31:01.925 [main] INFO  com.webMethodsUI.flow.pageObjects.common.LoginPage - Fetching webelement at runtime (//input[@id='step-dropdown-input'])[2]
2023-11-20 21:31:01.955 [main] INFO  com.webMethodsUI.flow.pageObjects.common.LoginPage - choose messaging type fields
2023-11-20 21:31:02.274 [main] INFO  com.webMethodsUI.flow.pageObjects.common.LoginPage - Fetching webelement at runtime //span[contains(text(),'Queue')]
2023-11-20 21:31:02.318 [main] INFO  com.webMethodsUI.flow.pageObjects.common.LoginPage - Selecting the publish action for messagingQueue
2023-11-20 21:31:02.662 [main] INFO  com.webMethodsUI.flow.pageObjects.common.LoginPage - Fetching webelement at runtime (//div[@class='drop-down-input-section'])[3]
2023-11-20 21:31:02.699 [main] INFO  com.webMethodsUI.flow.pageObjects.common.LoginPage - choose messaging type fields
2023-11-20 21:31:02.997 [main] INFO  com.webMethodsUI.flow.pageObjects.common.LoginPage - Fetching webelement at runtime //span[contains(text(),' Add Destination ')]
2023-11-20 21:31:03.295 [main] INFO  com.webMethodsUI.flow.pageObjects.common.LoginPage - Selecting the publish action for messaging Add Destination 
2023-11-20 21:31:03.670 [main] INFO  com.webMethodsUI.flow.pageObjects.common.LoginPage - Fetching webelement at runtime //input[@name='destinationName']
2023-11-20 21:31:03.724 [main] INFO  com.webMethodsUI.flow.pageObjects.common.LoginPage - Enter queue name SharedUIFlowQueue
2023-11-20 21:31:04.114 [main] INFO  com.webMethodsUI.flow.pageObjects.common.LoginPage - Fetching webelement at runtime //span[@class='switch-label small']
2023-11-20 21:31:04.172 [main] INFO  com.webMethodsUI.flow.pageObjects.common.LoginPage - Clicking on shared Toggle button
2023-11-20 21:31:04.548 [main] INFO  com.webMethodsUI.flow.pageObjects.common.LoginPage - Fetching webelement at runtime //button[contains(text(),'Save')]
2023-11-20 21:31:04.603 [main] INFO  com.webMethodsUI.flow.pageObjects.common.LoginPage - clicking on button: Save
2023-11-20 21:31:04.986 [main] INFO  com.webMethodsUI.flow.pageObjects.common.LoginPage - Clicking on Save Flow Service button
2023-11-20 21:31:05.374 [main] INFO  com.webMethodsUI.flow.pageObjects.common.LoginPage - Fetching webelement at runtime //*[contains(text(),'Flow service created')]
2023-11-20 21:36:02.927 [main] INFO  com.webMethodsUI.flow.testbase.TestBase - ChromeDriver: chrome on WINDOWS (3d877d6e37c8622ace291a8527945ef7)
2023-11-20 21:36:02.931 [main] INFO  com.webMethodsUI.flow.testbase.TestBase - Initilize Web Driver: 217479224
2023-11-20 21:36:03.082 [main] INFO  com.webMethodsUI.flow.testbase.TestBase - Navigating to URLhttps://devrealm1.dev-int-aws-us.webmethods.io/
2023-11-20 21:36:04.929 [main] INFO  com.webMethodsUI.flow.pageObjects.common.LoginPage - Verify username text field is visible
2023-11-20 21:36:10.633 [main] INFO  com.webMethodsUI.flow.pageObjects.common.LoginPage - Entering user Name: icapiuser
2023-11-20 21:36:10.882 [main] INFO  com.webMethodsUI.flow.pageObjects.common.LoginPage - Entering user Name: [[ChromeDriver: chrome on WINDOWS (3d877d6e37c8622ace291a8527945ef7)] -> xpath: //*[@id='password']]
2023-11-20 21:36:13.164 [main] INFO  com.webMethodsUI.flow.pageObjects.common.LoginPage - Click on Login Button
2023-11-20 21:36:17.902 [main] INFO  com.webMethodsUI.flow.pageObjects.common.LoginPage - wait for page load
2023-11-20 21:36:18.057 [main] INFO  com.webMethodsUI.flow.pageObjects.common.LoginPage - Verify Home page greet message is visible
2023-11-20 21:36:21.699 [main] INFO  com.webMethodsUI.flow.pageObjects.common.LoginPage - Verify create project plus button is visible
2023-11-20 21:36:23.267 [main] INFO  com.webMethodsUI.flow.pageObjects.common.LoginPage - Cicking on search project field
2023-11-20 21:36:23.619 [main] INFO  com.webMethodsUI.flow.pageObjects.common.LoginPage - Entering project name in search box
2023-11-20 21:36:23.989 [main] INFO  com.webMethodsUI.flow.pageObjects.common.LoginPage - Clicking on searchicon to search project
2023-11-20 21:36:24.367 [main] INFO  com.webMethodsUI.flow.pageObjects.common.LoginPage - wait for page load
2023-11-20 21:36:25.593 [main] INFO  com.webMethodsUI.flow.pageObjects.common.LoginPage - Clicking on Project [[ChromeDriver: chrome on WINDOWS (3d877d6e37c8622ace291a8527945ef7)] -> xpath: //span[contains(text(),'IC_MessagingShared')]]
2023-11-20 21:36:25.940 [main] INFO  com.webMethodsUI.flow.pageObjects.common.LoginPage - wait for page load
2023-11-20 21:36:29.402 [main] INFO  com.webMethodsUI.flow.pageObjects.common.LoginPage - Fetching webelement at runtime //div[@class='tab-details']/ul/li/a/span[contains(text(),'Integrations')]
2023-11-20 21:36:29.432 [main] INFO  com.webMethodsUI.flow.pageObjects.common.LoginPage - Clicking on subMenu...Integrations
2023-11-20 21:36:29.765 [main] INFO  com.webMethodsUI.flow.pageObjects.common.LoginPage - wait for page load
2023-11-20 21:36:29.945 [main] INFO  com.webMethodsUI.flow.pageObjects.common.LoginPage - Fetching webelement at runtime //a[contains(text(),'Flow services')]
2023-11-20 21:36:29.996 [main] INFO  com.webMethodsUI.flow.pageObjects.common.LoginPage - Clicking on subMenu...Flow services
2023-11-20 21:36:30.400 [main] INFO  com.webMethodsUI.flow.pageObjects.common.LoginPage - wait for page load
2023-11-20 21:36:31.596 [main] INFO  com.webMethodsUI.flow.pageObjects.common.LoginPage - Verify add flowservice plus icon is visible
2023-11-20 21:36:31.756 [main] INFO  com.webMethodsUI.flow.pageObjects.common.LoginPage - Click on flowservice create plus Button
2023-11-20 21:36:32.166 [main] INFO  com.webMethodsUI.flow.pageObjects.common.LoginPage - wait for page load
2023-11-20 21:36:43.196 [main] INFO  com.webMethodsUI.flow.pageObjects.flowService.FlowServiceCanvasPage - flowService Canvas page Object created
2023-11-20 21:36:43.196 [main] INFO  com.webMethodsUI.flow.pageObjects.common.LoginPage - wait for page load
2023-11-20 21:36:43.419 [main] INFO  com.webMethodsUI.flow.pageObjects.common.LoginPage - Entering flow service title:  MessagingFlowService
2023-11-20 21:36:43.864 [main] INFO  com.webMethodsUI.flow.pageObjects.common.LoginPage - Entering flowServiceDescription: TestFlowService Description here
2023-11-20 21:36:46.388 [main] INFO  com.webMethodsUI.flow.pageObjects.common.LoginPage - Entering nameOfFirstStep:  Messaging
2023-11-20 21:36:46.804 [main] INFO  com.webMethodsUI.flow.pageObjects.common.LoginPage - wait for page load
2023-11-20 21:36:46.945 [main] INFO  com.webMethodsUI.flow.pageObjects.common.LoginPage - Clicking on ALL drop down link
2023-11-20 21:36:47.364 [main] INFO  com.webMethodsUI.flow.pageObjects.common.LoginPage - Clicking on option link..APPS
2023-11-20 21:36:47.712 [main] INFO  com.webMethodsUI.flow.pageObjects.common.LoginPage - wait for page load
2023-11-20 21:36:47.859 [main] INFO  com.webMethodsUI.flow.pageObjects.common.LoginPage - Fetching webelement at runtime //*[@class='item-name']
2023-11-20 21:36:47.905 [main] INFO  com.webMethodsUI.flow.pageObjects.common.LoginPage - Wait for conenctor name to be visible in List
2023-11-20 21:36:48.031 [main] INFO  com.webMethodsUI.flow.pageObjects.common.LoginPage - verify connector name is matching
2023-11-20 21:36:48.186 [main] INFO  com.webMethodsUI.flow.pageObjects.common.LoginPage - Clicking on connector name... Messaging
2023-11-20 21:36:48.552 [main] INFO  com.webMethodsUI.flow.pageObjects.common.LoginPage - Fetching webelement at runtime (//input[@id='step-dropdown-input'])[1]
2023-11-20 21:36:48.606 [main] INFO  com.webMethodsUI.flow.pageObjects.common.LoginPage - clicking on messaging choose an action fields
2023-11-20 21:36:49.005 [main] INFO  com.webMethodsUI.flow.pageObjects.common.LoginPage - Fetching webelement at runtime //span[contains(text(),'publish')]
2023-11-20 21:36:49.769 [main] INFO  com.webMethodsUI.flow.pageObjects.common.LoginPage - Selecting the publish action for messagingpublish
2023-11-20 21:36:50.124 [main] INFO  com.webMethodsUI.flow.pageObjects.common.LoginPage - Fetching webelement at runtime (//input[@id='step-dropdown-input'])[2]
2023-11-20 21:36:50.184 [main] INFO  com.webMethodsUI.flow.pageObjects.common.LoginPage - choose messaging type fields
2023-11-20 21:36:50.539 [main] INFO  com.webMethodsUI.flow.pageObjects.common.LoginPage - Fetching webelement at runtime //span[contains(text(),'Queue')]
2023-11-20 21:36:50.599 [main] INFO  com.webMethodsUI.flow.pageObjects.common.LoginPage - Selecting the publish action for messagingQueue
2023-11-20 21:36:50.957 [main] INFO  com.webMethodsUI.flow.pageObjects.common.LoginPage - Fetching webelement at runtime (//div[@class='drop-down-input-section'])[3]
2023-11-20 21:36:51.004 [main] INFO  com.webMethodsUI.flow.pageObjects.common.LoginPage - choose messaging type fields
2023-11-20 21:36:51.387 [main] INFO  com.webMethodsUI.flow.pageObjects.common.LoginPage - Fetching webelement at runtime //span[contains(text(),' Add Destination ')]
2023-11-20 21:36:52.287 [main] INFO  com.webMethodsUI.flow.pageObjects.common.LoginPage - Selecting the publish action for messaging Add Destination 
2023-11-20 21:36:52.674 [main] INFO  com.webMethodsUI.flow.pageObjects.common.LoginPage - Fetching webelement at runtime //input[@name='destinationName']
2023-11-20 21:36:52.739 [main] INFO  com.webMethodsUI.flow.pageObjects.common.LoginPage - Enter queue name SharedUIFlowQueue
2023-11-20 21:36:53.190 [main] INFO  com.webMethodsUI.flow.pageObjects.common.LoginPage - Fetching webelement at runtime //span[@class='switch-label small']
2023-11-20 21:36:53.245 [main] INFO  com.webMethodsUI.flow.pageObjects.common.LoginPage - Clicking on shared Toggle button
2023-11-20 21:36:53.635 [main] INFO  com.webMethodsUI.flow.pageObjects.common.LoginPage - Fetching webelement at runtime //button[contains(text(),'Save')]
2023-11-20 21:36:53.666 [main] INFO  com.webMethodsUI.flow.pageObjects.common.LoginPage - clicking on button: Save
2023-11-20 21:36:54.057 [main] INFO  com.webMethodsUI.flow.pageObjects.common.LoginPage - Clicking on Add account Icon....
2023-11-20 21:36:54.423 [main] INFO  com.webMethodsUI.flow.pageObjects.common.LoginPage - Fetching webelement at runtime //span[contains(text(),'DefaultAccount')]
2023-11-20 21:37:24.632 [main] INFO  com.webMethodsUI.flow.pageObjects.common.LoginPage - wait for page load
2023-11-20 21:37:24.777 [main] INFO  com.webMethodsUI.flow.pageObjects.common.LoginPage - clicking on Back arrowLink...
2023-11-20 21:37:25.240 [main] INFO  com.webMethodsUI.flow.pageObjects.common.LoginPage - wait for page load
2023-11-20 21:37:25.392 [main] INFO  com.webMethodsUI.flow.pageObjects.common.LoginPage - Verify add flowservice plus icon is visible
2023-11-20 21:38:39.134 [main] INFO  com.webMethodsUI.flow.testbase.TestBase - ChromeDriver: chrome on WINDOWS (749dae7c383659625b70a90f36ffd26b)
2023-11-20 21:38:39.140 [main] INFO  com.webMethodsUI.flow.testbase.TestBase - Initilize Web Driver: 217479224
2023-11-20 21:38:39.315 [main] INFO  com.webMethodsUI.flow.testbase.TestBase - Navigating to URLhttps://devrealm1.dev-int-aws-us.webmethods.io/
2023-11-20 21:38:41.557 [main] INFO  com.webMethodsUI.flow.pageObjects.common.LoginPage - Verify username text field is visible
2023-11-20 21:38:49.881 [main] INFO  com.webMethodsUI.flow.pageObjects.common.LoginPage - Entering user Name: icapiuser
2023-11-20 21:38:50.129 [main] INFO  com.webMethodsUI.flow.pageObjects.common.LoginPage - Entering user Name: [[ChromeDriver: chrome on WINDOWS (749dae7c383659625b70a90f36ffd26b)] -> xpath: //*[@id='password']]
2023-11-20 21:38:52.348 [main] INFO  com.webMethodsUI.flow.pageObjects.common.LoginPage - Click on Login Button
2023-11-20 21:38:56.503 [main] INFO  com.webMethodsUI.flow.pageObjects.common.LoginPage - wait for page load
2023-11-20 21:38:56.692 [main] INFO  com.webMethodsUI.flow.pageObjects.common.LoginPage - Verify Home page greet message is visible
2023-11-20 21:39:00.274 [main] INFO  com.webMethodsUI.flow.pageObjects.common.LoginPage - Verify create project plus button is visible
2023-11-20 21:39:02.989 [main] INFO  com.webMethodsUI.flow.pageObjects.common.LoginPage - Cicking on search project field
2023-11-20 21:39:03.342 [main] INFO  com.webMethodsUI.flow.pageObjects.common.LoginPage - Entering project name in search box
2023-11-20 21:39:03.717 [main] INFO  com.webMethodsUI.flow.pageObjects.common.LoginPage - Clicking on searchicon to search project
2023-11-20 21:39:04.106 [main] INFO  com.webMethodsUI.flow.pageObjects.common.LoginPage - wait for page load
2023-11-20 21:39:05.319 [main] INFO  com.webMethodsUI.flow.pageObjects.common.LoginPage - Clicking on Project [[ChromeDriver: chrome on WINDOWS (749dae7c383659625b70a90f36ffd26b)] -> xpath: //span[contains(text(),'IC_MessagingShared')]]
2023-11-20 21:39:05.673 [main] INFO  com.webMethodsUI.flow.pageObjects.common.LoginPage - wait for page load
2023-11-20 21:39:08.010 [main] INFO  com.webMethodsUI.flow.pageObjects.common.LoginPage - Fetching webelement at runtime //div[@class='tab-details']/ul/li/a/span[contains(text(),'Integrations')]
2023-11-20 21:39:08.064 [main] INFO  com.webMethodsUI.flow.pageObjects.common.LoginPage - Clicking on subMenu...Integrations
2023-11-20 21:39:08.445 [main] INFO  com.webMethodsUI.flow.pageObjects.common.LoginPage - wait for page load
2023-11-20 21:39:08.574 [main] INFO  com.webMethodsUI.flow.pageObjects.common.LoginPage - Fetching webelement at runtime //a[contains(text(),'Flow services')]
2023-11-20 21:39:08.605 [main] INFO  com.webMethodsUI.flow.pageObjects.common.LoginPage - Clicking on subMenu...Flow services
2023-11-20 21:39:08.963 [main] INFO  com.webMethodsUI.flow.pageObjects.common.LoginPage - wait for page load
2023-11-20 21:39:10.133 [main] INFO  com.webMethodsUI.flow.pageObjects.common.LoginPage - Verify add flowservice plus icon is visible
2023-11-20 21:39:10.304 [main] INFO  com.webMethodsUI.flow.pageObjects.common.LoginPage - Click on flowservice create plus Button
2023-11-20 21:39:10.728 [main] INFO  com.webMethodsUI.flow.pageObjects.common.LoginPage - wait for page load
2023-11-20 21:39:14.155 [main] INFO  com.webMethodsUI.flow.pageObjects.flowService.FlowServiceCanvasPage - flowService Canvas page Object created
2023-11-20 21:39:14.155 [main] INFO  com.webMethodsUI.flow.pageObjects.common.LoginPage - wait for page load
2023-11-20 21:39:14.378 [main] INFO  com.webMethodsUI.flow.pageObjects.common.LoginPage - Entering flow service title:  MessagingFlowService
2023-11-20 21:39:14.908 [main] INFO  com.webMethodsUI.flow.pageObjects.common.LoginPage - Entering flowServiceDescription: TestFlowService Description here
2023-11-20 21:39:17.576 [main] INFO  com.webMethodsUI.flow.pageObjects.common.LoginPage - Entering nameOfFirstStep:  Messaging
2023-11-20 21:39:17.935 [main] INFO  com.webMethodsUI.flow.pageObjects.common.LoginPage - wait for page load
2023-11-20 21:39:18.090 [main] INFO  com.webMethodsUI.flow.pageObjects.common.LoginPage - Clicking on ALL drop down link
2023-11-20 21:39:18.476 [main] INFO  com.webMethodsUI.flow.pageObjects.common.LoginPage - Clicking on option link..APPS
2023-11-20 21:39:18.841 [main] INFO  com.webMethodsUI.flow.pageObjects.common.LoginPage - wait for page load
2023-11-20 21:39:18.972 [main] INFO  com.webMethodsUI.flow.pageObjects.common.LoginPage - Fetching webelement at runtime //*[@class='item-name']
2023-11-20 21:39:19.006 [main] INFO  com.webMethodsUI.flow.pageObjects.common.LoginPage - Wait for conenctor name to be visible in List
2023-11-20 21:39:19.124 [main] INFO  com.webMethodsUI.flow.pageObjects.common.LoginPage - verify connector name is matching
2023-11-20 21:39:19.276 [main] INFO  com.webMethodsUI.flow.pageObjects.common.LoginPage - Clicking on connector name... Messaging
2023-11-20 21:39:19.651 [main] INFO  com.webMethodsUI.flow.pageObjects.common.LoginPage - Fetching webelement at runtime (//input[@id='step-dropdown-input'])[1]
2023-11-20 21:39:19.715 [main] INFO  com.webMethodsUI.flow.pageObjects.common.LoginPage - clicking on messaging choose an action fields
2023-11-20 21:39:20.072 [main] INFO  com.webMethodsUI.flow.pageObjects.common.LoginPage - Fetching webelement at runtime //span[contains(text(),'publish')]
2023-11-20 21:39:20.317 [main] INFO  com.webMethodsUI.flow.pageObjects.common.LoginPage - Selecting the publish action for messagingpublish
2023-11-20 21:39:20.688 [main] INFO  com.webMethodsUI.flow.pageObjects.common.LoginPage - Fetching webelement at runtime (//input[@id='step-dropdown-input'])[2]
2023-11-20 21:39:20.730 [main] INFO  com.webMethodsUI.flow.pageObjects.common.LoginPage - choose messaging type fields
2023-11-20 21:39:21.065 [main] INFO  com.webMethodsUI.flow.pageObjects.common.LoginPage - Fetching webelement at runtime //span[contains(text(),'Queue')]
2023-11-20 21:39:21.124 [main] INFO  com.webMethodsUI.flow.pageObjects.common.LoginPage - Selecting the publish action for messagingQueue
2023-11-20 21:39:21.463 [main] INFO  com.webMethodsUI.flow.pageObjects.common.LoginPage - Fetching webelement at runtime (//div[@class='drop-down-input-section'])[3]
2023-11-20 21:39:21.504 [main] INFO  com.webMethodsUI.flow.pageObjects.common.LoginPage - choose messaging type fields
2023-11-20 21:39:21.844 [main] INFO  com.webMethodsUI.flow.pageObjects.common.LoginPage - Fetching webelement at runtime //span[contains(text(),' Add Destination ')]
2023-11-20 21:39:22.156 [main] INFO  com.webMethodsUI.flow.pageObjects.common.LoginPage - Selecting the publish action for messaging Add Destination 
2023-11-20 21:39:22.533 [main] INFO  com.webMethodsUI.flow.pageObjects.common.LoginPage - Fetching webelement at runtime //input[@name='destinationName']
2023-11-20 21:39:22.593 [main] INFO  com.webMethodsUI.flow.pageObjects.common.LoginPage - Enter queue name SharedUIFlowQueue
2023-11-20 21:39:23.058 [main] INFO  com.webMethodsUI.flow.pageObjects.common.LoginPage - Fetching webelement at runtime //span[@class='switch-label small']
2023-11-20 21:39:23.116 [main] INFO  com.webMethodsUI.flow.pageObjects.common.LoginPage - Clicking on shared Toggle button
2023-11-20 21:39:23.443 [main] INFO  com.webMethodsUI.flow.pageObjects.common.LoginPage - Fetching webelement at runtime //button[contains(text(),'Save')]
2023-11-20 21:39:23.494 [main] INFO  com.webMethodsUI.flow.pageObjects.common.LoginPage - clicking on button: Save
2023-11-20 21:39:23.876 [main] INFO  com.webMethodsUI.flow.pageObjects.common.LoginPage - Clicking on Add account Icon....
2023-11-20 21:39:24.268 [main] INFO  com.webMethodsUI.flow.pageObjects.common.LoginPage - Fetching webelement at runtime //span[contains(text(),'DefaultAccount')]
2023-11-20 21:39:54.546 [main] INFO  com.webMethodsUI.flow.pageObjects.common.LoginPage - wait for page load
2023-11-20 21:39:54.742 [main] INFO  com.webMethodsUI.flow.pageObjects.common.LoginPage - clicking on Back arrowLink...
2023-11-20 21:39:55.238 [main] INFO  com.webMethodsUI.flow.pageObjects.common.LoginPage - wait for page load
2023-11-20 21:39:55.477 [main] INFO  com.webMethodsUI.flow.pageObjects.common.LoginPage - Verify add flowservice plus icon is visible
2023-11-20 21:42:34.574 [main] INFO  com.webMethodsUI.flow.testbase.TestBase - ChromeDriver: chrome on WINDOWS (a951601d9df2cc037170abcba4d55fc8)
2023-11-20 21:42:34.577 [main] INFO  com.webMethodsUI.flow.testbase.TestBase - Initilize Web Driver: 217479224
2023-11-20 21:42:34.741 [main] INFO  com.webMethodsUI.flow.testbase.TestBase - Navigating to URLhttps://devrealm1.dev-int-aws-us.webmethods.io/
2023-11-20 21:42:37.054 [main] INFO  com.webMethodsUI.flow.pageObjects.common.LoginPage - Verify username text field is visible
2023-11-20 21:42:41.891 [main] INFO  com.webMethodsUI.flow.pageObjects.common.LoginPage - Entering user Name: icapiuser
2023-11-20 21:42:42.174 [main] INFO  com.webMethodsUI.flow.pageObjects.common.LoginPage - Entering user Name: [[ChromeDriver: chrome on WINDOWS (a951601d9df2cc037170abcba4d55fc8)] -> xpath: //*[@id='password']]
2023-11-20 21:42:44.408 [main] INFO  com.webMethodsUI.flow.pageObjects.common.LoginPage - Click on Login Button
2023-11-20 21:42:48.632 [main] INFO  com.webMethodsUI.flow.pageObjects.common.LoginPage - wait for page load
2023-11-20 21:42:48.800 [main] INFO  com.webMethodsUI.flow.pageObjects.common.LoginPage - Verify Home page greet message is visible
2023-11-20 21:42:52.513 [main] INFO  com.webMethodsUI.flow.pageObjects.common.LoginPage - Verify create project plus button is visible
2023-11-20 21:42:54.318 [main] INFO  com.webMethodsUI.flow.pageObjects.common.LoginPage - Cicking on search project field
2023-11-20 21:42:54.727 [main] INFO  com.webMethodsUI.flow.pageObjects.common.LoginPage - Entering project name in search box
2023-11-20 21:42:55.100 [main] INFO  com.webMethodsUI.flow.pageObjects.common.LoginPage - Clicking on searchicon to search project
2023-11-20 21:42:55.480 [main] INFO  com.webMethodsUI.flow.pageObjects.common.LoginPage - wait for page load
2023-11-20 21:42:56.710 [main] INFO  com.webMethodsUI.flow.pageObjects.common.LoginPage - Clicking on Project [[ChromeDriver: chrome on WINDOWS (a951601d9df2cc037170abcba4d55fc8)] -> xpath: //span[contains(text(),'IC_MessagingShared')]]
2023-11-20 21:42:57.077 [main] INFO  com.webMethodsUI.flow.pageObjects.common.LoginPage - wait for page load
2023-11-20 21:42:58.467 [main] INFO  com.webMethodsUI.flow.pageObjects.common.LoginPage - Fetching webelement at runtime //div[@class='tab-details']/ul/li/a/span[contains(text(),'Integrations')]
2023-11-20 21:42:58.507 [main] INFO  com.webMethodsUI.flow.pageObjects.common.LoginPage - Clicking on subMenu...Integrations
2023-11-20 21:42:58.857 [main] INFO  com.webMethodsUI.flow.pageObjects.common.LoginPage - wait for page load
2023-11-20 21:42:59.002 [main] INFO  com.webMethodsUI.flow.pageObjects.common.LoginPage - Fetching webelement at runtime //a[contains(text(),'Flow services')]
2023-11-20 21:42:59.053 [main] INFO  com.webMethodsUI.flow.pageObjects.common.LoginPage - Clicking on subMenu...Flow services
2023-11-20 21:42:59.454 [main] INFO  com.webMethodsUI.flow.pageObjects.common.LoginPage - wait for page load
2023-11-20 21:43:00.667 [main] INFO  com.webMethodsUI.flow.pageObjects.common.LoginPage - Verify add flowservice plus icon is visible
2023-11-20 21:43:00.858 [main] INFO  com.webMethodsUI.flow.pageObjects.common.LoginPage - Click on flowservice create plus Button
2023-11-20 21:43:01.295 [main] INFO  com.webMethodsUI.flow.pageObjects.common.LoginPage - wait for page load
2023-11-20 21:43:04.787 [main] INFO  com.webMethodsUI.flow.pageObjects.flowService.FlowServiceCanvasPage - flowService Canvas page Object created
2023-11-20 21:43:04.788 [main] INFO  com.webMethodsUI.flow.pageObjects.common.LoginPage - wait for page load
2023-11-20 21:43:04.986 [main] INFO  com.webMethodsUI.flow.pageObjects.common.LoginPage - Entering flow service title:  MessagingFlowService
2023-11-20 21:43:05.518 [main] INFO  com.webMethodsUI.flow.pageObjects.common.LoginPage - Entering flowServiceDescription: TestFlowService Description here
2023-11-20 21:43:08.115 [main] INFO  com.webMethodsUI.flow.pageObjects.common.LoginPage - Entering nameOfFirstStep:  Messaging
2023-11-20 21:43:08.531 [main] INFO  com.webMethodsUI.flow.pageObjects.common.LoginPage - wait for page load
2023-11-20 21:43:08.703 [main] INFO  com.webMethodsUI.flow.pageObjects.common.LoginPage - Clicking on ALL drop down link
2023-11-20 21:43:09.121 [main] INFO  com.webMethodsUI.flow.pageObjects.common.LoginPage - Clicking on option link..APPS
2023-11-20 21:43:09.499 [main] INFO  com.webMethodsUI.flow.pageObjects.common.LoginPage - wait for page load
2023-11-20 21:43:09.635 [main] INFO  com.webMethodsUI.flow.pageObjects.common.LoginPage - Fetching webelement at runtime //*[@class='item-name']
2023-11-20 21:43:09.689 [main] INFO  com.webMethodsUI.flow.pageObjects.common.LoginPage - Wait for conenctor name to be visible in List
2023-11-20 21:43:09.829 [main] INFO  com.webMethodsUI.flow.pageObjects.common.LoginPage - verify connector name is matching
2023-11-20 21:43:09.991 [main] INFO  com.webMethodsUI.flow.pageObjects.common.LoginPage - Clicking on connector name... Messaging
2023-11-20 21:43:10.354 [main] INFO  com.webMethodsUI.flow.pageObjects.common.LoginPage - Fetching webelement at runtime (//input[@id='step-dropdown-input'])[1]
2023-11-20 21:43:10.413 [main] INFO  com.webMethodsUI.flow.pageObjects.common.LoginPage - clicking on messaging choose an action fields
2023-11-20 21:43:10.788 [main] INFO  com.webMethodsUI.flow.pageObjects.common.LoginPage - Fetching webelement at runtime //span[contains(text(),'publish')]
2023-11-20 21:43:11.048 [main] INFO  com.webMethodsUI.flow.pageObjects.common.LoginPage - Selecting the publish action for messagingpublish
2023-11-20 21:43:11.372 [main] INFO  com.webMethodsUI.flow.pageObjects.common.LoginPage - Fetching webelement at runtime (//input[@id='step-dropdown-input'])[2]
2023-11-20 21:43:11.417 [main] INFO  com.webMethodsUI.flow.pageObjects.common.LoginPage - choose messaging type fields
2023-11-20 21:43:11.739 [main] INFO  com.webMethodsUI.flow.pageObjects.common.LoginPage - Fetching webelement at runtime //span[contains(text(),'Queue')]
2023-11-20 21:43:11.790 [main] INFO  com.webMethodsUI.flow.pageObjects.common.LoginPage - Selecting the publish action for messagingQueue
2023-11-20 21:43:12.091 [main] INFO  com.webMethodsUI.flow.pageObjects.common.LoginPage - Fetching webelement at runtime (//div[@class='drop-down-input-section'])[3]
2023-11-20 21:43:12.149 [main] INFO  com.webMethodsUI.flow.pageObjects.common.LoginPage - choose messaging type fields
2023-11-20 21:43:12.497 [main] INFO  com.webMethodsUI.flow.pageObjects.common.LoginPage - Fetching webelement at runtime //span[contains(text(),' Add Destination ')]
2023-11-20 21:43:12.770 [main] INFO  com.webMethodsUI.flow.pageObjects.common.LoginPage - Selecting the publish action for messaging Add Destination 
2023-11-20 21:43:13.134 [main] INFO  com.webMethodsUI.flow.pageObjects.common.LoginPage - Fetching webelement at runtime //input[@name='destinationName']
2023-11-20 21:43:13.194 [main] INFO  com.webMethodsUI.flow.pageObjects.common.LoginPage - Enter queue name SharedUIFlowQueue
2023-11-20 21:43:13.655 [main] INFO  com.webMethodsUI.flow.pageObjects.common.LoginPage - Fetching webelement at runtime //span[@class='switch-label small']
2023-11-20 21:43:13.699 [main] INFO  com.webMethodsUI.flow.pageObjects.common.LoginPage - Clicking on shared Toggle button
2023-11-20 21:43:14.088 [main] INFO  com.webMethodsUI.flow.pageObjects.common.LoginPage - Fetching webelement at runtime //button[contains(text(),'Save')]
2023-11-20 21:43:14.139 [main] INFO  com.webMethodsUI.flow.pageObjects.common.LoginPage - clicking on button: Save
2023-11-20 21:43:20.546 [main] INFO  com.webMethodsUI.flow.pageObjects.common.LoginPage - Clicking on Add account Icon....
2023-11-20 21:43:20.941 [main] INFO  com.webMethodsUI.flow.pageObjects.common.LoginPage - Fetching webelement at runtime //span[contains(text(),'DefaultAccount')]
2023-11-20 21:43:21.397 [main] INFO  com.webMethodsUI.flow.pageObjects.common.LoginPage - Selecting account.. [[ChromeDriver: chrome on WINDOWS (a951601d9df2cc037170abcba4d55fc8)] -> xpath: //span[contains(text(),'DefaultAccount')]]
2023-11-20 21:43:21.776 [main] INFO  com.webMethodsUI.flow.pageObjects.common.LoginPage - Clicking on Save Flow Service button
2023-11-20 21:43:22.156 [main] INFO  com.webMethodsUI.flow.pageObjects.common.LoginPage - Fetching webelement at runtime //*[contains(text(),'Flow service created')]
2023-11-20 21:43:27.445 [main] INFO  com.webMethodsUI.flow.pageObjects.common.LoginPage - Verify Flow service created message is visible
2023-11-20 21:43:27.637 [main] INFO  com.webMethodsUI.flow.pageObjects.common.LoginPage - wait for page load
2023-11-20 21:43:27.929 [main] INFO  com.webMethodsUI.flow.pageObjects.common.LoginPage - wait for page load
2023-11-20 21:43:28.058 [main] INFO  com.webMethodsUI.flow.pageObjects.common.LoginPage - clicking on Back arrowLink...
2023-11-20 21:43:28.483 [main] INFO  com.webMethodsUI.flow.pageObjects.common.LoginPage - wait for page load
2023-11-20 21:43:30.752 [main] INFO  com.webMethodsUI.flow.pageObjects.common.LoginPage - Verify add flowservice plus icon is visible
2023-11-20 21:43:30.900 [main] INFO  com.webMethodsUI.flow.pageObjects.common.LoginPage - Verify add flowservice plus icon is visible
2023-11-20 21:43:31.060 [main] INFO  com.webMethodsUI.flow.pageObjects.common.LoginPage - Fetching webelement at runtime //*[contains(@class,'title-flow-name')][text()='MessagingFlowService']/ancestor::div[@class='top-section']/following-sibling::div[@class='bottom-section']//i[contains(@class,'more-menu')]
2023-11-20 21:43:31.113 [main] INFO  com.webMethodsUI.flow.pageObjects.common.LoginPage - Click FlowServices MoreMenu
2023-11-20 21:43:31.484 [main] INFO  com.webMethodsUI.flow.pageObjects.common.LoginPage - wait for page load
2023-11-20 21:43:31.690 [main] INFO  com.webMethodsUI.flow.pageObjects.common.LoginPage - Click on FlowService delete button
2023-11-20 21:43:32.093 [main] INFO  com.webMethodsUI.flow.pageObjects.common.LoginPage - wait for page load
2023-11-20 21:43:34.392 [main] INFO  com.webMethodsUI.flow.pageObjects.common.LoginPage - Verify flow service delete confirm popup is visible
2023-11-20 21:43:34.556 [main] INFO  com.webMethodsUI.flow.pageObjects.common.LoginPage - Click on delete button
2023-11-20 21:43:34.927 [main] INFO  com.webMethodsUI.flow.pageObjects.common.LoginPage - Verify FlowService deleted successfully. message is visible
2023-11-20 21:43:41.499 [main] INFO  com.webMethodsUI.flow.pageObjects.common.LoginPage - wait for page load
