2023-11-17 19:01:52.606 [main] INFO  com.webMethodsUI.flow.testbase.TestBase - session not created: This version of ChromeDriver only supports Chrome version 117
Current browser version is 119.0.6045.159 with binary path C:\Program Files\Google\Chrome\Application\chrome.exe
Build info: version: '3.141.59', revision: 'e82be7d358', time: '2018-11-14T08:17:03'
System info: host: 'SAG-CVDCSG3', ip: '192.168.29.220', os.name: 'Windows 10', os.arch: 'amd64', os.version: '10.0', java.version: '11.0.19'
Driver info: driver.version: ChromeDriver
remote stacktrace: 	GetHandleVerifier [0x00007FF623FC7D12+55474]
	(No symbol) [0x00007FF623F377C2]
	(No symbol) [0x00007FF623DEE0EB]
	(No symbol) [0x00007FF623E21022]
	(No symbol) [0x00007FF623E2047E]
	(No symbol) [0x00007FF623E1B0E7]
	(No symbol) [0x00007FF623E186CE]
	(No symbol) [0x00007FF623E5713B]
	(No symbol) [0x00007FF623E4EF33]
	(No symbol) [0x00007FF623E23D41]
	(No symbol) [0x00007FF623E24F84]
	GetHandleVerifier [0x00007FF62432B762+3609346]
	GetHandleVerifier [0x00007FF624381A80+3962400]
	GetHandleVerifier [0x00007FF624379F0F+3930799]
	GetHandleVerifier [0x00007FF624063CA6+694342]
	(No symbol) [0x00007FF623F42218]
	(No symbol) [0x00007FF623F3E484]
	(No symbol) [0x00007FF623F3E5B2]
	(No symbol) [0x00007FF623F2EE13]
	BaseThreadInitThunk [0x00007FFD048D7344+20]
	RtlUserThreadStart [0x00007FFD04B426B1+33]

2023-11-17 19:05:39.688 [main] INFO  com.webMethodsUI.flow.testbase.TestBase - session not created: This version of ChromeDriver only supports Chrome version 114
Current browser version is 119.0.6045.159 with binary path C:\Program Files\Google\Chrome\Application\chrome.exe
Build info: version: '3.141.59', revision: 'e82be7d358', time: '2018-11-14T08:17:03'
System info: host: 'SAG-CVDCSG3', ip: '192.168.29.220', os.name: 'Windows 10', os.arch: 'amd64', os.version: '10.0', java.version: '11.0.19'
Driver info: driver.version: ChromeDriver
remote stacktrace: Backtrace:
	GetHandleVerifier [0x009EA813+48355]
	(No symbol) [0x0097C4B1]
	(No symbol) [0x00885358]
	(No symbol) [0x008A61AC]
	(No symbol) [0x008A1EF3]
	(No symbol) [0x008A0579]
	(No symbol) [0x008D0C55]
	(No symbol) [0x008D093C]
	(No symbol) [0x008CA536]
	(No symbol) [0x008A82DC]
	(No symbol) [0x008A93DD]
	GetHandleVerifier [0x00C4AABD+2539405]
	GetHandleVerifier [0x00C8A78F+2800735]
	GetHandleVerifier [0x00C8456C+2775612]
	GetHandleVerifier [0x00A751E0+616112]
	(No symbol) [0x00985F8C]
	(No symbol) [0x00982328]
	(No symbol) [0x0098240B]
	(No symbol) [0x00974FF7]
	BaseThreadInitThunk [0x76A3FCC9+25]
	RtlGetAppContainerNamedObjectPath [0x77107C6E+286]
	RtlGetAppContainerNamedObjectPath [0x77107C3E+238]

2023-11-17 19:16:11.227 [main] INFO  com.webMethodsUI.flow.testbase.TestBase - ChromeDriver: chrome on WINDOWS (e4a98c8ef4fa55c7100dabeab53cca89)
2023-11-17 19:16:11.230 [main] INFO  com.webMethodsUI.flow.testbase.TestBase - Initilize Web Driver: 217479224
2023-11-17 19:16:11.379 [main] INFO  com.webMethodsUI.flow.testbase.TestBase - Navigating to URLhttps://devrealm1.dev-int-aws-us.webmethods.io
2023-11-17 19:16:14.281 [main] INFO  com.webMethodsUI.flow.pageObjects.common.LoginPage - Verify username text field is visible
2023-11-17 19:16:24.355 [main] INFO  com.webMethodsUI.flow.pageObjects.common.LoginPage - Entering user Name: icapiuser
2023-11-17 19:16:24.623 [main] INFO  com.webMethodsUI.flow.pageObjects.common.LoginPage - Entering user Name: [[ChromeDriver: chrome on WINDOWS (e4a98c8ef4fa55c7100dabeab53cca89)] -> xpath: //*[@id='password']]
2023-11-17 19:16:26.935 [main] INFO  com.webMethodsUI.flow.pageObjects.common.LoginPage - Click on Login Button
2023-11-17 19:16:31.975 [main] INFO  com.webMethodsUI.flow.pageObjects.common.LoginPage - wait for page load
2023-11-17 19:16:32.196 [main] INFO  com.webMethodsUI.flow.pageObjects.common.LoginPage - Verify Home page greet message is visible
2023-11-17 19:16:36.185 [main] INFO  com.webMethodsUI.flow.pageObjects.common.LoginPage - Verify create project plus button is visible
2023-11-17 19:16:36.750 [main] INFO  com.webMethodsUI.flow.pageObjects.common.LoginPage - Fetching webelement at runtime //div[@class='tab-details']/ul/li/a/span[contains(text(),'Events')]
2023-11-17 19:17:06.987 [main] INFO  com.webMethodsUI.flow.pageObjects.common.LoginPage - Cicking on search project field
2023-11-17 19:17:07.360 [main] INFO  com.webMethodsUI.flow.pageObjects.common.LoginPage - Entering project name in search box
2023-11-17 19:17:07.768 [main] INFO  com.webMethodsUI.flow.pageObjects.common.LoginPage - Clicking on searchicon to search project
2023-11-17 19:17:08.125 [main] INFO  com.webMethodsUI.flow.pageObjects.common.LoginPage - wait for page load
2023-11-17 19:17:09.546 [main] INFO  com.webMethodsUI.flow.pageObjects.common.LoginPage - Fetching webelement at runtime //div[@class='tab-details']/ul/li/a/span[contains(text(),'Events')]
2023-11-17 19:19:06.827 [main] INFO  com.webMethodsUI.flow.testbase.TestBase - ChromeDriver: chrome on WINDOWS (9dc4d679c64c118e139361c3b126a849)
2023-11-17 19:19:06.832 [main] INFO  com.webMethodsUI.flow.testbase.TestBase - Initilize Web Driver: 217479224
2023-11-17 19:19:06.990 [main] INFO  com.webMethodsUI.flow.testbase.TestBase - Navigating to URLhttps://devrealm1.dev-int-aws-us.webmethods.io
2023-11-17 19:19:08.450 [main] INFO  com.webMethodsUI.flow.pageObjects.common.LoginPage - Verify username text field is visible
2023-11-17 19:19:15.846 [main] INFO  com.webMethodsUI.flow.pageObjects.common.LoginPage - Entering user Name: icapiuser
2023-11-17 19:19:16.138 [main] INFO  com.webMethodsUI.flow.pageObjects.common.LoginPage - Entering user Name: [[ChromeDriver: chrome on WINDOWS (9dc4d679c64c118e139361c3b126a849)] -> xpath: //*[@id='password']]
2023-11-17 19:19:18.467 [main] INFO  com.webMethodsUI.flow.pageObjects.common.LoginPage - Click on Login Button
2023-11-17 19:19:22.706 [main] INFO  com.webMethodsUI.flow.pageObjects.common.LoginPage - wait for page load
2023-11-17 19:19:23.023 [main] INFO  com.webMethodsUI.flow.pageObjects.common.LoginPage - Verify Home page greet message is visible
2023-11-17 19:19:26.835 [main] INFO  com.webMethodsUI.flow.pageObjects.common.LoginPage - Verify create project plus button is visible
2023-11-17 19:19:28.396 [main] INFO  com.webMethodsUI.flow.pageObjects.common.LoginPage - Cicking on search project field
2023-11-17 19:19:28.759 [main] INFO  com.webMethodsUI.flow.pageObjects.common.LoginPage - Entering project name in search box
2023-11-17 19:19:29.170 [main] INFO  com.webMethodsUI.flow.pageObjects.common.LoginPage - Clicking on searchicon to search project
2023-11-17 19:19:29.593 [main] INFO  com.webMethodsUI.flow.pageObjects.common.LoginPage - wait for page load
2023-11-17 19:19:31.022 [main] INFO  com.webMethodsUI.flow.pageObjects.common.LoginPage - Fetching webelement at runtime //div[@class='tab-details']/ul/li/a/span[contains(text(),'Events')]
2023-11-17 19:20:01.203 [main] INFO  com.webMethodsUI.flow.pageObjects.common.LoginPage - Fetching webelement at runtime //div[@class='tab-details']/ul/li/a/span[contains(text(),'Events')]
2023-11-17 19:22:50.073 [main] INFO  com.webMethodsUI.flow.testbase.TestBase - ChromeDriver: chrome on WINDOWS (c2879bea659391677a85f30148ca132d)
2023-11-17 19:22:50.077 [main] INFO  com.webMethodsUI.flow.testbase.TestBase - Initilize Web Driver: 217479224
2023-11-17 19:22:50.247 [main] INFO  com.webMethodsUI.flow.testbase.TestBase - Navigating to URLhttps://devrealm1.dev-int-aws-us.webmethods.io
2023-11-17 19:22:53.062 [main] INFO  com.webMethodsUI.flow.pageObjects.common.LoginPage - Verify username text field is visible
2023-11-17 19:23:01.884 [main] INFO  com.webMethodsUI.flow.pageObjects.common.LoginPage - Entering user Name: icapiuser
2023-11-17 19:23:02.199 [main] INFO  com.webMethodsUI.flow.pageObjects.common.LoginPage - Entering user Name: [[ChromeDriver: chrome on WINDOWS (c2879bea659391677a85f30148ca132d)] -> xpath: //*[@id='password']]
2023-11-17 19:23:04.557 [main] INFO  com.webMethodsUI.flow.pageObjects.common.LoginPage - Click on Login Button
2023-11-17 19:23:09.528 [main] INFO  com.webMethodsUI.flow.pageObjects.common.LoginPage - wait for page load
2023-11-17 19:23:09.775 [main] INFO  com.webMethodsUI.flow.pageObjects.common.LoginPage - Verify Home page greet message is visible
2023-11-17 19:23:13.836 [main] INFO  com.webMethodsUI.flow.pageObjects.common.LoginPage - Verify create project plus button is visible
2023-11-17 19:23:14.511 [main] INFO  com.webMethodsUI.flow.pageObjects.common.LoginPage - Cicking on search project field
2023-11-17 19:23:14.903 [main] INFO  com.webMethodsUI.flow.pageObjects.common.LoginPage - Entering project name in search box
2023-11-17 19:23:15.433 [main] INFO  com.webMethodsUI.flow.pageObjects.common.LoginPage - Clicking on searchicon to search project
2023-11-17 19:23:15.908 [main] INFO  com.webMethodsUI.flow.pageObjects.common.LoginPage - wait for page load
2023-11-17 19:23:17.171 [main] INFO  com.webMethodsUI.flow.pageObjects.common.LoginPage - Clicking on Project [[ChromeDriver: chrome on WINDOWS (c2879bea659391677a85f30148ca132d)] -> xpath: //span[contains(text(),'IC_MessagingShared')]]
2023-11-17 19:23:17.570 [main] INFO  com.webMethodsUI.flow.pageObjects.common.LoginPage - wait for page load
2023-11-17 19:23:19.967 [main] INFO  com.webMethodsUI.flow.pageObjects.common.LoginPage - Fetching webelement at runtime //div[@class='tab-details']/ul/li/a/span[contains(text(),'Events')]
2023-11-17 19:23:20.017 [main] INFO  com.webMethodsUI.flow.pageObjects.common.LoginPage - Clicking on subMenu...Events
2023-11-17 19:23:20.476 [main] INFO  com.webMethodsUI.flow.pageObjects.common.LoginPage - wait for page load
2023-11-17 19:23:20.621 [main] INFO  com.webMethodsUI.flow.pageObjects.common.LoginPage - Fetching webelement at runtime //span[@data-testid='toggle-button-Messaging']
2023-11-17 19:23:20.678 [main] INFO  com.webMethodsUI.flow.pageObjects.common.LoginPage - Clicking on messaging toggle button
2023-11-17 19:23:21.082 [main] INFO  com.webMethodsUI.flow.pageObjects.common.LoginPage - Fetching webelement at runtime //button[contains(text(),'Messaging destinations')]
2023-11-17 19:23:21.140 [main] INFO  com.webMethodsUI.flow.pageObjects.common.LoginPage - clicking on button: Messaging destinations
2023-11-17 19:23:21.616 [main] INFO  com.webMethodsUI.flow.pageObjects.common.LoginPage - Fetching webelement at runtime //button[contains(text(),'Add queue')]
2023-11-17 19:23:21.677 [main] INFO  com.webMethodsUI.flow.pageObjects.common.LoginPage - clicking on button: Add queue
2023-11-17 19:23:22.085 [main] INFO  com.webMethodsUI.flow.pageObjects.common.LoginPage - Fetching webelement at runtime //input[@name='queueName']
2023-11-17 19:23:22.142 [main] INFO  com.webMethodsUI.flow.pageObjects.common.LoginPage - Enter queue name SharedUIQueue
2023-11-17 19:23:22.531 [main] INFO  com.webMethodsUI.flow.pageObjects.common.LoginPage - Fetching webelement at runtime //span[@class='switch-label small']
2023-11-17 19:23:22.578 [main] INFO  com.webMethodsUI.flow.pageObjects.common.LoginPage - Clicking on shared Toggle button
2023-11-17 19:23:22.985 [main] INFO  com.webMethodsUI.flow.pageObjects.common.LoginPage - Fetching webelement at runtime //button[contains(text(),'Save')]
2023-11-17 19:23:23.037 [main] INFO  com.webMethodsUI.flow.pageObjects.common.LoginPage - clicking on button: Save
2023-11-17 19:23:23.425 [main] INFO  com.webMethodsUI.flow.pageObjects.common.LoginPage - Fetching webelement at runtime //a[contains(text(),'Topics')]
2023-11-17 19:23:23.487 [main] INFO  com.webMethodsUI.flow.pageObjects.common.LoginPage - Clicking on Topic tab
2023-11-17 19:23:23.988 [main] INFO  com.webMethodsUI.flow.pageObjects.common.LoginPage - Fetching webelement at runtime //button[contains(text(),'Add topic')]
2023-11-17 19:23:24.069 [main] INFO  com.webMethodsUI.flow.pageObjects.common.LoginPage - clicking on button: Add topic
2023-11-17 19:23:24.534 [main] INFO  com.webMethodsUI.flow.pageObjects.common.LoginPage - Fetching webelement at runtime //input[@name='topicName']
2023-11-17 19:23:24.591 [main] INFO  com.webMethodsUI.flow.pageObjects.common.LoginPage - Enter topic name SharedUITopic
2023-11-17 19:23:24.968 [main] INFO  com.webMethodsUI.flow.pageObjects.common.LoginPage - Fetching webelement at runtime //span[@class='switch-label small']
2023-11-17 19:23:25.035 [main] INFO  com.webMethodsUI.flow.pageObjects.common.LoginPage - Clicking on shared Toggle button
2023-11-17 19:23:25.402 [main] INFO  com.webMethodsUI.flow.pageObjects.common.LoginPage - Fetching webelement at runtime //button[contains(text(),'Save')]
2023-11-17 19:23:25.449 [main] INFO  com.webMethodsUI.flow.pageObjects.common.LoginPage - clicking on button: Save
2023-11-17 19:23:25.914 [main] INFO  com.webMethodsUI.flow.pageObjects.common.LoginPage - Fetching webelement at runtime //div[@class='tab-details']/ul/li/a/span[contains(text(),'Events')]
2023-11-17 19:23:25.951 [main] INFO  com.webMethodsUI.flow.pageObjects.common.LoginPage - Clicking on subMenu...Events
2023-11-17 19:23:26.428 [main] INFO  com.webMethodsUI.flow.pageObjects.common.LoginPage - wait for page load
2023-11-17 19:23:26.685 [main] INFO  com.webMethodsUI.flow.pageObjects.common.LoginPage - Fetching webelement at runtime //span[@data-testid='toggle-button-Messaging']
2023-11-17 19:23:26.739 [main] INFO  com.webMethodsUI.flow.pageObjects.common.LoginPage - Clicking on messaging toggle button
2023-11-17 19:23:27.149 [main] INFO  com.webMethodsUI.flow.pageObjects.common.LoginPage - Fetching webelement at runtime //button[contains(text(),'Add subscriber')]
2023-11-17 19:23:27.212 [main] INFO  com.webMethodsUI.flow.pageObjects.common.LoginPage - clicking on button: Add subscriber
2023-11-17 19:23:27.675 [main] INFO  com.webMethodsUI.flow.pageObjects.common.LoginPage - Fetching webelement at runtime //input[@name='subscriberName']
2023-11-17 19:23:28.091 [main] INFO  com.webMethodsUI.flow.pageObjects.common.LoginPage - Enter subscriber name SharedUISubscriber
