2023-10-24 13:12:29.915 [main] INFO  com.webMethodsUI.flow.testbase.TestBase - ChromeDriver: chrome on WINDOWS (2256ab9d9708b1b88a62f06a083f09ee)
2023-10-24 13:12:29.921 [main] INFO  com.webMethodsUI.flow.testbase.TestBase - Initilize Web Driver: 1527061084
2023-10-24 13:12:30.094 [main] INFO  com.webMethodsUI.flow.testbase.TestBase - Navigating to URLhttps://devrealm2.dev-int-aws-us.webmethods.io
2023-10-24 13:12:32.964 [main] INFO  com.webMethodsUI.flow.pageObjects.common.LoginPage - Verify username text field is visible
2023-10-24 13:12:43.188 [main] INFO  com.webMethodsUI.flow.pageObjects.common.LoginPage - Entering user Name: wmioicqa
2023-10-24 13:12:43.757 [main] INFO  com.webMethodsUI.flow.pageObjects.common.LoginPage - Entering user Name: [[ChromeDriver: chrome on WINDOWS (2256ab9d9708b1b88a62f06a083f09ee)] -> xpath: //*[@id='password']]
2023-10-24 13:12:46.461 [main] INFO  com.webMethodsUI.flow.pageObjects.common.LoginPage - Click on Login Button
2023-10-24 13:12:50.946 [main] INFO  com.webMethodsUI.flow.pageObjects.common.LoginPage - wait for page load
2023-10-24 13:12:54.038 [main] INFO  com.webMethodsUI.flow.pageObjects.common.LoginPage - Verify Home page greet message is visible
2023-10-24 13:12:55.380 [main] INFO  com.webMethodsUI.flow.pageObjects.common.LoginPage - Verify create project plus button is visible
2023-10-24 13:12:57.372 [main] INFO  com.webMethodsUI.flow.pageObjects.common.LoginPage - Fetching webelement at runtime //a[contains(text(),'Monitor')]
2023-10-24 13:12:57.435 [main] INFO  com.webMethodsUI.flow.pageObjects.common.LoginPage - Clicking on Menu...Monitor
2023-10-24 13:12:58.098 [main] INFO  com.webMethodsUI.flow.pageObjects.common.LoginPage - wait for page load
2023-10-24 13:13:01.071 [main] INFO  com.webMethodsUI.flow.pageObjects.common.LoginPage - Fetching webelement at runtime //span[contains(text(),'Insights')]
2023-10-24 13:13:01.197 [main] INFO  com.webMethodsUI.flow.pageObjects.common.LoginPage - Clicking on Tree Main Menu Insights
2023-10-24 13:13:01.844 [main] INFO  com.webMethodsUI.flow.pageObjects.common.LoginPage - wait for page load
2023-10-24 13:13:02.127 [main] INFO  com.webMethodsUI.flow.pageObjects.common.LoginPage - Fetching webelement at runtime //a[contains(text(),'Highlights')]
2023-10-24 13:13:02.186 [main] INFO  com.webMethodsUI.flow.pageObjects.common.LoginPage - Clicking on Tree Main Menu Highlights
2023-10-24 13:13:02.766 [main] INFO  com.webMethodsUI.flow.pageObjects.common.LoginPage - wait for page load
2023-10-24 13:13:03.059 [main] INFO  com.webMethodsUI.flow.pageObjects.common.LoginPage - Fetching webelement at runtime //span[contains(text(),'Insights for:')]
2023-10-24 13:13:03.130 [main] INFO  com.webMethodsUI.flow.pageObjects.common.LoginPage - Verify project menu is visible
2023-10-24 13:13:03.467 [main] INFO  com.webMethodsUI.flow.pageObjects.common.LoginPage - Fetching webelement at runtime //th[contains(text(),'Name')]
2023-10-24 13:13:03.572 [main] INFO  com.webMethodsUI.flow.pageObjects.common.LoginPage - Verify table data Name are visible
2023-10-24 13:13:03.888 [main] INFO  com.webMethodsUI.flow.pageObjects.common.LoginPage - Fetching webelement at runtime //th[contains(text(),'Project')]
2023-10-24 13:13:03.953 [main] INFO  com.webMethodsUI.flow.pageObjects.common.LoginPage - Verify table data Project are visible
2023-10-24 13:13:04.264 [main] INFO  com.webMethodsUI.flow.pageObjects.common.LoginPage - Fetching webelement at runtime //th[contains(text(),'Type')]
2023-10-24 13:13:04.415 [main] INFO  com.webMethodsUI.flow.pageObjects.common.LoginPage - Verify table data Type are visible
2023-10-24 13:13:04.685 [main] INFO  com.webMethodsUI.flow.pageObjects.common.LoginPage - Fetching webelement at runtime //th[contains(text(),'Transactions')]
2023-10-24 13:13:04.779 [main] INFO  com.webMethodsUI.flow.pageObjects.common.LoginPage - Verify table data Transactions are visible
2023-10-24 13:13:05.078 [main] INFO  com.webMethodsUI.flow.pageObjects.common.LoginPage - Fetching webelement at runtime //th[contains(text(),'Executions')]
2023-10-24 13:13:05.141 [main] INFO  com.webMethodsUI.flow.pageObjects.common.LoginPage - Verify table data Executions are visible
2023-10-24 13:13:05.476 [main] INFO  com.webMethodsUI.flow.pageObjects.common.LoginPage - Fetching webelement at runtime //button[contains(text(),'1 week')]
2023-10-24 13:13:05.535 [main] INFO  com.webMethodsUI.flow.pageObjects.common.LoginPage - Clicking on Button.. [[ChromeDriver: chrome on WINDOWS (2256ab9d9708b1b88a62f06a083f09ee)] -> xpath: //button[contains(text(),'1 week')]]
2023-10-24 13:13:06.102 [main] INFO  com.webMethodsUI.flow.pageObjects.common.LoginPage - wait for page load
2023-10-24 13:13:06.387 [main] INFO  com.webMethodsUI.flow.pageObjects.common.LoginPage - Fetching webelement at runtime //td[contains(@class,'insights-table-cell')]
2023-10-24 13:13:06.454 [main] INFO  com.webMethodsUI.flow.pageObjects.common.LoginPage - Verify highlight table column is loading properly
2023-10-24 13:13:06.723 [main] INFO  com.webMethodsUI.flow.pageObjects.common.LoginPage - Fetching webelement at runtime //td[contains(@class,'insights-table-cell')][4]
2023-10-24 13:13:06.872 [main] INFO  com.webMethodsUI.flow.pageObjects.common.LoginPage - Transactioncount
2023-10-24 13:13:07.181 [main] INFO  com.webMethodsUI.flow.pageObjects.common.LoginPage - comparing the transaction count is greater then 1
2023-10-24 13:13:07.403 [main] INFO  com.webMethodsUI.flow.pageObjects.common.LoginPage - Fetching webelement at runtime //button[contains(text(),'2 week')]
2023-10-24 13:13:07.468 [main] INFO  com.webMethodsUI.flow.pageObjects.common.LoginPage - Clicking on Button.. [[ChromeDriver: chrome on WINDOWS (2256ab9d9708b1b88a62f06a083f09ee)] -> xpath: //button[contains(text(),'2 week')]]
2023-10-24 13:13:08.001 [main] INFO  com.webMethodsUI.flow.pageObjects.common.LoginPage - wait for page load
2023-10-24 13:13:08.337 [main] INFO  com.webMethodsUI.flow.pageObjects.common.LoginPage - Fetching webelement at runtime //td[contains(@class,'insights-table-cell')]
2023-10-24 13:13:08.398 [main] INFO  com.webMethodsUI.flow.pageObjects.common.LoginPage - Verify highlight table column is loading properly
2023-10-24 13:13:08.727 [main] INFO  com.webMethodsUI.flow.pageObjects.common.LoginPage - Fetching webelement at runtime //td[contains(@class,'insights-table-cell')][4]
2023-10-24 13:13:08.869 [main] INFO  com.webMethodsUI.flow.pageObjects.common.LoginPage - Transactioncount
2023-10-24 13:13:09.124 [main] INFO  com.webMethodsUI.flow.pageObjects.common.LoginPage - comparing the transaction count is greater then 1
2023-10-24 13:13:09.394 [main] INFO  com.webMethodsUI.flow.pageObjects.common.LoginPage - Fetching webelement at runtime //button[contains(text(),'3 week')]
2023-10-24 13:13:09.544 [main] INFO  com.webMethodsUI.flow.pageObjects.common.LoginPage - Clicking on Button.. [[ChromeDriver: chrome on WINDOWS (2256ab9d9708b1b88a62f06a083f09ee)] -> xpath: //button[contains(text(),'3 week')]]
2023-10-24 13:13:10.211 [main] INFO  com.webMethodsUI.flow.pageObjects.common.LoginPage - wait for page load
2023-10-24 13:13:10.501 [main] INFO  com.webMethodsUI.flow.pageObjects.common.LoginPage - Fetching webelement at runtime //td[contains(@class,'insights-table-cell')]
2023-10-24 13:13:10.598 [main] INFO  com.webMethodsUI.flow.pageObjects.common.LoginPage - Verify highlight table column is loading properly
2023-10-24 13:13:10.887 [main] INFO  com.webMethodsUI.flow.pageObjects.common.LoginPage - Fetching webelement at runtime //td[contains(@class,'insights-table-cell')][4]
2023-10-24 13:13:11.028 [main] INFO  com.webMethodsUI.flow.pageObjects.common.LoginPage - Transactioncount
2023-10-24 13:13:11.421 [main] INFO  com.webMethodsUI.flow.pageObjects.common.LoginPage - comparing the transaction count is greater then 1
2023-10-24 13:13:11.650 [main] INFO  com.webMethodsUI.flow.pageObjects.common.LoginPage - Fetching webelement at runtime //button[contains(text(),'4 week')]
2023-10-24 13:13:11.760 [main] INFO  com.webMethodsUI.flow.pageObjects.common.LoginPage - Clicking on Button.. [[ChromeDriver: chrome on WINDOWS (2256ab9d9708b1b88a62f06a083f09ee)] -> xpath: //button[contains(text(),'4 week')]]
2023-10-24 13:13:12.486 [main] INFO  com.webMethodsUI.flow.pageObjects.common.LoginPage - wait for page load
2023-10-24 13:13:12.781 [main] INFO  com.webMethodsUI.flow.pageObjects.common.LoginPage - Fetching webelement at runtime //td[contains(@class,'insights-table-cell')]
2023-10-24 13:13:12.832 [main] INFO  com.webMethodsUI.flow.pageObjects.common.LoginPage - Verify highlight table column is loading properly
2023-10-24 13:13:13.236 [main] INFO  com.webMethodsUI.flow.pageObjects.common.LoginPage - Fetching webelement at runtime //td[contains(@class,'insights-table-cell')][4]
2023-10-24 13:13:13.346 [main] INFO  com.webMethodsUI.flow.pageObjects.common.LoginPage - Transactioncount
2023-10-24 13:13:13.651 [main] INFO  com.webMethodsUI.flow.pageObjects.common.LoginPage - comparing the transaction count is greater then 1
2023-10-24 13:13:13.919 [main] INFO  com.webMethodsUI.flow.pageObjects.common.LoginPage - Fetching webelement at runtime //span[contains(@class, 'anticon anticon-sync')]
2023-10-24 13:13:13.982 [main] INFO  com.webMethodsUI.flow.pageObjects.common.LoginPage - Click refresh button
2023-10-24 13:13:14.871 [main] INFO  com.webMethodsUI.flow.pageObjects.common.LoginPage - Fetching webelement at runtime //a[contains(text(),'Highlights')]
2023-10-24 13:13:15.066 [main] INFO  com.webMethodsUI.flow.pageObjects.common.LoginPage - Clicking on Tree Main Menu Highlights
2023-10-24 13:13:15.554 [main] INFO  com.webMethodsUI.flow.pageObjects.common.LoginPage - wait for page load
2023-10-24 13:13:15.807 [main] INFO  com.webMethodsUI.flow.pageObjects.common.LoginPage - Fetching webelement at runtime //span[contains(text(),'Insights for:')]
2023-10-24 13:13:15.868 [main] INFO  com.webMethodsUI.flow.pageObjects.common.LoginPage - Verify project menu is visible
2023-10-24 13:13:16.164 [main] INFO  com.webMethodsUI.flow.pageObjects.common.LoginPage - Fetching webelement at runtime //button[contains(@class,'dlt-filter__button')]
2023-10-24 13:13:16.212 [main] INFO  com.webMethodsUI.flow.pageObjects.common.LoginPage - clicking on filter Tab
2023-10-24 13:13:16.731 [main] INFO  com.webMethodsUI.flow.pageObjects.common.LoginPage - Fetching webelement at runtime //*[contains(text(),'Select project')]
2023-10-24 13:13:16.795 [main] INFO  com.webMethodsUI.flow.pageObjects.common.LoginPage - Clicking on Flowservice filter Select project
2023-10-24 13:13:17.441 [main] INFO  com.webMethodsUI.flow.pageObjects.common.LoginPage - Fetching webelement at runtime //*[contains(text(),'CLE_IC')]
2023-10-24 13:13:17.526 [main] INFO  com.webMethodsUI.flow.pageObjects.common.LoginPage - Clicking on Flowservice filter CLE_IC
2023-10-24 13:13:18.146 [main] INFO  com.webMethodsUI.flow.pageObjects.common.LoginPage - Fetching webelement at runtime //div[@class='dlt-filter-actions']//button[contains(text(),'Apply')]
2023-10-24 13:13:18.202 [main] INFO  com.webMethodsUI.flow.pageObjects.common.LoginPage - Clicking on Apply button..
2023-10-24 13:13:18.772 [main] INFO  com.webMethodsUI.flow.pageObjects.common.LoginPage - Fetching webelement at runtime //td[@title= 'CLE_IC'][1]
2023-10-24 13:13:18.911 [main] INFO  com.webMethodsUI.flow.pageObjects.common.LoginPage - Verify Project name is visible in highLight table
2023-10-24 13:13:19.181 [main] INFO  com.webMethodsUI.flow.pageObjects.common.LoginPage - Fetching webelement at runtime //button[contains(text(),'Reset')]
2023-10-24 13:13:19.250 [main] INFO  com.webMethodsUI.flow.pageObjects.common.LoginPage - Clicking on Reset button
2023-10-24 13:13:19.772 [main] INFO  com.webMethodsUI.flow.pageObjects.common.LoginPage - Fetching webelement at runtime //input[@value='1']
2023-10-24 13:13:19.835 [main] INFO  com.webMethodsUI.flow.pageObjects.common.LoginPage - lower transaction count is showing properly
2023-10-24 13:13:20.130 [main] INFO  com.webMethodsUI.flow.pageObjects.common.LoginPage - Fetching webelement at runtime //button[contains(@class,'number-step-down')]
2023-10-24 13:13:20.223 [main] INFO  com.webMethodsUI.flow.pageObjects.common.LoginPage - transaction button is disabled
2023-10-24 13:13:20.264 [main] INFO  com.webMethodsUI.flow.pageObjects.common.LoginPage - Fetching webelement at runtime //div[contains(text(),'Transaction count')]
2023-10-24 13:13:20.338 [main] INFO  com.webMethodsUI.flow.pageObjects.common.LoginPage - Clicking on the Type filter
2023-10-24 13:13:20.912 [main] INFO  com.webMethodsUI.flow.pageObjects.common.LoginPage - Fetching webelement at runtime //*[contains(text(),'Execution count')]
2023-10-24 13:13:20.960 [main] INFO  com.webMethodsUI.flow.pageObjects.common.LoginPage - Clicking on Flowservice filter Execution count
2023-10-24 13:13:21.447 [main] INFO  com.webMethodsUI.flow.pageObjects.common.LoginPage - Fetching webelement at runtime //input[@placeholder='1 - 100']
2023-10-24 13:13:21.506 [main] INFO  com.webMethodsUI.flow.pageObjects.common.LoginPage - setting value for Count with...... 00
2023-10-24 13:13:21.885 [main] INFO  com.webMethodsUI.flow.pageObjects.common.LoginPage - Fetching webelement at runtime //div[@class='dlt-filter-actions']//button[contains(text(),'Apply')]
2023-10-24 13:13:21.929 [main] INFO  com.webMethodsUI.flow.pageObjects.common.LoginPage - Clicking on Apply button..
2023-10-24 13:13:22.446 [main] INFO  com.webMethodsUI.flow.pageObjects.common.LoginPage - Fetching webelement at runtime //label[contains(text(),'Execution count - lower limit')]
2023-10-24 13:13:22.502 [main] INFO  com.webMethodsUI.flow.pageObjects.common.LoginPage - Verify type level is visible in highLight table
2023-10-24 13:13:22.773 [main] INFO  com.webMethodsUI.flow.pageObjects.common.LoginPage - Fetching webelement at runtime //button[contains(@class,'number-step-up')]
2023-10-24 13:13:22.820 [main] INFO  com.webMethodsUI.flow.pageObjects.common.LoginPage - transaction button is disabled
2023-10-24 13:13:22.861 [main] INFO  com.webMethodsUI.flow.pageObjects.common.LoginPage - Fetching webelement at runtime //button[contains(text(),'2 week')]
2023-10-24 13:13:22.914 [main] INFO  com.webMethodsUI.flow.pageObjects.common.LoginPage - Clicking on Button.. [[ChromeDriver: chrome on WINDOWS (2256ab9d9708b1b88a62f06a083f09ee)] -> xpath: //button[contains(text(),'2 week')]]
2023-10-24 13:13:23.381 [main] INFO  com.webMethodsUI.flow.pageObjects.common.LoginPage - wait for page load
2023-10-24 13:13:23.637 [main] INFO  com.webMethodsUI.flow.pageObjects.common.LoginPage - Fetching webelement at runtime //span[contains(@class, 'dlt-icon-chevron-circle-right pagination-icon false')]
2023-10-24 13:13:23.690 [main] INFO  com.webMethodsUI.flow.pageObjects.common.LoginPage - clicking on the next button for Pagination
2023-10-24 13:13:24.165 [main] INFO  com.webMethodsUI.flow.pageObjects.common.LoginPage - Fetching webelement at runtime //div[contains(text(),'11-')]
2023-10-24 13:13:24.213 [main] INFO  com.webMethodsUI.flow.pageObjects.common.LoginPage - Verify next page for pagination is visible
2023-10-24 13:13:24.544 [main] INFO  com.webMethodsUI.flow.pageObjects.common.LoginPage - Fetching webelement at runtime //td[contains(@class,'insights-table-cell')][5]
2023-10-24 13:13:24.641 [main] INFO  com.webMethodsUI.flow.pageObjects.common.LoginPage - Executioncount
2023-10-24 13:13:24.891 [main] INFO  com.webMethodsUI.flow.pageObjects.common.LoginPage - comparing the execution count is greater then 100
2023-10-24 13:13:25.138 [main] INFO  com.webMethodsUI.flow.pageObjects.common.LoginPage - Fetching webelement at runtime //button[contains(text(),'Reset')]
2023-10-24 13:13:25.179 [main] INFO  com.webMethodsUI.flow.pageObjects.common.LoginPage - Clicking on Reset button
2023-10-24 13:13:25.669 [main] INFO  com.webMethodsUI.flow.pageObjects.common.LoginPage - Fetching webelement at runtime //button[contains(@class,'number-step-down')]
2023-10-24 13:13:25.732 [main] INFO  com.webMethodsUI.flow.pageObjects.common.LoginPage - transaction button is disabled
2023-10-24 13:13:25.920 [main] INFO  com.webMethodsUI.flow.pageObjects.common.LoginPage - Fetching webelement at runtime //a[contains(text(),'Highlights')]
2023-10-24 13:13:25.973 [main] INFO  com.webMethodsUI.flow.pageObjects.common.LoginPage - Clicking on Tree Main Menu Highlights
2023-10-24 13:13:26.479 [main] INFO  com.webMethodsUI.flow.pageObjects.common.LoginPage - wait for page load
2023-10-24 13:13:26.756 [main] INFO  com.webMethodsUI.flow.pageObjects.common.LoginPage - Fetching webelement at runtime //span[contains(text(),'Insights for:')]
2023-10-24 13:13:26.823 [main] INFO  com.webMethodsUI.flow.pageObjects.common.LoginPage - Verify project menu is visible
2023-10-24 13:13:27.069 [main] INFO  com.webMethodsUI.flow.pageObjects.common.LoginPage - Fetching webelement at runtime //button[contains(text(),'Reset')]
2023-10-24 13:13:27.124 [main] INFO  com.webMethodsUI.flow.pageObjects.common.LoginPage - Clicking on Reset button
2023-10-24 13:13:27.627 [main] INFO  com.webMethodsUI.flow.pageObjects.common.LoginPage - Fetching webelement at runtime //select[contains(@class,'dlt-select-input')]
2023-10-24 13:13:27.676 [main] INFO  com.webMethodsUI.flow.pageObjects.common.LoginPage - selecting the Item per page from drop down say30
2023-10-24 13:13:28.097 [main] INFO  com.webMethodsUI.flow.pageObjects.common.LoginPage - Fetching webelement at runtime //div[contains(text(),'1-30')]
2023-10-24 13:13:28.175 [main] INFO  com.webMethodsUI.flow.pageObjects.common.LoginPage - Verify next page for pagination is visible
2023-10-24 13:13:28.448 [main] INFO  com.webMethodsUI.flow.pageObjects.common.LoginPage - Fetching webelement at runtime //span[contains(@class, 'dlt-icon-chevron-circle-right pagination-icon false')]
2023-10-24 13:13:28.568 [main] INFO  com.webMethodsUI.flow.pageObjects.common.LoginPage - clicking on the next button for Pagination
2023-10-24 13:13:29.105 [main] INFO  com.webMethodsUI.flow.pageObjects.common.LoginPage - Fetching webelement at runtime //div[contains(text(),'31-60 of')]
2023-10-24 13:13:29.172 [main] INFO  com.webMethodsUI.flow.pageObjects.common.LoginPage - Verify next page for pagination is visible
2023-10-24 13:13:29.443 [main] INFO  com.webMethodsUI.flow.pageObjects.common.LoginPage - Fetching webelement at runtime //span[contains(@class, 'anticon anticon-sync')]
2023-10-24 13:13:29.496 [main] INFO  com.webMethodsUI.flow.pageObjects.common.LoginPage - Click refresh button
2023-10-24 13:13:30.170 [main] INFO  com.webMethodsUI.flow.pageObjects.common.LoginPage - Fetching webelement at runtime //a[contains(text(),'Highlights')]
2023-10-24 13:13:30.263 [main] INFO  com.webMethodsUI.flow.pageObjects.common.LoginPage - Clicking on Tree Main Menu Highlights
2023-10-24 13:13:30.825 [main] INFO  com.webMethodsUI.flow.pageObjects.common.LoginPage - wait for page load
2023-10-24 13:13:31.105 [main] INFO  com.webMethodsUI.flow.pageObjects.common.LoginPage - Fetching webelement at runtime //span[contains(@class, 'calender-monitor-icon')]
2023-10-24 13:13:31.188 [main] INFO  com.webMethodsUI.flow.pageObjects.common.LoginPage - Clicking on the custom time range button
2023-10-24 13:13:31.667 [main] INFO  com.webMethodsUI.flow.pageObjects.common.LoginPage - Fetching webelement at runtime //th[contains(text(), '2023')]
2023-10-24 13:13:31.728 [main] INFO  com.webMethodsUI.flow.pageObjects.common.LoginPage - 2023 year is persent
2023-10-24 13:13:31.967 [main] INFO  com.webMethodsUI.flow.pageObjects.common.LoginPage - Fetching webelement at runtime //button[contains(@class,'cancelBtn')]
2023-10-24 13:13:32.023 [main] INFO  com.webMethodsUI.flow.pageObjects.common.LoginPage - clicking on Apply or Cancel button
2023-10-24 13:13:32.477 [main] INFO  com.webMethodsUI.flow.pageObjects.common.LoginPage - Fetching webelement at runtime //span[contains(@class, 'calender-monitor-icon')]
2023-10-24 13:13:32.554 [main] INFO  com.webMethodsUI.flow.pageObjects.common.LoginPage - Clicking on the custom time range button
2023-10-24 13:13:33.182 [main] INFO  com.webMethodsUI.flow.pageObjects.common.LoginPage - Fetching webelement at runtime //button[contains(@class,'applyBtn')]
2023-10-24 13:13:33.247 [main] INFO  com.webMethodsUI.flow.pageObjects.common.LoginPage - clicking on Apply or Cancel button
2023-10-24 13:13:33.928 [main] INFO  com.webMethodsUI.flow.pageObjects.common.LoginPage - Fetching webelement at runtime //div[@class='date-time-selected-value']//span[contains(text(),'2023')]
2023-10-24 13:13:34.004 [main] INFO  com.webMethodsUI.flow.pageObjects.common.LoginPage - Insights for: 2023 year is persent
2023-10-24 13:13:34.341 [main] INFO  com.webMethodsUI.flow.pageObjects.common.LoginPage - Fetching webelement at runtime //span[contains(text(),'The Insights aggregation data is generated based on GMT timezone only.')]
2023-10-24 13:13:34.403 [main] INFO  com.webMethodsUI.flow.pageObjects.common.LoginPage - Verify project menu is visible
2023-10-24 13:13:34.930 [main] INFO  com.webMethodsUI.flow.pageObjects.common.LoginPage - Fetching webelement at runtime //a[contains(text(),'Reports')]
2023-10-24 13:13:34.989 [main] INFO  com.webMethodsUI.flow.pageObjects.common.LoginPage - Clicking on Tree Main Menu Reports
2023-10-24 13:13:35.534 [main] INFO  com.webMethodsUI.flow.pageObjects.common.LoginPage - wait for page load
2023-10-24 13:13:35.785 [main] INFO  com.webMethodsUI.flow.pageObjects.common.LoginPage - Fetching webelement at runtime //span[contains(text(),'Insights for:')]
2023-10-24 13:13:35.902 [main] INFO  com.webMethodsUI.flow.pageObjects.common.LoginPage - Verify project menu is visible
2023-10-24 13:13:36.149 [main] INFO  com.webMethodsUI.flow.pageObjects.common.LoginPage - Fetching webelement at runtime //th[contains(text(),'Name')]
2023-10-24 13:13:36.196 [main] INFO  com.webMethodsUI.flow.pageObjects.common.LoginPage - Verify table data Name are visible
2023-10-24 13:13:36.451 [main] INFO  com.webMethodsUI.flow.pageObjects.common.LoginPage - Fetching webelement at runtime //th[contains(text(),'Project')]
2023-10-24 13:13:36.523 [main] INFO  com.webMethodsUI.flow.pageObjects.common.LoginPage - Verify table data Project are visible
2023-10-24 13:13:36.781 [main] INFO  com.webMethodsUI.flow.pageObjects.common.LoginPage - Fetching webelement at runtime //th[contains(text(),'Type')]
2023-10-24 13:13:36.844 [main] INFO  com.webMethodsUI.flow.pageObjects.common.LoginPage - Verify table data Type are visible
2023-10-24 13:13:37.080 [main] INFO  com.webMethodsUI.flow.pageObjects.common.LoginPage - Fetching webelement at runtime //th[contains(text(),'Month - Year')]
2023-10-24 13:13:37.129 [main] INFO  com.webMethodsUI.flow.pageObjects.common.LoginPage - Verify table data Month - Year are visible
2023-10-24 13:13:37.369 [main] INFO  com.webMethodsUI.flow.pageObjects.common.LoginPage - Fetching webelement at runtime //th[contains(text(),'Transactions')]
2023-10-24 13:13:37.423 [main] INFO  com.webMethodsUI.flow.pageObjects.common.LoginPage - Verify table data Transactions are visible
2023-10-24 13:13:37.673 [main] INFO  com.webMethodsUI.flow.pageObjects.common.LoginPage - Fetching webelement at runtime //th[contains(text(),'Executions')]
2023-10-24 13:13:37.752 [main] INFO  com.webMethodsUI.flow.pageObjects.common.LoginPage - Verify table data Executions are visible
2023-10-24 13:13:38.008 [main] INFO  com.webMethodsUI.flow.pageObjects.common.LoginPage - Fetching webelement at runtime //button[contains(text(),'1 week')]
2023-10-24 13:13:38.062 [main] INFO  com.webMethodsUI.flow.pageObjects.common.LoginPage - Clicking on Button.. [[ChromeDriver: chrome on WINDOWS (2256ab9d9708b1b88a62f06a083f09ee)] -> xpath: //button[contains(text(),'1 week')]]
2023-10-24 13:13:38.634 [main] INFO  com.webMethodsUI.flow.pageObjects.common.LoginPage - wait for page load
2023-10-24 13:13:38.924 [main] INFO  com.webMethodsUI.flow.pageObjects.common.LoginPage - Fetching webelement at runtime //td[contains(@class,'insights-table-cell')]
2023-10-24 13:13:38.988 [main] INFO  com.webMethodsUI.flow.pageObjects.common.LoginPage - Verify highlight table column is loading properly
2023-10-24 13:13:39.263 [main] INFO  com.webMethodsUI.flow.pageObjects.common.LoginPage - Fetching webelement at runtime //td[contains(@class,'insights-table-cell')][5]
2023-10-24 13:13:39.375 [main] INFO  com.webMethodsUI.flow.pageObjects.common.LoginPage - Transactioncount
2023-10-24 13:13:39.631 [main] INFO  com.webMethodsUI.flow.pageObjects.common.LoginPage - comparing the transaction count is greater then 1
2023-10-24 13:13:39.875 [main] INFO  com.webMethodsUI.flow.pageObjects.common.LoginPage - Fetching webelement at runtime //button[contains(text(),'2 week')]
2023-10-24 13:13:39.923 [main] INFO  com.webMethodsUI.flow.pageObjects.common.LoginPage - Clicking on Button.. [[ChromeDriver: chrome on WINDOWS (2256ab9d9708b1b88a62f06a083f09ee)] -> xpath: //button[contains(text(),'2 week')]]
2023-10-24 13:13:40.449 [main] INFO  com.webMethodsUI.flow.pageObjects.common.LoginPage - wait for page load
2023-10-24 13:13:40.708 [main] INFO  com.webMethodsUI.flow.pageObjects.common.LoginPage - Fetching webelement at runtime //td[contains(@class,'insights-table-cell')]
2023-10-24 13:13:40.777 [main] INFO  com.webMethodsUI.flow.pageObjects.common.LoginPage - Verify highlight table column is loading properly
2023-10-24 13:13:41.040 [main] INFO  com.webMethodsUI.flow.pageObjects.common.LoginPage - Fetching webelement at runtime //td[contains(@class,'insights-table-cell')][5]
2023-10-24 13:13:41.144 [main] INFO  com.webMethodsUI.flow.pageObjects.common.LoginPage - Transactioncount
2023-10-24 13:13:41.409 [main] INFO  com.webMethodsUI.flow.pageObjects.common.LoginPage - comparing the transaction count is greater then 1
2023-10-24 13:13:41.649 [main] INFO  com.webMethodsUI.flow.pageObjects.common.LoginPage - Fetching webelement at runtime //button[contains(text(),'3 week')]
2023-10-24 13:13:41.742 [main] INFO  com.webMethodsUI.flow.pageObjects.common.LoginPage - Clicking on Button.. [[ChromeDriver: chrome on WINDOWS (2256ab9d9708b1b88a62f06a083f09ee)] -> xpath: //button[contains(text(),'3 week')]]
2023-10-24 13:13:42.281 [main] INFO  com.webMethodsUI.flow.pageObjects.common.LoginPage - wait for page load
2023-10-24 13:13:42.590 [main] INFO  com.webMethodsUI.flow.pageObjects.common.LoginPage - Fetching webelement at runtime //td[contains(@class,'insights-table-cell')]
2023-10-24 13:13:42.730 [main] INFO  com.webMethodsUI.flow.pageObjects.common.LoginPage - Verify highlight table column is loading properly
2023-10-24 13:13:43.073 [main] INFO  com.webMethodsUI.flow.pageObjects.common.LoginPage - Fetching webelement at runtime //td[contains(@class,'insights-table-cell')][5]
2023-10-24 13:13:43.175 [main] INFO  com.webMethodsUI.flow.pageObjects.common.LoginPage - Transactioncount
2023-10-24 13:13:43.527 [main] INFO  com.webMethodsUI.flow.pageObjects.common.LoginPage - comparing the transaction count is greater then 1
2023-10-24 13:13:43.745 [main] INFO  com.webMethodsUI.flow.pageObjects.common.LoginPage - Fetching webelement at runtime //button[contains(text(),'4 week')]
2023-10-24 13:13:43.901 [main] INFO  com.webMethodsUI.flow.pageObjects.common.LoginPage - Clicking on Button.. [[ChromeDriver: chrome on WINDOWS (2256ab9d9708b1b88a62f06a083f09ee)] -> xpath: //button[contains(text(),'4 week')]]
2023-10-24 13:13:44.469 [main] INFO  com.webMethodsUI.flow.pageObjects.common.LoginPage - wait for page load
2023-10-24 13:13:44.778 [main] INFO  com.webMethodsUI.flow.pageObjects.common.LoginPage - Fetching webelement at runtime //td[contains(@class,'insights-table-cell')]
2023-10-24 13:13:44.869 [main] INFO  com.webMethodsUI.flow.pageObjects.common.LoginPage - Verify highlight table column is loading properly
2023-10-24 13:13:45.162 [main] INFO  com.webMethodsUI.flow.pageObjects.common.LoginPage - Fetching webelement at runtime //td[contains(@class,'insights-table-cell')][5]
2023-10-24 13:13:45.258 [main] INFO  com.webMethodsUI.flow.pageObjects.common.LoginPage - Transactioncount
2023-10-24 13:13:45.469 [main] INFO  com.webMethodsUI.flow.pageObjects.common.LoginPage - comparing the transaction count is greater then 1
2023-10-24 13:13:45.676 [main] INFO  com.webMethodsUI.flow.pageObjects.common.LoginPage - Fetching webelement at runtime //span[contains(@class, 'anticon anticon-sync')]
2023-10-24 13:13:45.730 [main] INFO  com.webMethodsUI.flow.pageObjects.common.LoginPage - Click refresh button
2023-10-24 13:13:46.470 [main] INFO  com.webMethodsUI.flow.pageObjects.common.LoginPage - Fetching webelement at runtime //a[contains(text(),'Reports')]
2023-10-24 13:13:46.541 [main] INFO  com.webMethodsUI.flow.pageObjects.common.LoginPage - Clicking on Tree Main Menu Reports
2023-10-24 13:13:47.005 [main] INFO  com.webMethodsUI.flow.pageObjects.common.LoginPage - wait for page load
2023-10-24 13:13:47.268 [main] INFO  com.webMethodsUI.flow.pageObjects.common.LoginPage - Fetching webelement at runtime //span[contains(text(),'The Insights aggregation data is generated based on GMT timezone only. Other timezones are not supported.')]
2023-10-24 13:13:47.344 [main] INFO  com.webMethodsUI.flow.pageObjects.common.LoginPage - Verify project menu is visible
2023-10-24 13:13:47.607 [main] INFO  com.webMethodsUI.flow.pageObjects.common.LoginPage - Fetching webelement at runtime //button[contains(@class,'dlt-filter__button')]
2023-10-24 13:13:47.667 [main] INFO  com.webMethodsUI.flow.pageObjects.common.LoginPage - clicking on filter Tab
2023-10-24 13:13:48.198 [main] INFO  com.webMethodsUI.flow.pageObjects.common.LoginPage - Fetching webelement at runtime //*[contains(text(),'Select project')]
2023-10-24 13:13:48.256 [main] INFO  com.webMethodsUI.flow.pageObjects.common.LoginPage - Clicking on Flowservice filter Select project
2023-10-24 13:13:48.801 [main] INFO  com.webMethodsUI.flow.pageObjects.common.LoginPage - Fetching webelement at runtime //*[contains(text(),'CLE_IC')]
2023-10-24 13:13:48.849 [main] INFO  com.webMethodsUI.flow.pageObjects.common.LoginPage - Clicking on Flowservice filter CLE_IC
2023-10-24 13:13:49.306 [main] INFO  com.webMethodsUI.flow.pageObjects.common.LoginPage - Fetching webelement at runtime //div[@class='dlt-filter-actions']//button[contains(text(),'Apply')]
2023-10-24 13:13:49.375 [main] INFO  com.webMethodsUI.flow.pageObjects.common.LoginPage - Clicking on Apply button..
2023-10-24 13:13:49.912 [main] INFO  com.webMethodsUI.flow.pageObjects.common.LoginPage - Fetching webelement at runtime //td[@title= 'CLE_IC'][1]
2023-10-24 13:13:50.379 [main] INFO  com.webMethodsUI.flow.pageObjects.common.LoginPage - Verify Project name is visible in highLight table
2023-10-24 13:13:50.648 [main] INFO  com.webMethodsUI.flow.pageObjects.common.LoginPage - Fetching webelement at runtime //button[contains(text(),'Reset')]
2023-10-24 13:13:50.708 [main] INFO  com.webMethodsUI.flow.pageObjects.common.LoginPage - Clicking on Reset button
2023-10-24 13:13:51.188 [main] INFO  com.webMethodsUI.flow.pageObjects.common.LoginPage - Fetching webelement at runtime //div[contains(text(),'Select service type')]
2023-10-24 13:13:51.254 [main] INFO  com.webMethodsUI.flow.pageObjects.common.LoginPage - Clicking on the filter tab
2023-10-24 13:13:51.781 [main] INFO  com.webMethodsUI.flow.pageObjects.common.LoginPage - Fetching webelement at runtime //*[contains(text(),'Workflows')]
2023-10-24 13:13:51.878 [main] INFO  com.webMethodsUI.flow.pageObjects.common.LoginPage - Clicking on Flowservice filter Workflows
2023-10-24 13:13:52.338 [main] INFO  com.webMethodsUI.flow.pageObjects.common.LoginPage - Fetching webelement at runtime //div[@class='dlt-filter-actions']//button[contains(text(),'Apply')]
2023-10-24 13:13:52.428 [main] INFO  com.webMethodsUI.flow.pageObjects.common.LoginPage - Clicking on Apply button..
2023-10-24 13:13:52.976 [main] INFO  com.webMethodsUI.flow.pageObjects.common.LoginPage - Fetching webelement at runtime //td[@title= 'Workflow'][1]
2023-10-24 13:13:53.208 [main] INFO  com.webMethodsUI.flow.pageObjects.common.LoginPage - Verify service type is not visible in page
2023-10-24 13:13:53.495 [main] INFO  com.webMethodsUI.flow.pageObjects.common.LoginPage - Fetching webelement at runtime //button[contains(text(),'Reset')]
2023-10-24 13:13:53.543 [main] INFO  com.webMethodsUI.flow.pageObjects.common.LoginPage - Clicking on Reset button
2023-10-24 13:13:54.045 [main] INFO  com.webMethodsUI.flow.pageObjects.common.LoginPage - Fetching webelement at runtime //div[contains(text(),'Select service type')]
2023-10-24 13:13:54.117 [main] INFO  com.webMethodsUI.flow.pageObjects.common.LoginPage - Clicking on the filter tab
2023-10-24 13:13:54.628 [main] INFO  com.webMethodsUI.flow.pageObjects.common.LoginPage - Fetching webelement at runtime //div[contains(@id,'react-select-4-option-1')]
2023-10-24 13:13:54.768 [main] INFO  com.webMethodsUI.flow.pageObjects.common.LoginPage - Clicking on the service tab
2023-10-24 13:13:55.481 [main] INFO  com.webMethodsUI.flow.pageObjects.common.LoginPage - Fetching webelement at runtime //*[contains(text(),'Select project')]
2023-10-24 13:13:55.675 [main] INFO  com.webMethodsUI.flow.pageObjects.common.LoginPage - Clicking on Flowservice filter Select project
2023-10-24 13:13:56.503 [main] INFO  com.webMethodsUI.flow.pageObjects.common.LoginPage - Fetching webelement at runtime //*[contains(text(),'CLE_IC')]
2023-10-24 13:13:56.673 [main] INFO  com.webMethodsUI.flow.pageObjects.common.LoginPage - Clicking on Flowservice filter CLE_IC
2023-10-24 13:13:57.437 [main] INFO  com.webMethodsUI.flow.pageObjects.common.LoginPage - Fetching webelement at runtime //span[contains(text(),'Select services')]
2023-10-24 13:13:57.513 [main] INFO  com.webMethodsUI.flow.pageObjects.common.LoginPage - Clicking on the service tab
2023-10-24 13:13:58.431 [main] INFO  com.webMethodsUI.flow.pageObjects.common.LoginPage - Fetching webelement at runtime //*[contains(text(),'Addint')]
2023-10-24 13:13:58.537 [main] INFO  com.webMethodsUI.flow.pageObjects.common.LoginPage - Clicking on Flowservice filter Addint
2023-10-24 13:13:59.408 [main] INFO  com.webMethodsUI.flow.pageObjects.common.LoginPage - Fetching webelement at runtime //div[@class='dlt-filter-actions']//button[contains(text(),'Apply')]
2023-10-24 13:13:59.506 [main] INFO  com.webMethodsUI.flow.pageObjects.common.LoginPage - Clicking on Apply button..
2023-10-24 13:14:00.053 [main] INFO  com.webMethodsUI.flow.pageObjects.common.LoginPage - Fetching webelement at runtime //td[@title= 'Flow service'][1]
2023-10-24 13:14:00.250 [main] INFO  com.webMethodsUI.flow.pageObjects.common.LoginPage - Verify service type is not visible in page
2023-10-24 13:14:00.495 [main] INFO  com.webMethodsUI.flow.pageObjects.common.LoginPage - Fetching webelement at runtime //button[contains(text(),'Reset')]
2023-10-24 13:14:00.554 [main] INFO  com.webMethodsUI.flow.pageObjects.common.LoginPage - Clicking on Reset button
2023-10-24 13:14:01.318 [main] INFO  com.webMethodsUI.flow.pageObjects.common.LoginPage - Fetching webelement at runtime //select[contains(@class,'dlt-select-input')]
2023-10-24 13:14:01.464 [main] INFO  com.webMethodsUI.flow.pageObjects.common.LoginPage - selecting the Item per page from drop down say30
2023-10-24 13:14:02.064 [main] INFO  com.webMethodsUI.flow.pageObjects.common.LoginPage - Fetching webelement at runtime //div[contains(text(),'1-30')]
2023-10-24 13:14:02.142 [main] INFO  com.webMethodsUI.flow.pageObjects.common.LoginPage - Verify next page for pagination is visible
2023-10-24 13:14:02.440 [main] INFO  com.webMethodsUI.flow.pageObjects.common.LoginPage - Fetching webelement at runtime //span[contains(@class, 'dlt-icon-chevron-circle-right pagination-icon false')]
2023-10-24 13:14:02.514 [main] INFO  com.webMethodsUI.flow.pageObjects.common.LoginPage - clicking on the next button for Pagination
2023-10-24 13:14:03.071 [main] INFO  com.webMethodsUI.flow.pageObjects.common.LoginPage - Fetching webelement at runtime //div[contains(text(),'31-60 of')]
2023-10-24 13:14:03.156 [main] INFO  com.webMethodsUI.flow.pageObjects.common.LoginPage - Verify next page for pagination is visible
2023-10-24 13:14:03.448 [main] INFO  com.webMethodsUI.flow.pageObjects.common.LoginPage - Fetching webelement at runtime //span[contains(@class, 'anticon anticon-sync')]
2023-10-24 13:14:03.504 [main] INFO  com.webMethodsUI.flow.pageObjects.common.LoginPage - Click refresh button
2023-10-24 13:14:04.438 [main] INFO  com.webMethodsUI.flow.pageObjects.common.LoginPage - Fetching webelement at runtime //button[contains(text(),'Download Reports')]
2023-10-24 13:14:04.513 [main] INFO  com.webMethodsUI.flow.pageObjects.common.LoginPage - Clicking on the service tab
2023-10-24 13:14:10.162 [main] INFO  com.webMethodsUI.flow.pageObjects.common.LoginPage - Downloaded File is not Present
2023-10-24 13:14:10.578 [main] INFO  com.webMethodsUI.flow.pageObjects.common.LoginPage - Fetching webelement at runtime //a[contains(text(),'Monitor')]
2023-10-24 13:14:10.663 [main] INFO  com.webMethodsUI.flow.pageObjects.common.LoginPage - Clicking on Menu...Monitor
2023-10-24 13:14:11.546 [main] INFO  com.webMethodsUI.flow.pageObjects.common.LoginPage - wait for page load
2023-10-24 13:14:14.082 [main] INFO  com.webMethodsUI.flow.pageObjects.common.LoginPage - Fetching webelement at runtime //a[contains(text(),'Top Consumers')]
2023-10-24 13:14:14.146 [main] INFO  com.webMethodsUI.flow.pageObjects.common.LoginPage - Clicking on Tree Main Menu Top Consumers
2023-10-24 13:14:14.762 [main] INFO  com.webMethodsUI.flow.pageObjects.common.LoginPage - wait for page load
2023-10-24 13:14:15.073 [main] INFO  com.webMethodsUI.flow.pageObjects.common.LoginPage - Fetching webelement at runtime //button[contains(text(),'Projects')]
2023-10-24 13:14:15.143 [main] INFO  com.webMethodsUI.flow.pageObjects.common.LoginPage - Clicking on Button.. [[ChromeDriver: chrome on WINDOWS (2256ab9d9708b1b88a62f06a083f09ee)] -> xpath: //button[contains(text(),'Projects')]]
2023-10-24 13:14:15.663 [main] INFO  com.webMethodsUI.flow.pageObjects.common.LoginPage - wait for page load
2023-10-24 13:14:15.973 [main] INFO  com.webMethodsUI.flow.pageObjects.common.LoginPage - Fetching webelement at runtime //h4[contains(text(), 'Top Projects')]
2023-10-24 13:14:16.046 [main] INFO  com.webMethodsUI.flow.pageObjects.common.LoginPage - heading is present for Top Projects
2023-10-24 13:14:16.360 [main] INFO  com.webMethodsUI.flow.pageObjects.common.LoginPage - Fetching webelement at runtime //canvas[@class='chartjs-render-monitor']
2023-10-24 13:14:16.422 [main] INFO  com.webMethodsUI.flow.pageObjects.common.LoginPage - graph is loading properly
2023-10-24 13:14:16.675 [main] INFO  com.webMethodsUI.flow.pageObjects.common.LoginPage - Fetching webelement at runtime //button[contains(text(),'2 week')]
2023-10-24 13:14:16.737 [main] INFO  com.webMethodsUI.flow.pageObjects.common.LoginPage - Clicking on Button.. [[ChromeDriver: chrome on WINDOWS (2256ab9d9708b1b88a62f06a083f09ee)] -> xpath: //button[contains(text(),'2 week')]]
2023-10-24 13:14:17.299 [main] INFO  com.webMethodsUI.flow.pageObjects.common.LoginPage - wait for page load
2023-10-24 13:14:17.562 [main] INFO  com.webMethodsUI.flow.pageObjects.common.LoginPage - Fetching webelement at runtime //canvas[@class='chartjs-render-monitor']
2023-10-24 13:14:18.024 [main] INFO  com.webMethodsUI.flow.pageObjects.common.LoginPage - graph is loading properly
2023-10-24 13:14:18.358 [main] INFO  com.webMethodsUI.flow.pageObjects.common.LoginPage - Fetching webelement at runtime //button[contains(text(),'3 week')]
2023-10-24 13:14:18.511 [main] INFO  com.webMethodsUI.flow.pageObjects.common.LoginPage - Clicking on Button.. [[ChromeDriver: chrome on WINDOWS (2256ab9d9708b1b88a62f06a083f09ee)] -> xpath: //button[contains(text(),'3 week')]]
2023-10-24 13:14:19.106 [main] INFO  com.webMethodsUI.flow.pageObjects.common.LoginPage - wait for page load
2023-10-24 13:14:19.357 [main] INFO  com.webMethodsUI.flow.pageObjects.common.LoginPage - Fetching webelement at runtime //canvas[@class='chartjs-render-monitor']
2023-10-24 13:14:19.765 [main] INFO  com.webMethodsUI.flow.pageObjects.common.LoginPage - graph is loading properly
2023-10-24 13:14:20.049 [main] INFO  com.webMethodsUI.flow.pageObjects.common.LoginPage - Fetching webelement at runtime //button[contains(text(),'4 week')]
2023-10-24 13:14:20.152 [main] INFO  com.webMethodsUI.flow.pageObjects.common.LoginPage - Clicking on Button.. [[ChromeDriver: chrome on WINDOWS (2256ab9d9708b1b88a62f06a083f09ee)] -> xpath: //button[contains(text(),'4 week')]]
2023-10-24 13:14:20.712 [main] INFO  com.webMethodsUI.flow.pageObjects.common.LoginPage - wait for page load
2023-10-24 13:14:20.986 [main] INFO  com.webMethodsUI.flow.pageObjects.common.LoginPage - Fetching webelement at runtime //canvas[@class='chartjs-render-monitor']
2023-10-24 13:14:21.373 [main] INFO  com.webMethodsUI.flow.pageObjects.common.LoginPage - graph is loading properly
2023-10-24 13:14:21.715 [main] INFO  com.webMethodsUI.flow.pageObjects.common.LoginPage - Fetching webelement at runtime //span[contains(@class, 'anticon anticon-sync')]
2023-10-24 13:14:21.845 [main] INFO  com.webMethodsUI.flow.pageObjects.common.LoginPage - Click refresh button
2023-10-24 13:14:22.780 [main] INFO  com.webMethodsUI.flow.pageObjects.common.LoginPage - Fetching webelement at runtime //a[contains(text(),'Monitor')]
2023-10-24 13:14:22.852 [main] INFO  com.webMethodsUI.flow.pageObjects.common.LoginPage - Clicking on Menu...Monitor
2023-10-24 13:14:23.333 [main] INFO  com.webMethodsUI.flow.pageObjects.common.LoginPage - wait for page load
2023-10-24 13:14:24.301 [main] INFO  com.webMethodsUI.flow.pageObjects.common.LoginPage - Fetching webelement at runtime //a[contains(text(),'Top Consumers')]
2023-10-24 13:14:24.386 [main] INFO  com.webMethodsUI.flow.pageObjects.common.LoginPage - Clicking on Tree Main Menu Top Consumers
2023-10-24 13:14:24.952 [main] INFO  com.webMethodsUI.flow.pageObjects.common.LoginPage - wait for page load
2023-10-24 13:14:25.258 [main] INFO  com.webMethodsUI.flow.pageObjects.common.LoginPage - Fetching webelement at runtime //button[contains(text(),'Workflows')]
2023-10-24 13:14:25.328 [main] INFO  com.webMethodsUI.flow.pageObjects.common.LoginPage - Clicking on Button.. [[ChromeDriver: chrome on WINDOWS (2256ab9d9708b1b88a62f06a083f09ee)] -> xpath: //button[contains(text(),'Workflows')]]
2023-10-24 13:14:25.888 [main] INFO  com.webMethodsUI.flow.pageObjects.common.LoginPage - wait for page load
2023-10-24 13:14:26.226 [main] INFO  com.webMethodsUI.flow.pageObjects.common.LoginPage - Fetching webelement at runtime //h4[contains(text(), 'Top Workflows')]
2023-10-24 13:14:26.391 [main] INFO  com.webMethodsUI.flow.pageObjects.common.LoginPage - heading is present for Top Workflows
2023-10-24 13:14:26.806 [main] INFO  com.webMethodsUI.flow.pageObjects.common.LoginPage - Fetching webelement at runtime //canvas[@class='chartjs-render-monitor']
2023-10-24 13:14:26.903 [main] INFO  com.webMethodsUI.flow.pageObjects.common.LoginPage - graph is loading properly
2023-10-24 13:14:27.236 [main] INFO  com.webMethodsUI.flow.pageObjects.common.LoginPage - Fetching webelement at runtime //button[contains(text(),'2 week')]
2023-10-24 13:14:27.365 [main] INFO  com.webMethodsUI.flow.pageObjects.common.LoginPage - Clicking on Button.. [[ChromeDriver: chrome on WINDOWS (2256ab9d9708b1b88a62f06a083f09ee)] -> xpath: //button[contains(text(),'2 week')]]
2023-10-24 13:14:27.871 [main] INFO  com.webMethodsUI.flow.pageObjects.common.LoginPage - wait for page load
2023-10-24 13:14:28.358 [main] INFO  com.webMethodsUI.flow.pageObjects.common.LoginPage - Fetching webelement at runtime //canvas[@class='chartjs-render-monitor']
2023-10-24 13:14:28.601 [main] INFO  com.webMethodsUI.flow.pageObjects.common.LoginPage - graph is loading properly
2023-10-24 13:14:29.149 [main] INFO  com.webMethodsUI.flow.pageObjects.common.LoginPage - Fetching webelement at runtime //button[contains(text(),'3 week')]
2023-10-24 13:14:29.344 [main] INFO  com.webMethodsUI.flow.pageObjects.common.LoginPage - Clicking on Button.. [[ChromeDriver: chrome on WINDOWS (2256ab9d9708b1b88a62f06a083f09ee)] -> xpath: //button[contains(text(),'3 week')]]
2023-10-24 13:14:29.904 [main] INFO  com.webMethodsUI.flow.pageObjects.common.LoginPage - wait for page load
2023-10-24 13:14:30.188 [main] INFO  com.webMethodsUI.flow.pageObjects.common.LoginPage - Fetching webelement at runtime //canvas[@class='chartjs-render-monitor']
2023-10-24 13:14:30.354 [main] INFO  com.webMethodsUI.flow.pageObjects.common.LoginPage - graph is loading properly
2023-10-24 13:14:30.690 [main] INFO  com.webMethodsUI.flow.pageObjects.common.LoginPage - Fetching webelement at runtime //button[contains(text(),'4 week')]
2023-10-24 13:14:30.789 [main] INFO  com.webMethodsUI.flow.pageObjects.common.LoginPage - Clicking on Button.. [[ChromeDriver: chrome on WINDOWS (2256ab9d9708b1b88a62f06a083f09ee)] -> xpath: //button[contains(text(),'4 week')]]
2023-10-24 13:14:31.532 [main] INFO  com.webMethodsUI.flow.pageObjects.common.LoginPage - wait for page load
2023-10-24 13:14:31.929 [main] INFO  com.webMethodsUI.flow.pageObjects.common.LoginPage - Fetching webelement at runtime //canvas[@class='chartjs-render-monitor']
2023-10-24 13:14:32.298 [main] INFO  com.webMethodsUI.flow.pageObjects.common.LoginPage - graph is loading properly
2023-10-24 13:14:32.735 [main] INFO  com.webMethodsUI.flow.pageObjects.common.LoginPage - Fetching webelement at runtime //span[contains(@class, 'anticon anticon-sync')]
2023-10-24 13:14:32.973 [main] INFO  com.webMethodsUI.flow.pageObjects.common.LoginPage - Click refresh button
2023-10-24 13:14:33.865 [main] INFO  com.webMethodsUI.flow.pageObjects.common.LoginPage - Fetching webelement at runtime //a[contains(text(),'Top Consumers')]
2023-10-24 13:14:34.067 [main] INFO  com.webMethodsUI.flow.pageObjects.common.LoginPage - Clicking on Tree Main Menu Top Consumers
2023-10-24 13:14:35.222 [main] INFO  com.webMethodsUI.flow.pageObjects.common.LoginPage - wait for page load
2023-10-24 13:14:35.551 [main] INFO  com.webMethodsUI.flow.pageObjects.common.LoginPage - Fetching webelement at runtime //button[contains(text(),'Flow services')]
2023-10-24 13:14:35.661 [main] INFO  com.webMethodsUI.flow.pageObjects.common.LoginPage - Clicking on Button.. [[ChromeDriver: chrome on WINDOWS (2256ab9d9708b1b88a62f06a083f09ee)] -> xpath: //button[contains(text(),'Flow services')]]
2023-10-24 13:14:36.295 [main] INFO  com.webMethodsUI.flow.pageObjects.common.LoginPage - wait for page load
2023-10-24 13:14:36.614 [main] INFO  com.webMethodsUI.flow.pageObjects.common.LoginPage - Fetching webelement at runtime //h4[contains(text(), 'Top Flow services')]
2023-10-24 13:14:36.764 [main] INFO  com.webMethodsUI.flow.pageObjects.common.LoginPage - heading is present for Top Flow services
2023-10-24 13:14:37.388 [main] INFO  com.webMethodsUI.flow.pageObjects.common.LoginPage - Fetching webelement at runtime //canvas[@class='chartjs-render-monitor']
2023-10-24 13:14:37.594 [main] INFO  com.webMethodsUI.flow.pageObjects.common.LoginPage - graph is loading properly
2023-10-24 13:14:37.858 [main] INFO  com.webMethodsUI.flow.pageObjects.common.LoginPage - Fetching webelement at runtime //button[contains(text(),'2 week')]
2023-10-24 13:14:37.929 [main] INFO  com.webMethodsUI.flow.pageObjects.common.LoginPage - Clicking on Button.. [[ChromeDriver: chrome on WINDOWS (2256ab9d9708b1b88a62f06a083f09ee)] -> xpath: //button[contains(text(),'2 week')]]
2023-10-24 13:14:38.477 [main] INFO  com.webMethodsUI.flow.pageObjects.common.LoginPage - wait for page load
2023-10-24 13:14:38.792 [main] INFO  com.webMethodsUI.flow.pageObjects.common.LoginPage - Fetching webelement at runtime //canvas[@class='chartjs-render-monitor']
2023-10-24 13:14:38.877 [main] INFO  com.webMethodsUI.flow.pageObjects.common.LoginPage - graph is loading properly
2023-10-24 13:14:39.208 [main] INFO  com.webMethodsUI.flow.pageObjects.common.LoginPage - Fetching webelement at runtime //button[contains(text(),'3 week')]
2023-10-24 13:14:39.340 [main] INFO  com.webMethodsUI.flow.pageObjects.common.LoginPage - Clicking on Button.. [[ChromeDriver: chrome on WINDOWS (2256ab9d9708b1b88a62f06a083f09ee)] -> xpath: //button[contains(text(),'3 week')]]
2023-10-24 13:14:39.902 [main] INFO  com.webMethodsUI.flow.pageObjects.common.LoginPage - wait for page load
2023-10-24 13:14:40.171 [main] INFO  com.webMethodsUI.flow.pageObjects.common.LoginPage - Fetching webelement at runtime //canvas[@class='chartjs-render-monitor']
2023-10-24 13:14:40.260 [main] INFO  com.webMethodsUI.flow.pageObjects.common.LoginPage - graph is loading properly
2023-10-24 13:14:40.575 [main] INFO  com.webMethodsUI.flow.pageObjects.common.LoginPage - Fetching webelement at runtime //button[contains(text(),'4 week')]
2023-10-24 13:14:40.629 [main] INFO  com.webMethodsUI.flow.pageObjects.common.LoginPage - Clicking on Button.. [[ChromeDriver: chrome on WINDOWS (2256ab9d9708b1b88a62f06a083f09ee)] -> xpath: //button[contains(text(),'4 week')]]
2023-10-24 13:14:41.173 [main] INFO  com.webMethodsUI.flow.pageObjects.common.LoginPage - wait for page load
2023-10-24 13:14:41.444 [main] INFO  com.webMethodsUI.flow.pageObjects.common.LoginPage - Fetching webelement at runtime //canvas[@class='chartjs-render-monitor']
2023-10-24 13:14:41.521 [main] INFO  com.webMethodsUI.flow.pageObjects.common.LoginPage - graph is loading properly
2023-10-24 13:14:41.871 [main] INFO  com.webMethodsUI.flow.pageObjects.common.LoginPage - Fetching webelement at runtime //span[contains(@class, 'anticon anticon-sync')]
2023-10-24 13:14:41.936 [main] INFO  com.webMethodsUI.flow.pageObjects.common.LoginPage - Click refresh button
2023-10-24 13:27:44.625 [main] INFO  com.webMethodsUI.flow.testbase.TestBase - ChromeDriver: chrome on WINDOWS (362609e4042f7446c817f5ae605363b8)
2023-10-24 13:27:44.631 [main] INFO  com.webMethodsUI.flow.testbase.TestBase - Initilize Web Driver: 1671084561
2023-10-24 13:27:44.813 [main] INFO  com.webMethodsUI.flow.testbase.TestBase - Navigating to URLhttps://devrealm2.dev-int-aws-us.webmethods.io
2023-10-24 13:27:46.608 [main] INFO  com.webMethodsUI.flow.pageObjects.common.LoginPage - Verify username text field is visible
2023-10-24 13:27:56.258 [main] INFO  com.webMethodsUI.flow.pageObjects.common.LoginPage - Entering user Name: wmioicqa
2023-10-24 13:27:56.672 [main] INFO  com.webMethodsUI.flow.pageObjects.common.LoginPage - Entering user Name: [[ChromeDriver: chrome on WINDOWS (362609e4042f7446c817f5ae605363b8)] -> xpath: //*[@id='password']]
2023-10-24 13:27:59.128 [main] INFO  com.webMethodsUI.flow.pageObjects.common.LoginPage - Click on Login Button
2023-10-24 13:28:04.660 [main] INFO  com.webMethodsUI.flow.pageObjects.common.LoginPage - wait for page load
2023-10-24 13:28:04.932 [main] INFO  com.webMethodsUI.flow.pageObjects.common.LoginPage - Verify Home page greet message is visible
2023-10-24 13:28:10.966 [main] INFO  com.webMethodsUI.flow.pageObjects.common.LoginPage - Verify create project plus button is visible
2023-10-24 13:28:12.982 [main] INFO  com.webMethodsUI.flow.pageObjects.common.LoginPage - Fetching webelement at runtime //a[contains(text(),'Monitor')]
2023-10-24 13:28:13.053 [main] INFO  com.webMethodsUI.flow.pageObjects.common.LoginPage - Clicking on Menu...Monitor
2023-10-24 13:28:13.661 [main] INFO  com.webMethodsUI.flow.pageObjects.common.LoginPage - wait for page load
2023-10-24 13:28:14.921 [main] INFO  com.webMethodsUI.flow.pageObjects.common.LoginPage - Fetching webelement at runtime //span[contains(text(),'Insights')]
2023-10-24 13:28:14.982 [main] INFO  com.webMethodsUI.flow.pageObjects.common.LoginPage - Clicking on Tree Main Menu Insights
2023-10-24 13:28:15.590 [main] INFO  com.webMethodsUI.flow.pageObjects.common.LoginPage - wait for page load
2023-10-24 13:28:15.864 [main] INFO  com.webMethodsUI.flow.pageObjects.common.LoginPage - Fetching webelement at runtime //a[contains(text(),'Highlights')]
2023-10-24 13:28:15.943 [main] INFO  com.webMethodsUI.flow.pageObjects.common.LoginPage - Clicking on Tree Main Menu Highlights
2023-10-24 13:28:16.512 [main] INFO  com.webMethodsUI.flow.pageObjects.common.LoginPage - wait for page load
2023-10-24 13:28:16.799 [main] INFO  com.webMethodsUI.flow.pageObjects.common.LoginPage - Fetching webelement at runtime //span[contains(text(),'Insights for:')]
2023-10-24 13:28:16.858 [main] INFO  com.webMethodsUI.flow.pageObjects.common.LoginPage - Verify project menu is visible
2023-10-24 13:28:17.137 [main] INFO  com.webMethodsUI.flow.pageObjects.common.LoginPage - Fetching webelement at runtime //th[contains(text(),'Name')]
2023-10-24 13:28:17.199 [main] INFO  com.webMethodsUI.flow.pageObjects.common.LoginPage - Verify table data Name are visible
2023-10-24 13:28:17.490 [main] INFO  com.webMethodsUI.flow.pageObjects.common.LoginPage - Fetching webelement at runtime //th[contains(text(),'Project')]
2023-10-24 13:28:17.555 [main] INFO  com.webMethodsUI.flow.pageObjects.common.LoginPage - Verify table data Project are visible
2023-10-24 13:28:17.838 [main] INFO  com.webMethodsUI.flow.pageObjects.common.LoginPage - Fetching webelement at runtime //th[contains(text(),'Type')]
2023-10-24 13:28:17.904 [main] INFO  com.webMethodsUI.flow.pageObjects.common.LoginPage - Verify table data Type are visible
2023-10-24 13:28:18.211 [main] INFO  com.webMethodsUI.flow.pageObjects.common.LoginPage - Fetching webelement at runtime //th[contains(text(),'Transactions')]
2023-10-24 13:28:18.274 [main] INFO  com.webMethodsUI.flow.pageObjects.common.LoginPage - Verify table data Transactions are visible
2023-10-24 13:28:18.597 [main] INFO  com.webMethodsUI.flow.pageObjects.common.LoginPage - Fetching webelement at runtime //th[contains(text(),'Executions')]
2023-10-24 13:28:18.690 [main] INFO  com.webMethodsUI.flow.pageObjects.common.LoginPage - Verify table data Executions are visible
2023-10-24 13:28:18.995 [main] INFO  com.webMethodsUI.flow.pageObjects.common.LoginPage - Fetching webelement at runtime //button[contains(text(),'1 week')]
2023-10-24 13:28:19.054 [main] INFO  com.webMethodsUI.flow.pageObjects.common.LoginPage - Clicking on Button.. [[ChromeDriver: chrome on WINDOWS (362609e4042f7446c817f5ae605363b8)] -> xpath: //button[contains(text(),'1 week')]]
2023-10-24 13:28:19.582 [main] INFO  com.webMethodsUI.flow.pageObjects.common.LoginPage - wait for page load
2023-10-24 13:28:19.865 [main] INFO  com.webMethodsUI.flow.pageObjects.common.LoginPage - Fetching webelement at runtime //td[contains(@class,'insights-table-cell')]
2023-10-24 13:28:20.521 [main] INFO  com.webMethodsUI.flow.pageObjects.common.LoginPage - Verify highlight table column is loading properly
2023-10-24 13:28:20.777 [main] INFO  com.webMethodsUI.flow.pageObjects.common.LoginPage - Fetching webelement at runtime //td[contains(@class,'insights-table-cell')][4]
2023-10-24 13:28:20.876 [main] INFO  com.webMethodsUI.flow.pageObjects.common.LoginPage - Transactioncount
2023-10-24 13:28:21.127 [main] INFO  com.webMethodsUI.flow.pageObjects.common.LoginPage - comparing the transaction count is greater then 1
2023-10-24 13:28:21.356 [main] INFO  com.webMethodsUI.flow.pageObjects.common.LoginPage - Fetching webelement at runtime //button[contains(text(),'2 week')]
2023-10-24 13:28:21.411 [main] INFO  com.webMethodsUI.flow.pageObjects.common.LoginPage - Clicking on Button.. [[ChromeDriver: chrome on WINDOWS (362609e4042f7446c817f5ae605363b8)] -> xpath: //button[contains(text(),'2 week')]]
2023-10-24 13:28:21.923 [main] INFO  com.webMethodsUI.flow.pageObjects.common.LoginPage - wait for page load
2023-10-24 13:28:22.174 [main] INFO  com.webMethodsUI.flow.pageObjects.common.LoginPage - Fetching webelement at runtime //td[contains(@class,'insights-table-cell')]
2023-10-24 13:28:22.232 [main] INFO  com.webMethodsUI.flow.pageObjects.common.LoginPage - Verify highlight table column is loading properly
2023-10-24 13:28:22.538 [main] INFO  com.webMethodsUI.flow.pageObjects.common.LoginPage - Fetching webelement at runtime //td[contains(@class,'insights-table-cell')][4]
2023-10-24 13:28:22.651 [main] INFO  com.webMethodsUI.flow.pageObjects.common.LoginPage - Transactioncount
2023-10-24 13:28:22.986 [main] INFO  com.webMethodsUI.flow.pageObjects.common.LoginPage - comparing the transaction count is greater then 1
2023-10-24 13:28:23.293 [main] INFO  com.webMethodsUI.flow.pageObjects.common.LoginPage - Fetching webelement at runtime //button[contains(text(),'3 week')]
2023-10-24 13:28:23.376 [main] INFO  com.webMethodsUI.flow.pageObjects.common.LoginPage - Clicking on Button.. [[ChromeDriver: chrome on WINDOWS (362609e4042f7446c817f5ae605363b8)] -> xpath: //button[contains(text(),'3 week')]]
2023-10-24 13:28:24.041 [main] INFO  com.webMethodsUI.flow.pageObjects.common.LoginPage - wait for page load
2023-10-24 13:28:24.347 [main] INFO  com.webMethodsUI.flow.pageObjects.common.LoginPage - Fetching webelement at runtime //td[contains(@class,'insights-table-cell')]
2023-10-24 13:28:24.491 [main] INFO  com.webMethodsUI.flow.pageObjects.common.LoginPage - Verify highlight table column is loading properly
2023-10-24 13:28:24.789 [main] INFO  com.webMethodsUI.flow.pageObjects.common.LoginPage - Fetching webelement at runtime //td[contains(@class,'insights-table-cell')][4]
2023-10-24 13:28:24.889 [main] INFO  com.webMethodsUI.flow.pageObjects.common.LoginPage - Transactioncount
2023-10-24 13:28:25.133 [main] INFO  com.webMethodsUI.flow.pageObjects.common.LoginPage - comparing the transaction count is greater then 1
2023-10-24 13:28:25.373 [main] INFO  com.webMethodsUI.flow.pageObjects.common.LoginPage - Fetching webelement at runtime //button[contains(text(),'4 week')]
2023-10-24 13:28:25.419 [main] INFO  com.webMethodsUI.flow.pageObjects.common.LoginPage - Clicking on Button.. [[ChromeDriver: chrome on WINDOWS (362609e4042f7446c817f5ae605363b8)] -> xpath: //button[contains(text(),'4 week')]]
2023-10-24 13:28:25.922 [main] INFO  com.webMethodsUI.flow.pageObjects.common.LoginPage - wait for page load
2023-10-24 13:28:26.194 [main] INFO  com.webMethodsUI.flow.pageObjects.common.LoginPage - Fetching webelement at runtime //td[contains(@class,'insights-table-cell')]
2023-10-24 13:28:26.450 [main] INFO  com.webMethodsUI.flow.pageObjects.common.LoginPage - Verify highlight table column is loading properly
2023-10-24 13:28:26.718 [main] INFO  com.webMethodsUI.flow.pageObjects.common.LoginPage - Fetching webelement at runtime //td[contains(@class,'insights-table-cell')][4]
2023-10-24 13:28:26.817 [main] INFO  com.webMethodsUI.flow.pageObjects.common.LoginPage - Transactioncount
2023-10-24 13:28:27.090 [main] INFO  com.webMethodsUI.flow.pageObjects.common.LoginPage - comparing the transaction count is greater then 1
2023-10-24 13:28:27.374 [main] INFO  com.webMethodsUI.flow.pageObjects.common.LoginPage - Fetching webelement at runtime //span[contains(@class, 'anticon anticon-sync')]
2023-10-24 13:28:27.454 [main] INFO  com.webMethodsUI.flow.pageObjects.common.LoginPage - Click refresh button
2023-10-24 13:28:28.167 [main] INFO  com.webMethodsUI.flow.pageObjects.common.LoginPage - Fetching webelement at runtime //a[contains(text(),'Highlights')]
2023-10-24 13:28:28.245 [main] INFO  com.webMethodsUI.flow.pageObjects.common.LoginPage - Clicking on Tree Main Menu Highlights
2023-10-24 13:28:29.090 [main] INFO  com.webMethodsUI.flow.pageObjects.common.LoginPage - wait for page load
2023-10-24 13:28:29.515 [main] INFO  com.webMethodsUI.flow.pageObjects.common.LoginPage - Fetching webelement at runtime //span[contains(text(),'Insights for:')]
2023-10-24 13:28:29.575 [main] INFO  com.webMethodsUI.flow.pageObjects.common.LoginPage - Verify project menu is visible
2023-10-24 13:28:29.926 [main] INFO  com.webMethodsUI.flow.pageObjects.common.LoginPage - Fetching webelement at runtime //button[contains(@class,'dlt-filter__button')]
2023-10-24 13:28:30.124 [main] INFO  com.webMethodsUI.flow.pageObjects.common.LoginPage - clicking on filter Tab
2023-10-24 13:28:30.855 [main] INFO  com.webMethodsUI.flow.pageObjects.common.LoginPage - Fetching webelement at runtime //*[contains(text(),'Select project')]
2023-10-24 13:28:30.937 [main] INFO  com.webMethodsUI.flow.pageObjects.common.LoginPage - Clicking on Flowservice filter Select project
2023-10-24 13:28:31.489 [main] INFO  com.webMethodsUI.flow.pageObjects.common.LoginPage - Fetching webelement at runtime //*[contains(text(),'CLE_IC')]
2023-10-24 13:28:31.537 [main] INFO  com.webMethodsUI.flow.pageObjects.common.LoginPage - Clicking on Flowservice filter CLE_IC
2023-10-24 13:28:32.101 [main] INFO  com.webMethodsUI.flow.pageObjects.common.LoginPage - Fetching webelement at runtime //div[@class='dlt-filter-actions']//button[contains(text(),'Apply')]
2023-10-24 13:28:32.152 [main] INFO  com.webMethodsUI.flow.pageObjects.common.LoginPage - Clicking on Apply button..
2023-10-24 13:28:32.840 [main] INFO  com.webMethodsUI.flow.pageObjects.common.LoginPage - Fetching webelement at runtime //td[@title= 'CLE_IC'][1]
2023-10-24 13:28:32.976 [main] INFO  com.webMethodsUI.flow.pageObjects.common.LoginPage - Verify Project name is visible in highLight table
2023-10-24 13:28:33.238 [main] INFO  com.webMethodsUI.flow.pageObjects.common.LoginPage - Fetching webelement at runtime //button[contains(text(),'Reset')]
2023-10-24 13:28:33.299 [main] INFO  com.webMethodsUI.flow.pageObjects.common.LoginPage - Clicking on Reset button
2023-10-24 13:28:33.862 [main] INFO  com.webMethodsUI.flow.pageObjects.common.LoginPage - Fetching webelement at runtime //input[@value='1']
2023-10-24 13:28:33.942 [main] INFO  com.webMethodsUI.flow.pageObjects.common.LoginPage - lower transaction count is showing properly
2023-10-24 13:28:34.337 [main] INFO  com.webMethodsUI.flow.pageObjects.common.LoginPage - Fetching webelement at runtime //button[contains(@class,'number-step-down')]
2023-10-24 13:28:34.386 [main] INFO  com.webMethodsUI.flow.pageObjects.common.LoginPage - transaction button is disabled
2023-10-24 13:28:34.463 [main] INFO  com.webMethodsUI.flow.pageObjects.common.LoginPage - Fetching webelement at runtime //div[contains(text(),'Transaction count')]
2023-10-24 13:28:34.513 [main] INFO  com.webMethodsUI.flow.pageObjects.common.LoginPage - Clicking on the Type filter
2023-10-24 13:28:35.074 [main] INFO  com.webMethodsUI.flow.pageObjects.common.LoginPage - Fetching webelement at runtime //*[contains(text(),'Execution count')]
2023-10-24 13:28:35.191 [main] INFO  com.webMethodsUI.flow.pageObjects.common.LoginPage - Clicking on Flowservice filter Execution count
2023-10-24 13:28:35.714 [main] INFO  com.webMethodsUI.flow.pageObjects.common.LoginPage - Fetching webelement at runtime //input[@placeholder='1 - 100']
2023-10-24 13:28:35.850 [main] INFO  com.webMethodsUI.flow.pageObjects.common.LoginPage - setting value for Count with...... 00
2023-10-24 13:28:36.195 [main] INFO  com.webMethodsUI.flow.pageObjects.common.LoginPage - Fetching webelement at runtime //div[@class='dlt-filter-actions']//button[contains(text(),'Apply')]
2023-10-24 13:28:36.244 [main] INFO  com.webMethodsUI.flow.pageObjects.common.LoginPage - Clicking on Apply button..
2023-10-24 13:28:36.752 [main] INFO  com.webMethodsUI.flow.pageObjects.common.LoginPage - Fetching webelement at runtime //label[contains(text(),'Execution count - lower limit')]
2023-10-24 13:28:36.818 [main] INFO  com.webMethodsUI.flow.pageObjects.common.LoginPage - Verify type level is visible in highLight table
2023-10-24 13:28:37.098 [main] INFO  com.webMethodsUI.flow.pageObjects.common.LoginPage - Fetching webelement at runtime //button[contains(@class,'number-step-up')]
2023-10-24 13:28:37.162 [main] INFO  com.webMethodsUI.flow.pageObjects.common.LoginPage - transaction button is disabled
2023-10-24 13:28:37.204 [main] INFO  com.webMethodsUI.flow.pageObjects.common.LoginPage - Fetching webelement at runtime //button[contains(text(),'2 week')]
2023-10-24 13:28:37.257 [main] INFO  com.webMethodsUI.flow.pageObjects.common.LoginPage - Clicking on Button.. [[ChromeDriver: chrome on WINDOWS (362609e4042f7446c817f5ae605363b8)] -> xpath: //button[contains(text(),'2 week')]]
2023-10-24 13:28:37.773 [main] INFO  com.webMethodsUI.flow.pageObjects.common.LoginPage - wait for page load
2023-10-24 13:28:38.064 [main] INFO  com.webMethodsUI.flow.pageObjects.common.LoginPage - Fetching webelement at runtime //span[contains(@class, 'dlt-icon-chevron-circle-right pagination-icon false')]
2023-10-24 13:28:38.125 [main] INFO  com.webMethodsUI.flow.pageObjects.common.LoginPage - clicking on the next button for Pagination
2023-10-24 13:28:38.700 [main] INFO  com.webMethodsUI.flow.pageObjects.common.LoginPage - Fetching webelement at runtime //div[contains(text(),'11-')]
2023-10-24 13:28:38.892 [main] INFO  com.webMethodsUI.flow.pageObjects.common.LoginPage - Verify next page for pagination is visible
2023-10-24 13:28:39.153 [main] INFO  com.webMethodsUI.flow.pageObjects.common.LoginPage - Fetching webelement at runtime //td[contains(@class,'insights-table-cell')][5]
2023-10-24 13:28:39.257 [main] INFO  com.webMethodsUI.flow.pageObjects.common.LoginPage - Executioncount
2023-10-24 13:28:39.502 [main] INFO  com.webMethodsUI.flow.pageObjects.common.LoginPage - comparing the execution count is greater then 100
2023-10-24 13:28:39.735 [main] INFO  com.webMethodsUI.flow.pageObjects.common.LoginPage - Fetching webelement at runtime //button[contains(text(),'Reset')]
2023-10-24 13:28:39.789 [main] INFO  com.webMethodsUI.flow.pageObjects.common.LoginPage - Clicking on Reset button
2023-10-24 13:28:40.316 [main] INFO  com.webMethodsUI.flow.pageObjects.common.LoginPage - Fetching webelement at runtime //button[contains(@class,'number-step-down')]
2023-10-24 13:28:40.409 [main] INFO  com.webMethodsUI.flow.pageObjects.common.LoginPage - transaction button is disabled
2023-10-24 13:28:40.697 [main] INFO  com.webMethodsUI.flow.pageObjects.common.LoginPage - Fetching webelement at runtime //a[contains(text(),'Highlights')]
2023-10-24 13:28:40.753 [main] INFO  com.webMethodsUI.flow.pageObjects.common.LoginPage - Clicking on Tree Main Menu Highlights
2023-10-24 13:28:41.249 [main] INFO  com.webMethodsUI.flow.pageObjects.common.LoginPage - wait for page load
2023-10-24 13:28:41.486 [main] INFO  com.webMethodsUI.flow.pageObjects.common.LoginPage - Fetching webelement at runtime //span[contains(text(),'Insights for:')]
2023-10-24 13:28:41.541 [main] INFO  com.webMethodsUI.flow.pageObjects.common.LoginPage - Verify project menu is visible
2023-10-24 13:28:41.797 [main] INFO  com.webMethodsUI.flow.pageObjects.common.LoginPage - Fetching webelement at runtime //button[contains(text(),'Reset')]
2023-10-24 13:28:41.855 [main] INFO  com.webMethodsUI.flow.pageObjects.common.LoginPage - Clicking on Reset button
2023-10-24 13:28:42.389 [main] INFO  com.webMethodsUI.flow.pageObjects.common.LoginPage - Fetching webelement at runtime //select[contains(@class,'dlt-select-input')]
2023-10-24 13:28:42.489 [main] INFO  com.webMethodsUI.flow.pageObjects.common.LoginPage - selecting the Item per page from drop down say30
2023-10-24 13:28:42.997 [main] INFO  com.webMethodsUI.flow.pageObjects.common.LoginPage - Fetching webelement at runtime //div[contains(text(),'1-30')]
2023-10-24 13:28:43.056 [main] INFO  com.webMethodsUI.flow.pageObjects.common.LoginPage - Verify next page for pagination is visible
2023-10-24 13:28:43.302 [main] INFO  com.webMethodsUI.flow.pageObjects.common.LoginPage - Fetching webelement at runtime //span[contains(@class, 'dlt-icon-chevron-circle-right pagination-icon false')]
2023-10-24 13:28:43.343 [main] INFO  com.webMethodsUI.flow.pageObjects.common.LoginPage - clicking on the next button for Pagination
2023-10-24 13:28:43.789 [main] INFO  com.webMethodsUI.flow.pageObjects.common.LoginPage - Fetching webelement at runtime //div[contains(text(),'31-60 of')]
2023-10-24 13:28:43.850 [main] INFO  com.webMethodsUI.flow.pageObjects.common.LoginPage - Verify next page for pagination is visible
2023-10-24 13:28:44.131 [main] INFO  com.webMethodsUI.flow.pageObjects.common.LoginPage - Fetching webelement at runtime //span[contains(@class, 'anticon anticon-sync')]
2023-10-24 13:28:44.213 [main] INFO  com.webMethodsUI.flow.pageObjects.common.LoginPage - Click refresh button
2023-10-24 13:28:44.830 [main] INFO  com.webMethodsUI.flow.pageObjects.common.LoginPage - Fetching webelement at runtime //a[contains(text(),'Highlights')]
2023-10-24 13:28:44.907 [main] INFO  com.webMethodsUI.flow.pageObjects.common.LoginPage - Clicking on Tree Main Menu Highlights
2023-10-24 13:28:45.400 [main] INFO  com.webMethodsUI.flow.pageObjects.common.LoginPage - wait for page load
2023-10-24 13:28:45.647 [main] INFO  com.webMethodsUI.flow.pageObjects.common.LoginPage - Fetching webelement at runtime //span[contains(@class, 'calender-monitor-icon')]
2023-10-24 13:28:45.756 [main] INFO  com.webMethodsUI.flow.pageObjects.common.LoginPage - Clicking on the custom time range button
2023-10-24 13:28:46.286 [main] INFO  com.webMethodsUI.flow.pageObjects.common.LoginPage - Fetching webelement at runtime //th[contains(text(), '2023')]
2023-10-24 13:28:46.343 [main] INFO  com.webMethodsUI.flow.pageObjects.common.LoginPage - 2023 year is persent
2023-10-24 13:28:46.648 [main] INFO  com.webMethodsUI.flow.pageObjects.common.LoginPage - Fetching webelement at runtime //button[contains(@class,'cancelBtn')]
2023-10-24 13:28:46.707 [main] INFO  com.webMethodsUI.flow.pageObjects.common.LoginPage - clicking on Apply or Cancel button
2023-10-24 13:28:47.189 [main] INFO  com.webMethodsUI.flow.pageObjects.common.LoginPage - Fetching webelement at runtime //span[contains(@class, 'calender-monitor-icon')]
2023-10-24 13:28:47.244 [main] INFO  com.webMethodsUI.flow.pageObjects.common.LoginPage - Clicking on the custom time range button
2023-10-24 13:28:47.847 [main] INFO  com.webMethodsUI.flow.pageObjects.common.LoginPage - Fetching webelement at runtime //button[contains(@class,'applyBtn')]
2023-10-24 13:28:48.080 [main] INFO  com.webMethodsUI.flow.pageObjects.common.LoginPage - clicking on Apply or Cancel button
2023-10-24 13:28:48.607 [main] INFO  com.webMethodsUI.flow.pageObjects.common.LoginPage - Fetching webelement at runtime //div[@class='date-time-selected-value']//span[contains(text(),'2023')]
2023-10-24 13:28:48.657 [main] INFO  com.webMethodsUI.flow.pageObjects.common.LoginPage - Insights for: 2023 year is persent
2023-10-24 13:28:48.974 [main] INFO  com.webMethodsUI.flow.pageObjects.common.LoginPage - Fetching webelement at runtime //span[contains(text(),'The Insights aggregation data is generated based on GMT timezone only.')]
2023-10-24 13:28:49.045 [main] INFO  com.webMethodsUI.flow.pageObjects.common.LoginPage - Verify project menu is visible
2023-10-24 13:28:49.562 [main] INFO  com.webMethodsUI.flow.pageObjects.common.LoginPage - Fetching webelement at runtime //a[contains(text(),'Reports')]
2023-10-24 13:28:49.639 [main] INFO  com.webMethodsUI.flow.pageObjects.common.LoginPage - Clicking on Tree Main Menu Reports
2023-10-24 13:28:50.182 [main] INFO  com.webMethodsUI.flow.pageObjects.common.LoginPage - wait for page load
2023-10-24 13:28:50.417 [main] INFO  com.webMethodsUI.flow.pageObjects.common.LoginPage - Fetching webelement at runtime //span[contains(text(),'Insights for:')]
2023-10-24 13:28:50.473 [main] INFO  com.webMethodsUI.flow.pageObjects.common.LoginPage - Verify project menu is visible
2023-10-24 13:28:50.750 [main] INFO  com.webMethodsUI.flow.pageObjects.common.LoginPage - Fetching webelement at runtime //th[contains(text(),'Name')]
2023-10-24 13:28:50.851 [main] INFO  com.webMethodsUI.flow.pageObjects.common.LoginPage - Verify table data Name are visible
2023-10-24 13:28:51.106 [main] INFO  com.webMethodsUI.flow.pageObjects.common.LoginPage - Fetching webelement at runtime //th[contains(text(),'Project')]
2023-10-24 13:28:51.165 [main] INFO  com.webMethodsUI.flow.pageObjects.common.LoginPage - Verify table data Project are visible
2023-10-24 13:28:51.413 [main] INFO  com.webMethodsUI.flow.pageObjects.common.LoginPage - Fetching webelement at runtime //th[contains(text(),'Type')]
2023-10-24 13:28:51.470 [main] INFO  com.webMethodsUI.flow.pageObjects.common.LoginPage - Verify table data Type are visible
2023-10-24 13:28:51.709 [main] INFO  com.webMethodsUI.flow.pageObjects.common.LoginPage - Fetching webelement at runtime //th[contains(text(),'Month - Year')]
2023-10-24 13:28:51.768 [main] INFO  com.webMethodsUI.flow.pageObjects.common.LoginPage - Verify table data Month - Year are visible
2023-10-24 13:28:52.021 [main] INFO  com.webMethodsUI.flow.pageObjects.common.LoginPage - Fetching webelement at runtime //th[contains(text(),'Transactions')]
2023-10-24 13:28:52.072 [main] INFO  com.webMethodsUI.flow.pageObjects.common.LoginPage - Verify table data Transactions are visible
2023-10-24 13:28:52.316 [main] INFO  com.webMethodsUI.flow.pageObjects.common.LoginPage - Fetching webelement at runtime //th[contains(text(),'Executions')]
2023-10-24 13:28:52.370 [main] INFO  com.webMethodsUI.flow.pageObjects.common.LoginPage - Verify table data Executions are visible
2023-10-24 13:28:52.625 [main] INFO  com.webMethodsUI.flow.pageObjects.common.LoginPage - Fetching webelement at runtime //button[contains(text(),'1 week')]
2023-10-24 13:28:52.671 [main] INFO  com.webMethodsUI.flow.pageObjects.common.LoginPage - Clicking on Button.. [[ChromeDriver: chrome on WINDOWS (362609e4042f7446c817f5ae605363b8)] -> xpath: //button[contains(text(),'1 week')]]
2023-10-24 13:28:53.156 [main] INFO  com.webMethodsUI.flow.pageObjects.common.LoginPage - wait for page load
2023-10-24 13:28:53.437 [main] INFO  com.webMethodsUI.flow.pageObjects.common.LoginPage - Fetching webelement at runtime //td[contains(@class,'insights-table-cell')]
2023-10-24 13:28:53.766 [main] INFO  com.webMethodsUI.flow.pageObjects.common.LoginPage - Verify highlight table column is loading properly
2023-10-24 13:28:54.020 [main] INFO  com.webMethodsUI.flow.pageObjects.common.LoginPage - Fetching webelement at runtime //td[contains(@class,'insights-table-cell')][5]
2023-10-24 13:28:54.114 [main] INFO  com.webMethodsUI.flow.pageObjects.common.LoginPage - Transactioncount
2023-10-24 13:28:54.377 [main] INFO  com.webMethodsUI.flow.pageObjects.common.LoginPage - comparing the transaction count is greater then 1
2023-10-24 13:28:54.627 [main] INFO  com.webMethodsUI.flow.pageObjects.common.LoginPage - Fetching webelement at runtime //button[contains(text(),'2 week')]
2023-10-24 13:28:54.660 [main] INFO  com.webMethodsUI.flow.pageObjects.common.LoginPage - Clicking on Button.. [[ChromeDriver: chrome on WINDOWS (362609e4042f7446c817f5ae605363b8)] -> xpath: //button[contains(text(),'2 week')]]
2023-10-24 13:28:55.128 [main] INFO  com.webMethodsUI.flow.pageObjects.common.LoginPage - wait for page load
2023-10-24 13:28:55.425 [main] INFO  com.webMethodsUI.flow.pageObjects.common.LoginPage - Fetching webelement at runtime //td[contains(@class,'insights-table-cell')]
2023-10-24 13:28:55.665 [main] INFO  com.webMethodsUI.flow.pageObjects.common.LoginPage - Verify highlight table column is loading properly
2023-10-24 13:28:55.912 [main] INFO  com.webMethodsUI.flow.pageObjects.common.LoginPage - Fetching webelement at runtime //td[contains(@class,'insights-table-cell')][5]
2023-10-24 13:28:56.028 [main] INFO  com.webMethodsUI.flow.pageObjects.common.LoginPage - Transactioncount
2023-10-24 13:28:56.268 [main] INFO  com.webMethodsUI.flow.pageObjects.common.LoginPage - comparing the transaction count is greater then 1
2023-10-24 13:28:56.490 [main] INFO  com.webMethodsUI.flow.pageObjects.common.LoginPage - Fetching webelement at runtime //button[contains(text(),'3 week')]
2023-10-24 13:28:56.564 [main] INFO  com.webMethodsUI.flow.pageObjects.common.LoginPage - Clicking on Button.. [[ChromeDriver: chrome on WINDOWS (362609e4042f7446c817f5ae605363b8)] -> xpath: //button[contains(text(),'3 week')]]
2023-10-24 13:28:57.022 [main] INFO  com.webMethodsUI.flow.pageObjects.common.LoginPage - wait for page load
2023-10-24 13:28:57.292 [main] INFO  com.webMethodsUI.flow.pageObjects.common.LoginPage - Fetching webelement at runtime //td[contains(@class,'insights-table-cell')]
2023-10-24 13:28:57.560 [main] INFO  com.webMethodsUI.flow.pageObjects.common.LoginPage - Verify highlight table column is loading properly
2023-10-24 13:28:57.815 [main] INFO  com.webMethodsUI.flow.pageObjects.common.LoginPage - Fetching webelement at runtime //td[contains(@class,'insights-table-cell')][5]
2023-10-24 13:28:57.923 [main] INFO  com.webMethodsUI.flow.pageObjects.common.LoginPage - Transactioncount
2023-10-24 13:28:58.224 [main] ERROR com.webMethodsUI.flow.pageObjects.common.LoginPage - comparing the transaction count is greater then 1
2023-10-24 13:28:58.621 [main] INFO  com.webMethodsUI.flow.pageObjects.common.LoginPage - Fetching webelement at runtime //button[contains(text(),'4 week')]
2023-10-24 13:28:58.667 [main] INFO  com.webMethodsUI.flow.pageObjects.common.LoginPage - Clicking on Button.. [[ChromeDriver: chrome on WINDOWS (362609e4042f7446c817f5ae605363b8)] -> xpath: //button[contains(text(),'4 week')]]
2023-10-24 13:28:59.291 [main] INFO  com.webMethodsUI.flow.pageObjects.common.LoginPage - wait for page load
2023-10-24 13:28:59.564 [main] INFO  com.webMethodsUI.flow.pageObjects.common.LoginPage - Fetching webelement at runtime //td[contains(@class,'insights-table-cell')]
2023-10-24 13:28:59.623 [main] INFO  com.webMethodsUI.flow.pageObjects.common.LoginPage - Verify highlight table column is loading properly
2023-10-24 13:28:59.921 [main] INFO  com.webMethodsUI.flow.pageObjects.common.LoginPage - Fetching webelement at runtime //td[contains(@class,'insights-table-cell')][5]
2023-10-24 13:29:00.057 [main] INFO  com.webMethodsUI.flow.pageObjects.common.LoginPage - Transactioncount
2023-10-24 13:29:00.311 [main] ERROR com.webMethodsUI.flow.pageObjects.common.LoginPage - comparing the transaction count is greater then 1
2023-10-24 13:29:00.535 [main] INFO  com.webMethodsUI.flow.pageObjects.common.LoginPage - Fetching webelement at runtime //span[contains(@class, 'anticon anticon-sync')]
2023-10-24 13:29:00.581 [main] INFO  com.webMethodsUI.flow.pageObjects.common.LoginPage - Click refresh button
2023-10-24 13:29:01.321 [main] INFO  com.webMethodsUI.flow.pageObjects.common.LoginPage - Fetching webelement at runtime //a[contains(text(),'Reports')]
2023-10-24 13:29:01.389 [main] INFO  com.webMethodsUI.flow.pageObjects.common.LoginPage - Clicking on Tree Main Menu Reports
2023-10-24 13:29:01.860 [main] INFO  com.webMethodsUI.flow.pageObjects.common.LoginPage - wait for page load
2023-10-24 13:29:02.169 [main] INFO  com.webMethodsUI.flow.pageObjects.common.LoginPage - Fetching webelement at runtime //span[contains(text(),'The Insights aggregation data is generated based on GMT timezone only. Other timezones are not supported.')]
2023-10-24 13:29:02.221 [main] INFO  com.webMethodsUI.flow.pageObjects.common.LoginPage - Verify project menu is visible
2023-10-24 13:29:02.505 [main] INFO  com.webMethodsUI.flow.pageObjects.common.LoginPage - Fetching webelement at runtime //button[contains(@class,'dlt-filter__button')]
2023-10-24 13:29:02.704 [main] INFO  com.webMethodsUI.flow.pageObjects.common.LoginPage - clicking on filter Tab
2023-10-24 13:29:03.252 [main] INFO  com.webMethodsUI.flow.pageObjects.common.LoginPage - Fetching webelement at runtime //*[contains(text(),'Select project')]
2023-10-24 13:29:03.309 [main] INFO  com.webMethodsUI.flow.pageObjects.common.LoginPage - Clicking on Flowservice filter Select project
2023-10-24 13:29:03.912 [main] INFO  com.webMethodsUI.flow.pageObjects.common.LoginPage - Fetching webelement at runtime //*[contains(text(),'CLE_IC')]
2023-10-24 13:29:03.967 [main] INFO  com.webMethodsUI.flow.pageObjects.common.LoginPage - Clicking on Flowservice filter CLE_IC
2023-10-24 13:29:04.621 [main] INFO  com.webMethodsUI.flow.pageObjects.common.LoginPage - Fetching webelement at runtime //div[@class='dlt-filter-actions']//button[contains(text(),'Apply')]
2023-10-24 13:29:04.672 [main] INFO  com.webMethodsUI.flow.pageObjects.common.LoginPage - Clicking on Apply button..
2023-10-24 13:29:05.296 [main] INFO  com.webMethodsUI.flow.pageObjects.common.LoginPage - Fetching webelement at runtime //td[@title= 'CLE_IC'][1]
2023-10-24 13:29:05.420 [main] INFO  com.webMethodsUI.flow.pageObjects.common.LoginPage - Verify Project name is visible in highLight table
2023-10-24 13:29:05.864 [main] INFO  com.webMethodsUI.flow.pageObjects.common.LoginPage - Fetching webelement at runtime //button[contains(text(),'Reset')]
2023-10-24 13:29:05.908 [main] INFO  com.webMethodsUI.flow.pageObjects.common.LoginPage - Clicking on Reset button
2023-10-24 13:29:06.561 [main] INFO  com.webMethodsUI.flow.pageObjects.common.LoginPage - Fetching webelement at runtime //div[contains(text(),'Select service type')]
2023-10-24 13:29:06.855 [main] INFO  com.webMethodsUI.flow.pageObjects.common.LoginPage - Clicking on the filter tab
2023-10-24 13:29:07.495 [main] INFO  com.webMethodsUI.flow.pageObjects.common.LoginPage - Fetching webelement at runtime //*[contains(text(),'Workflows')]
2023-10-24 13:29:07.546 [main] INFO  com.webMethodsUI.flow.pageObjects.common.LoginPage - Clicking on Flowservice filter Workflows
2023-10-24 13:29:08.230 [main] INFO  com.webMethodsUI.flow.pageObjects.common.LoginPage - Fetching webelement at runtime //div[@class='dlt-filter-actions']//button[contains(text(),'Apply')]
2023-10-24 13:29:08.287 [main] INFO  com.webMethodsUI.flow.pageObjects.common.LoginPage - Clicking on Apply button..
2023-10-24 13:29:08.967 [main] INFO  com.webMethodsUI.flow.pageObjects.common.LoginPage - Fetching webelement at runtime //td[@title= 'Workflow'][1]
2023-10-24 13:29:09.244 [main] INFO  com.webMethodsUI.flow.pageObjects.common.LoginPage - Verify service type is not visible in page
2023-10-24 13:29:09.529 [main] INFO  com.webMethodsUI.flow.pageObjects.common.LoginPage - Fetching webelement at runtime //button[contains(text(),'Reset')]
2023-10-24 13:29:09.725 [main] INFO  com.webMethodsUI.flow.pageObjects.common.LoginPage - Clicking on Reset button
2023-10-24 13:29:10.368 [main] INFO  com.webMethodsUI.flow.pageObjects.common.LoginPage - Fetching webelement at runtime //div[contains(text(),'Select service type')]
2023-10-24 13:29:10.430 [main] INFO  com.webMethodsUI.flow.pageObjects.common.LoginPage - Clicking on the filter tab
2023-10-24 13:29:10.977 [main] INFO  com.webMethodsUI.flow.pageObjects.common.LoginPage - Fetching webelement at runtime //div[contains(@id,'react-select-4-option-1')]
2023-10-24 13:29:11.046 [main] INFO  com.webMethodsUI.flow.pageObjects.common.LoginPage - Clicking on the service tab
2023-10-24 13:29:11.594 [main] INFO  com.webMethodsUI.flow.pageObjects.common.LoginPage - Fetching webelement at runtime //*[contains(text(),'Select project')]
2023-10-24 13:29:11.645 [main] INFO  com.webMethodsUI.flow.pageObjects.common.LoginPage - Clicking on Flowservice filter Select project
2023-10-24 13:29:12.199 [main] INFO  com.webMethodsUI.flow.pageObjects.common.LoginPage - Fetching webelement at runtime //*[contains(text(),'CLE_IC')]
2023-10-24 13:29:12.246 [main] INFO  com.webMethodsUI.flow.pageObjects.common.LoginPage - Clicking on Flowservice filter CLE_IC
2023-10-24 13:29:12.821 [main] INFO  com.webMethodsUI.flow.pageObjects.common.LoginPage - Fetching webelement at runtime //span[contains(text(),'Select services')]
2023-10-24 13:29:12.898 [main] INFO  com.webMethodsUI.flow.pageObjects.common.LoginPage - Clicking on the service tab
2023-10-24 13:29:13.585 [main] INFO  com.webMethodsUI.flow.pageObjects.common.LoginPage - Fetching webelement at runtime //*[contains(text(),'Addint')]
2023-10-24 13:29:13.641 [main] INFO  com.webMethodsUI.flow.pageObjects.common.LoginPage - Clicking on Flowservice filter Addint
2023-10-24 13:29:14.157 [main] INFO  com.webMethodsUI.flow.pageObjects.common.LoginPage - Fetching webelement at runtime //div[@class='dlt-filter-actions']//button[contains(text(),'Apply')]
2023-10-24 13:29:14.215 [main] INFO  com.webMethodsUI.flow.pageObjects.common.LoginPage - Clicking on Apply button..
2023-10-24 13:29:14.782 [main] INFO  com.webMethodsUI.flow.pageObjects.common.LoginPage - Fetching webelement at runtime //td[@title= 'Flow service'][1]
2023-10-24 13:29:15.282 [main] INFO  com.webMethodsUI.flow.pageObjects.common.LoginPage - Verify service type is not visible in page
2023-10-24 13:29:15.543 [main] INFO  com.webMethodsUI.flow.pageObjects.common.LoginPage - Fetching webelement at runtime //button[contains(text(),'Reset')]
2023-10-24 13:29:15.641 [main] INFO  com.webMethodsUI.flow.pageObjects.common.LoginPage - Clicking on Reset button
2023-10-24 13:29:16.466 [main] INFO  com.webMethodsUI.flow.pageObjects.common.LoginPage - Fetching webelement at runtime //select[contains(@class,'dlt-select-input')]
2023-10-24 13:29:16.511 [main] INFO  com.webMethodsUI.flow.pageObjects.common.LoginPage - selecting the Item per page from drop down say30
2023-10-24 13:29:16.941 [main] INFO  com.webMethodsUI.flow.pageObjects.common.LoginPage - Fetching webelement at runtime //div[contains(text(),'1-30')]
2023-10-24 13:29:17.009 [main] INFO  com.webMethodsUI.flow.pageObjects.common.LoginPage - Verify next page for pagination is visible
2023-10-24 13:29:17.302 [main] INFO  com.webMethodsUI.flow.pageObjects.common.LoginPage - Fetching webelement at runtime //span[contains(@class, 'dlt-icon-chevron-circle-right pagination-icon false')]
2023-10-24 13:29:17.380 [main] INFO  com.webMethodsUI.flow.pageObjects.common.LoginPage - clicking on the next button for Pagination
2023-10-24 13:29:17.879 [main] INFO  com.webMethodsUI.flow.pageObjects.common.LoginPage - Fetching webelement at runtime //div[contains(text(),'31-60 of')]
2023-10-24 13:29:17.991 [main] INFO  com.webMethodsUI.flow.pageObjects.common.LoginPage - Verify next page for pagination is visible
2023-10-24 13:29:18.335 [main] INFO  com.webMethodsUI.flow.pageObjects.common.LoginPage - Fetching webelement at runtime //span[contains(@class, 'anticon anticon-sync')]
2023-10-24 13:29:18.434 [main] INFO  com.webMethodsUI.flow.pageObjects.common.LoginPage - Click refresh button
2023-10-24 13:29:19.142 [main] INFO  com.webMethodsUI.flow.pageObjects.common.LoginPage - Fetching webelement at runtime //button[contains(text(),'Download Reports')]
2023-10-24 13:29:19.218 [main] INFO  com.webMethodsUI.flow.pageObjects.common.LoginPage - Clicking on the service tab
2023-10-24 13:29:24.708 [main] INFO  com.webMethodsUI.flow.pageObjects.common.LoginPage - Downloaded File is not Present
2023-10-24 13:29:25.318 [main] INFO  com.webMethodsUI.flow.pageObjects.common.LoginPage - Fetching webelement at runtime //a[contains(text(),'Monitor')]
2023-10-24 13:29:25.387 [main] INFO  com.webMethodsUI.flow.pageObjects.common.LoginPage - Clicking on Menu...Monitor
2023-10-24 13:29:25.957 [main] INFO  com.webMethodsUI.flow.pageObjects.common.LoginPage - wait for page load
2023-10-24 13:29:29.110 [main] INFO  com.webMethodsUI.flow.pageObjects.common.LoginPage - Fetching webelement at runtime //a[contains(text(),'Top Consumers')]
2023-10-24 13:29:29.312 [main] INFO  com.webMethodsUI.flow.pageObjects.common.LoginPage - Clicking on Tree Main Menu Top Consumers
2023-10-24 13:29:29.937 [main] INFO  com.webMethodsUI.flow.pageObjects.common.LoginPage - wait for page load
2023-10-24 13:29:30.260 [main] INFO  com.webMethodsUI.flow.pageObjects.common.LoginPage - Fetching webelement at runtime //button[contains(text(),'Projects')]
2023-10-24 13:29:30.309 [main] INFO  com.webMethodsUI.flow.pageObjects.common.LoginPage - Clicking on Button.. [[ChromeDriver: chrome on WINDOWS (362609e4042f7446c817f5ae605363b8)] -> xpath: //button[contains(text(),'Projects')]]
2023-10-24 13:29:30.809 [main] INFO  com.webMethodsUI.flow.pageObjects.common.LoginPage - wait for page load
2023-10-24 13:29:31.209 [main] INFO  com.webMethodsUI.flow.pageObjects.common.LoginPage - Fetching webelement at runtime //h4[contains(text(), 'Top Projects')]
2023-10-24 13:29:31.348 [main] INFO  com.webMethodsUI.flow.pageObjects.common.LoginPage - heading is present for Top Projects
2023-10-24 13:29:31.790 [main] INFO  com.webMethodsUI.flow.pageObjects.common.LoginPage - Fetching webelement at runtime //canvas[@class='chartjs-render-monitor']
2023-10-24 13:29:31.870 [main] INFO  com.webMethodsUI.flow.pageObjects.common.LoginPage - graph is loading properly
2023-10-24 13:29:32.138 [main] INFO  com.webMethodsUI.flow.pageObjects.common.LoginPage - Fetching webelement at runtime //button[contains(text(),'2 week')]
2023-10-24 13:29:32.250 [main] INFO  com.webMethodsUI.flow.pageObjects.common.LoginPage - Clicking on Button.. [[ChromeDriver: chrome on WINDOWS (362609e4042f7446c817f5ae605363b8)] -> xpath: //button[contains(text(),'2 week')]]
2023-10-24 13:29:32.716 [main] INFO  com.webMethodsUI.flow.pageObjects.common.LoginPage - wait for page load
2023-10-24 13:29:33.056 [main] INFO  com.webMethodsUI.flow.pageObjects.common.LoginPage - Fetching webelement at runtime //canvas[@class='chartjs-render-monitor']
2023-10-24 13:29:34.310 [main] INFO  com.webMethodsUI.flow.pageObjects.common.LoginPage - graph is loading properly
2023-10-24 13:29:34.807 [main] INFO  com.webMethodsUI.flow.pageObjects.common.LoginPage - Fetching webelement at runtime //button[contains(text(),'3 week')]
2023-10-24 13:29:35.032 [main] INFO  com.webMethodsUI.flow.pageObjects.common.LoginPage - Clicking on Button.. [[ChromeDriver: chrome on WINDOWS (362609e4042f7446c817f5ae605363b8)] -> xpath: //button[contains(text(),'3 week')]]
2023-10-24 13:29:35.652 [main] INFO  com.webMethodsUI.flow.pageObjects.common.LoginPage - wait for page load
2023-10-24 13:29:35.962 [main] INFO  com.webMethodsUI.flow.pageObjects.common.LoginPage - Fetching webelement at runtime //canvas[@class='chartjs-render-monitor']
2023-10-24 13:29:36.379 [main] INFO  com.webMethodsUI.flow.pageObjects.common.LoginPage - graph is loading properly
2023-10-24 13:29:36.777 [main] INFO  com.webMethodsUI.flow.pageObjects.common.LoginPage - Fetching webelement at runtime //button[contains(text(),'4 week')]
2023-10-24 13:29:36.862 [main] INFO  com.webMethodsUI.flow.pageObjects.common.LoginPage - Clicking on Button.. [[ChromeDriver: chrome on WINDOWS (362609e4042f7446c817f5ae605363b8)] -> xpath: //button[contains(text(),'4 week')]]
2023-10-24 13:29:37.496 [main] INFO  com.webMethodsUI.flow.pageObjects.common.LoginPage - wait for page load
2023-10-24 13:29:37.850 [main] INFO  com.webMethodsUI.flow.pageObjects.common.LoginPage - Fetching webelement at runtime //canvas[@class='chartjs-render-monitor']
2023-10-24 13:29:40.148 [main] INFO  com.webMethodsUI.flow.pageObjects.common.LoginPage - graph is loading properly
2023-10-24 13:29:40.579 [main] INFO  com.webMethodsUI.flow.pageObjects.common.LoginPage - Fetching webelement at runtime //span[contains(@class, 'anticon anticon-sync')]
2023-10-24 13:29:40.676 [main] INFO  com.webMethodsUI.flow.pageObjects.common.LoginPage - Click refresh button
2023-10-24 13:29:41.549 [main] INFO  com.webMethodsUI.flow.pageObjects.common.LoginPage - Fetching webelement at runtime //a[contains(text(),'Monitor')]
2023-10-24 13:29:41.593 [main] INFO  com.webMethodsUI.flow.pageObjects.common.LoginPage - Clicking on Menu...Monitor
2023-10-24 13:29:42.173 [main] INFO  com.webMethodsUI.flow.pageObjects.common.LoginPage - wait for page load
2023-10-24 13:29:43.412 [main] INFO  com.webMethodsUI.flow.pageObjects.common.LoginPage - Fetching webelement at runtime //a[contains(text(),'Top Consumers')]
2023-10-24 13:29:43.586 [main] INFO  com.webMethodsUI.flow.pageObjects.common.LoginPage - Clicking on Tree Main Menu Top Consumers
2023-10-24 13:29:44.199 [main] INFO  com.webMethodsUI.flow.pageObjects.common.LoginPage - wait for page load
2023-10-24 13:29:44.475 [main] INFO  com.webMethodsUI.flow.pageObjects.common.LoginPage - Fetching webelement at runtime //button[contains(text(),'Workflows')]
2023-10-24 13:29:44.532 [main] INFO  com.webMethodsUI.flow.pageObjects.common.LoginPage - Clicking on Button.. [[ChromeDriver: chrome on WINDOWS (362609e4042f7446c817f5ae605363b8)] -> xpath: //button[contains(text(),'Workflows')]]
2023-10-24 13:29:45.121 [main] INFO  com.webMethodsUI.flow.pageObjects.common.LoginPage - wait for page load
2023-10-24 13:29:45.533 [main] INFO  com.webMethodsUI.flow.pageObjects.common.LoginPage - Fetching webelement at runtime //h4[contains(text(), 'Top Workflows')]
2023-10-24 13:29:46.004 [main] INFO  com.webMethodsUI.flow.pageObjects.common.LoginPage - heading is present for Top Workflows
2023-10-24 13:29:46.495 [main] INFO  com.webMethodsUI.flow.pageObjects.common.LoginPage - Fetching webelement at runtime //canvas[@class='chartjs-render-monitor']
2023-10-24 13:29:46.551 [main] INFO  com.webMethodsUI.flow.pageObjects.common.LoginPage - graph is loading properly
2023-10-24 13:29:46.814 [main] INFO  com.webMethodsUI.flow.pageObjects.common.LoginPage - Fetching webelement at runtime //button[contains(text(),'2 week')]
2023-10-24 13:29:46.875 [main] INFO  com.webMethodsUI.flow.pageObjects.common.LoginPage - Clicking on Button.. [[ChromeDriver: chrome on WINDOWS (362609e4042f7446c817f5ae605363b8)] -> xpath: //button[contains(text(),'2 week')]]
2023-10-24 13:29:47.405 [main] INFO  com.webMethodsUI.flow.pageObjects.common.LoginPage - wait for page load
2023-10-24 13:29:47.662 [main] INFO  com.webMethodsUI.flow.pageObjects.common.LoginPage - Fetching webelement at runtime //canvas[@class='chartjs-render-monitor']
2023-10-24 13:29:48.084 [main] INFO  com.webMethodsUI.flow.pageObjects.common.LoginPage - graph is loading properly
2023-10-24 13:29:48.477 [main] INFO  com.webMethodsUI.flow.pageObjects.common.LoginPage - Fetching webelement at runtime //button[contains(text(),'3 week')]
2023-10-24 13:29:48.609 [main] INFO  com.webMethodsUI.flow.pageObjects.common.LoginPage - Clicking on Button.. [[ChromeDriver: chrome on WINDOWS (362609e4042f7446c817f5ae605363b8)] -> xpath: //button[contains(text(),'3 week')]]
2023-10-24 13:29:49.194 [main] INFO  com.webMethodsUI.flow.pageObjects.common.LoginPage - wait for page load
2023-10-24 13:29:49.539 [main] INFO  com.webMethodsUI.flow.pageObjects.common.LoginPage - Fetching webelement at runtime //canvas[@class='chartjs-render-monitor']
2023-10-24 13:29:49.615 [main] INFO  com.webMethodsUI.flow.pageObjects.common.LoginPage - graph is loading properly
2023-10-24 13:29:50.002 [main] INFO  com.webMethodsUI.flow.pageObjects.common.LoginPage - Fetching webelement at runtime //button[contains(text(),'4 week')]
2023-10-24 13:29:50.085 [main] INFO  com.webMethodsUI.flow.pageObjects.common.LoginPage - Clicking on Button.. [[ChromeDriver: chrome on WINDOWS (362609e4042f7446c817f5ae605363b8)] -> xpath: //button[contains(text(),'4 week')]]
2023-10-24 13:29:50.765 [main] INFO  com.webMethodsUI.flow.pageObjects.common.LoginPage - wait for page load
2023-10-24 13:29:51.042 [main] INFO  com.webMethodsUI.flow.pageObjects.common.LoginPage - Fetching webelement at runtime //canvas[@class='chartjs-render-monitor']
2023-10-24 13:29:51.312 [main] INFO  com.webMethodsUI.flow.pageObjects.common.LoginPage - graph is loading properly
2023-10-24 13:29:51.872 [main] INFO  com.webMethodsUI.flow.pageObjects.common.LoginPage - Fetching webelement at runtime //span[contains(@class, 'anticon anticon-sync')]
2023-10-24 13:29:52.117 [main] INFO  com.webMethodsUI.flow.pageObjects.common.LoginPage - Click refresh button
2023-10-24 13:29:53.041 [main] INFO  com.webMethodsUI.flow.pageObjects.common.LoginPage - Fetching webelement at runtime //a[contains(text(),'Top Consumers')]
2023-10-24 13:29:53.435 [main] INFO  com.webMethodsUI.flow.pageObjects.common.LoginPage - Clicking on Tree Main Menu Top Consumers
2023-10-24 13:29:54.336 [main] INFO  com.webMethodsUI.flow.pageObjects.common.LoginPage - wait for page load
2023-10-24 13:29:54.605 [main] INFO  com.webMethodsUI.flow.pageObjects.common.LoginPage - Fetching webelement at runtime //button[contains(text(),'Flow services')]
2023-10-24 13:29:54.662 [main] INFO  com.webMethodsUI.flow.pageObjects.common.LoginPage - Clicking on Button.. [[ChromeDriver: chrome on WINDOWS (362609e4042f7446c817f5ae605363b8)] -> xpath: //button[contains(text(),'Flow services')]]
2023-10-24 13:29:55.332 [main] INFO  com.webMethodsUI.flow.pageObjects.common.LoginPage - wait for page load
2023-10-24 13:29:55.722 [main] INFO  com.webMethodsUI.flow.pageObjects.common.LoginPage - Fetching webelement at runtime //h4[contains(text(), 'Top Flow services')]
2023-10-24 13:29:55.881 [main] INFO  com.webMethodsUI.flow.pageObjects.common.LoginPage - heading is present for Top Flow services
2023-10-24 13:29:56.304 [main] INFO  com.webMethodsUI.flow.pageObjects.common.LoginPage - Fetching webelement at runtime //canvas[@class='chartjs-render-monitor']
2023-10-24 13:29:56.476 [main] INFO  com.webMethodsUI.flow.pageObjects.common.LoginPage - graph is loading properly
2023-10-24 13:29:56.857 [main] INFO  com.webMethodsUI.flow.pageObjects.common.LoginPage - Fetching webelement at runtime //button[contains(text(),'2 week')]
2023-10-24 13:29:56.919 [main] INFO  com.webMethodsUI.flow.pageObjects.common.LoginPage - Clicking on Button.. [[ChromeDriver: chrome on WINDOWS (362609e4042f7446c817f5ae605363b8)] -> xpath: //button[contains(text(),'2 week')]]
2023-10-24 13:29:57.491 [main] INFO  com.webMethodsUI.flow.pageObjects.common.LoginPage - wait for page load
2023-10-24 13:29:57.864 [main] INFO  com.webMethodsUI.flow.pageObjects.common.LoginPage - Fetching webelement at runtime //canvas[@class='chartjs-render-monitor']
2023-10-24 13:29:57.947 [main] INFO  com.webMethodsUI.flow.pageObjects.common.LoginPage - graph is loading properly
2023-10-24 13:29:58.381 [main] INFO  com.webMethodsUI.flow.pageObjects.common.LoginPage - Fetching webelement at runtime //button[contains(text(),'3 week')]
2023-10-24 13:29:58.474 [main] INFO  com.webMethodsUI.flow.pageObjects.common.LoginPage - Clicking on Button.. [[ChromeDriver: chrome on WINDOWS (362609e4042f7446c817f5ae605363b8)] -> xpath: //button[contains(text(),'3 week')]]
2023-10-24 13:29:59.052 [main] INFO  com.webMethodsUI.flow.pageObjects.common.LoginPage - wait for page load
2023-10-24 13:29:59.356 [main] INFO  com.webMethodsUI.flow.pageObjects.common.LoginPage - Fetching webelement at runtime //canvas[@class='chartjs-render-monitor']
2023-10-24 13:29:59.421 [main] INFO  com.webMethodsUI.flow.pageObjects.common.LoginPage - graph is loading properly
2023-10-24 13:29:59.852 [main] INFO  com.webMethodsUI.flow.pageObjects.common.LoginPage - Fetching webelement at runtime //button[contains(text(),'4 week')]
2023-10-24 13:29:59.907 [main] INFO  com.webMethodsUI.flow.pageObjects.common.LoginPage - Clicking on Button.. [[ChromeDriver: chrome on WINDOWS (362609e4042f7446c817f5ae605363b8)] -> xpath: //button[contains(text(),'4 week')]]
2023-10-24 13:30:00.558 [main] INFO  com.webMethodsUI.flow.pageObjects.common.LoginPage - wait for page load
2023-10-24 13:30:00.848 [main] INFO  com.webMethodsUI.flow.pageObjects.common.LoginPage - Fetching webelement at runtime //canvas[@class='chartjs-render-monitor']
2023-10-24 13:30:01.124 [main] INFO  com.webMethodsUI.flow.pageObjects.common.LoginPage - graph is loading properly
2023-10-24 13:30:01.527 [main] INFO  com.webMethodsUI.flow.pageObjects.common.LoginPage - Fetching webelement at runtime //span[contains(@class, 'anticon anticon-sync')]
2023-10-24 13:30:01.728 [main] INFO  com.webMethodsUI.flow.pageObjects.common.LoginPage - Click refresh button
