2024-12-06 17:24:52.086 [main] INFO  com.webMethodsUI.flow.testbase.TestBase - ChromeDriver: chrome on windows (741ad86eac91826e3e13921436cbd681)
2024-12-06 17:24:52.092 [main] INFO  com.webMethodsUI.flow.testbase.TestBase - Initilize Web Driver: 837946527
2024-12-06 17:24:52.135 [main] INFO  com.webMethodsUI.flow.testbase.TestBase - Navigating to URLhttps://azsprotenant6.int-az-us.webmethods-spro.io/
2024-12-06 17:24:54.642 [main] INFO  com.webMethodsUI.flow.pageObjects.common.LoginPage - Verify username text field is visible
2024-12-06 17:25:26.231 [main] INFO  com.webMethodsUI.flow.pageObjects.common.LoginPage - Fetching webelement at runtime //a[normalize-space()='Projects']
2024-12-06 17:25:56.398 [main] INFO  com.webMethodsUI.flow.pageObjects.common.LoginPage - Wait for loader is not Visible
2024-12-06 17:25:56.525 [main] INFO  com.webMethodsUI.flow.pageObjects.common.LoginPage - Fetching webelement at runtime //div[@class='tab-details']/ul/li/a/span[contains(text(),'Connectors ')]
2024-12-06 17:26:27.142 [main] INFO  com.webMethodsUI.flow.pageObjects.common.LoginPage - Fetching webelement at runtime //span[normalize-space()='Cloud Designtime']/ancestor::div[@class='runtimes-item row']//i[@title='Edit configurations']
2024-12-06 17:26:42.280 [main] INFO  com.webMethodsUI.flow.pageObjects.common.LoginPage - wait for loader is not visible
2024-12-06 17:27:05.812 [main] INFO  com.webMethodsUI.flow.testbase.TestBase - ChromeDriver: chrome on windows (3ef94492fc8fa00c2e56fc8ea1eccf42)
2024-12-06 17:27:05.815 [main] INFO  com.webMethodsUI.flow.testbase.TestBase - Initilize Web Driver: 837946527
2024-12-06 17:27:05.841 [main] INFO  com.webMethodsUI.flow.testbase.TestBase - Navigating to URLhttps://azsprotenant6.int-az-us.webmethods-spro.io/
2024-12-06 17:27:28.671 [main] INFO  com.webMethodsUI.flow.pageObjects.common.LoginPage - Fetching webelement at runtime //a[normalize-space()='Projects']
2024-12-06 17:27:58.801 [main] INFO  com.webMethodsUI.flow.pageObjects.common.LoginPage - Wait for loader is not Visible
2024-12-06 17:27:58.889 [main] INFO  com.webMethodsUI.flow.pageObjects.common.LoginPage - Fetching webelement at runtime //div[@class='tab-details']/ul/li/a/span[contains(text(),'Connectors ')]
2024-12-06 17:28:29.181 [main] INFO  com.webMethodsUI.flow.pageObjects.common.LoginPage - Fetching webelement at runtime //span[normalize-space()='Cloud Designtime']/ancestor::div[@class='runtimes-item row']//i[@title='Edit configurations']
2024-12-06 17:28:29.204 [main] INFO  com.webMethodsUI.flow.pageObjects.common.LoginPage - wait for loader is not visible
2024-12-06 17:31:05.511 [main] INFO  com.webMethodsUI.flow.testbase.TestBase - ChromeDriver: chrome on windows (ddeb31f3a45dca37e6ce5febd6a8b176)
2024-12-06 17:31:05.514 [main] INFO  com.webMethodsUI.flow.testbase.TestBase - Initilize Web Driver: 837946527
2024-12-06 17:31:05.543 [main] INFO  com.webMethodsUI.flow.testbase.TestBase - Navigating to URLhttps://azsprotenant6.int-az-us.webmethods-spro.io/
2024-12-06 17:31:07.136 [main] INFO  com.webMethodsUI.flow.pageObjects.common.LoginPage - Verify username text field is visible
2024-12-06 17:31:18.292 [main] INFO  com.webMethodsUI.flow.pageObjects.common.LoginPage - Entering user Name: admin
2024-12-06 17:31:18.421 [main] INFO  com.webMethodsUI.flow.pageObjects.common.LoginPage - Entering Password: FMS2HdMkTDTHS_TS
2024-12-06 17:31:20.588 [main] INFO  com.webMethodsUI.flow.pageObjects.common.LoginPage - Click on Login Button
2024-12-06 17:31:23.207 [main] INFO  com.webMethodsUI.flow.pageObjects.common.LoginPage - wait for page load
2024-12-06 17:31:23.308 [main] INFO  com.webMethodsUI.flow.pageObjects.common.LoginPage - wait for page load
2024-12-06 17:31:23.411 [main] INFO  com.webMethodsUI.flow.pageObjects.common.LoginPage - Verify Home page greet message is visible
2024-12-06 17:31:26.341 [main] INFO  com.webMethodsUI.flow.pageObjects.common.LoginPage - Verify create project plus button is visible
2024-12-06 17:31:27.750 [main] INFO  com.webMethodsUI.flow.pageObjects.common.LoginPage - Fetching webelement at runtime //a[normalize-space()='Projects']
2024-12-06 17:31:27.769 [main] INFO  com.webMethodsUI.flow.pageObjects.common.LoginPage - Click on projetc
2024-12-06 17:31:37.109 [main] INFO  com.webMethodsUI.flow.pageObjects.common.LoginPage - Cicking on search project field
2024-12-06 17:31:37.373 [main] INFO  com.webMethodsUI.flow.pageObjects.common.LoginPage - Entering project name in search box: rajkaprojetc2
2024-12-06 17:31:37.598 [main] INFO  com.webMethodsUI.flow.pageObjects.common.LoginPage - Clicking on searchicon to search project
2024-12-06 17:31:37.879 [main] INFO  com.webMethodsUI.flow.pageObjects.common.LoginPage - wait for page load
2024-12-06 17:31:39.025 [main] INFO  com.webMethodsUI.flow.pageObjects.common.LoginPage - Clicking on Project [[ChromeDriver: chrome on windows (ddeb31f3a45dca37e6ce5febd6a8b176)] -> xpath: //span[contains(@class,'project-name')][contains(text(),'rajkaprojetc2')]]
2024-12-06 17:31:39.257 [main] INFO  com.webMethodsUI.flow.pageObjects.common.LoginPage - wait for page load
2024-12-06 17:31:40.471 [main] INFO  com.webMethodsUI.flow.pageObjects.common.LoginPage - Wait for loader is not Visible
2024-12-06 17:31:40.949 [main] INFO  com.webMethodsUI.flow.pageObjects.common.LoginPage - Fetching webelement at runtime //div[@class='tab-details']/ul/li/a/span[contains(text(),'Connectors ')]
2024-12-06 17:31:40.964 [main] INFO  com.webMethodsUI.flow.pageObjects.common.LoginPage - Wait for Element is visble
2024-12-06 17:31:41.061 [main] INFO  com.webMethodsUI.flow.pageObjects.common.LoginPage - Clicking on subMenu...Connectors 
2024-12-06 17:31:41.343 [main] INFO  com.webMethodsUI.flow.pageObjects.common.LoginPage - wait for page load
2024-12-06 17:31:45.846 [main] INFO  com.webMethodsUI.flow.pageObjects.common.LoginPage - Wait for loader is not visible
2024-12-06 17:31:45.931 [main] INFO  com.webMethodsUI.flow.pageObjects.common.LoginPage - Fetching webelement at runtime //a[contains(text(),'Deploy Anywhere')]
2024-12-06 17:31:45.946 [main] INFO  com.webMethodsUI.flow.pageObjects.common.LoginPage - Clicking on Left Panal MainMenu....Deploy Anywhere
2024-12-06 17:31:46.246 [main] INFO  com.webMethodsUI.flow.pageObjects.common.LoginPage - wait for page load
2024-12-06 17:31:47.338 [main] INFO  com.webMethodsUI.flow.pageObjects.common.LoginPage - Fetching webelement at runtime //div[contains(text(),'Connector')]
2024-12-06 17:31:47.355 [main] INFO  com.webMethodsUI.flow.pageObjects.common.LoginPage - Verify vissible level is: Connector
2024-12-06 17:31:47.439 [main] INFO  com.webMethodsUI.flow.pageObjects.common.LoginPage - Fetching webelement at runtime //span[@class='delite-icon dlt-icon-chevron-down icon-chevron-down']
2024-12-06 17:31:47.453 [main] INFO  com.webMethodsUI.flow.pageObjects.common.LoginPage - Click on connector details button
2024-12-06 17:31:47.669 [main] INFO  com.webMethodsUI.flow.pageObjects.common.LoginPage - Fetching webelement at runtime //a[contains(text(),'Manage runtimes')]
2024-12-06 17:31:47.692 [main] INFO  com.webMethodsUI.flow.pageObjects.common.LoginPage - Clicking on Manage Runtime
2024-12-06 17:31:47.960 [main] INFO  com.webMethodsUI.flow.pageObjects.common.LoginPage - Fetching webelement at runtime //span[normalize-space()='Cloud Designtime']/ancestor::div[@class='runtimes-item row']//i[@title='Edit configurations']
2024-12-06 17:31:48.355 [main] INFO  com.webMethodsUI.flow.pageObjects.common.LoginPage - click on icon: Cloud Designtime
2024-12-06 17:31:48.620 [main] INFO  com.webMethodsUI.flow.pageObjects.common.LoginPage - wait for loader is not visible
2024-12-06 17:31:48.733 [main] INFO  com.webMethodsUI.flow.pageObjects.common.LoginPage - Fetching webelement at runtime //select[@id='artConnection.JDBCAdapter.connection.SSL_ORCL.connectionSettings.transactionType']
2024-12-06 17:35:41.218 [main] INFO  com.webMethodsUI.flow.testbase.TestBase - ChromeDriver: chrome on windows (5b46afb56d1edad8dd900d9e3bc7a2c4)
2024-12-06 17:35:41.221 [main] INFO  com.webMethodsUI.flow.testbase.TestBase - Initilize Web Driver: 837946527
2024-12-06 17:35:41.245 [main] INFO  com.webMethodsUI.flow.testbase.TestBase - Navigating to URLhttps://azsprotenant6.int-az-us.webmethods-spro.io/
2024-12-06 17:35:45.459 [main] INFO  com.webMethodsUI.flow.pageObjects.common.LoginPage - Verify username text field is visible
2024-12-06 17:36:03.647 [main] INFO  com.webMethodsUI.flow.pageObjects.common.LoginPage - Entering user Name: admin
2024-12-06 17:36:03.796 [main] INFO  com.webMethodsUI.flow.pageObjects.common.LoginPage - Entering Password: FMS2HdMkTDTHS_TS
2024-12-06 17:36:05.947 [main] INFO  com.webMethodsUI.flow.pageObjects.common.LoginPage - Click on Login Button
2024-12-06 17:36:08.651 [main] INFO  com.webMethodsUI.flow.pageObjects.common.LoginPage - wait for page load
2024-12-06 17:36:08.742 [main] INFO  com.webMethodsUI.flow.pageObjects.common.LoginPage - wait for page load
2024-12-06 17:36:08.840 [main] INFO  com.webMethodsUI.flow.pageObjects.common.LoginPage - Verify Home page greet message is visible
2024-12-06 17:36:11.805 [main] INFO  com.webMethodsUI.flow.pageObjects.common.LoginPage - Verify create project plus button is visible
2024-12-06 17:36:13.226 [main] INFO  com.webMethodsUI.flow.pageObjects.common.LoginPage - Fetching webelement at runtime //a[normalize-space()='Projects']
2024-12-06 17:36:13.245 [main] INFO  com.webMethodsUI.flow.pageObjects.common.LoginPage - Click on projetc
2024-12-06 17:36:22.560 [main] INFO  com.webMethodsUI.flow.pageObjects.common.LoginPage - Cicking on search project field
2024-12-06 17:36:22.822 [main] INFO  com.webMethodsUI.flow.pageObjects.common.LoginPage - Entering project name in search box: rajkaprojetc2
2024-12-06 17:36:23.055 [main] INFO  com.webMethodsUI.flow.pageObjects.common.LoginPage - Clicking on searchicon to search project
2024-12-06 17:36:23.340 [main] INFO  com.webMethodsUI.flow.pageObjects.common.LoginPage - wait for page load
2024-12-06 17:36:24.493 [main] INFO  com.webMethodsUI.flow.pageObjects.common.LoginPage - Clicking on Project [[ChromeDriver: chrome on windows (5b46afb56d1edad8dd900d9e3bc7a2c4)] -> xpath: //span[contains(@class,'project-name')][contains(text(),'rajkaprojetc2')]]
2024-12-06 17:36:24.772 [main] INFO  com.webMethodsUI.flow.pageObjects.common.LoginPage - wait for page load
2024-12-06 17:36:26.931 [main] INFO  com.webMethodsUI.flow.pageObjects.common.LoginPage - Wait for loader is not Visible
2024-12-06 17:36:27.026 [main] INFO  com.webMethodsUI.flow.pageObjects.common.LoginPage - Fetching webelement at runtime //div[@class='tab-details']/ul/li/a/span[contains(text(),'Connectors ')]
2024-12-06 17:36:27.041 [main] INFO  com.webMethodsUI.flow.pageObjects.common.LoginPage - Wait for Element is visble
2024-12-06 17:36:27.108 [main] INFO  com.webMethodsUI.flow.pageObjects.common.LoginPage - Clicking on subMenu...Connectors 
2024-12-06 17:36:27.377 [main] INFO  com.webMethodsUI.flow.pageObjects.common.LoginPage - wait for page load
2024-12-06 17:36:32.400 [main] INFO  com.webMethodsUI.flow.pageObjects.common.LoginPage - Wait for loader is not visible
2024-12-06 17:36:32.528 [main] INFO  com.webMethodsUI.flow.pageObjects.common.LoginPage - Fetching webelement at runtime //a[contains(text(),'Deploy Anywhere')]
2024-12-06 17:36:32.545 [main] INFO  com.webMethodsUI.flow.pageObjects.common.LoginPage - Clicking on Left Panal MainMenu....Deploy Anywhere
2024-12-06 17:36:32.837 [main] INFO  com.webMethodsUI.flow.pageObjects.common.LoginPage - wait for page load
2024-12-06 17:36:33.939 [main] INFO  com.webMethodsUI.flow.pageObjects.common.LoginPage - Fetching webelement at runtime //div[contains(text(),'Connector')]
2024-12-06 17:36:33.955 [main] INFO  com.webMethodsUI.flow.pageObjects.common.LoginPage - Verify vissible level is: Connector
2024-12-06 17:36:34.034 [main] INFO  com.webMethodsUI.flow.pageObjects.common.LoginPage - Fetching webelement at runtime //span[@class='delite-icon dlt-icon-chevron-down icon-chevron-down']
2024-12-06 17:36:34.048 [main] INFO  com.webMethodsUI.flow.pageObjects.common.LoginPage - Click on connector details button
2024-12-06 17:36:34.270 [main] INFO  com.webMethodsUI.flow.pageObjects.common.LoginPage - Fetching webelement at runtime //a[contains(text(),'Manage runtimes')]
2024-12-06 17:36:34.298 [main] INFO  com.webMethodsUI.flow.pageObjects.common.LoginPage - Clicking on Manage Runtime
2024-12-06 17:36:34.547 [main] INFO  com.webMethodsUI.flow.pageObjects.common.LoginPage - Fetching webelement at runtime //button[contains(text(),'Runtime')]
2024-12-06 17:36:34.915 [main] INFO  com.webMethodsUI.flow.pageObjects.common.LoginPage - wait for button to load:
2024-12-06 17:36:35.006 [main] INFO  com.webMethodsUI.flow.pageObjects.common.LoginPage - Click on buttonRuntime
2024-12-06 17:36:41.268 [main] INFO  com.webMethodsUI.flow.pageObjects.common.LoginPage - Wait for loader is not visible
2024-12-06 17:36:44.280 [main] INFO  com.webMethodsUI.flow.pageObjects.common.LoginPage - Fetching webelement at runtime //span[contains(text(),'Cloud Designtime')]
2024-12-06 17:36:44.296 [main] INFO  com.webMethodsUI.flow.pageObjects.common.LoginPage - Selecting Cloud Runtime
2024-12-06 17:36:44.567 [main] INFO  com.webMethodsUI.flow.pageObjects.common.LoginPage - Fetching webelement at runtime //button[contains(text(),'Add')]
2024-12-06 17:36:44.596 [main] INFO  com.webMethodsUI.flow.pageObjects.common.LoginPage - wait for button to load:
2024-12-06 17:36:44.716 [main] INFO  com.webMethodsUI.flow.pageObjects.common.LoginPage - Click on buttonAdd
2024-12-06 17:36:45.098 [main] INFO  com.webMethodsUI.flow.pageObjects.common.LoginPage - Fetching webelement at runtime //span[normalize-space()='Cloud Designtime']/ancestor::div[@class='runtimes-item row']//i[@title='Edit configurations']
2024-12-06 17:36:45.280 [main] INFO  com.webMethodsUI.flow.pageObjects.common.LoginPage - click on icon: Cloud Designtime
2024-12-06 17:36:45.545 [main] INFO  com.webMethodsUI.flow.pageObjects.common.LoginPage - Fetching webelement at runtime //span[normalize-space()='Cloud Designtime']/ancestor::div[@class='runtimes-item row']//i[@title='Edit configurations']
2024-12-06 17:36:45.562 [main] INFO  com.webMethodsUI.flow.pageObjects.common.LoginPage - click on icon: Cloud Designtime
2024-12-06 17:36:45.799 [main] INFO  com.webMethodsUI.flow.pageObjects.common.LoginPage - wait for loader is not visible
2024-12-06 17:36:46.032 [main] INFO  com.webMethodsUI.flow.pageObjects.common.LoginPage - Fetching webelement at runtime //select[@id='artConnection.JDBCAdapter.connection.SSL_ORCL.connectionSettings.transactionType']
2024-12-06 17:37:00.014 [main] INFO  com.webMethodsUI.flow.pageObjects.common.LoginPage - Fetching webelement at runtime //option[@value='LOCAL_TRANSACTION'][normalize-space()='LOCAL_TRANSACTION']
2024-12-06 17:37:00.035 [main] INFO  com.webMethodsUI.flow.pageObjects.common.LoginPage - Click on drop down value
2024-12-06 17:41:29.607 [main] INFO  com.webMethodsUI.flow.testbase.TestBase - ChromeDriver: chrome on windows (f67c5866b67fd0f233e29ab198de5a26)
2024-12-06 17:41:29.611 [main] INFO  com.webMethodsUI.flow.testbase.TestBase - Initilize Web Driver: 837946527
2024-12-06 17:41:29.640 [main] INFO  com.webMethodsUI.flow.testbase.TestBase - Navigating to URLhttps://azsprotenant6.int-az-us.webmethods-spro.io/
2024-12-06 17:41:31.219 [main] INFO  com.webMethodsUI.flow.pageObjects.common.LoginPage - Verify username text field is visible
2024-12-06 17:41:39.377 [main] INFO  com.webMethodsUI.flow.pageObjects.common.LoginPage - Entering user Name: admin
2024-12-06 17:41:39.523 [main] INFO  com.webMethodsUI.flow.pageObjects.common.LoginPage - Entering Password: FMS2HdMkTDTHS_TS
2024-12-06 17:41:41.688 [main] INFO  com.webMethodsUI.flow.pageObjects.common.LoginPage - Click on Login Button
2024-12-06 17:41:44.395 [main] INFO  com.webMethodsUI.flow.pageObjects.common.LoginPage - wait for page load
2024-12-06 17:41:44.501 [main] INFO  com.webMethodsUI.flow.pageObjects.common.LoginPage - wait for page load
2024-12-06 17:41:44.600 [main] INFO  com.webMethodsUI.flow.pageObjects.common.LoginPage - Verify Home page greet message is visible
2024-12-06 17:41:47.528 [main] INFO  com.webMethodsUI.flow.pageObjects.common.LoginPage - Verify create project plus button is visible
2024-12-06 17:41:52.982 [main] INFO  com.webMethodsUI.flow.pageObjects.common.LoginPage - Fetching webelement at runtime //a[normalize-space()='Projects']
2024-12-06 17:41:52.997 [main] INFO  com.webMethodsUI.flow.pageObjects.common.LoginPage - Click on projetc
2024-12-06 17:42:02.310 [main] INFO  com.webMethodsUI.flow.pageObjects.common.LoginPage - Cicking on search project field
2024-12-06 17:42:02.577 [main] INFO  com.webMethodsUI.flow.pageObjects.common.LoginPage - Entering project name in search box: rajkaprojetc2
2024-12-06 17:42:02.792 [main] INFO  com.webMethodsUI.flow.pageObjects.common.LoginPage - Clicking on searchicon to search project
2024-12-06 17:42:03.083 [main] INFO  com.webMethodsUI.flow.pageObjects.common.LoginPage - wait for page load
2024-12-06 17:42:04.233 [main] INFO  com.webMethodsUI.flow.pageObjects.common.LoginPage - Clicking on Project [[ChromeDriver: chrome on windows (f67c5866b67fd0f233e29ab198de5a26)] -> xpath: //span[contains(@class,'project-name')][contains(text(),'rajkaprojetc2')]]
2024-12-06 17:42:04.515 [main] INFO  com.webMethodsUI.flow.pageObjects.common.LoginPage - wait for page load
2024-12-06 17:42:06.662 [main] INFO  com.webMethodsUI.flow.pageObjects.common.LoginPage - Wait for loader is not Visible
2024-12-06 17:42:06.745 [main] INFO  com.webMethodsUI.flow.pageObjects.common.LoginPage - Fetching webelement at runtime //div[@class='tab-details']/ul/li/a/span[contains(text(),'Connectors ')]
2024-12-06 17:42:06.761 [main] INFO  com.webMethodsUI.flow.pageObjects.common.LoginPage - Wait for Element is visble
2024-12-06 17:42:06.838 [main] INFO  com.webMethodsUI.flow.pageObjects.common.LoginPage - Clicking on subMenu...Connectors 
2024-12-06 17:42:07.116 [main] INFO  com.webMethodsUI.flow.pageObjects.common.LoginPage - wait for page load
2024-12-06 17:42:11.966 [main] INFO  com.webMethodsUI.flow.pageObjects.common.LoginPage - Wait for loader is not visible
2024-12-06 17:42:12.048 [main] INFO  com.webMethodsUI.flow.pageObjects.common.LoginPage - Fetching webelement at runtime //a[contains(text(),'Deploy Anywhere')]
2024-12-06 17:42:12.062 [main] INFO  com.webMethodsUI.flow.pageObjects.common.LoginPage - Clicking on Left Panal MainMenu....Deploy Anywhere
2024-12-06 17:42:12.342 [main] INFO  com.webMethodsUI.flow.pageObjects.common.LoginPage - wait for page load
2024-12-06 17:42:13.440 [main] INFO  com.webMethodsUI.flow.pageObjects.common.LoginPage - Fetching webelement at runtime //div[contains(text(),'Connector')]
2024-12-06 17:42:13.454 [main] INFO  com.webMethodsUI.flow.pageObjects.common.LoginPage - Verify vissible level is: Connector
2024-12-06 17:42:13.524 [main] INFO  com.webMethodsUI.flow.pageObjects.common.LoginPage - Fetching webelement at runtime //span[@class='delite-icon dlt-icon-chevron-down icon-chevron-down']
2024-12-06 17:42:13.538 [main] INFO  com.webMethodsUI.flow.pageObjects.common.LoginPage - Click on connector details button
2024-12-06 17:42:13.791 [main] INFO  com.webMethodsUI.flow.pageObjects.common.LoginPage - Fetching webelement at runtime //a[contains(text(),'Manage runtimes')]
2024-12-06 17:42:13.819 [main] INFO  com.webMethodsUI.flow.pageObjects.common.LoginPage - Clicking on Manage Runtime
2024-12-06 17:42:14.062 [main] INFO  com.webMethodsUI.flow.pageObjects.common.LoginPage - Fetching webelement at runtime //button[contains(text(),'Runtime')]
2024-12-06 17:42:14.437 [main] INFO  com.webMethodsUI.flow.pageObjects.common.LoginPage - wait for button to load:
2024-12-06 17:42:14.527 [main] INFO  com.webMethodsUI.flow.pageObjects.common.LoginPage - Click on buttonRuntime
2024-12-06 17:42:20.793 [main] INFO  com.webMethodsUI.flow.pageObjects.common.LoginPage - Wait for loader is not visible
2024-12-06 17:42:23.254 [main] INFO  com.webMethodsUI.flow.pageObjects.common.LoginPage - Fetching webelement at runtime //span[contains(text(),'Cloud Designtime')]
2024-12-06 17:42:23.271 [main] INFO  com.webMethodsUI.flow.pageObjects.common.LoginPage - Selecting Cloud Runtime
2024-12-06 17:42:23.557 [main] INFO  com.webMethodsUI.flow.pageObjects.common.LoginPage - Fetching webelement at runtime //button[contains(text(),'Add')]
2024-12-06 17:42:23.582 [main] INFO  com.webMethodsUI.flow.pageObjects.common.LoginPage - wait for button to load:
2024-12-06 17:42:23.696 [main] INFO  com.webMethodsUI.flow.pageObjects.common.LoginPage - Click on buttonAdd
2024-12-06 17:42:24.080 [main] INFO  com.webMethodsUI.flow.pageObjects.common.LoginPage - Fetching webelement at runtime //span[normalize-space()='Cloud Designtime']/ancestor::div[@class='runtimes-item row']//i[@title='Edit configurations']
2024-12-06 17:42:24.255 [main] INFO  com.webMethodsUI.flow.pageObjects.common.LoginPage - click on icon: Cloud Designtime
2024-12-06 17:42:24.543 [main] INFO  com.webMethodsUI.flow.pageObjects.common.LoginPage - Fetching webelement at runtime //span[normalize-space()='Cloud Designtime']/ancestor::div[@class='runtimes-item row']//i[@title='Edit configurations']
2024-12-06 17:42:24.553 [main] INFO  com.webMethodsUI.flow.pageObjects.common.LoginPage - click on icon: Cloud Designtime
2024-12-06 17:42:24.799 [main] INFO  com.webMethodsUI.flow.pageObjects.common.LoginPage - wait for loader is not visible
2024-12-06 17:42:25.029 [main] INFO  com.webMethodsUI.flow.pageObjects.common.LoginPage - Fetching webelement at runtime //select[@id='artConnection.JDBCAdapter.connection.SSL_ORCL.connectionSettings.transactionType']
2024-12-06 17:42:39.015 [main] INFO  com.webMethodsUI.flow.pageObjects.common.LoginPage - Fetching webelement at runtime //select[@id='artConnection.JDBCAdapter.connection.SSL_ORCL.connectionSettings.driverType']
2024-12-06 17:42:52.109 [main] INFO  com.webMethodsUI.flow.pageObjects.common.LoginPage - Fetching webelement at runtime //input[@id='artConnection.JDBCAdapter.connection.SSL_ORCL.connectionSettings.datasourceClass']
2024-12-06 17:42:52.123 [main] INFO  com.webMethodsUI.flow.pageObjects.common.LoginPage - ENter data source class
2024-12-06 17:42:52.347 [main] INFO  com.webMethodsUI.flow.pageObjects.common.LoginPage - Fetching webelement at runtime //input[@id='artConnection.JDBCAdapter.connection.SSL_ORCL.connectionSettings.serverName']
2024-12-06 17:42:52.362 [main] INFO  com.webMethodsUI.flow.pageObjects.common.LoginPage - Enter server name
2024-12-06 17:42:52.662 [main] INFO  com.webMethodsUI.flow.pageObjects.common.LoginPage - Fetching webelement at runtime //input[@id='artConnection.JDBCAdapter.connection.SSL_ORCL.connectionSettings.user']
2024-12-06 17:42:52.677 [main] INFO  com.webMethodsUI.flow.pageObjects.common.LoginPage - Enter user name
2024-12-06 17:42:52.818 [main] INFO  com.webMethodsUI.flow.pageObjects.common.LoginPage - Fetching webelement at runtime //input[@id='artConnection.JDBCAdapter.connection.SSL_ORCL.connectionSettings.password']
2024-12-06 17:42:52.831 [main] INFO  com.webMethodsUI.flow.pageObjects.common.LoginPage - Enter Password
2024-12-06 17:42:52.980 [main] INFO  com.webMethodsUI.flow.pageObjects.common.LoginPage - Fetching webelement at runtime //input[@id='artConnection.JDBCAdapter.connection.SSL_ORCL.connectionSettings.databaseName']
2024-12-06 17:42:52.996 [main] INFO  com.webMethodsUI.flow.pageObjects.common.LoginPage - Enter Database name
2024-12-06 17:42:53.134 [main] INFO  com.webMethodsUI.flow.pageObjects.common.LoginPage - Fetching webelement at runtime //input[@id='artConnection.JDBCAdapter.connection.SSL_ORCL.connectionSettings.networkProtocol']
2024-12-06 17:42:53.149 [main] INFO  com.webMethodsUI.flow.pageObjects.common.LoginPage - Enter port number
2024-12-06 17:42:53.281 [main] INFO  com.webMethodsUI.flow.pageObjects.common.LoginPage - Fetching webelement at runtime //input[@id='artConnection.JDBCAdapter.connection.SSL_ORCL.connectionSettings.trustStoreAlias']
2024-12-06 17:42:53.293 [main] INFO  com.webMethodsUI.flow.pageObjects.common.LoginPage - Enter default truststore Name
2024-12-06 17:42:53.464 [main] INFO  com.webMethodsUI.flow.pageObjects.common.LoginPage - Fetching webelement at runtime //input[@id='artConnection.JDBCAdapter.connection.SSL_ORCL.connectionSettings.trustStorePassword']
2024-12-06 17:42:53.477 [main] INFO  com.webMethodsUI.flow.pageObjects.common.LoginPage - Enter trustore password
2024-12-06 17:42:53.597 [main] INFO  com.webMethodsUI.flow.pageObjects.common.LoginPage - Fetching webelement at runtime //input[@id='artConnection.JDBCAdapter.connection.SSL_ORCL.connectionSettings.otherProperties']
2024-12-06 17:42:53.610 [main] INFO  com.webMethodsUI.flow.pageObjects.common.LoginPage - Enter value for other properties
2024-12-06 17:42:53.764 [main] INFO  com.webMethodsUI.flow.pageObjects.common.LoginPage - Fetching webelement at runtime //input[@id='artConnection.JDBCAdapter.connection.SSL_ORCL.connectionSettings.networkProtocol']
2024-12-06 17:42:53.776 [main] INFO  com.webMethodsUI.flow.pageObjects.common.LoginPage - Enter network protocal
2024-12-06 17:42:53.913 [main] INFO  com.webMethodsUI.flow.pageObjects.common.LoginPage - Fetching webelement at runtime //button[normalize-space()='Save']
2024-12-06 17:42:53.926 [main] INFO  com.webMethodsUI.flow.pageObjects.common.LoginPage - Click on save connection
2024-12-06 17:59:21.485 [main] INFO  com.webMethodsUI.flow.testbase.TestBase - ChromeDriver: chrome on windows (3c6bc66830cda0c982948307ec0cc936)
2024-12-06 17:59:21.487 [main] INFO  com.webMethodsUI.flow.testbase.TestBase - Initilize Web Driver: 199041063
2024-12-06 17:59:21.508 [main] INFO  com.webMethodsUI.flow.testbase.TestBase - Navigating to URLhttps://azsprotenant6.int-az-us.webmethods-spro.io/
2024-12-06 17:59:23.967 [main] INFO  com.webMethodsUI.flow.pageObjects.common.LoginPage - Verify username text field is visible
2024-12-06 17:59:31.159 [main] INFO  com.webMethodsUI.flow.pageObjects.common.LoginPage - Entering user Name: admin
2024-12-06 17:59:31.292 [main] INFO  com.webMethodsUI.flow.pageObjects.common.LoginPage - Entering Password: FMS2HdMkTDTHS_TS
2024-12-06 17:59:33.445 [main] INFO  com.webMethodsUI.flow.pageObjects.common.LoginPage - Click on Login Button
2024-12-06 17:59:36.509 [main] INFO  com.webMethodsUI.flow.pageObjects.common.LoginPage - wait for page load
2024-12-06 17:59:36.614 [main] INFO  com.webMethodsUI.flow.pageObjects.common.LoginPage - wait for page load
2024-12-06 17:59:36.713 [main] INFO  com.webMethodsUI.flow.pageObjects.common.LoginPage - Verify Home page greet message is visible
2024-12-06 17:59:39.290 [main] INFO  com.webMethodsUI.flow.pageObjects.common.LoginPage - Verify create project plus button is visible
2024-12-06 17:59:40.754 [main] INFO  com.webMethodsUI.origin.pageObjects.ACL_WF33565.ACL_WF33565_Locators - Waiting for Integration Runtimes to visible
2024-12-06 17:59:40.754 [main] INFO  com.webMethodsUI.flow.pageObjects.common.LoginPage - Click on Integration runtimes
2024-12-06 17:59:41.015 [main] INFO  com.webMethodsUI.flow.pageObjects.common.LoginPage - Wait for loder not visible
2024-12-06 17:59:41.112 [main] INFO  com.webMethodsUI.flow.pageObjects.common.LoginPage - Wait for loder not visible
2024-12-06 17:59:41.208 [main] INFO  com.webMethodsUI.flow.pageObjects.common.LoginPage - wait for loder not visible
2024-12-06 18:00:11.449 [main] INFO  com.webMethodsUI.flow.pageObjects.common.LoginPage - Fetching webelement at runtime //a[normalize-space()='Projects']
2024-12-06 18:00:11.465 [main] INFO  com.webMethodsUI.flow.pageObjects.common.LoginPage - Click on projetc
2024-12-06 18:00:20.774 [main] INFO  com.webMethodsUI.flow.pageObjects.common.LoginPage - Cicking on search project field
2024-12-06 18:00:21.043 [main] INFO  com.webMethodsUI.flow.pageObjects.common.LoginPage - Entering project name in search box: rajkaprojetc2
2024-12-06 18:00:21.273 [main] INFO  com.webMethodsUI.flow.pageObjects.common.LoginPage - Clicking on searchicon to search project
2024-12-06 18:00:21.559 [main] INFO  com.webMethodsUI.flow.pageObjects.common.LoginPage - wait for page load
2024-12-06 18:00:22.713 [main] INFO  com.webMethodsUI.flow.pageObjects.common.LoginPage - Clicking on Project [[ChromeDriver: chrome on windows (3c6bc66830cda0c982948307ec0cc936)] -> xpath: //span[contains(@class,'project-name')][contains(text(),'rajkaprojetc2')]]
2024-12-06 18:00:22.942 [main] INFO  com.webMethodsUI.flow.pageObjects.common.LoginPage - wait for page load
2024-12-06 18:00:25.126 [main] INFO  com.webMethodsUI.flow.pageObjects.common.LoginPage - Wait for loader is not Visible
2024-12-06 18:00:25.222 [main] INFO  com.webMethodsUI.flow.pageObjects.common.LoginPage - Fetching webelement at runtime //div[@class='tab-details']/ul/li/a/span[contains(text(),'Connectors ')]
2024-12-06 18:00:25.238 [main] INFO  com.webMethodsUI.flow.pageObjects.common.LoginPage - Wait for Element is visble
2024-12-06 18:00:25.338 [main] INFO  com.webMethodsUI.flow.pageObjects.common.LoginPage - Clicking on subMenu...Connectors 
2024-12-06 18:00:25.627 [main] INFO  com.webMethodsUI.flow.pageObjects.common.LoginPage - wait for page load
2024-12-06 18:00:30.085 [main] INFO  com.webMethodsUI.flow.pageObjects.common.LoginPage - Wait for loader is not visible
2024-12-06 18:00:30.166 [main] INFO  com.webMethodsUI.flow.pageObjects.common.LoginPage - Fetching webelement at runtime //a[contains(text(),'Deploy Anywhere')]
2024-12-06 18:00:30.182 [main] INFO  com.webMethodsUI.flow.pageObjects.common.LoginPage - Clicking on Left Panal MainMenu....Deploy Anywhere
2024-12-06 18:00:30.486 [main] INFO  com.webMethodsUI.flow.pageObjects.common.LoginPage - wait for page load
2024-12-06 18:00:31.584 [main] INFO  com.webMethodsUI.flow.pageObjects.common.LoginPage - Fetching webelement at runtime //div[contains(text(),'Connector')]
2024-12-06 18:00:31.599 [main] INFO  com.webMethodsUI.flow.pageObjects.common.LoginPage - Verify vissible level is: Connector
2024-12-06 18:00:31.669 [main] INFO  com.webMethodsUI.flow.pageObjects.common.LoginPage - Fetching webelement at runtime //span[@class='delite-icon dlt-icon-chevron-down icon-chevron-down']
2024-12-06 18:00:31.685 [main] INFO  com.webMethodsUI.flow.pageObjects.common.LoginPage - Click on connector details button
2024-12-06 18:00:31.920 [main] INFO  com.webMethodsUI.flow.pageObjects.common.LoginPage - Fetching webelement at runtime //a[contains(text(),'Manage runtimes')]
2024-12-06 18:00:31.947 [main] INFO  com.webMethodsUI.flow.pageObjects.common.LoginPage - Clicking on Manage Runtime
2024-12-06 18:00:32.194 [main] INFO  com.webMethodsUI.flow.pageObjects.common.LoginPage - Fetching webelement at runtime //button[contains(text(),'Runtime')]
2024-12-06 18:00:32.595 [main] INFO  com.webMethodsUI.flow.pageObjects.common.LoginPage - wait for button to load:
2024-12-06 18:00:32.690 [main] INFO  com.webMethodsUI.flow.pageObjects.common.LoginPage - Click on buttonRuntime
2024-12-06 18:00:38.956 [main] INFO  com.webMethodsUI.flow.pageObjects.common.LoginPage - Wait for loader is not visible
2024-12-06 18:00:42.035 [main] INFO  com.webMethodsUI.flow.pageObjects.common.LoginPage - Fetching webelement at runtime //span[contains(text(),'RuntimStoreTest')]
2024-12-06 18:01:12.169 [main] INFO  com.webMethodsUI.flow.pageObjects.common.LoginPage - wait for loader is not visible
2024-12-06 18:01:12.267 [main] INFO  com.webMethodsUI.flow.pageObjects.common.LoginPage - Fetching webelement at runtime //select[@id='artConnection.JDBCAdapter.connection.SSL_ORCL.connectionSettings.transactionType']
