2024-12-30 16:53:47.342 [TestNG-tests-1] INFO  com.webMethodsFlowUI.testsuites.CleanUpAssets.CleanAssets - Clean assets in source tenant : https://azsprotenant6.int-az-us.webmethods-spro.io/
2024-12-30 16:53:47.345 [TestNG-tests-1] INFO  com.webMethodsFlowUI.testsuites.CleanUpAssets.CleanAssets - GETTING AUTHTOKEN COOKIE AND CSRF
2024-12-30 16:53:51.697 [TestNG-tests-1] INFO  com.webMethodsFlowUI.testsuites.CleanUpAssets.CleanAssets - delete the used git account
2024-12-30 16:53:51.699 [TestNG-tests-1] INFO  com.webMethodsFlowUI.testsuites.CleanUpAssets.CleanAssets - https://azsprotenant6.int-az-us.webmethods-spro.io//integration/rest/vcs/git
2024-12-30 16:53:52.989 [TestNG-tests-1] INFO  com.webMethodsFlowUI.testsuites.CleanUpAssets.CleanAssets - {"integration":{"message":{"code":-1,"description":"Git account with display name vna not found"}}}
2024-12-30 16:53:52.990 [TestNG-tests-1] INFO  com.webMethodsFlowUI.testsuites.CleanUpAssets.CleanAssets - not able to delete the git account
2024-12-30 16:53:52.990 [TestNG-tests-1] INFO  com.webMethodsFlowUI.testsuites.CleanUpAssets.CleanAssets - iteration 1
2024-12-30 16:53:52.990 [TestNG-tests-1] INFO  com.webMethodsFlowUI.testsuites.CleanUpAssets.CleanAssets - GETTING AUTHTOKEN COOKIE AND CSRF
2024-12-30 16:53:54.590 [TestNG-tests-1] INFO  com.webMethodsFlowUI.testsuites.CleanUpAssets.CleanAssets - GETTING Project ID
2024-12-30 16:53:55.616 [TestNG-tests-1] INFO  com.webMethodsFlowUI.testsuites.CleanUpAssets.CleanAssets - projectName : ICUI_ Project ID flda34269d71e14c11ee0c82
2024-12-30 16:53:55.616 [TestNG-tests-1] INFO  com.webMethodsFlowUI.testsuites.CleanUpAssets.CleanAssets - GETTING ERT ID
2024-12-30 16:53:56.768 [TestNG-tests-1] INFO  com.webMethodsFlowUI.testsuites.CleanUpAssets.CleanAssets - Clean assets in target tenant : https://devrealm2.dev-int-aws-us.webmethods.io
2024-12-30 16:53:56.768 [TestNG-tests-1] INFO  com.webMethodsFlowUI.testsuites.CleanUpAssets.CleanAssets - GETTING AUTHTOKEN COOKIE AND CSRF
2024-12-30 16:53:59.565 [TestNG-tests-1] INFO  com.webMethodsFlowUI.testsuites.CleanUpAssets.CleanAssets - delete the used git account
2024-12-30 16:53:59.565 [TestNG-tests-1] INFO  com.webMethodsFlowUI.testsuites.CleanUpAssets.CleanAssets - https://devrealm2.dev-int-aws-us.webmethods.io/integration/rest/vcs/git
2024-12-30 16:54:00.966 [TestNG-tests-1] INFO  com.webMethodsFlowUI.testsuites.CleanUpAssets.CleanAssets - {"integration":{"message":{"code":-1,"description":"Github account with display name vna not found"}}}
2024-12-30 16:54:00.966 [TestNG-tests-1] INFO  com.webMethodsFlowUI.testsuites.CleanUpAssets.CleanAssets - not able to delete the git account
2024-12-30 16:54:00.966 [TestNG-tests-1] INFO  com.webMethodsFlowUI.testsuites.CleanUpAssets.CleanAssets - iteration 1
2024-12-30 16:54:00.967 [TestNG-tests-1] INFO  com.webMethodsFlowUI.testsuites.CleanUpAssets.CleanAssets - GETTING AUTHTOKEN COOKIE AND CSRF
2024-12-30 16:54:02.981 [TestNG-tests-1] INFO  com.webMethodsFlowUI.testsuites.CleanUpAssets.CleanAssets - GETTING Project ID
2024-12-30 16:54:04.431 [TestNG-tests-1] INFO  com.webMethodsFlowUI.testsuites.CleanUpAssets.CleanAssets - GETTING ERT ID
2024-12-30 16:57:03.556 [TestNG-tests-1] INFO  com.webMethodsFlowUI.testsuites.CleanUpAssets.CleanAssets - Clean assets in source tenant : https://azsprotenant6.int-az-us.webmethods-spro.io/
2024-12-30 16:57:03.559 [TestNG-tests-1] INFO  com.webMethodsFlowUI.testsuites.CleanUpAssets.CleanAssets - GETTING AUTHTOKEN COOKIE AND CSRF
2024-12-30 16:57:07.445 [TestNG-tests-1] INFO  com.webMethodsFlowUI.testsuites.CleanUpAssets.CleanAssets - delete the used git account
2024-12-30 16:57:07.448 [TestNG-tests-1] INFO  com.webMethodsFlowUI.testsuites.CleanUpAssets.CleanAssets - https://azsprotenant6.int-az-us.webmethods-spro.io//integration/rest/vcs/git
2024-12-30 16:57:08.689 [TestNG-tests-1] INFO  com.webMethodsFlowUI.testsuites.CleanUpAssets.CleanAssets - {"integration":{"message":{"code":-1,"description":"Git account with display name vna not found"}}}
2024-12-30 16:57:08.690 [TestNG-tests-1] INFO  com.webMethodsFlowUI.testsuites.CleanUpAssets.CleanAssets - not able to delete the git account
2024-12-30 16:57:08.690 [TestNG-tests-1] INFO  com.webMethodsFlowUI.testsuites.CleanUpAssets.CleanAssets - iteration 1
2024-12-30 16:57:08.690 [TestNG-tests-1] INFO  com.webMethodsFlowUI.testsuites.CleanUpAssets.CleanAssets - GETTING AUTHTOKEN COOKIE AND CSRF
2024-12-30 16:57:10.114 [TestNG-tests-1] INFO  com.webMethodsFlowUI.testsuites.CleanUpAssets.CleanAssets - GETTING Project ID
2024-12-30 16:57:11.159 [TestNG-tests-1] INFO  com.webMethodsFlowUI.testsuites.CleanUpAssets.CleanAssets - projectName : ICUI_ Project ID flda34269d71e14c11ee0c82
2024-12-30 16:57:11.160 [TestNG-tests-1] INFO  com.webMethodsFlowUI.testsuites.CleanUpAssets.CleanAssets - GETTING ERT ID
2024-12-30 16:57:12.438 [TestNG-tests-1] INFO  com.webMethodsFlowUI.testsuites.CleanUpAssets.CleanAssets - Clean assets in target tenant : https://devrealm2.dev-int-aws-us.webmethods.io
2024-12-30 16:57:12.438 [TestNG-tests-1] INFO  com.webMethodsFlowUI.testsuites.CleanUpAssets.CleanAssets - GETTING AUTHTOKEN COOKIE AND CSRF
2024-12-30 16:57:14.513 [TestNG-tests-1] INFO  com.webMethodsFlowUI.testsuites.CleanUpAssets.CleanAssets - delete the used git account
2024-12-30 16:57:14.514 [TestNG-tests-1] INFO  com.webMethodsFlowUI.testsuites.CleanUpAssets.CleanAssets - https://devrealm2.dev-int-aws-us.webmethods.io/integration/rest/vcs/git
2024-12-30 16:57:15.946 [TestNG-tests-1] INFO  com.webMethodsFlowUI.testsuites.CleanUpAssets.CleanAssets - {"integration":{"message":{"code":-1,"description":"Github account with display name vna not found"}}}
2024-12-30 16:57:15.946 [TestNG-tests-1] INFO  com.webMethodsFlowUI.testsuites.CleanUpAssets.CleanAssets - not able to delete the git account
2024-12-30 16:57:15.947 [TestNG-tests-1] INFO  com.webMethodsFlowUI.testsuites.CleanUpAssets.CleanAssets - iteration 1
2024-12-30 16:57:15.947 [TestNG-tests-1] INFO  com.webMethodsFlowUI.testsuites.CleanUpAssets.CleanAssets - GETTING AUTHTOKEN COOKIE AND CSRF
2024-12-30 16:57:17.806 [TestNG-tests-1] INFO  com.webMethodsFlowUI.testsuites.CleanUpAssets.CleanAssets - GETTING Project ID
2024-12-30 16:57:19.341 [TestNG-tests-1] INFO  com.webMethodsFlowUI.testsuites.CleanUpAssets.CleanAssets - GETTING ERT ID
2024-12-30 16:58:20.508 [TestNG-tests-1] INFO  com.webMethodsFlowUI.testsuites.CleanUpAssets.CleanAssets - Clean assets in source tenant : https://azsprotenant6.int-az-us.webmethods-spro.io/
2024-12-30 16:58:20.512 [TestNG-tests-1] INFO  com.webMethodsFlowUI.testsuites.CleanUpAssets.CleanAssets - GETTING AUTHTOKEN COOKIE AND CSRF
2024-12-30 16:58:24.142 [TestNG-tests-1] INFO  com.webMethodsFlowUI.testsuites.CleanUpAssets.CleanAssets - delete the used git account
2024-12-30 16:58:24.144 [TestNG-tests-1] INFO  com.webMethodsFlowUI.testsuites.CleanUpAssets.CleanAssets - https://azsprotenant6.int-az-us.webmethods-spro.io//integration/rest/vcs/git
2024-12-30 16:58:25.364 [TestNG-tests-1] INFO  com.webMethodsFlowUI.testsuites.CleanUpAssets.CleanAssets - {"integration":{"message":{"code":-1,"description":"Git account with display name vna not found"}}}
2024-12-30 16:58:25.364 [TestNG-tests-1] INFO  com.webMethodsFlowUI.testsuites.CleanUpAssets.CleanAssets - not able to delete the git account
2024-12-30 16:58:25.365 [TestNG-tests-1] INFO  com.webMethodsFlowUI.testsuites.CleanUpAssets.CleanAssets - iteration 1
2024-12-30 16:58:25.365 [TestNG-tests-1] INFO  com.webMethodsFlowUI.testsuites.CleanUpAssets.CleanAssets - GETTING AUTHTOKEN COOKIE AND CSRF
2024-12-30 16:58:26.640 [TestNG-tests-1] INFO  com.webMethodsFlowUI.testsuites.CleanUpAssets.CleanAssets - GETTING Project ID
2024-12-30 16:58:27.646 [TestNG-tests-1] INFO  com.webMethodsFlowUI.testsuites.CleanUpAssets.CleanAssets - projectName : ICUI_ Project ID flda34269d71e14c11ee0c82
2024-12-30 16:58:27.647 [TestNG-tests-1] INFO  com.webMethodsFlowUI.testsuites.CleanUpAssets.CleanAssets - GETTING ERT ID
2024-12-30 16:58:28.814 [TestNG-tests-1] INFO  com.webMethodsFlowUI.testsuites.CleanUpAssets.CleanAssets - Clean assets in target tenant : https://devrealm2.dev-int-aws-us.webmethods.io
2024-12-30 16:58:28.815 [TestNG-tests-1] INFO  com.webMethodsFlowUI.testsuites.CleanUpAssets.CleanAssets - GETTING AUTHTOKEN COOKIE AND CSRF
2024-12-30 16:58:30.763 [TestNG-tests-1] INFO  com.webMethodsFlowUI.testsuites.CleanUpAssets.CleanAssets - delete the used git account
2024-12-30 16:58:30.764 [TestNG-tests-1] INFO  com.webMethodsFlowUI.testsuites.CleanUpAssets.CleanAssets - https://devrealm2.dev-int-aws-us.webmethods.io/integration/rest/vcs/git
2024-12-30 16:58:32.154 [TestNG-tests-1] INFO  com.webMethodsFlowUI.testsuites.CleanUpAssets.CleanAssets - {"integration":{"message":{"code":-1,"description":"Github account with display name vna not found"}}}
2024-12-30 16:58:32.154 [TestNG-tests-1] INFO  com.webMethodsFlowUI.testsuites.CleanUpAssets.CleanAssets - not able to delete the git account
2024-12-30 16:58:32.154 [TestNG-tests-1] INFO  com.webMethodsFlowUI.testsuites.CleanUpAssets.CleanAssets - iteration 1
2024-12-30 16:58:32.154 [TestNG-tests-1] INFO  com.webMethodsFlowUI.testsuites.CleanUpAssets.CleanAssets - GETTING AUTHTOKEN COOKIE AND CSRF
2024-12-30 16:58:34.080 [TestNG-tests-1] INFO  com.webMethodsFlowUI.testsuites.CleanUpAssets.CleanAssets - GETTING Project ID
2024-12-30 16:58:35.593 [TestNG-tests-1] INFO  com.webMethodsFlowUI.testsuites.CleanUpAssets.CleanAssets - GETTING ERT ID
2024-12-30 17:00:42.076 [TestNG-tests-1] INFO  com.webMethodsFlowUI.testsuites.CleanUpAssets.CleanAssets - Clean assets in source tenant : https://azsprotenant6.int-az-us.webmethods-spro.io/
2024-12-30 17:00:42.079 [TestNG-tests-1] INFO  com.webMethodsFlowUI.testsuites.CleanUpAssets.CleanAssets - GETTING AUTHTOKEN COOKIE AND CSRF
2024-12-30 17:00:45.330 [TestNG-tests-1] INFO  com.webMethodsFlowUI.testsuites.CleanUpAssets.CleanAssets - delete the used git account
2024-12-30 17:00:45.332 [TestNG-tests-1] INFO  com.webMethodsFlowUI.testsuites.CleanUpAssets.CleanAssets - https://azsprotenant6.int-az-us.webmethods-spro.io//integration/rest/vcs/git
2024-12-30 17:00:46.566 [TestNG-tests-1] INFO  com.webMethodsFlowUI.testsuites.CleanUpAssets.CleanAssets - {"integration":{"message":{"code":-1,"description":"Git account with display name vna not found"}}}
2024-12-30 17:00:46.566 [TestNG-tests-1] INFO  com.webMethodsFlowUI.testsuites.CleanUpAssets.CleanAssets - not able to delete the git account
2024-12-30 17:00:46.566 [TestNG-tests-1] INFO  com.webMethodsFlowUI.testsuites.CleanUpAssets.CleanAssets - iteration 1
2024-12-30 17:00:46.567 [TestNG-tests-1] INFO  com.webMethodsFlowUI.testsuites.CleanUpAssets.CleanAssets - GETTING AUTHTOKEN COOKIE AND CSRF
2024-12-30 17:00:47.864 [TestNG-tests-1] INFO  com.webMethodsFlowUI.testsuites.CleanUpAssets.CleanAssets - GETTING Project ID
2024-12-30 17:00:48.934 [TestNG-tests-1] INFO  com.webMethodsFlowUI.testsuites.CleanUpAssets.CleanAssets - projectName : ICUI_ Project ID flda34269d71e14c11ee0c82
2024-12-30 17:00:48.934 [TestNG-tests-1] INFO  com.webMethodsFlowUI.testsuites.CleanUpAssets.CleanAssets - GETTING ERT ID
2024-12-30 17:00:50.139 [TestNG-tests-1] INFO  com.webMethodsFlowUI.testsuites.CleanUpAssets.CleanAssets - Clean assets in target tenant : https://devrealm2.dev-int-aws-us.webmethods.io
2024-12-30 17:00:50.139 [TestNG-tests-1] INFO  com.webMethodsFlowUI.testsuites.CleanUpAssets.CleanAssets - GETTING AUTHTOKEN COOKIE AND CSRF
2024-12-30 17:00:51.991 [TestNG-tests-1] INFO  com.webMethodsFlowUI.testsuites.CleanUpAssets.CleanAssets - delete the used git account
2024-12-30 17:00:51.992 [TestNG-tests-1] INFO  com.webMethodsFlowUI.testsuites.CleanUpAssets.CleanAssets - https://devrealm2.dev-int-aws-us.webmethods.io/integration/rest/vcs/git
2024-12-30 17:00:53.387 [TestNG-tests-1] INFO  com.webMethodsFlowUI.testsuites.CleanUpAssets.CleanAssets - {"integration":{"message":{"code":-1,"description":"Github account with display name vna not found"}}}
2024-12-30 17:00:53.388 [TestNG-tests-1] INFO  com.webMethodsFlowUI.testsuites.CleanUpAssets.CleanAssets - not able to delete the git account
2024-12-30 17:00:53.388 [TestNG-tests-1] INFO  com.webMethodsFlowUI.testsuites.CleanUpAssets.CleanAssets - iteration 1
2024-12-30 17:00:53.388 [TestNG-tests-1] INFO  com.webMethodsFlowUI.testsuites.CleanUpAssets.CleanAssets - GETTING AUTHTOKEN COOKIE AND CSRF
2024-12-30 17:00:55.169 [TestNG-tests-1] INFO  com.webMethodsFlowUI.testsuites.CleanUpAssets.CleanAssets - GETTING Project ID
2024-12-30 17:00:56.684 [TestNG-tests-1] INFO  com.webMethodsFlowUI.testsuites.CleanUpAssets.CleanAssets - GETTING ERT ID
2024-12-30 17:08:29.724 [TestNG-tests-1] INFO  com.webMethodsFlowUI.testsuites.CleanUpAssets.CleanAssets - Clean assets in source tenant : https://azsprotenant6.int-az-us.webmethods-spro.io/
2024-12-30 17:08:29.727 [TestNG-tests-1] INFO  com.webMethodsFlowUI.testsuites.CleanUpAssets.CleanAssets - GETTING AUTHTOKEN COOKIE AND CSRF
2024-12-30 17:08:32.977 [TestNG-tests-1] INFO  com.webMethodsFlowUI.testsuites.CleanUpAssets.CleanAssets - delete the used git account
2024-12-30 17:08:32.978 [TestNG-tests-1] INFO  com.webMethodsFlowUI.testsuites.CleanUpAssets.CleanAssets - https://azsprotenant6.int-az-us.webmethods-spro.io//integration/rest/vcs/git
2024-12-30 17:08:34.192 [TestNG-tests-1] INFO  com.webMethodsFlowUI.testsuites.CleanUpAssets.CleanAssets - {"integration":{"message":{"code":-1,"description":"Git account with display name vna not found"}}}
2024-12-30 17:08:34.192 [TestNG-tests-1] INFO  com.webMethodsFlowUI.testsuites.CleanUpAssets.CleanAssets - not able to delete the git account
2024-12-30 17:08:34.192 [TestNG-tests-1] INFO  com.webMethodsFlowUI.testsuites.CleanUpAssets.CleanAssets - iteration 1
2024-12-30 17:08:34.193 [TestNG-tests-1] INFO  com.webMethodsFlowUI.testsuites.CleanUpAssets.CleanAssets - GETTING AUTHTOKEN COOKIE AND CSRF
2024-12-30 17:08:35.594 [TestNG-tests-1] INFO  com.webMethodsFlowUI.testsuites.CleanUpAssets.CleanAssets - GETTING Project ID
2024-12-30 17:08:36.598 [TestNG-tests-1] INFO  com.webMethodsFlowUI.testsuites.CleanUpAssets.CleanAssets - projectName : ICUI_ Project ID flda34269d71e14c11ee0c82
2024-12-30 17:08:36.598 [TestNG-tests-1] INFO  com.webMethodsFlowUI.testsuites.CleanUpAssets.CleanAssets - GETTING ERT ID
2024-12-30 17:08:37.700 [TestNG-tests-1] INFO  com.webMethodsFlowUI.testsuites.CleanUpAssets.CleanAssets - Clean assets in target tenant : https://devrealm2.dev-int-aws-us.webmethods.io
2024-12-30 17:08:37.700 [TestNG-tests-1] INFO  com.webMethodsFlowUI.testsuites.CleanUpAssets.CleanAssets - GETTING AUTHTOKEN COOKIE AND CSRF
2024-12-30 17:08:39.802 [TestNG-tests-1] INFO  com.webMethodsFlowUI.testsuites.CleanUpAssets.CleanAssets - delete the used git account
2024-12-30 17:08:39.803 [TestNG-tests-1] INFO  com.webMethodsFlowUI.testsuites.CleanUpAssets.CleanAssets - https://devrealm2.dev-int-aws-us.webmethods.io/integration/rest/vcs/git
2024-12-30 17:08:41.196 [TestNG-tests-1] INFO  com.webMethodsFlowUI.testsuites.CleanUpAssets.CleanAssets - {"integration":{"message":{"code":-1,"description":"Github account with display name vna not found"}}}
2024-12-30 17:08:41.196 [TestNG-tests-1] INFO  com.webMethodsFlowUI.testsuites.CleanUpAssets.CleanAssets - not able to delete the git account
2024-12-30 17:08:41.196 [TestNG-tests-1] INFO  com.webMethodsFlowUI.testsuites.CleanUpAssets.CleanAssets - iteration 1
2024-12-30 17:08:41.197 [TestNG-tests-1] INFO  com.webMethodsFlowUI.testsuites.CleanUpAssets.CleanAssets - GETTING AUTHTOKEN COOKIE AND CSRF
2024-12-30 17:08:43.029 [TestNG-tests-1] INFO  com.webMethodsFlowUI.testsuites.CleanUpAssets.CleanAssets - GETTING Project ID
2024-12-30 17:08:44.455 [TestNG-tests-1] INFO  com.webMethodsFlowUI.testsuites.CleanUpAssets.CleanAssets - GETTING ERT ID
2024-12-30 17:12:12.429 [TestNG-tests-1] INFO  com.webMethodsFlowUI.testsuites.CleanUpAssets.CleanAssets - Clean assets in source tenant : https://azsprotenant6.int-az-us.webmethods-spro.io/
2024-12-30 17:12:12.434 [TestNG-tests-1] INFO  com.webMethodsFlowUI.testsuites.CleanUpAssets.CleanAssets - GETTING AUTHTOKEN COOKIE AND CSRF
2024-12-30 17:12:16.626 [TestNG-tests-1] INFO  com.webMethodsFlowUI.testsuites.CleanUpAssets.CleanAssets - delete the used git account
2024-12-30 17:12:16.628 [TestNG-tests-1] INFO  com.webMethodsFlowUI.testsuites.CleanUpAssets.CleanAssets - https://azsprotenant6.int-az-us.webmethods-spro.io//integration/rest/vcs/git
2024-12-30 17:12:17.841 [TestNG-tests-1] INFO  com.webMethodsFlowUI.testsuites.CleanUpAssets.CleanAssets - {"integration":{"message":{"code":-1,"description":"Git account with display name vna not found"}}}
2024-12-30 17:12:17.842 [TestNG-tests-1] INFO  com.webMethodsFlowUI.testsuites.CleanUpAssets.CleanAssets - not able to delete the git account
2024-12-30 17:12:17.842 [TestNG-tests-1] INFO  com.webMethodsFlowUI.testsuites.CleanUpAssets.CleanAssets - iteration 1
2024-12-30 17:12:17.842 [TestNG-tests-1] INFO  com.webMethodsFlowUI.testsuites.CleanUpAssets.CleanAssets - GETTING AUTHTOKEN COOKIE AND CSRF
2024-12-30 17:12:19.392 [TestNG-tests-1] INFO  com.webMethodsFlowUI.testsuites.CleanUpAssets.CleanAssets - GETTING Project ID
2024-12-30 17:12:20.379 [TestNG-tests-1] INFO  com.webMethodsFlowUI.testsuites.CleanUpAssets.CleanAssets - projectName : ICUI_ Project ID flda34269d71e14c11ee0c82
2024-12-30 17:12:20.380 [TestNG-tests-1] INFO  com.webMethodsFlowUI.testsuites.CleanUpAssets.CleanAssets - GETTING ERT ID
2024-12-30 17:12:21.558 [TestNG-tests-1] INFO  com.webMethodsFlowUI.testsuites.CleanUpAssets.CleanAssets - Clean assets in target tenant : https://devrealm2.dev-int-aws-us.webmethods.io
2024-12-30 17:12:21.558 [TestNG-tests-1] INFO  com.webMethodsFlowUI.testsuites.CleanUpAssets.CleanAssets - GETTING AUTHTOKEN COOKIE AND CSRF
2024-12-30 17:12:24.285 [TestNG-tests-1] INFO  com.webMethodsFlowUI.testsuites.CleanUpAssets.CleanAssets - delete the used git account
2024-12-30 17:12:24.286 [TestNG-tests-1] INFO  com.webMethodsFlowUI.testsuites.CleanUpAssets.CleanAssets - https://devrealm2.dev-int-aws-us.webmethods.io/integration/rest/vcs/git
2024-12-30 17:12:25.676 [TestNG-tests-1] INFO  com.webMethodsFlowUI.testsuites.CleanUpAssets.CleanAssets - {"integration":{"message":{"code":-1,"description":"Github account with display name vna not found"}}}
2024-12-30 17:12:25.677 [TestNG-tests-1] INFO  com.webMethodsFlowUI.testsuites.CleanUpAssets.CleanAssets - not able to delete the git account
2024-12-30 17:12:25.677 [TestNG-tests-1] INFO  com.webMethodsFlowUI.testsuites.CleanUpAssets.CleanAssets - iteration 1
2024-12-30 17:12:25.677 [TestNG-tests-1] INFO  com.webMethodsFlowUI.testsuites.CleanUpAssets.CleanAssets - GETTING AUTHTOKEN COOKIE AND CSRF
2024-12-30 17:12:27.628 [TestNG-tests-1] INFO  com.webMethodsFlowUI.testsuites.CleanUpAssets.CleanAssets - GETTING Project ID
2024-12-30 17:12:29.091 [TestNG-tests-1] INFO  com.webMethodsFlowUI.testsuites.CleanUpAssets.CleanAssets - GETTING ERT ID
2024-12-30 20:09:49.319 [TestNG-tests-1] INFO  com.webMethodsFlowUI.testsuites.CleanUpAssets.CleanAssets - Clean assets in source tenant : https://azsprotenant6.int-az-us.webmethods-spro.io/
2024-12-30 20:09:49.325 [TestNG-tests-1] INFO  com.webMethodsFlowUI.testsuites.CleanUpAssets.CleanAssets - GETTING AUTHTOKEN COOKIE AND CSRF
2024-12-30 20:09:55.423 [TestNG-tests-1] INFO  com.webMethodsFlowUI.testsuites.CleanUpAssets.CleanAssets - delete the used git account
2024-12-30 20:09:55.426 [TestNG-tests-1] INFO  com.webMethodsFlowUI.testsuites.CleanUpAssets.CleanAssets - https://azsprotenant6.int-az-us.webmethods-spro.io//integration/rest/vcs/git
2024-12-30 20:09:57.254 [TestNG-tests-1] INFO  com.webMethodsFlowUI.testsuites.CleanUpAssets.CleanAssets - {"integration":{"message":{"code":-1,"description":"Git account with display name vna not found"}}}
2024-12-30 20:09:57.255 [TestNG-tests-1] INFO  com.webMethodsFlowUI.testsuites.CleanUpAssets.CleanAssets - not able to delete the git account
2024-12-30 20:09:57.255 [TestNG-tests-1] INFO  com.webMethodsFlowUI.testsuites.CleanUpAssets.CleanAssets - iteration 1
2024-12-30 20:09:57.255 [TestNG-tests-1] INFO  com.webMethodsFlowUI.testsuites.CleanUpAssets.CleanAssets - GETTING AUTHTOKEN COOKIE AND CSRF
2024-12-30 20:09:58.591 [TestNG-tests-1] INFO  com.webMethodsFlowUI.testsuites.CleanUpAssets.CleanAssets - GETTING Project ID
2024-12-30 20:09:59.462 [TestNG-tests-1] INFO  com.webMethodsFlowUI.testsuites.CleanUpAssets.CleanAssets - projectName : ICUI_ Project ID flda34269d71e14c11ee0c82
2024-12-30 20:09:59.463 [TestNG-tests-1] INFO  com.webMethodsFlowUI.testsuites.CleanUpAssets.CleanAssets - GETTING ERT ID
2024-12-30 20:10:00.646 [TestNG-tests-1] INFO  com.webMethodsFlowUI.testsuites.CleanUpAssets.CleanAssets - Clean assets in target tenant : https://devrealm2.dev-int-aws-us.webmethods.io
2024-12-30 20:10:00.647 [TestNG-tests-1] INFO  com.webMethodsFlowUI.testsuites.CleanUpAssets.CleanAssets - GETTING AUTHTOKEN COOKIE AND CSRF
2024-12-30 20:10:03.288 [TestNG-tests-1] INFO  com.webMethodsFlowUI.testsuites.CleanUpAssets.CleanAssets - delete the used git account
2024-12-30 20:10:03.289 [TestNG-tests-1] INFO  com.webMethodsFlowUI.testsuites.CleanUpAssets.CleanAssets - https://devrealm2.dev-int-aws-us.webmethods.io/integration/rest/vcs/git
2024-12-30 20:10:04.479 [TestNG-tests-1] INFO  com.webMethodsFlowUI.testsuites.CleanUpAssets.CleanAssets - {"integration":{"message":{"code":-1,"description":"Github account with display name vna not found"}}}
2024-12-30 20:10:04.479 [TestNG-tests-1] INFO  com.webMethodsFlowUI.testsuites.CleanUpAssets.CleanAssets - not able to delete the git account
2024-12-30 20:10:04.480 [TestNG-tests-1] INFO  com.webMethodsFlowUI.testsuites.CleanUpAssets.CleanAssets - iteration 1
2024-12-30 20:10:04.481 [TestNG-tests-1] INFO  com.webMethodsFlowUI.testsuites.CleanUpAssets.CleanAssets - GETTING AUTHTOKEN COOKIE AND CSRF
2024-12-30 20:10:06.155 [TestNG-tests-1] INFO  com.webMethodsFlowUI.testsuites.CleanUpAssets.CleanAssets - GETTING Project ID
2024-12-30 20:10:07.475 [TestNG-tests-1] INFO  com.webMethodsFlowUI.testsuites.CleanUpAssets.CleanAssets - GETTING ERT ID
