2023-06-19 15:29:23.434 [main] INFO  com.webMethodsUI.flow.testbase.TestBase - ChromeDriver: chrome on WINDOWS (056a1c8be82cbb8fe7cbc4ec66884cb7)
2023-06-19 15:29:23.437 [main] INFO  com.webMethodsUI.flow.testbase.TestBase - Initilize Web Driver: 217479224
2023-06-19 15:29:23.606 [main] INFO  com.webMethodsUI.flow.testbase.TestBase - Navigating to URLhttps://awdevtenant6.dev-int-aws-us.webmethods.io
2023-06-19 15:29:25.453 [main] INFO  com.webMethodsUI.flow.pageObjects.common.LoginPage - Verify username text field is visible
2023-06-19 15:29:37.485 [main] INFO  com.webMethodsUI.flow.pageObjects.common.LoginPage - Entering user Name: megha
2023-06-19 15:29:37.685 [main] INFO  com.webMethodsUI.flow.pageObjects.common.LoginPage - Entering user Name: [[ChromeDriver: chrome on WINDOWS (056a1c8be82cbb8fe7cbc4ec66884cb7)] -> xpath: //*[@id='password']]
2023-06-19 15:29:42.285 [main] INFO  com.webMethodsUI.flow.pageObjects.common.LoginPage - Click on Login Button
2023-06-19 15:29:42.381 [main] INFO  com.webMethodsUI.flow.pageObjects.common.LoginPage - wait for page load
2023-06-19 15:29:42.525 [main] INFO  com.webMethodsUI.flow.pageObjects.common.LoginPage - Verify Home page greet message is visible
2023-06-19 15:29:44.421 [main] INFO  com.webMethodsUI.flow.pageObjects.common.LoginPage - Verify create project plus button is visible
2023-06-19 15:29:45.887 [main] INFO  com.webMethodsUI.flow.pageObjects.common.LoginPage - Click on Add Project Button
2023-06-19 15:29:46.041 [main] INFO  com.webMethodsUI.flow.pageObjects.common.LoginPage - Entering Project Name ICUI_SalesForceCrmOauthJun19
2023-06-19 15:29:46.521 [main] INFO  com.webMethodsUI.flow.pageObjects.common.LoginPage - Click createProject Button
2023-06-19 15:29:48.851 [main] INFO  com.webMethodsUI.flow.pageObjects.common.LoginPage - Verify project created successfully message is visible
2023-06-19 15:29:48.986 [main] INFO  com.webMethodsUI.flow.pageObjects.common.LoginPage - Verify ProjectDropDown is visible
2023-06-19 15:29:50.109 [main] INFO  com.webMethodsUI.flow.pageObjects.common.LoginPage - Fetching webelement at runtime //div[@class='tab-details']/ul/li/a/span[contains(text(),'Connectors')]
2023-06-19 15:29:50.389 [main] INFO  com.webMethodsUI.flow.pageObjects.common.LoginPage - Clicking on subMenu...Connectors
2023-06-19 15:29:50.503 [main] INFO  com.webMethodsUI.flow.pageObjects.common.LoginPage - wait for page load
2023-06-19 15:30:50.811 [main] INFO  com.webMethodsUI.flow.helper.wait.WaitHelper - WaitHelper Object created....
2023-06-19 15:30:50.830 [main] INFO  com.webMethodsUI.flow.helper.wait.WaitHelper - waiting for :Proxy element for: DefaultElementLocator 'By.xpath: //h1[contains(text(),'Account')]' for :40seconds
2023-06-19 17:39:36.991 [main] INFO  com.webMethodsUI.flow.testbase.TestBase - ChromeDriver: chrome on WINDOWS (ec312a820a4d4c3e1e306fd67202db82)
2023-06-19 17:39:36.997 [main] INFO  com.webMethodsUI.flow.testbase.TestBase - Initilize Web Driver: 217479224
2023-06-19 17:39:37.178 [main] INFO  com.webMethodsUI.flow.testbase.TestBase - Navigating to URLhttps://awdevtenant6.dev-int-aws-us.webmethods.io
2023-06-19 17:39:38.050 [main] INFO  com.webMethodsUI.flow.pageObjects.common.LoginPage - Verify username text field is visible
2023-06-19 17:39:45.086 [main] INFO  com.webMethodsUI.flow.pageObjects.common.LoginPage - Entering user Name: megha
2023-06-19 17:39:45.368 [main] INFO  com.webMethodsUI.flow.pageObjects.common.LoginPage - Entering user Name: [[ChromeDriver: chrome on WINDOWS (ec312a820a4d4c3e1e306fd67202db82)] -> xpath: //*[@id='password']]
2023-06-19 17:39:50.158 [main] INFO  com.webMethodsUI.flow.pageObjects.common.LoginPage - Click on Login Button
2023-06-19 17:39:50.268 [main] INFO  com.webMethodsUI.flow.pageObjects.common.LoginPage - wait for page load
2023-06-19 17:39:50.472 [main] INFO  com.webMethodsUI.flow.pageObjects.common.LoginPage - Verify Home page greet message is visible
2023-06-19 17:39:54.276 [main] INFO  com.webMethodsUI.flow.pageObjects.common.LoginPage - Verify create project plus button is visible
2023-06-19 17:39:55.804 [main] INFO  com.webMethodsUI.flow.pageObjects.common.LoginPage - Click on Add Project Button
2023-06-19 17:39:55.951 [main] INFO  com.webMethodsUI.flow.pageObjects.common.LoginPage - Entering Project Name ICUI_SalesForceCrmOauthJun19
2023-06-19 17:39:56.570 [main] INFO  com.webMethodsUI.flow.pageObjects.common.LoginPage - Click createProject Button
2023-06-19 17:39:58.873 [main] INFO  com.webMethodsUI.flow.pageObjects.common.LoginPage - Verify project created successfully message is visible
2023-06-19 17:39:59.007 [main] INFO  com.webMethodsUI.flow.pageObjects.common.LoginPage - Verify ProjectDropDown is visible
2023-06-19 17:40:00.182 [main] INFO  com.webMethodsUI.flow.pageObjects.common.LoginPage - Fetching webelement at runtime //div[@class='tab-details']/ul/li/a/span[contains(text(),'Connectors')]
2023-06-19 17:40:00.488 [main] INFO  com.webMethodsUI.flow.pageObjects.common.LoginPage - Clicking on subMenu...Connectors
2023-06-19 17:40:00.626 [main] INFO  com.webMethodsUI.flow.pageObjects.common.LoginPage - wait for page load
2023-06-19 17:40:07.195 [main] INFO  com.webMethodsUI.flow.pageObjects.PredefinedConnector.ConnectorsHomepage - Connectors HomePage object created
2023-06-19 17:40:07.195 [main] INFO  com.webMethodsUI.flow.pageObjects.common.LoginPage - Verify predefined connectors Header is visible
2023-06-19 17:40:07.394 [main] INFO  com.webMethodsUI.flow.pageObjects.PredefinedConnector.ConnectorsHomepage - element is visible now....
2023-06-19 17:40:07.418 [main] INFO  com.webMethodsUI.flow.pageObjects.PredefinedConnector.ConnectorsHomepage - clicking on Search icon
2023-06-19 17:40:07.661 [main] INFO  com.webMethodsUI.flow.pageObjects.common.LoginPage - Clicked on search icon
2023-06-19 17:40:08.020 [main] INFO  com.webMethodsUI.flow.pageObjects.common.LoginPage - Click on search field
2023-06-19 17:40:08.173 [main] INFO  com.webMethodsUI.flow.pageObjects.common.LoginPage - Entering Application Name....Salesforce® CRM SOAP
2023-06-19 17:40:08.453 [main] INFO  com.webMethodsUI.flow.pageObjects.common.LoginPage - Fetching webelement at runtime //span[contains(text(),'Salesforce® CRM SOAP')]
2023-06-19 17:40:08.733 [main] INFO  com.webMethodsUI.flow.pageObjects.common.LoginPage - clicking Application Name....Salesforce® CRM SOAP
2023-06-19 17:40:08.903 [main] INFO  com.webMethodsUI.flow.helper.wait.WaitHelper - WaitHelper Object created....
2023-06-19 17:40:08.925 [main] INFO  com.webMethodsUI.flow.helper.wait.WaitHelper - waiting for :[[ChromeDriver: chrome on WINDOWS (ec312a820a4d4c3e1e306fd67202db82)] -> xpath: //h1[contains(text(),'Account')]] for :40seconds
2023-06-19 17:40:08.958 [main] INFO  com.webMethodsUI.flow.helper.wait.WaitHelper - element is visible now.....
2023-06-19 17:40:08.958 [main] INFO  com.webMethodsUI.flow.pageObjects.PredefinedConnector.AccountPage - element is visible now....[[ChromeDriver: chrome on WINDOWS (ec312a820a4d4c3e1e306fd67202db82)] -> xpath: //h1[contains(text(),'Account')]]
2023-06-19 17:40:09.045 [main] INFO  com.webMethodsUI.flow.helper.wait.WaitHelper - WaitHelper Object created....
2023-06-19 17:40:09.058 [main] INFO  com.webMethodsUI.flow.helper.wait.WaitHelper - waiting for :[[ChromeDriver: chrome on WINDOWS (ec312a820a4d4c3e1e306fd67202db82)] -> xpath: //h1[contains(text(),'Account')]] for :40seconds
2023-06-19 17:40:09.078 [main] INFO  com.webMethodsUI.flow.helper.wait.WaitHelper - element is visible now.....
2023-06-19 17:40:09.078 [main] INFO  com.webMethodsUI.flow.pageObjects.PredefinedConnector.AccountPage - element is visible now....[[ChromeDriver: chrome on WINDOWS (ec312a820a4d4c3e1e306fd67202db82)] -> xpath: //h1[contains(text(),'Account')]]
2023-06-19 17:40:09.342 [main] INFO  com.webMethodsUI.flow.pageObjects.common.LoginPage - Clicking on Drop Down..[[ChromeDriver: chrome on WINDOWS (ec312a820a4d4c3e1e306fd67202db82)] -> xpath: //div[contains(@class,'placeholder')][text()='Select Authorization Type']] at index..0
2023-06-19 17:40:09.496 [main] INFO  com.webMethodsUI.flow.pageObjects.common.LoginPage - Fetching webelement at runtime //div[contains(text(),'OAuth V2.0 (Authorization Code Flow)')]
2023-06-19 17:40:09.754 [main] INFO  com.webMethodsUI.flow.pageObjects.common.LoginPage - selecting value from drop down link  OAuth V2.0 (Authorization Code Flow)
2023-06-19 17:40:09.909 [main] INFO  com.webMethodsUI.flow.pageObjects.PredefinedConnector.AccountPage -  clicking oathtype dropdown...
2023-06-19 17:40:09.910 [main] INFO  com.webMethodsUI.flow.pageObjects.common.LoginPage - Fetching webelement at runtime //div[contains(@class,'placeholder')][text()='Select OAuth Type']
2023-06-19 17:40:10.404 [main] INFO  com.webMethodsUI.flow.pageObjects.common.LoginPage - Clicking on Drop Down..[[ChromeDriver: chrome on WINDOWS (ec312a820a4d4c3e1e306fd67202db82)] -> xpath: //div[contains(@class,'placeholder')][text()='Select OAuth Type']] at index..0
2023-06-19 17:40:10.554 [main] INFO  com.webMethodsUI.flow.pageObjects.common.LoginPage - Fetching webelement at runtime //div[contains(text(),'Custom')]
2023-06-19 17:40:10.847 [main] INFO  com.webMethodsUI.flow.pageObjects.common.LoginPage - selecting value from drop down link  Custom
2023-06-19 17:40:10.999 [main] INFO  com.webMethodsUI.flow.pageObjects.common.LoginPage - Fetching webelement at runtime //button[contains(text(),'Next')]
2023-06-19 17:40:11.341 [main] INFO  com.webMethodsUI.flow.pageObjects.common.LoginPage - Click on Next Button
2023-06-19 17:40:11.497 [main] INFO  com.webMethodsUI.flow.pageObjects.common.LoginPage - Fetching webelement at runtime //input[@aid='Account Name']
2023-06-19 17:40:11.555 [main] INFO  com.webMethodsUI.flow.pageObjects.common.LoginPage - Entering account Name..AccountCRMAuthorizationOauth
2023-06-19 17:40:11.869 [main] INFO  com.webMethodsUI.flow.pageObjects.PredefinedConnector.AccountPage - Entering ClientID..3MVG9n_HvETGhr3D1Ok47CHdl8lEKZfwOGFUkwLL4Er.ei1r8K2UyxHgDqjNgG6BI6nXcX6D3qE_d1Ej8uIAS
2023-06-19 17:40:12.789 [main] INFO  com.webMethodsUI.flow.pageObjects.PredefinedConnector.AccountPage - Entering clientsecret..16C7C6FFD3B68192E681A762DF46E9AEA5FB32D65AECFF0FF87F1E4094DFA8F3
2023-06-19 17:40:13.476 [main] INFO  com.webMethodsUI.flow.pageObjects.PredefinedConnector.AccountPage - Entering Accesstoken..00D2w000002Baf5!AQMAQOs2vEmL4j3x_eFfnUkvIFnBmv3AXAuxdG3TDmRnTmDJJNuA3UD72F9zKYRGjisKtzplqzKySAXNNmT79YLNdHnTxO6u
2023-06-19 17:40:14.712 [main] INFO  com.webMethodsUI.flow.pageObjects.PredefinedConnector.AccountPage - Entering refreshtoken..5Aep861ZBQbtA4s3JUw6fJqfxdxk1tYz59D.yl8ERGGEdXaQHEon1.T2NAOWCN3L11uNtsYxd1WjM_sEG_VuqtG
2023-06-19 17:40:15.672 [main] INFO  com.webMethodsUI.flow.pageObjects.PredefinedConnector.AccountPage - Entering refreshurl..https://login.salesforce.com/services/oauth2/token
2023-06-19 17:40:16.234 [main] INFO  com.webMethodsUI.flow.pageObjects.PredefinedConnector.AccountPage - Entering grantType..refresh_token
2023-06-19 17:40:16.501 [main] INFO  com.webMethodsUI.flow.pageObjects.PredefinedConnector.AccountPage - Entering instanceURL..https://ap16.salesforce.com/services/Soap/u/53.0
2023-06-19 17:40:20.361 [main] INFO  com.webMethodsUI.flow.pageObjects.PredefinedConnector.AccountPage - cleared serverURL..
2023-06-19 17:40:20.767 [main] INFO  com.webMethodsUI.flow.pageObjects.PredefinedConnector.AccountPage - Entered serverURL..https://ap16.salesforce.com/services/Soap/u/53.0
2023-06-19 17:40:20.767 [main] INFO  com.webMethodsUI.flow.pageObjects.common.LoginPage - Fetching webelement at runtime //button[contains(text(),'Add')]
2023-06-19 17:40:21.044 [main] INFO  com.webMethodsUI.flow.pageObjects.common.LoginPage - Clicking on Button.. Add
2023-06-19 17:40:21.172 [main] INFO  com.webMethodsUI.flow.pageObjects.common.LoginPage - wait for page load
2023-06-19 17:40:32.481 [main] INFO  com.webMethodsUI.flow.pageObjects.PredefinedConnector.ConnectorsHomepage - Connectors HomePage object created
2023-06-19 17:40:32.482 [main] INFO  com.webMethodsUI.flow.pageObjects.common.LoginPage - Verify predefined connectors Header is visible
2023-06-19 17:55:46.087 [main] INFO  com.webMethodsUI.flow.testbase.TestBase - ChromeDriver: chrome on WINDOWS (56faa3f7f7aa547f4e573ed3babd70d9)
2023-06-19 17:55:46.094 [main] INFO  com.webMethodsUI.flow.testbase.TestBase - Initilize Web Driver: 2034411604
2023-06-19 17:55:46.257 [main] INFO  com.webMethodsUI.flow.testbase.TestBase - Navigating to URLhttps://awdevtenant6.dev-int-aws-us.webmethods.io
2023-06-19 17:55:47.112 [main] INFO  com.webMethodsUI.flow.pageObjects.common.LoginPage - Verify username text field is visible
2023-06-19 17:55:53.221 [main] INFO  com.webMethodsUI.flow.pageObjects.common.LoginPage - Entering user Name: megha
2023-06-19 17:55:53.458 [main] INFO  com.webMethodsUI.flow.pageObjects.common.LoginPage - Entering user Name: [[ChromeDriver: chrome on WINDOWS (56faa3f7f7aa547f4e573ed3babd70d9)] -> xpath: //*[@id='password']]
2023-06-19 17:55:58.141 [main] INFO  com.webMethodsUI.flow.pageObjects.common.LoginPage - Click on Login Button
2023-06-19 17:55:58.273 [main] INFO  com.webMethodsUI.flow.pageObjects.common.LoginPage - wait for page load
2023-06-19 17:55:58.441 [main] INFO  com.webMethodsUI.flow.pageObjects.common.LoginPage - Verify Home page greet message is visible
2023-06-19 17:56:07.915 [main] INFO  com.webMethodsUI.flow.pageObjects.common.LoginPage - Verify create project plus button is visible
2023-06-19 17:56:08.970 [main] INFO  com.webMethodsUI.flow.pageObjects.common.LoginPage - Click on Add Project Button
2023-06-19 17:56:09.195 [main] INFO  com.webMethodsUI.flow.pageObjects.common.LoginPage - Entering Project Name ICUI_SalesForceCrmOauthJun19
2023-06-19 17:56:09.806 [main] INFO  com.webMethodsUI.flow.pageObjects.common.LoginPage - Click createProject Button
2023-06-19 17:56:12.250 [main] INFO  com.webMethodsUI.flow.pageObjects.common.LoginPage - Verify project created successfully message is visible
2023-06-19 17:56:12.418 [main] INFO  com.webMethodsUI.flow.pageObjects.common.LoginPage - Verify ProjectDropDown is visible
2023-06-19 17:56:13.776 [main] INFO  com.webMethodsUI.flow.pageObjects.common.LoginPage - Fetching webelement at runtime //div[@class='tab-details']/ul/li/a/span[contains(text(),'Connectors')]
2023-06-19 17:56:14.091 [main] INFO  com.webMethodsUI.flow.pageObjects.common.LoginPage - Clicking on subMenu...Connectors
2023-06-19 17:56:14.281 [main] INFO  com.webMethodsUI.flow.pageObjects.common.LoginPage - wait for page load
2023-06-19 17:56:20.364 [main] INFO  com.webMethodsUI.flow.pageObjects.PredefinedConnector.ConnectorsHomepage - Connectors HomePage object created
2023-06-19 17:56:20.365 [main] INFO  com.webMethodsUI.flow.pageObjects.common.LoginPage - Verify predefined connectors Header is visible
2023-06-19 17:56:20.558 [main] INFO  com.webMethodsUI.flow.pageObjects.PredefinedConnector.ConnectorsHomepage - element is visible now....
2023-06-19 17:56:20.584 [main] INFO  com.webMethodsUI.flow.pageObjects.PredefinedConnector.ConnectorsHomepage - clicking on Search icon
2023-06-19 17:56:20.824 [main] INFO  com.webMethodsUI.flow.pageObjects.common.LoginPage - Clicked on search icon
2023-06-19 17:56:21.208 [main] INFO  com.webMethodsUI.flow.pageObjects.common.LoginPage - Click on search field
2023-06-19 17:56:21.377 [main] INFO  com.webMethodsUI.flow.pageObjects.common.LoginPage - Entering Application Name....Salesforce® CRM SOAP
2023-06-19 17:56:21.702 [main] INFO  com.webMethodsUI.flow.pageObjects.common.LoginPage - Fetching webelement at runtime //span[contains(text(),'Salesforce® CRM SOAP')]
2023-06-19 17:56:21.985 [main] INFO  com.webMethodsUI.flow.pageObjects.common.LoginPage - clicking Application Name....Salesforce® CRM SOAP
2023-06-19 17:56:22.205 [main] INFO  com.webMethodsUI.flow.helper.wait.WaitHelper - WaitHelper Object created....
2023-06-19 17:56:22.243 [main] INFO  com.webMethodsUI.flow.helper.wait.WaitHelper - waiting for :[[ChromeDriver: chrome on WINDOWS (56faa3f7f7aa547f4e573ed3babd70d9)] -> xpath: //h1[contains(text(),'Account')]] for :40seconds
2023-06-19 17:56:22.280 [main] INFO  com.webMethodsUI.flow.helper.wait.WaitHelper - element is visible now.....
2023-06-19 17:56:22.281 [main] INFO  com.webMethodsUI.flow.pageObjects.PredefinedConnector.AccountPage - element is visible now....[[ChromeDriver: chrome on WINDOWS (56faa3f7f7aa547f4e573ed3babd70d9)] -> xpath: //h1[contains(text(),'Account')]]
2023-06-19 17:56:22.395 [main] INFO  com.webMethodsUI.flow.helper.wait.WaitHelper - WaitHelper Object created....
2023-06-19 17:56:22.414 [main] INFO  com.webMethodsUI.flow.helper.wait.WaitHelper - waiting for :[[ChromeDriver: chrome on WINDOWS (56faa3f7f7aa547f4e573ed3babd70d9)] -> xpath: //h1[contains(text(),'Account')]] for :40seconds
2023-06-19 17:56:22.445 [main] INFO  com.webMethodsUI.flow.helper.wait.WaitHelper - element is visible now.....
2023-06-19 17:56:22.445 [main] INFO  com.webMethodsUI.flow.pageObjects.PredefinedConnector.AccountPage - element is visible now....[[ChromeDriver: chrome on WINDOWS (56faa3f7f7aa547f4e573ed3babd70d9)] -> xpath: //h1[contains(text(),'Account')]]
2023-06-19 17:56:22.698 [main] INFO  com.webMethodsUI.flow.pageObjects.common.LoginPage - Clicking on Drop Down..[[ChromeDriver: chrome on WINDOWS (56faa3f7f7aa547f4e573ed3babd70d9)] -> xpath: //div[contains(@class,'placeholder')][text()='Select Authorization Type']] at index..0
2023-06-19 17:56:22.844 [main] INFO  com.webMethodsUI.flow.pageObjects.common.LoginPage - Fetching webelement at runtime //div[contains(text(),'OAuth V2.0 (Authorization Code Flow)')]
2023-06-19 17:56:23.097 [main] INFO  com.webMethodsUI.flow.pageObjects.common.LoginPage - selecting value from drop down link  OAuth V2.0 (Authorization Code Flow)
2023-06-19 17:56:23.243 [main] INFO  com.webMethodsUI.flow.pageObjects.PredefinedConnector.AccountPage -  clicking oathtype dropdown...
2023-06-19 17:56:23.243 [main] INFO  com.webMethodsUI.flow.pageObjects.common.LoginPage - Fetching webelement at runtime //div[contains(@class,'placeholder')][text()='Select OAuth Type']
2023-06-19 17:56:23.709 [main] INFO  com.webMethodsUI.flow.pageObjects.common.LoginPage - Clicking on Drop Down..[[ChromeDriver: chrome on WINDOWS (56faa3f7f7aa547f4e573ed3babd70d9)] -> xpath: //div[contains(@class,'placeholder')][text()='Select OAuth Type']] at index..0
2023-06-19 17:56:23.859 [main] INFO  com.webMethodsUI.flow.pageObjects.common.LoginPage - Fetching webelement at runtime //div[contains(text(),'Custom')]
2023-06-19 17:56:24.090 [main] INFO  com.webMethodsUI.flow.pageObjects.common.LoginPage - selecting value from drop down link  Custom
2023-06-19 17:56:24.227 [main] INFO  com.webMethodsUI.flow.pageObjects.common.LoginPage - Fetching webelement at runtime //button[contains(text(),'Next')]
2023-06-19 17:56:24.568 [main] INFO  com.webMethodsUI.flow.pageObjects.common.LoginPage - Click on Next Button
2023-06-19 17:56:24.772 [main] INFO  com.webMethodsUI.flow.pageObjects.common.LoginPage - Fetching webelement at runtime //input[@aid='Account Name']
2023-06-19 17:56:24.820 [main] INFO  com.webMethodsUI.flow.pageObjects.common.LoginPage - Entering account Name..AccountCRMAuthorizationOauth
2023-06-19 17:56:25.112 [main] INFO  com.webMethodsUI.flow.pageObjects.PredefinedConnector.AccountPage - Entering ClientID..3MVG9n_HvETGhr3D1Ok47CHdl8lEKZfwOGFUkwLL4Er.ei1r8K2UyxHgDqjNgG6BI6nXcX6D3qE_d1Ej8uIAS
2023-06-19 17:56:26.113 [main] INFO  com.webMethodsUI.flow.pageObjects.PredefinedConnector.AccountPage - Entering clientsecret..16C7C6FFD3B68192E681A762DF46E9AEA5FB32D65AECFF0FF87F1E4094DFA8F3
2023-06-19 17:56:26.894 [main] INFO  com.webMethodsUI.flow.pageObjects.PredefinedConnector.AccountPage - Entering Accesstoken..00D2w000002Baf5!AQMAQOs2vEmL4j3x_eFfnUkvIFnBmv3AXAuxdG3TDmRnTmDJJNuA3UD72F9zKYRGjisKtzplqzKySAXNNmT79YLNdHnTxO6u
2023-06-19 17:56:28.015 [main] INFO  com.webMethodsUI.flow.pageObjects.PredefinedConnector.AccountPage - Entering refreshtoken..5Aep861ZBQbtA4s3JUw6fJqfxdxk1tYz59D.yl8ERGGEdXaQHEon1.T2NAOWCN3L11uNtsYxd1WjM_sEG_VuqtG
2023-06-19 17:56:28.992 [main] INFO  com.webMethodsUI.flow.pageObjects.PredefinedConnector.AccountPage - Entering refreshurl..https://login.salesforce.com/services/oauth2/token
2023-06-19 17:56:29.567 [main] INFO  com.webMethodsUI.flow.pageObjects.PredefinedConnector.AccountPage - Entering grantType..refresh_token
2023-06-19 17:56:29.807 [main] INFO  com.webMethodsUI.flow.pageObjects.PredefinedConnector.AccountPage - Entering instanceURL..https://ap16.salesforce.com/services/Soap/u/53.0
2023-06-19 17:56:33.570 [main] INFO  com.webMethodsUI.flow.pageObjects.PredefinedConnector.AccountPage - cleared serverURL..
2023-06-19 17:56:33.973 [main] INFO  com.webMethodsUI.flow.pageObjects.PredefinedConnector.AccountPage - Entered serverURL..https://ap16.salesforce.com/services/Soap/u/53.0
2023-06-19 17:56:33.973 [main] INFO  com.webMethodsUI.flow.pageObjects.common.LoginPage - Fetching webelement at runtime //button[contains(text(),'Add')]
2023-06-19 17:56:34.268 [main] INFO  com.webMethodsUI.flow.pageObjects.common.LoginPage - Clicking on Button.. Add
2023-06-19 17:56:34.419 [main] INFO  com.webMethodsUI.flow.pageObjects.common.LoginPage - wait for page load
2023-06-19 17:56:45.223 [main] INFO  com.webMethodsUI.flow.pageObjects.PredefinedConnector.ConnectorsHomepage - Connectors HomePage object created
2023-06-19 17:56:45.223 [main] INFO  com.webMethodsUI.flow.pageObjects.common.LoginPage - Verify predefined connectors Header is visible
2023-06-19 17:56:45.462 [main] INFO  com.webMethodsUI.flow.pageObjects.common.LoginPage - Fetching webelement at runtime //div[@class='tab-details']/ul/li/a/span[contains(text(),'Integrations')]
2023-06-19 17:56:45.774 [main] INFO  com.webMethodsUI.flow.pageObjects.common.LoginPage - Clicking on subMenu...Integrations
2023-06-19 17:56:45.911 [main] INFO  com.webMethodsUI.flow.pageObjects.common.LoginPage - wait for page load
2023-06-19 17:56:46.282 [main] INFO  com.webMethodsUI.flow.pageObjects.common.LoginPage - Fetching webelement at runtime //a[contains(text(),'Flow Services')]
2023-06-19 17:57:46.553 [main] INFO  com.webMethodsUI.flow.pageObjects.common.LoginPage - Verify add flowservice plus icon is visible
2023-06-19 17:57:47.085 [main] INFO  com.webMethodsUI.flow.pageObjects.common.LoginPage - Click on flowservice create plus Button
2023-06-19 17:57:47.240 [main] INFO  com.webMethodsUI.flow.pageObjects.common.LoginPage - wait for page load
2023-06-19 17:57:55.432 [main] INFO  com.webMethodsUI.flow.pageObjects.flowService.FlowServiceCanvasPage - flowService Canvas page Object created
2023-06-19 17:57:55.432 [main] INFO  com.webMethodsUI.flow.pageObjects.common.LoginPage - wait for page load
2023-06-19 17:57:55.638 [main] INFO  com.webMethodsUI.flow.pageObjects.common.LoginPage - Entering flow service title:  SFACodewithpredefined
2023-06-19 17:57:56.216 [main] INFO  com.webMethodsUI.flow.pageObjects.common.LoginPage - Entering flowServiceDescription: TestFlowService Description here
2023-06-19 17:57:56.803 [main] INFO  com.webMethodsUI.flow.pageObjects.common.LoginPage - Entering nameOfFirstStep:  Salesforce® CRM SOAP
2023-06-19 17:57:57.460 [main] INFO  com.webMethodsUI.flow.pageObjects.common.LoginPage - wait for page load
2023-06-19 17:57:57.826 [main] INFO  com.webMethodsUI.flow.pageObjects.common.LoginPage - Clicking on ALL drop down link
2023-06-19 17:57:58.179 [main] INFO  com.webMethodsUI.flow.pageObjects.common.LoginPage - Clicking on option link..APPS
2023-06-19 17:57:58.310 [main] INFO  com.webMethodsUI.flow.pageObjects.common.LoginPage - wait for page load
2023-06-19 17:57:58.464 [main] INFO  com.webMethodsUI.flow.pageObjects.common.LoginPage - Fetching webelement at runtime //span[contains(text(),'- version: 53')]/parent::span[@class='item-name'][contains(text(),'Salesforce® CRM SOAP')]
2023-06-19 17:57:58.744 [main] INFO  com.webMethodsUI.flow.pageObjects.common.LoginPage - Selecting on connector name... Salesforce® CRM SOAP
2023-06-19 17:57:58.867 [main] INFO  com.webMethodsUI.flow.pageObjects.common.LoginPage - Verify Select Operation dropdown is visible
2023-06-19 17:57:59.199 [main] INFO  com.webMethodsUI.flow.pageObjects.common.LoginPage - clicking on Select Operation dropdown
2023-06-19 17:57:59.317 [main] INFO  com.webMethodsUI.flow.pageObjects.common.LoginPage - Fetching webelement at runtime //span[contains(text(),'queryLeads')]
2023-06-19 17:57:59.976 [main] INFO  com.webMethodsUI.flow.pageObjects.common.LoginPage - selecting operation...queryLeads
2023-06-19 17:58:00.369 [main] INFO  com.webMethodsUI.flow.pageObjects.common.LoginPage - Clicking on Add account Icon....
2023-06-19 17:58:00.484 [main] INFO  com.webMethodsUI.flow.pageObjects.common.LoginPage - Fetching webelement at runtime //span[contains(text(),'AccountCRMAuthorizationOauth')]
2023-06-19 19:30:15.022 [main] INFO  com.webMethodsUI.flow.testbase.TestBase - ChromeDriver: chrome on WINDOWS (d6a96eddb1f2760739f09e607e1fffe6)
2023-06-19 19:30:15.026 [main] INFO  com.webMethodsUI.flow.testbase.TestBase - Initilize Web Driver: 1404612586
2023-06-19 19:30:15.214 [main] INFO  com.webMethodsUI.flow.testbase.TestBase - Navigating to URLhttps://devrealm1.dev-int-aws-us.webmethods.io
2023-06-19 19:30:16.061 [main] INFO  com.webMethodsUI.flow.pageObjects.common.LoginPage - Verify username text field is visible
2023-06-19 19:30:21.367 [main] INFO  com.webMethodsUI.flow.pageObjects.common.LoginPage - Entering user Name: icapiuser
2023-06-19 19:30:21.643 [main] INFO  com.webMethodsUI.flow.pageObjects.common.LoginPage - Entering user Name: [[ChromeDriver: chrome on WINDOWS (d6a96eddb1f2760739f09e607e1fffe6)] -> xpath: //*[@id='password']]
2023-06-19 19:30:26.693 [main] INFO  com.webMethodsUI.flow.pageObjects.common.LoginPage - Click on Login Button
2023-06-19 19:30:26.789 [main] INFO  com.webMethodsUI.flow.pageObjects.common.LoginPage - wait for page load
2023-06-19 19:30:26.966 [main] INFO  com.webMethodsUI.flow.pageObjects.common.LoginPage - Verify Home page greet message is visible
2023-06-19 19:30:28.984 [main] INFO  com.webMethodsUI.flow.pageObjects.common.LoginPage - Verify create project plus button is visible
2023-06-19 19:30:30.399 [main] INFO  com.webMethodsUI.flow.pageObjects.common.LoginPage - Click on Add Project Button
2023-06-19 19:30:30.552 [main] INFO  com.webMethodsUI.flow.pageObjects.common.LoginPage - Entering Project Name ICUI_SalesForceCrmOauthJun19
2023-06-19 19:30:31.086 [main] INFO  com.webMethodsUI.flow.pageObjects.common.LoginPage - Click createProject Button
2023-06-19 19:30:35.175 [main] INFO  com.webMethodsUI.flow.pageObjects.common.LoginPage - Verify project created successfully message is visible
2023-06-19 19:30:35.323 [main] INFO  com.webMethodsUI.flow.pageObjects.common.LoginPage - Verify ProjectDropDown is visible
2023-06-19 19:30:36.251 [main] INFO  com.webMethodsUI.flow.pageObjects.common.LoginPage - Fetching webelement at runtime //div[@class='tab-details']/ul/li/a/span[contains(text(),'Connectors')]
2023-06-19 19:30:36.562 [main] INFO  com.webMethodsUI.flow.pageObjects.common.LoginPage - Clicking on subMenu...Connectors
2023-06-19 19:30:36.734 [main] INFO  com.webMethodsUI.flow.pageObjects.common.LoginPage - wait for page load
2023-06-19 19:30:47.222 [main] INFO  com.webMethodsUI.flow.pageObjects.PredefinedConnector.ConnectorsHomepage - Connectors HomePage object created
2023-06-19 19:30:47.222 [main] INFO  com.webMethodsUI.flow.pageObjects.common.LoginPage - Verify predefined connectors Header is visible
2023-06-19 19:30:47.396 [main] INFO  com.webMethodsUI.flow.pageObjects.PredefinedConnector.ConnectorsHomepage - element is visible now....
2023-06-19 19:30:47.425 [main] INFO  com.webMethodsUI.flow.pageObjects.PredefinedConnector.ConnectorsHomepage - clicking on Search icon
2023-06-19 19:30:47.712 [main] INFO  com.webMethodsUI.flow.pageObjects.common.LoginPage - Clicked on search icon
2023-06-19 19:30:48.046 [main] INFO  com.webMethodsUI.flow.pageObjects.common.LoginPage - Click on search field
2023-06-19 19:30:48.176 [main] INFO  com.webMethodsUI.flow.pageObjects.common.LoginPage - Entering Application Name....Salesforce® CRM SOAP
2023-06-19 19:30:48.443 [main] INFO  com.webMethodsUI.flow.pageObjects.common.LoginPage - Fetching webelement at runtime //span[contains(text(),'Salesforce® CRM SOAP')]
2023-06-19 19:30:48.667 [main] INFO  com.webMethodsUI.flow.pageObjects.common.LoginPage - clicking Application Name....Salesforce® CRM SOAP
2023-06-19 19:30:48.817 [main] INFO  com.webMethodsUI.flow.helper.wait.WaitHelper - WaitHelper Object created....
2023-06-19 19:30:48.831 [main] INFO  com.webMethodsUI.flow.helper.wait.WaitHelper - waiting for :[[ChromeDriver: chrome on WINDOWS (d6a96eddb1f2760739f09e607e1fffe6)] -> xpath: //h1[contains(text(),'Account')]] for :40seconds
2023-06-19 19:30:48.857 [main] INFO  com.webMethodsUI.flow.helper.wait.WaitHelper - element is visible now.....
2023-06-19 19:30:48.857 [main] INFO  com.webMethodsUI.flow.pageObjects.PredefinedConnector.AccountPage - element is visible now....[[ChromeDriver: chrome on WINDOWS (d6a96eddb1f2760739f09e607e1fffe6)] -> xpath: //h1[contains(text(),'Account')]]
2023-06-19 19:30:48.918 [main] INFO  com.webMethodsUI.flow.helper.wait.WaitHelper - WaitHelper Object created....
2023-06-19 19:30:48.936 [main] INFO  com.webMethodsUI.flow.helper.wait.WaitHelper - waiting for :[[ChromeDriver: chrome on WINDOWS (d6a96eddb1f2760739f09e607e1fffe6)] -> xpath: //h1[contains(text(),'Account')]] for :40seconds
2023-06-19 19:30:48.969 [main] INFO  com.webMethodsUI.flow.helper.wait.WaitHelper - element is visible now.....
2023-06-19 19:30:48.969 [main] INFO  com.webMethodsUI.flow.pageObjects.PredefinedConnector.AccountPage - element is visible now....[[ChromeDriver: chrome on WINDOWS (d6a96eddb1f2760739f09e607e1fffe6)] -> xpath: //h1[contains(text(),'Account')]]
2023-06-19 19:30:49.352 [main] INFO  com.webMethodsUI.flow.pageObjects.common.LoginPage - Clicking on Drop Down..Proxy element for: DefaultElementLocator 'By.xpath: //div[contains(@class,'placeholder')][text()='Select Authorization Type']' at index..0
2023-06-19 19:30:49.493 [main] INFO  com.webMethodsUI.flow.pageObjects.common.LoginPage - Fetching webelement at runtime //div[contains(text(),'OAuth V2.0 (Authorization Code Flow)')]
2023-06-19 19:30:49.720 [main] INFO  com.webMethodsUI.flow.pageObjects.common.LoginPage - selecting value from drop down link  OAuth V2.0 (Authorization Code Flow)
2023-06-19 19:30:49.872 [main] INFO  com.webMethodsUI.flow.pageObjects.PredefinedConnector.AccountPage -  clicking oathtype dropdown...
2023-06-19 19:30:49.872 [main] INFO  com.webMethodsUI.flow.pageObjects.common.LoginPage - Fetching webelement at runtime //div[contains(@class,'placeholder')][text()='Select OAuth Type']
2023-06-19 19:30:50.359 [main] INFO  com.webMethodsUI.flow.pageObjects.common.LoginPage - Clicking on Drop Down..[[ChromeDriver: chrome on WINDOWS (d6a96eddb1f2760739f09e607e1fffe6)] -> xpath: //div[contains(@class,'placeholder')][text()='Select OAuth Type']] at index..0
2023-06-19 19:30:50.540 [main] INFO  com.webMethodsUI.flow.pageObjects.common.LoginPage - Fetching webelement at runtime //div[contains(text(),'Custom')]
2023-06-19 19:30:50.732 [main] INFO  com.webMethodsUI.flow.pageObjects.common.LoginPage - selecting value from drop down link  Custom
2023-06-19 19:30:50.899 [main] INFO  com.webMethodsUI.flow.pageObjects.common.LoginPage - Fetching webelement at runtime //button[contains(text(),'Next')]
2023-06-19 19:30:51.195 [main] INFO  com.webMethodsUI.flow.pageObjects.common.LoginPage - Click on Next Button
2023-06-19 19:30:51.349 [main] INFO  com.webMethodsUI.flow.pageObjects.PredefinedConnector.AccountPage - Entering ClientID..3MVG9n_HvETGhr3D1Ok47CHdl8lEKZfwOGFUkwLL4Er.ei1r8K2UyxHgDqjNgG6BI6nXcX6D3qE_d1Ej8uIAS
2023-06-19 19:30:52.300 [main] INFO  com.webMethodsUI.flow.pageObjects.PredefinedConnector.AccountPage - Entering clientsecret..16C7C6FFD3B68192E681A762DF46E9AEA5FB32D65AECFF0FF87F1E4094DFA8F3
2023-06-19 19:30:53.002 [main] INFO  com.webMethodsUI.flow.pageObjects.PredefinedConnector.AccountPage - Entering Accesstoken..00D2w000002Baf5!AQMAQOs2vEmL4j3x_eFfnUkvIFnBmv3AXAuxdG3TDmRnTmDJJNuA3UD72F9zKYRGjisKtzplqzKySAXNNmT79YLNdHnTxO6u
2023-06-19 19:30:53.939 [main] INFO  com.webMethodsUI.flow.pageObjects.PredefinedConnector.AccountPage - Entering refreshtoken..5Aep861ZBQbtA4s3JUw6fJqfxdxk1tYz59D.yl8ERGGEdXaQHEon1.T2NAOWCN3L11uNtsYxd1WjM_sEG_VuqtG
2023-06-19 19:30:54.838 [main] INFO  com.webMethodsUI.flow.pageObjects.PredefinedConnector.AccountPage - Entering refreshurl..https://login.salesforce.com/services/oauth2/token
2023-06-19 19:30:55.418 [main] INFO  com.webMethodsUI.flow.pageObjects.PredefinedConnector.AccountPage - Entering grantType..refresh_token
2023-06-19 19:30:55.652 [main] INFO  com.webMethodsUI.flow.pageObjects.PredefinedConnector.AccountPage - Entering instanceURL..https://ap16.salesforce.com/services/Soap/u/53.0
2023-06-19 19:30:59.529 [main] INFO  com.webMethodsUI.flow.pageObjects.PredefinedConnector.AccountPage - cleared serverURL..
2023-06-19 19:30:59.933 [main] INFO  com.webMethodsUI.flow.pageObjects.PredefinedConnector.AccountPage - Entered serverURL..https://ap16.salesforce.com/services/Soap/u/53.0
2023-06-19 19:30:59.933 [main] INFO  com.webMethodsUI.flow.pageObjects.common.LoginPage - Fetching webelement at runtime //button[contains(text(),'Add')]
2023-06-19 19:31:00.193 [main] INFO  com.webMethodsUI.flow.pageObjects.common.LoginPage - Clicking on Button.. Add
2023-06-19 19:31:00.353 [main] INFO  com.webMethodsUI.flow.pageObjects.common.LoginPage - wait for page load
2023-06-19 19:31:21.237 [main] INFO  com.webMethodsUI.flow.pageObjects.PredefinedConnector.ConnectorsHomepage - Connectors HomePage object created
2023-06-19 19:31:21.237 [main] INFO  com.webMethodsUI.flow.pageObjects.common.LoginPage - Verify predefined connectors Header is visible
2023-06-19 19:31:21.448 [main] INFO  com.webMethodsUI.flow.pageObjects.common.LoginPage - Fetching webelement at runtime //div[@class='tab-details']/ul/li/a/span[contains(text(),'Integrations')]
2023-06-19 19:31:21.716 [main] INFO  com.webMethodsUI.flow.pageObjects.common.LoginPage - Clicking on subMenu...Integrations
2023-06-19 19:31:21.840 [main] INFO  com.webMethodsUI.flow.pageObjects.common.LoginPage - wait for page load
2023-06-19 19:31:22.183 [main] INFO  com.webMethodsUI.flow.pageObjects.common.LoginPage - Fetching webelement at runtime //a[contains(text(),'Flow services')]
2023-06-19 19:31:22.483 [main] INFO  com.webMethodsUI.flow.pageObjects.common.LoginPage - Clicking on subMenu...Flow services
2023-06-19 19:31:22.605 [main] INFO  com.webMethodsUI.flow.pageObjects.common.LoginPage - wait for page load
2023-06-19 19:31:22.868 [main] INFO  com.webMethodsUI.flow.pageObjects.common.LoginPage - Verify add flowservice plus icon is visible
2023-06-19 19:31:23.064 [main] INFO  com.webMethodsUI.flow.pageObjects.common.LoginPage - No Flow services created yet! message is visible
2023-06-19 19:31:23.291 [main] INFO  com.webMethodsUI.flow.pageObjects.common.LoginPage - Verify add flowservice plus icon is visible
2023-06-19 19:31:23.680 [main] INFO  com.webMethodsUI.flow.pageObjects.common.LoginPage - Click on flowservice create plus Button
2023-06-19 19:31:23.775 [main] INFO  com.webMethodsUI.flow.pageObjects.common.LoginPage - wait for page load
2023-06-19 19:31:27.711 [main] INFO  com.webMethodsUI.flow.pageObjects.flowService.FlowServiceCanvasPage - flowService Canvas page Object created
2023-06-19 19:31:27.711 [main] INFO  com.webMethodsUI.flow.pageObjects.common.LoginPage - wait for page load
2023-06-19 19:31:27.897 [main] INFO  com.webMethodsUI.flow.pageObjects.common.LoginPage - Entering flow service title:  SFACodewithpredefined
2023-06-19 19:31:28.485 [main] INFO  com.webMethodsUI.flow.pageObjects.common.LoginPage - Entering flowServiceDescription: TestFlowService Description here
2023-06-19 19:31:29.082 [main] INFO  com.webMethodsUI.flow.pageObjects.common.LoginPage - Entering nameOfFirstStep:  Salesforce® CRM SOAP
2023-06-19 19:31:29.669 [main] INFO  com.webMethodsUI.flow.pageObjects.common.LoginPage - wait for page load
2023-06-19 19:31:30.015 [main] INFO  com.webMethodsUI.flow.pageObjects.common.LoginPage - Clicking on ALL drop down link
2023-06-19 19:31:30.442 [main] INFO  com.webMethodsUI.flow.pageObjects.common.LoginPage - Clicking on option link..APPS
2023-06-19 19:31:30.580 [main] INFO  com.webMethodsUI.flow.pageObjects.common.LoginPage - wait for page load
2023-06-19 19:31:30.733 [main] INFO  com.webMethodsUI.flow.pageObjects.common.LoginPage - Fetching webelement at runtime //span[contains(text(),'- version: 53')]/parent::span[@class='item-name'][contains(text(),'Salesforce® CRM SOAP')]
2023-06-19 19:31:31.042 [main] INFO  com.webMethodsUI.flow.pageObjects.common.LoginPage - Selecting on connector name... Salesforce® CRM SOAP
2023-06-19 19:31:31.190 [main] INFO  com.webMethodsUI.flow.pageObjects.common.LoginPage - Verify Select Operation dropdown is visible
2023-06-19 19:31:31.518 [main] INFO  com.webMethodsUI.flow.pageObjects.common.LoginPage - clicking on Select Operation dropdown
2023-06-19 19:31:31.628 [main] INFO  com.webMethodsUI.flow.pageObjects.common.LoginPage - Fetching webelement at runtime //span[contains(text(),'queryLeads')]
2023-06-19 19:31:32.246 [main] INFO  com.webMethodsUI.flow.pageObjects.common.LoginPage - selecting operation...queryLeads
2023-06-19 19:31:32.622 [main] INFO  com.webMethodsUI.flow.pageObjects.common.LoginPage - Clicking on Add account Icon....
2023-06-19 19:31:32.746 [main] INFO  com.webMethodsUI.flow.pageObjects.common.LoginPage - Fetching webelement at runtime //span[contains(text(),'SalesforceCRMV53_authorization_1')]
2023-06-19 19:31:33.350 [main] INFO  com.webMethodsUI.flow.pageObjects.common.LoginPage - Selecting account.. [[ChromeDriver: chrome on WINDOWS (d6a96eddb1f2760739f09e607e1fffe6)] -> xpath: //span[contains(text(),'SalesforceCRMV53_authorization_1')]]
2023-06-19 19:31:33.511 [main] INFO  com.webMethodsUI.flow.pageObjects.common.LoginPage - wait for page load
2023-06-19 19:31:33.923 [main] INFO  com.webMethodsUI.flow.pageObjects.common.LoginPage - Click on runButton
2023-06-19 19:31:34.072 [main] INFO  com.webMethodsUI.flow.pageObjects.common.LoginPage - wait for page load
2023-06-19 19:31:34.241 [main] INFO  com.webMethodsUI.flow.pageObjects.common.LoginPage - wait for page load
2023-06-19 19:31:34.414 [main] INFO  com.webMethodsUI.flow.pageObjects.common.LoginPage - Verify runSuccessMessage is displayed
2023-06-19 19:31:41.093 [main] INFO  com.webMethodsUI.flow.pageObjects.common.LoginPage - wait for page load
2023-06-19 19:31:41.484 [main] INFO  com.webMethodsUI.flow.pageObjects.common.LoginPage - clicking on Back arrowLink...
2023-06-19 19:31:41.617 [main] INFO  com.webMethodsUI.flow.pageObjects.common.LoginPage - wait for page load
2023-06-19 19:31:42.734 [main] INFO  com.webMethodsUI.flow.pageObjects.common.LoginPage - Verify add flowservice plus icon is visible
2023-06-19 19:31:42.926 [main] INFO  com.webMethodsUI.flow.pageObjects.common.LoginPage - Fetching webelement at runtime //a[@title='webMethods.io Integration']
2023-06-19 19:31:43.197 [main] INFO  com.webMethodsUI.flow.pageObjects.common.LoginPage - Clicking on homeLogo.. 
2023-06-19 19:31:43.348 [main] INFO  com.webMethodsUI.flow.pageObjects.common.LoginPage - wait for page load
2023-06-19 19:31:43.676 [main] INFO  com.webMethodsUI.flow.pageObjects.common.LoginPage - Fetching webelement at runtime //a[contains(text(),'Projects')]
2023-06-19 19:31:43.717 [main] INFO  com.webMethodsUI.flow.pageObjects.common.LoginPage - Verify project menu is visible
2023-06-19 19:31:43.857 [main] INFO  com.webMethodsUI.flow.pageObjects.common.LoginPage - Verify Home page greet message is visible
2023-06-19 19:31:43.993 [main] INFO  com.webMethodsUI.flow.pageObjects.common.LoginPage - Verify create project plus button is visible
2023-06-19 19:31:44.176 [main] INFO  com.webMethodsUI.flow.pageObjects.common.LoginPage - Fetching webelement at runtime //span[contains(text(),'ICUI_SalesForceCrmOauthJun19')]/parent::h2/../../../following-sibling::div/a[@aid='projectCardMenuBtn']
2023-06-19 19:31:44.453 [main] INFO  com.webMethodsUI.flow.pageObjects.common.LoginPage - clicking on projectEllipsis Element....
2023-06-19 19:31:44.731 [main] INFO  com.webMethodsUI.flow.pageObjects.common.LoginPage - wait for page load
2023-06-19 19:31:46.326 [main] INFO  com.webMethodsUI.flow.pageObjects.common.LoginPage - Verify publishprojectSelectAssettab is present
2023-06-19 19:31:46.490 [main] INFO  com.webMethodsUI.flow.pageObjects.common.LoginPage - Verify publishprojectSelectAssettab is present
2023-06-19 19:31:46.672 [main] INFO  com.webMethodsUI.flow.pageObjects.common.LoginPage - Fetching webelement at runtime  //span[@class='new-checkbox-label-text'][contains(text(),'Flow services')]
2023-06-19 19:31:46.943 [main] INFO  com.webMethodsUI.flow.pageObjects.common.LoginPage - Selecting checkbox of assets..Flow services
2023-06-19 19:31:47.069 [main] INFO  com.webMethodsUI.flow.pageObjects.common.LoginPage - Fetching webelement at runtime //button[contains(text(),'Next')]
2023-06-19 19:31:47.323 [main] INFO  com.webMethodsUI.flow.pageObjects.common.LoginPage - Clicking on Button.. Next
2023-06-19 19:31:47.450 [main] INFO  com.webMethodsUI.flow.pageObjects.common.LoginPage - wait for page load
2023-06-19 19:31:47.890 [main] INFO  com.webMethodsUI.flow.pageObjects.common.LoginPage - Wait for confirm PopUP is visible
2023-06-19 19:31:48.042 [main] INFO  com.webMethodsUI.flow.helper.assertion.VerificationHelper - element is Displayed.... Confirm dependencies
2023-06-19 19:31:48.055 [main] INFO  com.webMethodsUI.flow.pageObjects.common.LoginPage - Fetching webelement at runtime //button[contains(text(),'Next')]
2023-06-19 19:31:48.333 [main] INFO  com.webMethodsUI.flow.pageObjects.common.LoginPage - Clicking on Button.. Next
2023-06-19 19:31:48.466 [main] INFO  com.webMethodsUI.flow.pageObjects.common.LoginPage - wait for page load
2023-06-19 19:31:48.621 [main] INFO  com.webMethodsUI.flow.pageObjects.common.LoginPage - Verify publish Setting page is visible
2023-06-19 19:31:48.794 [main] INFO  com.webMethodsUI.flow.helper.assertion.VerificationHelper - element is Displayed.... Publish settings
2023-06-19 19:31:48.802 [main] INFO  com.webMethodsUI.flow.pageObjects.common.LoginPage - Entering deploy Name..PublishOauth
2023-06-19 19:31:49.285 [main] INFO  com.webMethodsUI.flow.pageObjects.common.LoginPage - Clicking on select environment dropdown
2023-06-19 19:31:49.407 [main] INFO  com.webMethodsUI.flow.pageObjects.common.LoginPage - Fetching webelement at runtime //div[@class='css-1g6gooi']/div/input
2023-06-19 19:31:51.584 [main] INFO  com.webMethodsUI.flow.pageObjects.common.LoginPage - Fetching webelement at runtime //button[contains(text(),'Publish')]
2023-06-19 19:31:51.843 [main] INFO  com.webMethodsUI.flow.pageObjects.common.LoginPage - Clicking on Button.. Publish
2023-06-19 19:31:51.973 [main] INFO  com.webMethodsUI.flow.pageObjects.common.LoginPage - wait for page load
2023-06-19 19:31:54.425 [main] INFO  com.webMethodsUI.flow.pageObjects.common.LoginPage - Wait for publish deploy message to visible
