2024-11-19 15:51:24.208 [main] INFO  com.webMethodsUI.flow.testbase.TestBase - ChromeDriver: chrome on windows (df81cb7fd41fe6dfa66422dda5fb6a97)
2024-11-19 15:51:24.212 [main] INFO  com.webMethodsUI.flow.testbase.TestBase - Initilize Web Driver: 1604020967
2024-11-19 15:51:24.241 [main] INFO  com.webMethodsUI.flow.testbase.TestBase - Navigating to URLhttps://azsprotenant6.int-az-us.webmethods-spro.io/
2024-11-19 15:51:25.320 [main] INFO  com.webMethodsUI.flow.pageObjects.common.LoginPage - Verify username text field is visible
2024-11-19 15:51:34.323 [main] INFO  com.webMethodsUI.flow.pageObjects.common.LoginPage - Entering user Name: admin
2024-11-19 15:51:34.462 [main] INFO  com.webMethodsUI.flow.pageObjects.common.LoginPage - Entering Password: FMS2HdMkTDTHS_TS
2024-11-19 15:51:36.616 [main] INFO  com.webMethodsUI.flow.pageObjects.common.LoginPage - Click on Login Button
2024-11-19 15:51:39.718 [main] INFO  com.webMethodsUI.flow.pageObjects.common.LoginPage - wait for page load
2024-11-19 15:51:39.819 [main] INFO  com.webMethodsUI.flow.pageObjects.common.LoginPage - wait for page load
2024-11-19 15:51:39.904 [main] INFO  com.webMethodsUI.flow.pageObjects.common.LoginPage - Verify Home page greet message is visible
2024-11-19 15:51:42.454 [main] INFO  com.webMethodsUI.flow.pageObjects.common.LoginPage - Verify create project plus button is visible
2024-11-19 15:51:43.859 [main] INFO  com.webMethodsUI.flow.pageObjects.common.LoginPage - wait for loader not visible
2024-11-19 15:51:43.976 [main] INFO  com.webMethodsUI.flow.pageObjects.common.LoginPage - Fetching webelement at runtime //i[@class='delite-icon dlt-icon-profile']
2024-11-19 15:51:44.000 [main] INFO  com.webMethodsUI.flow.pageObjects.common.LoginPage - Click on profile
2024-11-19 15:51:44.313 [main] INFO  com.webMethodsUI.flow.pageObjects.common.LoginPage - Fetching webelement at runtime //span[normalize-space()='Settings']
2024-11-19 15:51:44.336 [main] INFO  com.webMethodsUI.flow.pageObjects.common.LoginPage - click on Settings
2024-11-19 15:51:44.646 [main] INFO  com.webMethodsUI.flow.pageObjects.common.LoginPage - wait for loader not visible
2024-11-19 15:51:44.995 [main] INFO  com.webMethodsUI.flow.pageObjects.common.LoginPage - Verify key or certificate table visible
2024-11-19 15:51:45.113 [main] INFO  com.webMethodsUI.flow.pageObjects.common.LoginPage - Click on runtime tab
2024-11-19 15:51:45.472 [main] INFO  com.webMethodsUI.flow.pageObjects.common.LoginPage - loader is not visble
2024-11-19 15:51:45.713 [main] INFO  com.webMethodsUI.flow.pageObjects.common.LoginPage - Click on new add button
2024-11-19 15:51:45.975 [main] INFO  com.webMethodsUI.flow.pageObjects.common.LoginPage - add new text visible
2024-11-19 15:51:46.087 [main] INFO  com.webMethodsUI.flow.pageObjects.common.LoginPage - Enter value for store name
2024-11-19 15:51:46.280 [main] INFO  com.webMethodsUI.flow.pageObjects.common.LoginPage - Click on next button
2024-11-19 15:51:48.556 [main] INFO  com.webMethodsUI.flow.pageObjects.common.LoginPage - Fetching webelement at runtime //h1[normalize-space()='ICRuntimeStore']
2024-11-19 15:51:48.797 [main] INFO  com.webMethodsUI.flow.pageObjects.common.LoginPage - Verify Store name visible
2024-11-19 15:51:48.902 [main] INFO  com.webMethodsUI.flow.pageObjects.common.LoginPage - No certificate for Key store visible
2024-11-19 15:51:50.002 [main] INFO  com.webMethodsUI.flow.pageObjects.common.LoginPage - No Certificate for trust store visible
2024-11-19 15:51:50.100 [main] INFO  com.webMethodsUI.flow.pageObjects.common.LoginPage - add button visible
2024-11-19 15:51:50.187 [main] INFO  com.webMethodsUI.flow.pageObjects.common.LoginPage - add button visible
2024-11-19 15:51:50.270 [main] INFO  com.webMethodsUI.flow.pageObjects.common.LoginPage - Verify info message for Identify
2024-11-19 16:15:04.503 [main] INFO  com.webMethodsUI.flow.testbase.TestBase - ChromeDriver: chrome on windows (bbeb85dcf38c7455a74a20d97ca7e8e9)
2024-11-19 16:15:04.506 [main] INFO  com.webMethodsUI.flow.testbase.TestBase - Initilize Web Driver: 277697988
2024-11-19 16:15:04.526 [main] INFO  com.webMethodsUI.flow.testbase.TestBase - Navigating to URLhttps://azsprotenant6.int-az-us.webmethods-spro.io/
2024-11-19 16:15:06.593 [main] INFO  com.webMethodsUI.flow.pageObjects.common.LoginPage - Verify username text field is visible
2024-11-19 16:15:17.632 [main] INFO  com.webMethodsUI.flow.pageObjects.common.LoginPage - Entering user Name: admin
2024-11-19 16:15:17.775 [main] INFO  com.webMethodsUI.flow.pageObjects.common.LoginPage - Entering Password: FMS2HdMkTDTHS_TS
2024-11-19 16:15:19.930 [main] INFO  com.webMethodsUI.flow.pageObjects.common.LoginPage - Click on Login Button
2024-11-19 16:15:23.072 [main] INFO  com.webMethodsUI.flow.pageObjects.common.LoginPage - wait for page load
2024-11-19 16:15:23.174 [main] INFO  com.webMethodsUI.flow.pageObjects.common.LoginPage - wait for page load
2024-11-19 16:15:23.276 [main] INFO  com.webMethodsUI.flow.pageObjects.common.LoginPage - Verify Home page greet message is visible
2024-11-19 16:15:25.803 [main] INFO  com.webMethodsUI.flow.pageObjects.common.LoginPage - Verify create project plus button is visible
2024-11-19 16:15:27.135 [main] INFO  com.webMethodsUI.flow.pageObjects.common.LoginPage - wait for loader not visible
2024-11-19 16:15:27.218 [main] INFO  com.webMethodsUI.flow.pageObjects.common.LoginPage - Fetching webelement at runtime //i[@class='delite-icon dlt-icon-profile']
2024-11-19 16:15:27.231 [main] INFO  com.webMethodsUI.flow.pageObjects.common.LoginPage - Click on profile
2024-11-19 16:15:27.500 [main] INFO  com.webMethodsUI.flow.pageObjects.common.LoginPage - Fetching webelement at runtime //span[normalize-space()='Settings']
2024-11-19 16:15:27.513 [main] INFO  com.webMethodsUI.flow.pageObjects.common.LoginPage - click on Settings
2024-11-19 16:15:27.808 [main] INFO  com.webMethodsUI.flow.pageObjects.common.LoginPage - wait for loader not visible
2024-11-19 16:15:28.156 [main] INFO  com.webMethodsUI.flow.pageObjects.common.LoginPage - Verify key or certificate table visible
2024-11-19 16:15:28.260 [main] INFO  com.webMethodsUI.flow.pageObjects.common.LoginPage - Click on runtime tab
2024-11-19 16:15:28.525 [main] INFO  com.webMethodsUI.flow.pageObjects.common.LoginPage - loader is not visble
2024-11-19 16:15:28.873 [main] INFO  com.webMethodsUI.flow.pageObjects.common.LoginPage - Click on new add button
2024-11-19 16:15:29.111 [main] INFO  com.webMethodsUI.flow.pageObjects.common.LoginPage - add new text visible
2024-11-19 16:15:29.213 [main] INFO  com.webMethodsUI.flow.pageObjects.common.LoginPage - Enter value for store name
2024-11-19 16:15:29.359 [main] INFO  com.webMethodsUI.flow.pageObjects.common.LoginPage - Click on next button
2024-11-19 16:16:00.026 [main] INFO  com.webMethodsUI.flow.pageObjects.common.LoginPage - Fetching webelement at runtime //div[@class='key-store store-pane']//span[@title='Copy password']
2024-11-19 16:16:30.138 [main] INFO  com.webMethodsUI.flow.pageObjects.common.LoginPage - Fetching webelement at runtime //div[@class='trust-store store-pane']//span[@title='Copy password']
2024-11-19 17:17:30.805 [main] INFO  com.webMethodsUI.flow.testbase.TestBase - ChromeDriver: chrome on windows (98f1e0157c6988e700e91c8877e4733a)
2024-11-19 17:17:30.807 [main] INFO  com.webMethodsUI.flow.testbase.TestBase - Initilize Web Driver: 999334666
2024-11-19 17:17:30.832 [main] INFO  com.webMethodsUI.flow.testbase.TestBase - Navigating to URLhttps://azsprotenant6.int-az-us.webmethods-spro.io/
2024-11-19 17:17:31.740 [main] INFO  com.webMethodsUI.flow.pageObjects.common.LoginPage - Verify username text field is visible
2024-11-19 17:18:05.963 [main] INFO  com.webMethodsUI.flow.pageObjects.common.LoginPage - wait for loader not visible
2024-11-19 17:18:06.091 [main] INFO  com.webMethodsUI.flow.pageObjects.common.LoginPage - Fetching webelement at runtime //i[@class='delite-icon dlt-icon-profile']
2024-11-19 17:18:36.188 [main] INFO  com.webMethodsUI.flow.pageObjects.common.LoginPage - loader is not visble
2024-11-19 17:18:36.267 [main] INFO  com.webMethodsUI.flow.pageObjects.common.LoginPage - Click on new add button
2024-11-19 17:19:06.784 [main] INFO  com.webMethodsUI.flow.pageObjects.common.LoginPage - Fetching webelement at runtime //div[@class='key-store store-pane']//span[@title='Copy password']
2024-11-19 17:19:19.381 [main] INFO  com.webMethodsUI.flow.pageObjects.common.LoginPage - Fetching webelement at runtime //div[@class='trust-store store-pane']//span[@title='Copy password']
2024-11-19 17:19:19.399 [main] INFO  com.webMethodsUI.flow.pageObjects.common.LoginPage - Fetching webelement at runtime //div[@class='key-store store-pane']//a[@class='dropdown-button certificate-button right secondary-btn small'][normalize-space()='+ Add']
2024-11-19 17:19:19.421 [main] INFO  com.webMethodsUI.flow.pageObjects.common.LoginPage - Fetching webelement at runtime //input[@id='ICRuntimeStore']/ancestor::div[@class='table-row runtimes-certificates-stores-row']//i[@title='Delete store']
2024-11-19 17:19:19.439 [main] INFO  com.webMethodsUI.flow.pageObjects.common.LoginPage - Fetching webelement at runtime //div[@class='trust-store store-pane']//a[@class='dropdown-button certificate-button right secondary-btn small'][normalize-space()='+ Add']
2024-11-19 17:20:01.903 [main] INFO  com.webMethodsUI.flow.testbase.TestBase - ChromeDriver: chrome on windows (d680d251f7e339302b89124b79af3d1f)
2024-11-19 17:20:01.907 [main] INFO  com.webMethodsUI.flow.testbase.TestBase - Initilize Web Driver: 999334666
2024-11-19 17:20:01.935 [main] INFO  com.webMethodsUI.flow.testbase.TestBase - Navigating to URLhttps://azsprotenant6.int-az-us.webmethods-spro.io/
2024-11-19 17:20:03.009 [main] INFO  com.webMethodsUI.flow.pageObjects.common.LoginPage - Verify username text field is visible
2024-11-19 17:20:30.916 [main] INFO  com.webMethodsUI.flow.pageObjects.common.LoginPage - Entering user Name: admin
2024-11-19 17:20:31.051 [main] INFO  com.webMethodsUI.flow.pageObjects.common.LoginPage - Entering Password: FMS2HdMkTDTHS_TS
2024-11-19 17:20:33.212 [main] INFO  com.webMethodsUI.flow.pageObjects.common.LoginPage - Click on Login Button
2024-11-19 17:20:36.443 [main] INFO  com.webMethodsUI.flow.pageObjects.common.LoginPage - wait for page load
2024-11-19 17:20:36.546 [main] INFO  com.webMethodsUI.flow.pageObjects.common.LoginPage - wait for page load
2024-11-19 17:20:36.649 [main] INFO  com.webMethodsUI.flow.pageObjects.common.LoginPage - Verify Home page greet message is visible
2024-11-19 17:20:39.213 [main] INFO  com.webMethodsUI.flow.pageObjects.common.LoginPage - Verify create project plus button is visible
2024-11-19 17:20:40.602 [main] INFO  com.webMethodsUI.flow.pageObjects.common.LoginPage - wait for loader not visible
2024-11-19 17:20:40.717 [main] INFO  com.webMethodsUI.flow.pageObjects.common.LoginPage - Fetching webelement at runtime //i[@class='delite-icon dlt-icon-profile']
2024-11-19 17:20:40.734 [main] INFO  com.webMethodsUI.flow.pageObjects.common.LoginPage - Click on profile
2024-11-19 17:20:41.057 [main] INFO  com.webMethodsUI.flow.pageObjects.common.LoginPage - Fetching webelement at runtime //span[normalize-space()='Settings']
2024-11-19 17:20:41.077 [main] INFO  com.webMethodsUI.flow.pageObjects.common.LoginPage - click on Settings
2024-11-19 17:20:41.360 [main] INFO  com.webMethodsUI.flow.pageObjects.common.LoginPage - wait for loader not visible
2024-11-19 17:20:41.710 [main] INFO  com.webMethodsUI.flow.pageObjects.common.LoginPage - Verify key or certificate table visible
2024-11-19 17:20:41.824 [main] INFO  com.webMethodsUI.flow.pageObjects.common.LoginPage - Click on runtime tab
2024-11-19 17:20:42.094 [main] INFO  com.webMethodsUI.flow.pageObjects.common.LoginPage - loader is not visble
2024-11-19 17:20:42.424 [main] INFO  com.webMethodsUI.flow.pageObjects.common.LoginPage - Click on new add button
2024-11-19 17:20:42.659 [main] INFO  com.webMethodsUI.flow.pageObjects.common.LoginPage - add new text visible
2024-11-19 17:20:42.763 [main] INFO  com.webMethodsUI.flow.pageObjects.common.LoginPage - Enter value for store name
2024-11-19 17:20:42.930 [main] INFO  com.webMethodsUI.flow.pageObjects.common.LoginPage - Click on next button
2024-11-19 17:20:45.206 [main] INFO  com.webMethodsUI.flow.pageObjects.common.LoginPage - Fetching webelement at runtime //h1[normalize-space()='ICRuntimeStore']
2024-11-19 17:20:45.464 [main] INFO  com.webMethodsUI.flow.pageObjects.common.LoginPage - Verify Store name visible
2024-11-19 17:20:45.569 [main] INFO  com.webMethodsUI.flow.pageObjects.common.LoginPage - No certificate for Key store visible
2024-11-19 17:20:46.684 [main] INFO  com.webMethodsUI.flow.pageObjects.common.LoginPage - No Certificate for trust store visible
2024-11-19 17:20:46.798 [main] INFO  com.webMethodsUI.flow.pageObjects.common.LoginPage - add button visible
2024-11-19 17:20:46.890 [main] INFO  com.webMethodsUI.flow.pageObjects.common.LoginPage - add button visible
2024-11-19 17:20:47.011 [main] INFO  com.webMethodsUI.flow.pageObjects.common.LoginPage - Verify info message for Identify
2024-11-19 17:20:47.119 [main] INFO  com.webMethodsUI.flow.pageObjects.common.LoginPage - verify info message for trust store
2024-11-19 17:20:47.260 [main] INFO  com.webMethodsUI.flow.pageObjects.common.LoginPage - Fetching webelement at runtime //div[@class='key-store store-pane']//span[@title='Copy password']
2024-11-19 17:20:47.276 [main] INFO  com.webMethodsUI.flow.pageObjects.common.LoginPage - click on copy docker command
2024-11-19 17:20:50.634 [main] INFO  com.webMethodsUI.flow.pageObjects.common.LoginPage - Fetching webelement at runtime //div[@class='trust-store store-pane']//span[@title='Copy password']
2024-11-19 17:20:50.653 [main] INFO  com.webMethodsUI.flow.pageObjects.common.LoginPage - click on copy docker command
2024-11-19 17:20:51.066 [main] INFO  com.webMethodsUI.flow.pageObjects.common.LoginPage - Fetching webelement at runtime //div[@class='key-store store-pane']//a[@class='dropdown-button certificate-button right secondary-btn small'][normalize-space()='+ Add']
2024-11-19 17:20:51.100 [main] INFO  com.webMethodsUI.flow.pageObjects.common.LoginPage - Click on add certificate button
2024-11-19 17:20:51.358 [main] INFO  com.webMethodsUI.flow.pageObjects.common.LoginPage - Fetching webelement at runtime //ul[@id='runtime-certificate-identity-store']//li//a[@href='javascript:;'][normalize-space()='Import Keystore']
2024-11-19 17:20:51.375 [main] INFO  com.webMethodsUI.flow.pageObjects.common.LoginPage - Verify import keystore is visible
2024-11-19 17:20:51.480 [main] INFO  com.webMethodsUI.flow.pageObjects.common.LoginPage - Fetching webelement at runtime //ul[@id='runtime-certificate-identity-store']//li//a[@href='javascript:;'][normalize-space()='Import Certificate']
2024-11-19 17:20:51.495 [main] INFO  com.webMethodsUI.flow.pageObjects.common.LoginPage - Verify import Certificate is visible
2024-11-19 17:20:51.586 [main] INFO  com.webMethodsUI.flow.pageObjects.common.LoginPage - Click on import certificate
2024-11-19 17:20:51.823 [main] INFO  com.webMethodsUI.flow.pageObjects.common.LoginPage - Fetching webelement at runtime //h1[normalize-space()='Import Keystore']
2024-11-19 17:20:51.840 [main] INFO  com.webMethodsUI.flow.pageObjects.common.LoginPage - Verify text is visble
2024-11-19 17:20:51.938 [main] INFO  com.webMethodsUI.flow.pageObjects.common.LoginPage - Fetching webelement at runtime //button[normalize-space()='Browse']
2024-11-19 17:20:51.954 [main] INFO  com.webMethodsUI.flow.pageObjects.common.LoginPage - Click on browse file
2024-11-19 17:20:52.269 [main] INFO  com.webMethodsUI.flow.pageObjects.common.LoginPage - Fetching webelement at runtime //input[@name='Passphrase']
2024-11-19 17:20:52.286 [main] INFO  com.webMethodsUI.flow.pageObjects.common.LoginPage - Enter the password
2024-11-19 17:20:52.581 [main] INFO  com.webMethodsUI.flow.pageObjects.common.LoginPage - Fetching webelement at runtime //button[normalize-space()='Next']
2024-11-19 17:20:52.596 [main] INFO  com.webMethodsUI.flow.pageObjects.common.LoginPage - Click on next button
2024-11-19 17:21:23.322 [main] INFO  com.webMethodsUI.flow.pageObjects.common.LoginPage - Fetching webelement at runtime //div[@class='trust-store store-pane']//a[@class='dropdown-button certificate-button right secondary-btn small'][normalize-space()='+ Add']
2024-11-19 17:21:23.338 [main] INFO  com.webMethodsUI.flow.pageObjects.common.LoginPage - Click on add certificate button
2024-11-19 17:21:23.580 [main] INFO  com.webMethodsUI.flow.pageObjects.common.LoginPage - Fetching webelement at runtime //ul[@id='runtime-certificate-trust-store']//li//a[@href='javascript:;'][normalize-space()='Import Keystore']
2024-11-19 17:21:53.687 [main] INFO  com.webMethodsUI.flow.pageObjects.common.LoginPage - Fetching webelement at runtime //input[@id='ICRuntimeStore']/ancestor::div[@class='table-row runtimes-certificates-stores-row']//i[@title='Delete store']
2024-11-19 17:21:53.703 [main] INFO  com.webMethodsUI.flow.pageObjects.common.LoginPage - Click on delete button of Store
2024-11-19 17:21:53.929 [main] INFO  com.webMethodsUI.flow.pageObjects.common.LoginPage - Fetching webelement at runtime //h1[normalize-space()='Delete ICRuntimeStore']
2024-11-19 18:14:41.443 [main] INFO  com.webMethodsUI.flow.testbase.TestBase - ChromeDriver: chrome on windows (41837d26d330582f22d5686481455b6e)
2024-11-19 18:14:41.447 [main] INFO  com.webMethodsUI.flow.testbase.TestBase - Initilize Web Driver: 999334666
2024-11-19 18:14:41.469 [main] INFO  com.webMethodsUI.flow.testbase.TestBase - Navigating to URLhttps://azsprotenant6.int-az-us.webmethods-spro.io/
2024-11-19 18:14:43.378 [main] INFO  com.webMethodsUI.flow.pageObjects.common.LoginPage - Verify username text field is visible
2024-11-19 18:14:54.689 [main] INFO  com.webMethodsUI.flow.pageObjects.common.LoginPage - Entering user Name: admin
2024-11-19 18:14:54.811 [main] INFO  com.webMethodsUI.flow.pageObjects.common.LoginPage - Entering Password: FMS2HdMkTDTHS_TS
2024-11-19 18:14:56.978 [main] INFO  com.webMethodsUI.flow.pageObjects.common.LoginPage - Click on Login Button
2024-11-19 18:15:00.204 [main] INFO  com.webMethodsUI.flow.pageObjects.common.LoginPage - wait for page load
2024-11-19 18:15:00.308 [main] INFO  com.webMethodsUI.flow.pageObjects.common.LoginPage - wait for page load
2024-11-19 18:15:00.411 [main] INFO  com.webMethodsUI.flow.pageObjects.common.LoginPage - Verify Home page greet message is visible
2024-11-19 18:15:02.979 [main] INFO  com.webMethodsUI.flow.pageObjects.common.LoginPage - Verify create project plus button is visible
2024-11-19 18:15:04.351 [main] INFO  com.webMethodsUI.flow.pageObjects.common.LoginPage - wait for loader not visible
2024-11-19 18:15:04.443 [main] INFO  com.webMethodsUI.flow.pageObjects.common.LoginPage - Fetching webelement at runtime //i[@class='delite-icon dlt-icon-profile']
2024-11-19 18:15:04.458 [main] INFO  com.webMethodsUI.flow.pageObjects.common.LoginPage - Click on profile
2024-11-19 18:15:04.721 [main] INFO  com.webMethodsUI.flow.pageObjects.common.LoginPage - Fetching webelement at runtime //span[normalize-space()='Settings']
2024-11-19 18:15:04.737 [main] INFO  com.webMethodsUI.flow.pageObjects.common.LoginPage - click on Settings
2024-11-19 18:15:05.001 [main] INFO  com.webMethodsUI.flow.pageObjects.common.LoginPage - wait for loader not visible
2024-11-19 18:15:05.350 [main] INFO  com.webMethodsUI.flow.pageObjects.common.LoginPage - Verify key or certificate table visible
2024-11-19 18:15:05.468 [main] INFO  com.webMethodsUI.flow.pageObjects.common.LoginPage - Click on runtime tab
2024-11-19 18:15:05.733 [main] INFO  com.webMethodsUI.flow.pageObjects.common.LoginPage - loader is not visble
2024-11-19 18:15:06.048 [main] INFO  com.webMethodsUI.flow.pageObjects.common.LoginPage - Click on new add button
2024-11-19 18:15:06.278 [main] INFO  com.webMethodsUI.flow.pageObjects.common.LoginPage - add new text visible
2024-11-19 18:15:06.373 [main] INFO  com.webMethodsUI.flow.pageObjects.common.LoginPage - Enter value for store name
2024-11-19 18:15:06.520 [main] INFO  com.webMethodsUI.flow.pageObjects.common.LoginPage - Click on next button
2024-11-19 18:15:08.785 [main] INFO  com.webMethodsUI.flow.pageObjects.common.LoginPage - Fetching webelement at runtime //h1[normalize-space()='ICRuntimeStore']
2024-11-19 18:15:09.041 [main] INFO  com.webMethodsUI.flow.pageObjects.common.LoginPage - Verify Store name visible
2024-11-19 18:15:09.141 [main] INFO  com.webMethodsUI.flow.pageObjects.common.LoginPage - No certificate for Key store visible
2024-11-19 18:15:10.248 [main] INFO  com.webMethodsUI.flow.pageObjects.common.LoginPage - No Certificate for trust store visible
2024-11-19 18:15:10.345 [main] INFO  com.webMethodsUI.flow.pageObjects.common.LoginPage - add button visible
2024-11-19 18:15:10.436 [main] INFO  com.webMethodsUI.flow.pageObjects.common.LoginPage - add button visible
2024-11-19 18:15:10.521 [main] INFO  com.webMethodsUI.flow.pageObjects.common.LoginPage - Verify info message for Identify
2024-11-19 18:15:10.611 [main] INFO  com.webMethodsUI.flow.pageObjects.common.LoginPage - verify info message for trust store
2024-11-19 18:15:10.729 [main] INFO  com.webMethodsUI.flow.pageObjects.common.LoginPage - Fetching webelement at runtime //div[@class='key-store store-pane']//span[@title='Copy password']
2024-11-19 18:15:10.744 [main] INFO  com.webMethodsUI.flow.pageObjects.common.LoginPage - click on copy docker command
2024-11-19 18:15:14.045 [main] INFO  com.webMethodsUI.flow.pageObjects.common.LoginPage - Fetching webelement at runtime //div[@class='trust-store store-pane']//span[@title='Copy password']
2024-11-19 18:15:14.061 [main] INFO  com.webMethodsUI.flow.pageObjects.common.LoginPage - click on copy docker command
2024-11-19 18:15:14.420 [main] INFO  com.webMethodsUI.flow.pageObjects.common.LoginPage - Fetching webelement at runtime //div[@class='key-store store-pane']//a[@class='dropdown-button certificate-button right secondary-btn small'][normalize-space()='+ Add']
2024-11-19 18:15:14.434 [main] INFO  com.webMethodsUI.flow.pageObjects.common.LoginPage - Click on add certificate button
2024-11-19 18:15:14.682 [main] INFO  com.webMethodsUI.flow.pageObjects.common.LoginPage - Fetching webelement at runtime //ul[@id='runtime-certificate-identity-store']//li//a[@href='javascript:;'][normalize-space()='Import Keystore']
2024-11-19 18:15:14.698 [main] INFO  com.webMethodsUI.flow.pageObjects.common.LoginPage - Verify import keystore is visible
2024-11-19 18:15:14.810 [main] INFO  com.webMethodsUI.flow.pageObjects.common.LoginPage - Fetching webelement at runtime //ul[@id='runtime-certificate-identity-store']//li//a[@href='javascript:;'][normalize-space()='Import Certificate']
2024-11-19 18:15:14.826 [main] INFO  com.webMethodsUI.flow.pageObjects.common.LoginPage - Verify import Certificate is visible
2024-11-19 18:15:14.937 [main] INFO  com.webMethodsUI.flow.pageObjects.common.LoginPage - Click on import certificate
2024-11-19 18:15:15.203 [main] INFO  com.webMethodsUI.flow.pageObjects.common.LoginPage - Fetching webelement at runtime //h1[normalize-space()='Import Keystore']
2024-11-19 18:15:15.220 [main] INFO  com.webMethodsUI.flow.pageObjects.common.LoginPage - Verify text is visble
2024-11-19 18:15:15.337 [main] INFO  com.webMethodsUI.flow.pageObjects.common.LoginPage - Fetching webelement at runtime //button[normalize-space()='Browse']
2024-11-19 18:15:15.400 [main] INFO  com.webMethodsUI.flow.pageObjects.common.LoginPage - Fetching webelement at runtime //input[@name='Passphrase']
2024-11-19 18:15:15.421 [main] INFO  com.webMethodsUI.flow.pageObjects.common.LoginPage - Enter the password
2024-11-19 18:15:15.570 [main] INFO  com.webMethodsUI.flow.pageObjects.common.LoginPage - Fetching webelement at runtime //button[normalize-space()='Next']
2024-11-19 18:15:15.581 [main] INFO  com.webMethodsUI.flow.pageObjects.common.LoginPage - Click on next button
2024-11-19 18:15:46.267 [main] INFO  com.webMethodsUI.flow.pageObjects.common.LoginPage - Fetching webelement at runtime //div[@class='trust-store store-pane']//a[@class='dropdown-button certificate-button right secondary-btn small'][normalize-space()='+ Add']
2024-11-19 18:15:46.282 [main] INFO  com.webMethodsUI.flow.pageObjects.common.LoginPage - Click on add certificate button
2024-11-19 18:15:46.508 [main] INFO  com.webMethodsUI.flow.pageObjects.common.LoginPage - Fetching webelement at runtime //ul[@id='runtime-certificate-trust-store']//li//a[@href='javascript:;'][normalize-space()='Import Keystore']
2024-11-19 18:16:16.615 [main] INFO  com.webMethodsUI.flow.pageObjects.common.LoginPage - Fetching webelement at runtime //input[@id='ICRuntimeStore']/ancestor::div[@class='table-row runtimes-certificates-stores-row']//i[@title='Delete store']
2024-11-19 18:16:16.631 [main] INFO  com.webMethodsUI.flow.pageObjects.common.LoginPage - Click on delete button of Store
2024-11-19 18:16:16.860 [main] INFO  com.webMethodsUI.flow.pageObjects.common.LoginPage - Fetching webelement at runtime //h1[normalize-space()='Delete ICRuntimeStore']
