2023-05-25 09:37:29.266 [main] INFO  com.webMethodsUI.flow.testbase.TestBase - ChromeDriver: chrome on WINDOWS (ff45f1567d73c2e990e8db8d51ffa845)
2023-05-25 09:37:29.274 [main] INFO  com.webMethodsUI.flow.testbase.TestBase - Initilize Web Driver: 783141366
2023-05-25 09:37:29.452 [main] INFO  com.webMethodsUI.flow.testbase.TestBase - Navigating to URLhttps://devrealm2.dev-int-aws-us.webmethods.io
2023-05-25 09:37:31.044 [main] INFO  com.webMethodsUI.flow.pageObjects.common.LoginPage - Verify username text field is visible
2023-05-25 09:37:35.590 [main] INFO  com.webMethodsUI.flow.pageObjects.common.LoginPage - Entering user Name: wmioicqa
2023-05-25 09:37:35.866 [main] INFO  com.webMethodsUI.flow.pageObjects.common.LoginPage - Entering user Name: [[ChromeDriver: chrome on WINDOWS (ff45f1567d73c2e990e8db8d51ffa845)] -> xpath: //*[@id='password']]
2023-05-25 09:37:38.099 [main] INFO  com.webMethodsUI.flow.pageObjects.common.LoginPage - Click on Login Button
2023-05-25 09:37:40.739 [main] INFO  com.webMethodsUI.flow.pageObjects.common.LoginPage - wait for page load
2023-05-25 09:37:40.902 [main] INFO  com.webMethodsUI.flow.pageObjects.common.LoginPage - Verify Home page greet message is visible
2023-05-25 09:37:43.092 [main] INFO  com.webMethodsUI.flow.pageObjects.common.LoginPage - Verify create project plus button is visible
2023-05-25 09:37:44.463 [main] INFO  com.webMethodsUI.flow.pageObjects.common.LoginPage - Click on Add Project Button
2023-05-25 09:37:44.946 [main] INFO  com.webMethodsUI.flow.pageObjects.common.LoginPage - Entering Project Name ICUI_RESTApp25May0937
2023-05-25 09:37:45.415 [main] INFO  com.webMethodsUI.flow.pageObjects.common.LoginPage - Click createProject Button
2023-05-25 09:37:49.160 [main] INFO  com.webMethodsUI.flow.pageObjects.common.LoginPage - Verify project created successfully message is visible
2023-05-25 09:37:49.355 [main] INFO  com.webMethodsUI.flow.pageObjects.common.LoginPage - Verify ProjectDropDown is visible
2023-05-25 09:37:50.355 [main] INFO  com.webMethodsUI.flow.pageObjects.common.LoginPage - Fetching webelement at runtime //div[@class='tab-details']/ul/li/a/span[contains(text(),'Connectors ')]
2023-05-25 09:37:50.409 [main] INFO  com.webMethodsUI.flow.pageObjects.common.LoginPage - Clicking on subMenu...Connectors 
2023-05-25 09:37:50.808 [main] INFO  com.webMethodsUI.flow.pageObjects.common.LoginPage - wait for page load
2023-05-25 09:38:02.291 [main] INFO  com.webMethodsUI.flow.pageObjects.common.LoginPage - Verify PredefinedConnectorTitle is visible
2023-05-25 09:38:02.484 [main] INFO  com.webMethodsUI.flow.pageObjects.common.LoginPage - Fetching webelement at runtime //a[contains(text(),'REST')]
2023-05-25 09:38:02.520 [main] INFO  com.webMethodsUI.flow.pageObjects.common.LoginPage - Clicking on Left Panal MainMenu....REST
2023-05-25 09:38:02.845 [main] INFO  com.webMethodsUI.flow.pageObjects.common.LoginPage - wait for page load
2023-05-25 09:38:03.932 [main] INFO  com.webMethodsUI.flow.pageObjects.common.LoginPage - Verify RESTConnectorPageTitle is visible
2023-05-25 09:38:04.150 [main] INFO  com.webMethodsUI.flow.pageObjects.common.LoginPage - Fetching webelement at runtime //button[contains(text(),'Add Connector')]
2023-05-25 09:38:04.182 [main] INFO  com.webMethodsUI.flow.pageObjects.common.LoginPage - Clicking on Button.. Add Connector
2023-05-25 09:38:04.521 [main] INFO  com.webMethodsUI.flow.pageObjects.common.LoginPage - wait for page load
2023-05-25 09:38:04.645 [main] INFO  com.webMethodsUI.flow.pageObjects.common.LoginPage - Verify defineConnetorPageTitle is visible
2023-05-25 09:38:04.806 [main] INFO  com.webMethodsUI.flow.pageObjects.common.LoginPage - Verify defineConnetorPageTitle is visible.. [[ChromeDriver: chrome on WINDOWS (ff45f1567d73c2e990e8db8d51ffa845)] -> xpath: //span[contains(text(),'Define Connector')]]
2023-05-25 09:38:04.933 [main] INFO  com.webMethodsUI.flow.pageObjects.common.LoginPage - Entering connector Name.. MyFirstRESTConnectorTestApp
2023-05-25 09:38:05.235 [main] INFO  com.webMethodsUI.flow.pageObjects.common.LoginPage - Entering connectorDescription.. MyREST Connector Description
2023-05-25 09:38:05.570 [main] INFO  com.webMethodsUI.flow.pageObjects.common.LoginPage - Entering REST connector URL... https://reqres.in
2023-05-25 09:38:05.820 [main] INFO  com.webMethodsUI.flow.pageObjects.common.LoginPage - Clicking on Authentication Type drop down
2023-05-25 09:38:06.165 [main] INFO  com.webMethodsUI.flow.pageObjects.common.LoginPage - Fetching webelement at runtime //div[contains(text(),'Credentials')]
2023-05-25 09:38:06.220 [main] INFO  com.webMethodsUI.flow.pageObjects.common.LoginPage - selecting value from drop down link  Credentials
2023-05-25 09:38:06.507 [main] INFO  com.webMethodsUI.flow.pageObjects.common.LoginPage - Fetching webelement at runtime //button[contains(text(),'Next')]
2023-05-25 09:38:06.554 [main] INFO  com.webMethodsUI.flow.pageObjects.common.LoginPage - Clicking on Button.. Next
2023-05-25 09:38:06.847 [main] INFO  com.webMethodsUI.flow.pageObjects.common.LoginPage - wait for page load
2023-05-25 09:38:06.961 [main] INFO  com.webMethodsUI.flow.pageObjects.common.LoginPage - Verify resourcePageTitle is visible
2023-05-25 09:38:07.194 [main] INFO  com.webMethodsUI.flow.pageObjects.common.LoginPage - Fetching webelement at runtime //button[contains(text(),'Add resource')]
2023-05-25 09:38:07.224 [main] INFO  com.webMethodsUI.flow.pageObjects.common.LoginPage - Clicking on Button.. Add resource
2023-05-25 09:38:07.585 [main] INFO  com.webMethodsUI.flow.pageObjects.common.LoginPage - wait for page load
2023-05-25 09:38:07.730 [main] INFO  com.webMethodsUI.flow.pageObjects.common.LoginPage - Verify resourcePageTitle is present
2023-05-25 09:38:07.909 [main] INFO  com.webMethodsUI.flow.pageObjects.common.LoginPage - Entering Resource Name.. testResource
2023-05-25 09:38:08.183 [main] INFO  com.webMethodsUI.flow.pageObjects.common.LoginPage - Entering Resource resourcePath.. /api/users
2023-05-25 09:38:08.456 [main] INFO  com.webMethodsUI.flow.pageObjects.common.LoginPage - Entering Resource resourceDescription.. MyResourceDescription
2023-05-25 09:38:08.735 [main] INFO  com.webMethodsUI.flow.pageObjects.common.LoginPage - Fetching webelement at runtime //span[@class='new-checkbox-label-text'][contains(text(),'GET')]
2023-05-25 09:38:08.765 [main] INFO  com.webMethodsUI.flow.pageObjects.common.LoginPage - clicking on checkbox.. GET
2023-05-25 09:38:09.128 [main] INFO  com.webMethodsUI.flow.pageObjects.common.LoginPage - Verify requestTab is visible
2023-05-25 09:38:09.428 [main] INFO  com.webMethodsUI.flow.pageObjects.common.LoginPage - Fetching webelement at runtime //a[contains(text(),'Add Parameters')]
2023-05-25 09:38:09.462 [main] INFO  com.webMethodsUI.flow.pageObjects.common.LoginPage - Clicking on button... Add Parameters
2023-05-25 09:38:09.798 [main] INFO  com.webMethodsUI.flow.pageObjects.common.LoginPage - Verify parametersHeader is visible
2023-05-25 09:38:09.975 [main] INFO  com.webMethodsUI.flow.pageObjects.common.LoginPage - Entering parameter Name.. page
2023-05-25 09:38:10.210 [main] INFO  com.webMethodsUI.flow.pageObjects.common.LoginPage - Entering parameter Value.. 2
2023-05-25 09:38:10.456 [main] INFO  com.webMethodsUI.flow.pageObjects.common.LoginPage - Fetching webelement at runtime //*[text()='Parameter Type']/..//div[text()='Select Parameter type']
2023-05-25 09:38:10.513 [main] INFO  com.webMethodsUI.flow.pageObjects.common.LoginPage - Clicking on Drop Down..[[ChromeDriver: chrome on WINDOWS (ff45f1567d73c2e990e8db8d51ffa845)] -> xpath: //*[text()='Parameter Type']/..//div[text()='Select Parameter type']] at index..0
2023-05-25 09:38:10.844 [main] INFO  com.webMethodsUI.flow.pageObjects.common.LoginPage - Fetching webelement at runtime //div[contains(text(),'FORM_ENCODED_PARAM')]
2023-05-25 09:38:10.877 [main] INFO  com.webMethodsUI.flow.pageObjects.common.LoginPage - selecting value from drop down link  FORM_ENCODED_PARAM
2023-05-25 09:38:11.191 [main] INFO  com.webMethodsUI.flow.pageObjects.common.LoginPage - Fetching webelement at runtime //*[text()='Mandatory']/../div/div/div/div[contains(@class,'singleValue')]
2023-05-25 09:38:11.227 [main] INFO  com.webMethodsUI.flow.pageObjects.common.LoginPage - Clicking on Drop Down..[[ChromeDriver: chrome on WINDOWS (ff45f1567d73c2e990e8db8d51ffa845)] -> xpath: //*[text()='Mandatory']/../div/div/div/div[contains(@class,'singleValue')]] at index..0
2023-05-25 09:38:11.568 [main] INFO  com.webMethodsUI.flow.pageObjects.common.LoginPage - Fetching webelement at runtime //div[contains(text(),'Yes')]
2023-05-25 09:38:11.596 [main] INFO  com.webMethodsUI.flow.pageObjects.common.LoginPage - selecting value from drop down link  Yes
2023-05-25 09:38:12.000 [main] INFO  com.webMethodsUI.flow.pageObjects.common.LoginPage - Verify requestTab is visible
2023-05-25 09:38:12.159 [main] INFO  com.webMethodsUI.flow.pageObjects.common.LoginPage - Fetching webelement at runtime //a[contains(text(),'Add Header')]
2023-05-25 09:38:12.189 [main] INFO  com.webMethodsUI.flow.pageObjects.common.LoginPage - Clicking on button... Add Header
2023-05-25 09:38:12.505 [main] INFO  com.webMethodsUI.flow.pageObjects.common.LoginPage - Fetching webelement at runtime (//input[@placeholder='Type the Header Name'])[1]
2023-05-25 09:38:12.540 [main] INFO  com.webMethodsUI.flow.pageObjects.common.LoginPage - Entering headerName... AcceptAnd header section index is 1
2023-05-25 09:38:12.769 [main] INFO  com.webMethodsUI.flow.pageObjects.common.LoginPage - Fetching webelement at runtime (//input[@placeholder='Type a Value'])[2]
2023-05-25 09:38:12.797 [main] INFO  com.webMethodsUI.flow.pageObjects.common.LoginPage - Entering header Value... application/jsonAnd header section index is 2
2023-05-25 09:38:13.024 [main] INFO  com.webMethodsUI.flow.pageObjects.common.LoginPage - Fetching webelement at runtime //*[text()='Mandatory']/../div/div/div/div[contains(@class,'singleValue')]
2023-05-25 09:38:13.070 [main] INFO  com.webMethodsUI.flow.pageObjects.common.LoginPage - Clicking on Drop Down..[[ChromeDriver: chrome on WINDOWS (ff45f1567d73c2e990e8db8d51ffa845)] -> xpath: //*[text()='Mandatory']/../div/div/div/div[contains(@class,'singleValue')]] at index..1
2023-05-25 09:38:13.374 [main] INFO  com.webMethodsUI.flow.pageObjects.common.LoginPage - Fetching webelement at runtime (//div[contains(text(),'Yes')])['2']
2023-05-25 09:38:13.405 [main] INFO  com.webMethodsUI.flow.pageObjects.common.LoginPage - selecting value from drop down link  Yes
2023-05-25 09:38:13.701 [main] INFO  com.webMethodsUI.flow.pageObjects.common.LoginPage - Fetching webelement at runtime //a[contains(text(),'Add Header')]
2023-05-25 09:38:13.724 [main] INFO  com.webMethodsUI.flow.pageObjects.common.LoginPage - Clicking on button... Add Header
2023-05-25 09:38:14.019 [main] INFO  com.webMethodsUI.flow.pageObjects.common.LoginPage - Fetching webelement at runtime (//input[@placeholder='Type the Header Name'])[2]
2023-05-25 09:38:14.045 [main] INFO  com.webMethodsUI.flow.pageObjects.common.LoginPage - Entering headerName... Content-TypeAnd header section index is 2
2023-05-25 09:38:14.265 [main] INFO  com.webMethodsUI.flow.pageObjects.common.LoginPage - Fetching webelement at runtime (//input[@placeholder='Type a Value'])[3]
2023-05-25 09:38:14.304 [main] INFO  com.webMethodsUI.flow.pageObjects.common.LoginPage - Entering header Value... application/jsonAnd header section index is 3
2023-05-25 09:38:14.531 [main] INFO  com.webMethodsUI.flow.pageObjects.common.LoginPage - Fetching webelement at runtime //*[text()='Mandatory']/../div/div/div/div[contains(@class,'singleValue')]
2023-05-25 09:38:14.596 [main] INFO  com.webMethodsUI.flow.pageObjects.common.LoginPage - Clicking on Drop Down..[[ChromeDriver: chrome on WINDOWS (ff45f1567d73c2e990e8db8d51ffa845)] -> xpath: //*[text()='Mandatory']/../div/div/div/div[contains(@class,'singleValue')]] at index..2
2023-05-25 09:38:14.871 [main] INFO  com.webMethodsUI.flow.pageObjects.common.LoginPage - Fetching webelement at runtime (//div[contains(text(),'Yes')])['3']
2023-05-25 09:38:14.901 [main] INFO  com.webMethodsUI.flow.pageObjects.common.LoginPage - selecting value from drop down link  Yes
2023-05-25 09:38:15.198 [main] INFO  com.webMethodsUI.flow.pageObjects.common.LoginPage - Verify requestTab is visible
2023-05-25 09:38:15.482 [main] INFO  com.webMethodsUI.flow.pageObjects.common.LoginPage - Fetching webelement at runtime //button[contains(text(),'Next')]
2023-05-25 09:38:15.512 [main] INFO  com.webMethodsUI.flow.pageObjects.common.LoginPage - Clicking on Button.. [[ChromeDriver: chrome on WINDOWS (ff45f1567d73c2e990e8db8d51ffa845)] -> xpath: //button[contains(text(),'Next')]]
2023-05-25 09:38:15.826 [main] INFO  com.webMethodsUI.flow.pageObjects.common.LoginPage - wait for page load
2023-05-25 09:38:15.976 [main] INFO  com.webMethodsUI.flow.pageObjects.common.LoginPage - Fetching webelement at runtime //a[contains(text(),'Add Header')]
2023-05-25 09:38:16.010 [main] INFO  com.webMethodsUI.flow.pageObjects.common.LoginPage - Clicking on Button Link.. Add Header
2023-05-25 09:38:16.299 [main] INFO  com.webMethodsUI.flow.pageObjects.common.LoginPage - Fetching webelement at runtime (//input[@placeholder='Type the Header Name'])[1]
2023-05-25 09:38:16.333 [main] INFO  com.webMethodsUI.flow.pageObjects.common.LoginPage - Entering headerName... Content-TypeAnd header section index is 1
2023-05-25 09:38:16.539 [main] INFO  com.webMethodsUI.flow.pageObjects.common.LoginPage - Fetching webelement at runtime (//input[@placeholder='Type a Value'])[1]
2023-05-25 09:38:16.577 [main] INFO  com.webMethodsUI.flow.pageObjects.common.LoginPage - Entering header Value... application/jsonAnd header section index is 1
2023-05-25 09:38:16.810 [main] INFO  com.webMethodsUI.flow.pageObjects.common.LoginPage - Fetching webelement at runtime //*[text()='Mandatory']/../div/div/div/div[contains(@class,'singleValue')]
2023-05-25 09:38:16.835 [main] INFO  com.webMethodsUI.flow.pageObjects.common.LoginPage - Clicking on Drop Down..[[ChromeDriver: chrome on WINDOWS (ff45f1567d73c2e990e8db8d51ffa845)] -> xpath: //*[text()='Mandatory']/../div/div/div/div[contains(@class,'singleValue')]] at index..0
2023-05-25 09:38:17.117 [main] INFO  com.webMethodsUI.flow.pageObjects.common.LoginPage - Fetching webelement at runtime (//div[contains(text(),'No')])['1']
2023-05-25 09:38:17.155 [main] INFO  com.webMethodsUI.flow.pageObjects.common.LoginPage - selecting value from drop down link  No
2023-05-25 09:38:17.550 [main] INFO  com.webMethodsUI.flow.pageObjects.common.LoginPage - Entering HTTP Code.. 200-500
2023-05-25 09:38:17.821 [main] INFO  com.webMethodsUI.flow.pageObjects.common.LoginPage - Verify HTTPCode is visible.. [[ChromeDriver: chrome on WINDOWS (ff45f1567d73c2e990e8db8d51ffa845)] -> xpath: //input[@placeholder='Type HTTP Codes, E.g. 200, 201 or 200-299']]
2023-05-25 09:38:17.936 [main] INFO  com.webMethodsUI.flow.pageObjects.common.LoginPage - Clicking on Add Document Plus icon 
2023-05-25 09:38:21.911 [main] INFO  com.webMethodsUI.flow.pageObjects.common.LoginPage - wait for page load
2023-05-25 09:38:22.029 [main] INFO  com.webMethodsUI.flow.pageObjects.common.LoginPage - Verify AddNewDocumentTitle is visible
2023-05-25 09:38:22.149 [main] INFO  com.webMethodsUI.flow.pageObjects.common.LoginPage - Entering documentTypeName... Document4
2023-05-25 09:38:22.353 [main] INFO  com.webMethodsUI.flow.pageObjects.common.LoginPage - Entering documentTypeName... Test Document Description is here....
2023-05-25 09:38:22.622 [main] INFO  com.webMethodsUI.flow.pageObjects.common.LoginPage - Fetching webelement at runtime //input[@type='submit'][@value='Save']
2023-05-25 09:38:22.659 [main] INFO  com.webMethodsUI.flow.pageObjects.common.LoginPage - Clicking on Save button
2023-05-25 09:38:22.989 [main] INFO  com.webMethodsUI.flow.pageObjects.common.LoginPage - Fetching webelement at runtime //div[@class='notification-message']
2023-05-25 09:38:26.543 [main] INFO  com.webMethodsUI.flow.pageObjects.common.LoginPage - wait for page load
2023-05-25 09:38:26.661 [main] INFO  com.webMethodsUI.flow.pageObjects.common.LoginPage - wait for page load
2023-05-25 09:38:26.805 [main] INFO  com.webMethodsUI.flow.pageObjects.common.LoginPage - Verify HTTPCode is visible.. [[ChromeDriver: chrome on WINDOWS (ff45f1567d73c2e990e8db8d51ffa845)] -> xpath: //input[@placeholder='Type HTTP Codes, E.g. 200, 201 or 200-299']]
2023-05-25 09:38:26.932 [main] INFO  com.webMethodsUI.flow.pageObjects.common.LoginPage - clicking DocumentTypeDropDown
2023-05-25 09:38:27.229 [main] INFO  com.webMethodsUI.flow.pageObjects.common.LoginPage - Fetching webelement at runtime //*[(text()='Document4')]
2023-05-25 09:38:27.266 [main] INFO  com.webMethodsUI.flow.pageObjects.common.LoginPage - clicking created document from dropdown.. [[ChromeDriver: chrome on WINDOWS (ff45f1567d73c2e990e8db8d51ffa845)] -> xpath: //*[(text()='Document4')]]
2023-05-25 09:38:27.561 [main] INFO  com.webMethodsUI.flow.pageObjects.common.LoginPage - Fetching webelement at runtime //button[contains(text(),'Next')]
2023-05-25 09:38:27.600 [main] INFO  com.webMethodsUI.flow.pageObjects.common.LoginPage - Clicking on Button.. [[ChromeDriver: chrome on WINDOWS (ff45f1567d73c2e990e8db8d51ffa845)] -> xpath: //button[contains(text(),'Next')]]
2023-05-25 09:38:27.923 [main] INFO  com.webMethodsUI.flow.pageObjects.common.LoginPage - wait for page load
2023-05-25 09:38:28.059 [main] INFO  com.webMethodsUI.flow.pageObjects.common.LoginPage - Verify resourcePageTitle is present
2023-05-25 09:38:28.253 [main] INFO  com.webMethodsUI.flow.pageObjects.common.LoginPage - Fetching webelement at runtime //button[contains(text(),'Save')]
2023-05-25 09:38:28.289 [main] INFO  com.webMethodsUI.flow.pageObjects.common.LoginPage - Clicking on Button.. Save
2023-05-25 09:38:28.624 [main] INFO  com.webMethodsUI.flow.pageObjects.common.LoginPage - wait for page load
2023-05-25 09:38:33.803 [main] INFO  com.webMethodsUI.flow.pageObjects.common.LoginPage - Verify resourcePageTitle is visible
2023-05-25 09:38:34.121 [main] INFO  com.webMethodsUI.flow.pageObjects.common.LoginPage - Fetching webelement at runtime //div[@class='tab-details']/ul/li/a/span[contains(text(),'Connectors')]
2023-05-25 09:38:34.170 [main] INFO  com.webMethodsUI.flow.pageObjects.common.LoginPage - Clicking on subMenu...Connectors
2023-05-25 09:38:34.570 [main] INFO  com.webMethodsUI.flow.pageObjects.common.LoginPage - wait for page load
2023-05-25 09:38:46.357 [main] INFO  com.webMethodsUI.flow.pageObjects.common.LoginPage - Fetching webelement at runtime //a[contains(text(),'REST')]
2023-05-25 09:38:46.386 [main] INFO  com.webMethodsUI.flow.pageObjects.common.LoginPage - Clicking on Left Panal MainMenu....REST
2023-05-25 09:38:46.663 [main] INFO  com.webMethodsUI.flow.pageObjects.common.LoginPage - wait for page load
2023-05-25 09:38:53.895 [main] INFO  com.webMethodsUI.flow.pageObjects.common.LoginPage - Verify RESTConnectorPageTitle is visible
2023-05-25 09:38:54.128 [main] INFO  com.webMethodsUI.flow.pageObjects.common.LoginPage - Fetching webelement at runtime //a[contains(text(),'MyFirstRESTConnectorTestApp')]/parent::div/span[2]/img
2023-05-25 09:38:54.178 [main] INFO  com.webMethodsUI.flow.pageObjects.common.LoginPage - mousehover on created REST connector MyFirstRESTConnectorTestApp
2023-05-25 09:38:54.440 [main] INFO  com.webMethodsUI.flow.pageObjects.common.LoginPage - Verify NewAccountButton is present
2023-05-25 09:38:54.563 [main] INFO  com.webMethodsUI.flow.pageObjects.common.LoginPage - Clicked on NewAccount Button...
2023-05-25 09:38:54.829 [main] INFO  com.webMethodsUI.flow.pageObjects.common.LoginPage - Verify AddAccountModelTitle is visible
2023-05-25 09:38:55.927 [main] INFO  com.webMethodsUI.flow.pageObjects.common.LoginPage - Clicking on authorization Drop Down....[[ChromeDriver: chrome on WINDOWS (ff45f1567d73c2e990e8db8d51ffa845)] -> xpath: //*[text()='Authorization Type']/../div/div/div/div[contains(@class,'singleValue')]]
2023-05-25 09:38:56.247 [main] INFO  com.webMethodsUI.flow.pageObjects.common.LoginPage - Selecting Auth type....basic
2023-05-25 09:38:56.542 [main] INFO  com.webMethodsUI.flow.pageObjects.common.LoginPage - Entering SNIserverName... reqres.in
2023-05-25 09:38:56.835 [main] INFO  com.webMethodsUI.flow.pageObjects.common.LoginPage - Entering user Name: wmioicqa
2023-05-25 09:38:57.176 [main] INFO  com.webMethodsUI.flow.pageObjects.common.LoginPage - Entering Password: [[ChromeDriver: chrome on WINDOWS (ff45f1567d73c2e990e8db8d51ffa845)] -> xpath: //input[@name='Password']]
2023-05-25 09:38:57.493 [main] INFO  com.webMethodsUI.flow.pageObjects.common.LoginPage - clicked on add button
2023-05-25 09:38:57.820 [main] INFO  com.webMethodsUI.flow.pageObjects.common.LoginPage - wait for page load
2023-05-25 09:39:05.596 [main] INFO  com.webMethodsUI.flow.pageObjects.common.LoginPage - Verify Account saved successfully message is visible
2023-05-25 09:39:05.720 [main] INFO  com.webMethodsUI.flow.pageObjects.common.LoginPage - Verify RESTConnectorPageTitle is visible
2023-05-25 09:39:11.605 [main] INFO  com.webMethodsUI.flow.pageObjects.common.LoginPage - Fetching webelement at runtime //div[contains(text(),'1 Account(s) configured')]
2023-05-25 09:39:11.635 [main] INFO  com.webMethodsUI.flow.pageObjects.common.LoginPage - Verify CreatedAccount is visible
2023-05-25 09:39:11.837 [main] INFO  com.webMethodsUI.flow.pageObjects.common.LoginPage - Fetching webelement at runtime //div[@class='tab-details']/ul/li/a/span[contains(text(),'Integrations')]
2023-05-25 09:39:11.865 [main] INFO  com.webMethodsUI.flow.pageObjects.common.LoginPage - Clicking on subMenu...Integrations
2023-05-25 09:39:12.155 [main] INFO  com.webMethodsUI.flow.pageObjects.common.LoginPage - wait for page load
2023-05-25 09:39:12.553 [main] INFO  com.webMethodsUI.flow.pageObjects.common.LoginPage - Fetching webelement at runtime //a[contains(text(),'FlowServices')]
2023-05-25 09:40:14.888 [main] INFO  com.webMethodsUI.flow.pageObjects.flowService.FlowServiceCanvasPage - flowService Canvas page Object created
2023-05-25 09:40:14.888 [main] INFO  com.webMethodsUI.flow.pageObjects.common.LoginPage - wait for page load
2023-05-25 09:40:15.068 [main] INFO  com.webMethodsUI.flow.pageObjects.common.LoginPage - wait for page load
2023-05-25 09:40:15.217 [main] INFO  com.webMethodsUI.flow.pageObjects.common.LoginPage - Click on runButton
2023-05-25 09:41:15.553 [main] INFO  com.webMethodsUI.flow.pageObjects.common.LoginPage - wait for page load
2023-05-25 09:41:15.728 [main] INFO  com.webMethodsUI.flow.pageObjects.common.LoginPage - clicking on Back arrowLink...
2023-05-25 09:42:16.069 [main] INFO  com.webMethodsUI.flow.pageObjects.common.LoginPage - Verify operationpageheading is visible
2023-05-25 09:43:16.426 [main] INFO  com.webMethodsUI.flow.pageObjects.common.LoginPage - Verify RESTConnectorPageTitle is visible
2023-05-25 09:44:16.725 [main] INFO  com.webMethodsUI.flow.pageObjects.common.LoginPage - Fetching webelement at runtime //div[@class='tab-details']/ul/li/a/span[contains(text(),'Connectors ')]
2023-05-25 09:44:16.765 [main] INFO  com.webMethodsUI.flow.pageObjects.common.LoginPage - Clicking on subMenu...Connectors 
2023-05-25 09:44:17.102 [main] INFO  com.webMethodsUI.flow.pageObjects.common.LoginPage - wait for page load
2023-05-25 09:44:28.865 [main] INFO  com.webMethodsUI.flow.pageObjects.common.LoginPage - Fetching webelement at runtime //a[contains(text(),'REST')]
2023-05-25 09:44:28.904 [main] INFO  com.webMethodsUI.flow.pageObjects.common.LoginPage - Clicking on Left Panal MainMenu....REST
2023-05-25 09:44:29.351 [main] INFO  com.webMethodsUI.flow.pageObjects.common.LoginPage - wait for page load
2023-05-25 09:44:30.127 [main] INFO  com.webMethodsUI.flow.pageObjects.common.LoginPage - Verify RESTConnectorPageTitle is visible
2023-05-25 09:44:30.347 [main] INFO  com.webMethodsUI.flow.pageObjects.common.LoginPage - Fetching webelement at runtime //div[@Aid='MyFirstRESTConnectorTestApp']//span[contains(@class,'icon-chevron-down')]
2023-05-25 09:44:30.401 [main] INFO  com.webMethodsUI.flow.pageObjects.common.LoginPage - Expand Rest Connenctor MyFirstRESTConnectorTestApp
2023-05-25 09:44:30.751 [main] INFO  com.webMethodsUI.flow.pageObjects.common.LoginPage - wait for page load
2023-05-25 09:44:30.943 [main] INFO  com.webMethodsUI.flow.pageObjects.common.LoginPage - Fetching webelement at runtime //div/span[contains(text(),'MyFirstRESTConnectorTestApp_1')]
2023-05-25 09:44:30.997 [main] INFO  com.webMethodsUI.flow.pageObjects.common.LoginPage - Mouse hover on Account Name
2023-05-25 09:44:31.333 [main] INFO  com.webMethodsUI.flow.pageObjects.common.LoginPage - Fetching webelement at runtime //span[contains(@class,'wmio-disabled-predefined-icon')]
2023-05-25 09:44:31.378 [main] INFO  com.webMethodsUI.flow.pageObjects.common.LoginPage - Click on account icon to Disable Account
2023-05-25 09:44:31.743 [main] INFO  com.webMethodsUI.flow.pageObjects.common.LoginPage - wait for page load
2023-05-25 09:44:32.564 [main] INFO  com.webMethodsUI.flow.pageObjects.common.LoginPage - Fetching webelement at runtime //div/span[contains(@class,'warning-icon') and @title='Account is disabled']/following-sibling::span[contains(text(),'MyFirstRESTConnectorTestApp_1')]
2023-05-25 09:44:32.619 [main] INFO  com.webMethodsUI.flow.pageObjects.common.LoginPage - Verify account is in disabled state
2023-05-25 09:44:32.912 [main] INFO  com.webMethodsUI.flow.pageObjects.common.LoginPage - Verify RESTConnectorPageTitle is visible
2023-05-25 09:44:33.128 [main] INFO  com.webMethodsUI.flow.pageObjects.common.LoginPage - Fetching webelement at runtime //a[contains(text(),'MyFirstRESTConnectorTestApp')]/parent::div/span[2]/img
2023-05-25 09:44:33.162 [main] INFO  com.webMethodsUI.flow.pageObjects.common.LoginPage - mousehover on REST connector Image.. MyFirstRESTConnectorTestApp
2023-05-25 09:44:33.484 [main] INFO  com.webMethodsUI.flow.pageObjects.common.LoginPage - Clicking on Addoperation Button
2023-05-25 09:44:33.885 [main] INFO  com.webMethodsUI.flow.pageObjects.common.LoginPage - wait for page load
2023-05-25 09:44:34.249 [main] INFO  com.webMethodsUI.flow.pageObjects.common.LoginPage - Verify operationpageheading is visible
2023-05-25 09:44:34.476 [main] INFO  com.webMethodsUI.flow.pageObjects.common.LoginPage - Click on Test icon
2023-05-25 09:45:34.836 [main] INFO  com.webMethodsUI.flow.pageObjects.common.LoginPage - Verify RESTConnectorPageTitle is visible
2023-05-25 09:46:35.124 [main] INFO  com.webMethodsUI.flow.pageObjects.common.LoginPage - Fetching webelement at runtime //div[@class='tab-details']/ul/li/a/span[contains(text(),'Integrations')]
2023-05-25 09:46:35.162 [main] INFO  com.webMethodsUI.flow.pageObjects.common.LoginPage - Clicking on subMenu...Integrations
2023-05-25 09:46:35.490 [main] INFO  com.webMethodsUI.flow.pageObjects.common.LoginPage - wait for page load
2023-05-25 09:46:35.657 [main] INFO  com.webMethodsUI.flow.pageObjects.common.LoginPage - Fetching webelement at runtime //a[contains(text(),'FlowServices')]
2023-05-25 09:47:36.033 [main] INFO  com.webMethodsUI.flow.pageObjects.common.LoginPage - Fetching webelement at runtime //div[@class='tab-details']/ul/li/a/span[contains(text(),'Connectors ')]
2023-05-25 09:47:36.098 [main] INFO  com.webMethodsUI.flow.pageObjects.common.LoginPage - Clicking on subMenu...Connectors 
2023-05-25 09:47:36.508 [main] INFO  com.webMethodsUI.flow.pageObjects.common.LoginPage - wait for page load
2023-05-25 09:47:36.754 [main] INFO  com.webMethodsUI.flow.pageObjects.common.LoginPage - Verify PredefinedConnectorTitle is visible
2023-05-25 09:48:37.030 [main] INFO  com.webMethodsUI.flow.pageObjects.common.LoginPage - Verify RESTConnectorPageTitle is visible
2023-05-25 09:49:37.381 [main] INFO  com.webMethodsUI.flow.pageObjects.common.LoginPage - Verify RESTConnectorPageTitle is visible
2023-05-25 09:50:10.529 [main] INFO  com.webMethodsUI.flow.pageObjects.common.LoginPage - Fetching webelement at runtime //a[contains(text(),'MyFirstRESTConnectorTestApp')]/parent::div/span[2]/img
2023-05-25 09:50:12.048 [main] INFO  com.webMethodsUI.flow.pageObjects.common.LoginPage - mousehover on REST connector Image.. MyFirstRESTConnectorTestApp
2023-05-25 09:50:12.319 [main] INFO  com.webMethodsUI.flow.pageObjects.common.LoginPage - Clicking on more menu icon
2023-05-25 09:50:12.641 [main] INFO  com.webMethodsUI.flow.pageObjects.common.LoginPage - wait for page load
2023-05-25 09:50:12.783 [main] INFO  com.webMethodsUI.flow.pageObjects.common.LoginPage - Fetching webelement at runtime //*[text()='Remove']
2023-05-25 09:50:12.821 [main] INFO  com.webMethodsUI.flow.pageObjects.common.LoginPage - Click remove Button
2023-05-25 09:50:13.095 [main] INFO  com.webMethodsUI.flow.pageObjects.common.LoginPage - wait for page load
2023-05-25 09:50:13.553 [main] INFO  com.webMethodsUI.flow.pageObjects.common.LoginPage - Fetching webelement at runtime //*[text()='Delete REST Connector']
2023-05-25 09:50:13.585 [main] INFO  com.webMethodsUI.flow.pageObjects.common.LoginPage - Verify delete REST Connector popup is visible
2023-05-25 09:50:13.731 [main] INFO  com.webMethodsUI.flow.pageObjects.common.LoginPage - Fetching webelement at runtime //*[text()='Delete']
2023-05-25 09:50:13.764 [main] INFO  com.webMethodsUI.flow.pageObjects.common.LoginPage - Click delete Button
2023-05-25 09:50:14.071 [main] INFO  com.webMethodsUI.flow.pageObjects.common.LoginPage - Verify Rest Connector deleted notification mesage is visible
2023-05-25 09:50:20.463 [main] INFO  com.webMethodsUI.flow.pageObjects.common.LoginPage - wait for page load
2023-05-25 09:50:20.893 [main] INFO  com.webMethodsUI.flow.pageObjects.common.LoginPage - Fetching webelement at runtime //a[@title='webMethods.io Integration']
2023-05-25 09:50:20.932 [main] INFO  com.webMethodsUI.flow.pageObjects.common.LoginPage - Clicking on homeLogo.. 
2023-05-25 09:50:21.343 [main] INFO  com.webMethodsUI.flow.pageObjects.common.LoginPage - wait for page load
2023-05-25 09:50:21.771 [main] INFO  com.webMethodsUI.flow.pageObjects.common.LoginPage - Fetching webelement at runtime //a[contains(text(),'Projects')]
2023-05-25 09:50:21.800 [main] INFO  com.webMethodsUI.flow.pageObjects.common.LoginPage - Verify project menu is visible
2023-05-25 09:50:21.945 [main] INFO  com.webMethodsUI.flow.pageObjects.common.LoginPage - Verify Home page greet message is visible
2023-05-25 09:50:22.118 [main] INFO  com.webMethodsUI.flow.pageObjects.common.LoginPage - Verify create project plus button is visible
2023-05-25 09:50:22.263 [main] INFO  com.webMethodsUI.flow.pageObjects.common.LoginPage - Verify Home page greet message is visible
2023-05-25 09:50:22.429 [main] INFO  com.webMethodsUI.flow.pageObjects.common.LoginPage - Verify create project plus button is visible
2023-05-25 09:50:22.608 [main] INFO  com.webMethodsUI.flow.pageObjects.common.LoginPage - Click on projectpanel more menu
2023-05-25 09:50:23.001 [main] INFO  com.webMethodsUI.flow.pageObjects.common.LoginPage - Verify project delete button is present
2023-05-25 09:50:23.172 [main] INFO  com.webMethodsUI.flow.pageObjects.common.LoginPage - Clicking on delete button
2023-05-25 09:50:30.916 [main] INFO  com.webMethodsUI.flow.pageObjects.common.LoginPage - Verify Project deleted successfully. message is present
2023-05-25 09:50:31.059 [main] INFO  com.webMethodsUI.flow.pageObjects.common.LoginPage - wait for page load
2023-05-25 09:50:36.331 [main] INFO  com.webMethodsUI.flow.pageObjects.common.LoginPage - Fetching webelement at runtime //a[contains(text(),'Monitor')]
2023-05-25 09:50:36.363 [main] INFO  com.webMethodsUI.flow.pageObjects.common.LoginPage - Clicking on Menu...Monitor
2023-05-25 09:50:36.671 [main] INFO  com.webMethodsUI.flow.pageObjects.common.LoginPage - wait for page load
2023-05-25 09:50:37.300 [main] INFO  com.webMethodsUI.flow.helper.wait.WaitHelper - WaitHelper Object created....
2023-05-25 09:50:37.322 [main] INFO  com.webMethodsUI.flow.helper.wait.WaitHelper - waiting for :[[ChromeDriver: chrome on WINDOWS (ff45f1567d73c2e990e8db8d51ffa845)] -> xpath: //h1[contains(text(),'Monitor')]] for :40seconds
2023-05-25 09:50:37.338 [main] INFO  com.webMethodsUI.flow.helper.wait.WaitHelper - element is visible now.....
2023-05-25 09:50:37.339 [main] INFO  com.webMethodsUI.flow.pageObjects.monitor.MonitorPage - element is visible now....
2023-05-25 09:50:37.339 [main] INFO  com.webMethodsUI.flow.pageObjects.monitor.MonitorPage - Clicking on General Text on Monitor Page.......  
2023-05-25 09:50:37.354 [main] INFO  com.webMethodsUI.flow.helper.wait.WaitHelper - waiting for :[[ChromeDriver: chrome on WINDOWS (ff45f1567d73c2e990e8db8d51ffa845)] -> xpath: //span[contains(text(),'General')]] for :40seconds
2023-05-25 09:50:37.370 [main] INFO  com.webMethodsUI.flow.helper.wait.WaitHelper - element is visible now.....
2023-05-25 09:50:37.411 [main] INFO  com.webMethodsUI.flow.pageObjects.monitor.MonitorPage - Clicking on Audit log  label on Monitor Page.......  
2023-05-25 09:50:37.433 [main] INFO  com.webMethodsUI.flow.helper.wait.WaitHelper - waiting for :[[ChromeDriver: chrome on WINDOWS (ff45f1567d73c2e990e8db8d51ffa845)] -> xpath: //a[contains(text(),'Audit logs')]] for :40seconds
2023-05-25 09:50:37.445 [main] INFO  com.webMethodsUI.flow.helper.wait.WaitHelper - element is visible now.....
2023-05-25 09:50:37.510 [main] INFO  com.webMethodsUI.flow.pageObjects.monitor.MonitorPage - Clicking on Audit log  label on Monitor Page.......  
2023-05-25 09:50:37.533 [main] INFO  com.webMethodsUI.flow.helper.wait.WaitHelper - waiting for :[[ChromeDriver: chrome on WINDOWS (ff45f1567d73c2e990e8db8d51ffa845)] -> xpath: //*[contains(text(),'Usage')]] for :40seconds
2023-05-25 09:50:37.552 [main] INFO  com.webMethodsUI.flow.helper.wait.WaitHelper - element is visible now.....
2023-05-25 09:50:38.610 [main] INFO  com.webMethodsUI.flow.pageObjects.monitor.MonitorPage - Clicking on Audit log  label on Monitor Page.......  
2023-05-25 09:50:38.610 [main] INFO  com.webMethodsUI.flow.helper.wait.WaitHelper - waiting for :[[ChromeDriver: chrome on WINDOWS (ff45f1567d73c2e990e8db8d51ffa845)] -> xpath: //a[contains(text(),'Audit logs')]] for :40seconds
2023-05-25 09:50:38.633 [main] INFO  com.webMethodsUI.flow.helper.wait.WaitHelper - element is visible now.....
2023-05-25 09:50:38.682 [main] INFO  com.webMethodsUI.flow.helper.wait.WaitHelper - WaitHelper Object created....
2023-05-25 09:50:38.698 [main] INFO  com.webMethodsUI.flow.helper.wait.WaitHelper - waiting for :[[ChromeDriver: chrome on WINDOWS (ff45f1567d73c2e990e8db8d51ffa845)] -> xpath: //span[contains(text(),'12h')]] for :40seconds
2023-05-25 09:50:38.726 [main] INFO  com.webMethodsUI.flow.helper.wait.WaitHelper - element is visible now.....
2023-05-25 09:50:38.726 [main] INFO  com.webMethodsUI.flow.pageObjects.monitor.AuditLogsPage -  waiting   title text   in  Audit log Page...... [[ChromeDriver: chrome on WINDOWS (ff45f1567d73c2e990e8db8d51ffa845)] -> xpath: //span[contains(text(),'12h')]]
2023-05-25 09:50:38.726 [main] INFO  com.webMethodsUI.flow.pageObjects.monitor.AuditLogsPage - clear the element
2023-05-25 09:50:38.829 [main] INFO  com.webMethodsUI.flow.pageObjects.monitor.AuditLogsPage - Search the elementApplication
2023-05-25 09:50:38.938 [main] INFO  com.webMethodsUI.flow.pageObjects.monitor.AuditLogsPage -  Verifing  Action  text   in  Audit log Page...... 
2023-05-25 09:50:39.353 [main] INFO  com.webMethodsUI.flow.helper.wait.WaitHelper - WaitHelper Object created....
2023-05-25 09:50:39.365 [main] INFO  com.webMethodsUI.flow.helper.wait.WaitHelper - waiting for :[[ChromeDriver: chrome on WINDOWS (ff45f1567d73c2e990e8db8d51ffa845)] -> xpath: //h1[contains(text(),'Monitor')]] for :40seconds
2023-05-25 09:50:39.379 [main] INFO  com.webMethodsUI.flow.helper.wait.WaitHelper - element is visible now.....
2023-05-25 09:50:39.379 [main] INFO  com.webMethodsUI.flow.pageObjects.monitor.MonitorPage - element is visible now....
2023-05-25 09:50:39.379 [main] INFO  com.webMethodsUI.flow.pageObjects.monitor.MonitorPage - Clicking on Audit log  label on Monitor Page.......  
2023-05-25 09:50:39.393 [main] INFO  com.webMethodsUI.flow.helper.wait.WaitHelper - waiting for :[[ChromeDriver: chrome on WINDOWS (ff45f1567d73c2e990e8db8d51ffa845)] -> xpath: //a[contains(text(),'Audit logs')]] for :40seconds
2023-05-25 09:50:39.411 [main] INFO  com.webMethodsUI.flow.helper.wait.WaitHelper - element is visible now.....
2023-05-25 09:50:39.454 [main] INFO  com.webMethodsUI.flow.pageObjects.monitor.MonitorPage - Clicking on Audit log  label on Monitor Page.......  
2023-05-25 09:50:39.470 [main] INFO  com.webMethodsUI.flow.helper.wait.WaitHelper - waiting for :[[ChromeDriver: chrome on WINDOWS (ff45f1567d73c2e990e8db8d51ffa845)] -> xpath: //*[contains(text(),'Usage')]] for :40seconds
2023-05-25 09:50:39.485 [main] INFO  com.webMethodsUI.flow.helper.wait.WaitHelper - element is visible now.....
2023-05-25 09:50:40.530 [main] INFO  com.webMethodsUI.flow.pageObjects.monitor.MonitorPage - Clicking on Audit log  label on Monitor Page.......  
2023-05-25 09:50:40.531 [main] INFO  com.webMethodsUI.flow.helper.wait.WaitHelper - waiting for :[[ChromeDriver: chrome on WINDOWS (ff45f1567d73c2e990e8db8d51ffa845)] -> xpath: //a[contains(text(),'Audit logs')]] for :40seconds
2023-05-25 09:50:40.553 [main] INFO  com.webMethodsUI.flow.helper.wait.WaitHelper - element is visible now.....
2023-05-25 09:50:40.600 [main] INFO  com.webMethodsUI.flow.helper.wait.WaitHelper - WaitHelper Object created....
2023-05-25 09:50:40.616 [main] INFO  com.webMethodsUI.flow.helper.wait.WaitHelper - waiting for :[[ChromeDriver: chrome on WINDOWS (ff45f1567d73c2e990e8db8d51ffa845)] -> xpath: //span[contains(text(),'12h')]] for :40seconds
2023-05-25 09:50:40.649 [main] INFO  com.webMethodsUI.flow.helper.wait.WaitHelper - element is visible now.....
2023-05-25 09:50:40.649 [main] INFO  com.webMethodsUI.flow.pageObjects.monitor.AuditLogsPage -  waiting   title text   in  Audit log Page...... [[ChromeDriver: chrome on WINDOWS (ff45f1567d73c2e990e8db8d51ffa845)] -> xpath: //span[contains(text(),'12h')]]
2023-05-25 09:50:40.649 [main] INFO  com.webMethodsUI.flow.pageObjects.monitor.AuditLogsPage - clear the element
2023-05-25 09:50:40.747 [main] INFO  com.webMethodsUI.flow.pageObjects.monitor.AuditLogsPage - Search the elementApplication
2023-05-25 09:50:40.885 [main] INFO  com.webMethodsUI.flow.pageObjects.monitor.AuditLogsPage -  Verifing  Action  text   in  Audit log Page...... 
2023-05-25 09:50:41.251 [main] INFO  com.webMethodsUI.flow.pageObjects.common.LoginPage - clicking on profine icon....
2023-05-25 09:50:41.597 [main] INFO  com.webMethodsUI.flow.pageObjects.common.LoginPage - clicking on logout link....
2023-05-25 09:50:41.992 [main] INFO  com.webMethodsUI.flow.pageObjects.common.LoginPage - Verify username text field is visible
2023-05-25 11:26:27.477 [main] INFO  com.webMethodsUI.flow.testbase.TestBase - ChromeDriver: chrome on WINDOWS (2ae3be79f90e2b72e6fa0dbd1b361cde)
2023-05-25 11:26:27.483 [main] INFO  com.webMethodsUI.flow.testbase.TestBase - Initilize Web Driver: 21277524
2023-05-25 11:26:27.653 [main] INFO  com.webMethodsUI.flow.testbase.TestBase - Navigating to URLhttps://devrealm2.dev-int-aws-us.webmethods.io
2023-05-25 11:26:29.171 [main] INFO  com.webMethodsUI.flow.pageObjects.common.LoginPage - Verify username text field is visible
2023-05-25 11:26:33.815 [main] INFO  com.webMethodsUI.flow.pageObjects.common.LoginPage - Entering user Name: wmioicqa
2023-05-25 11:26:34.100 [main] INFO  com.webMethodsUI.flow.pageObjects.common.LoginPage - Entering user Name: [[ChromeDriver: chrome on WINDOWS (2ae3be79f90e2b72e6fa0dbd1b361cde)] -> xpath: //*[@id='password']]
2023-05-25 11:26:36.369 [main] INFO  com.webMethodsUI.flow.pageObjects.common.LoginPage - Click on Login Button
2023-05-25 11:26:39.060 [main] INFO  com.webMethodsUI.flow.pageObjects.common.LoginPage - wait for page load
2023-05-25 11:26:39.290 [main] INFO  com.webMethodsUI.flow.pageObjects.common.LoginPage - Verify Home page greet message is visible
2023-05-25 11:26:41.728 [main] INFO  com.webMethodsUI.flow.pageObjects.common.LoginPage - Verify create project plus button is visible
2023-05-25 11:26:43.178 [main] INFO  com.webMethodsUI.flow.pageObjects.common.LoginPage - Click on Add Project Button
2023-05-25 11:26:43.643 [main] INFO  com.webMethodsUI.flow.pageObjects.common.LoginPage - Entering Project Name ICUI_SoapMay25
2023-05-25 11:26:43.981 [main] INFO  com.webMethodsUI.flow.pageObjects.common.LoginPage - Click createProject Button
2023-05-25 11:26:47.671 [main] INFO  com.webMethodsUI.flow.pageObjects.common.LoginPage - Verify project created successfully message is visible
2023-05-25 11:26:47.847 [main] INFO  com.webMethodsUI.flow.pageObjects.common.LoginPage - Verify ProjectDropDown is visible
2023-05-25 11:26:48.747 [main] INFO  com.webMethodsUI.flow.pageObjects.common.LoginPage - Verify no WorkFlow Created Message is visible
2023-05-25 11:26:49.185 [main] INFO  com.webMethodsUI.flow.pageObjects.common.LoginPage - Fetching webelement at runtime //div[@class='tab-details']/ul/li/a/span[contains(text(),'Integrations')]
2023-05-25 11:26:49.242 [main] INFO  com.webMethodsUI.flow.pageObjects.common.LoginPage - Clicking on subMenu...Integrations
2023-05-25 11:26:49.596 [main] INFO  com.webMethodsUI.flow.pageObjects.common.LoginPage - wait for page load
2023-05-25 11:26:49.745 [main] INFO  com.webMethodsUI.flow.pageObjects.common.LoginPage - Fetching webelement at runtime //a[contains(text(),'Flow services')]
2023-05-25 11:26:49.772 [main] INFO  com.webMethodsUI.flow.pageObjects.common.LoginPage - Clicking on subMenu...Flow services
2023-05-25 11:26:50.102 [main] INFO  com.webMethodsUI.flow.pageObjects.common.LoginPage - wait for page load
2023-05-25 11:26:50.450 [main] INFO  com.webMethodsUI.flow.pageObjects.common.LoginPage - Verify add flowservice plus icon is visible
2023-05-25 11:26:50.654 [main] INFO  com.webMethodsUI.flow.pageObjects.common.LoginPage - Click on flowservice create plus Button
2023-05-25 11:26:51.023 [main] INFO  com.webMethodsUI.flow.pageObjects.common.LoginPage - wait for page load
2023-05-25 11:26:52.182 [main] INFO  com.webMethodsUI.flow.pageObjects.flowService.FlowServiceCanvasPage - flowService Canvas page Object created
2023-05-25 11:26:52.182 [main] INFO  com.webMethodsUI.flow.pageObjects.common.LoginPage - wait for page load
2023-05-25 11:26:55.011 [main] INFO  com.webMethodsUI.flow.pageObjects.common.LoginPage - Entering flow service title:  addIntsFlowService
2023-05-25 11:26:55.520 [main] INFO  com.webMethodsUI.flow.pageObjects.common.LoginPage - Entering flowServiceDescription: TestFlowService Description here
2023-05-25 11:26:56.189 [main] INFO  com.webMethodsUI.flow.pageObjects.common.LoginPage - Entering nameOfFirstStep:  Math
2023-05-25 11:26:56.542 [main] INFO  com.webMethodsUI.flow.pageObjects.common.LoginPage - wait for page load
2023-05-25 11:26:56.684 [main] INFO  com.webMethodsUI.flow.pageObjects.common.LoginPage - Clicking on ALL drop down link
2023-05-25 11:26:57.065 [main] INFO  com.webMethodsUI.flow.pageObjects.common.LoginPage - Clicking on option link..SERVICES
2023-05-25 11:26:57.505 [main] INFO  com.webMethodsUI.flow.pageObjects.common.LoginPage - wait for page load
2023-05-25 11:26:57.627 [main] INFO  com.webMethodsUI.flow.pageObjects.common.LoginPage - Fetching webelement at runtime //*[@class='item-name']
2023-05-25 11:26:57.661 [main] INFO  com.webMethodsUI.flow.pageObjects.common.LoginPage - Wait for conenctor name to be visible in List
2023-05-25 11:26:57.834 [main] INFO  com.webMethodsUI.flow.pageObjects.common.LoginPage - verify connector name is matching
2023-05-25 11:26:57.934 [main] INFO  com.webMethodsUI.flow.pageObjects.common.LoginPage - Clicking on connector name... Math
2023-05-25 11:26:58.315 [main] INFO  com.webMethodsUI.flow.pageObjects.common.LoginPage - Verify Select Operation dropdown is visible
2023-05-25 11:26:58.463 [main] INFO  com.webMethodsUI.flow.pageObjects.common.LoginPage - Clicking on select operation dropdown...
2023-05-25 11:26:58.840 [main] INFO  com.webMethodsUI.flow.pageObjects.common.LoginPage - Fetching webelement at runtime //span[contains(text(),'addInts')]
2023-05-25 11:26:58.890 [main] INFO  com.webMethodsUI.flow.pageObjects.common.LoginPage - Wait for operation list
2023-05-25 11:26:59.038 [main] INFO  com.webMethodsUI.flow.pageObjects.common.LoginPage - selecting custom service....[[ChromeDriver: chrome on WINDOWS (2ae3be79f90e2b72e6fa0dbd1b361cde)] -> xpath: //span[contains(text(),'addInts')]]
2023-05-25 11:26:59.475 [main] INFO  com.webMethodsUI.flow.pageObjects.flowService.FlowServiceCanvasPage - flowService Canvas page Object created
2023-05-25 11:26:59.475 [main] INFO  com.webMethodsUI.flow.pageObjects.common.LoginPage - wait for page load
2023-05-25 11:26:59.605 [main] INFO  com.webMethodsUI.flow.pageObjects.common.LoginPage - clicking on defineInputOutput Element
2023-05-25 11:27:00.050 [main] INFO  com.webMethodsUI.flow.pageObjects.common.LoginPage - wait for page load
2023-05-25 11:27:00.273 [main] INFO  com.webMethodsUI.flow.pageObjects.flowService.DefineInputFieldsPage - Define InputFields PageObject created
2023-05-25 11:27:00.274 [main] INFO  com.webMethodsUI.flow.pageObjects.common.LoginPage - verify defineInputOutputPageTitleElement is visible
2023-05-25 11:27:00.444 [main] INFO  com.webMethodsUI.flow.pageObjects.flowService.DefineInputFieldsPage - Define InputFields PageObject created
2023-05-25 11:27:00.445 [main] INFO  com.webMethodsUI.flow.pageObjects.common.LoginPage - verify defineInputOutputPageTitleElement is visible
2023-05-25 11:27:00.631 [main] INFO  com.webMethodsUI.flow.pageObjects.common.LoginPage - Click on plus icon.. [[ChromeDriver: chrome on WINDOWS (2ae3be79f90e2b72e6fa0dbd1b361cde)] -> xpath: //a[@class='io-tree-action-icon io-add-icon dlt-icon-plus ng-star-inserted']]
2023-05-25 11:27:01.055 [main] INFO  com.webMethodsUI.flow.pageObjects.common.LoginPage - Creating Data Field   at0with nameinput1
2023-05-25 11:27:01.363 [main] INFO  com.webMethodsUI.flow.pageObjects.common.LoginPage - Verify the created data field is with name ..........input1
2023-05-25 11:27:01.557 [main] INFO  com.webMethodsUI.flow.pageObjects.common.LoginPage - Click on plus icon.. [[ChromeDriver: chrome on WINDOWS (2ae3be79f90e2b72e6fa0dbd1b361cde)] -> xpath: //a[@class='io-tree-action-icon io-add-icon dlt-icon-plus ng-star-inserted']]
2023-05-25 11:27:01.937 [main] INFO  com.webMethodsUI.flow.pageObjects.common.LoginPage - Creating Data Field   at1with nameinput2
2023-05-25 11:27:02.214 [main] INFO  com.webMethodsUI.flow.pageObjects.common.LoginPage - Verify the created data field is with name ..........input2
2023-05-25 11:27:02.481 [main] INFO  com.webMethodsUI.flow.helper.wait.WaitHelper - WaitHelper Object created....
2023-05-25 11:27:02.504 [main] INFO  com.webMethodsUI.flow.helper.wait.WaitHelper - waiting for :[[ChromeDriver: chrome on WINDOWS (2ae3be79f90e2b72e6fa0dbd1b361cde)] -> xpath: //h4[contains(text(),'Define input and output fields')]] for :40seconds
2023-05-25 11:27:02.521 [main] INFO  com.webMethodsUI.flow.helper.wait.WaitHelper - element is visible now.....
2023-05-25 11:27:02.521 [main] INFO  com.webMethodsUI.flow.pageObjects.flowService.DefineOutputFieldsPage -   Define input and output fields element is visible now....[[ChromeDriver: chrome on WINDOWS (2ae3be79f90e2b72e6fa0dbd1b361cde)] -> xpath: //h4[contains(text(),'Define input and output fields')]]
2023-05-25 11:27:02.521 [main] INFO  com.webMethodsUI.flow.pageObjects.flowService.DefineOutputFieldsPage -   Clicking on output field  label...
2023-05-25 11:27:02.538 [main] INFO  com.webMethodsUI.flow.helper.wait.WaitHelper - waiting for :[[ChromeDriver: chrome on WINDOWS (2ae3be79f90e2b72e6fa0dbd1b361cde)] -> xpath: //span[contains(text(),'Output Fields')]] for :40seconds
2023-05-25 11:27:02.566 [main] INFO  com.webMethodsUI.flow.helper.wait.WaitHelper - element is visible now.....
2023-05-25 11:27:02.635 [main] INFO  com.webMethodsUI.flow.pageObjects.flowService.DefineOutputFieldsPage -   Clicking on plus icon ...1
2023-05-25 11:27:02.743 [main] INFO  com.webMethodsUI.flow.pageObjects.flowService.DefineOutputFieldsPage -   Creating dataField  on  output field  page ...
2023-05-25 11:27:02.766 [main] INFO  com.webMethodsUI.flow.pageObjects.flowService.DefineOutputFieldsPage - All input parameters are.....[[[ChromeDriver: chrome on WINDOWS (2ae3be79f90e2b72e6fa0dbd1b361cde)] -> xpath: //input[@placeholder='Field name']], [[ChromeDriver: chrome on WINDOWS (2ae3be79f90e2b72e6fa0dbd1b361cde)] -> xpath: //input[@placeholder='Field name']], [[ChromeDriver: chrome on WINDOWS (2ae3be79f90e2b72e6fa0dbd1b361cde)] -> xpath: //input[@placeholder='Field name']]]
2023-05-25 11:27:02.766 [main] INFO  com.webMethodsUI.flow.pageObjects.flowService.DefineOutputFieldsPage - element at index...2......[[ChromeDriver: chrome on WINDOWS (2ae3be79f90e2b72e6fa0dbd1b361cde)] -> xpath: //input[@placeholder='Field name']]
2023-05-25 11:27:03.051 [main] INFO  com.webMethodsUI.flow.pageObjects.common.LoginPage - Verify the created data field is with name ..........output1
2023-05-25 11:27:03.220 [main] INFO  com.webMethodsUI.flow.pageObjects.flowService.DefineOutputFieldsPage -   Clicking on  done button ...
2023-05-25 11:27:03.237 [main] INFO  com.webMethodsUI.flow.helper.wait.WaitHelper - waiting for :[[ChromeDriver: chrome on WINDOWS (2ae3be79f90e2b72e6fa0dbd1b361cde)] -> xpath: //input[@value='Done']] for :40seconds
2023-05-25 11:27:03.249 [main] INFO  com.webMethodsUI.flow.helper.wait.WaitHelper - element is visible now.....
2023-05-25 11:27:03.441 [main] INFO  com.webMethodsUI.flow.pageObjects.common.LoginPage - Click on edit mapping
2023-05-25 11:27:04.006 [main] INFO  com.webMethodsUI.flow.pageObjects.common.LoginPage - wait for page load
2023-05-25 11:27:04.243 [main] INFO  com.webMethodsUI.flow.pageObjects.common.LoginPage - Closing the enable mapping dialog
2023-05-25 11:27:04.629 [main] INFO  com.webMethodsUI.flow.pageObjects.common.LoginPage - wait for page load
2023-05-25 11:27:04.802 [main] INFO  com.webMethodsUI.flow.pageObjects.common.LoginPage - Verify editMapping title element is visible
2023-05-25 11:27:05.083 [main] INFO  com.webMethodsUI.flow.pageObjects.common.LoginPage - Fetching webelement at runtime //span[@class='child-node field-required']
2023-05-25 11:27:05.284 [main] INFO  com.webMethodsUI.flow.pageObjects.common.LoginPage -  Clicking on element at index...0......[[ChromeDriver: chrome on WINDOWS (2ae3be79f90e2b72e6fa0dbd1b361cde)] -> xpath: //span[@class='child-node field-required']]
2023-05-25 11:27:05.677 [main] INFO  com.webMethodsUI.flow.pageObjects.common.LoginPage - Fetching webelement at runtime //span[@class='child-node field-required']
2023-05-25 11:27:05.877 [main] INFO  com.webMethodsUI.flow.pageObjects.common.LoginPage -  Clicking on element at index...2......[[ChromeDriver: chrome on WINDOWS (2ae3be79f90e2b72e6fa0dbd1b361cde)] -> xpath: //span[@class='child-node field-required']]
2023-05-25 11:27:06.273 [main] INFO  com.webMethodsUI.flow.pageObjects.common.LoginPage - Clicking on mapLink...
2023-05-25 11:27:06.800 [main] INFO  com.webMethodsUI.flow.pageObjects.common.LoginPage - Fetching webelement at runtime //span[@class='child-node field-required']
2023-05-25 11:27:06.980 [main] INFO  com.webMethodsUI.flow.pageObjects.common.LoginPage -  Clicking on element at index...1......[[ChromeDriver: chrome on WINDOWS (2ae3be79f90e2b72e6fa0dbd1b361cde)] -> xpath: //span[@class='child-node field-required']]
2023-05-25 11:27:07.324 [main] INFO  com.webMethodsUI.flow.pageObjects.common.LoginPage - Fetching webelement at runtime //span[@class='child-node field-required']
2023-05-25 11:27:07.531 [main] INFO  com.webMethodsUI.flow.pageObjects.common.LoginPage -  Clicking on element at index...3......[[ChromeDriver: chrome on WINDOWS (2ae3be79f90e2b72e6fa0dbd1b361cde)] -> xpath: //span[@class='child-node field-required']]
2023-05-25 11:27:07.943 [main] INFO  com.webMethodsUI.flow.pageObjects.common.LoginPage - Clicking on mapLink...
2023-05-25 11:27:08.345 [main] INFO  com.webMethodsUI.flow.pageObjects.common.LoginPage - Fetching webelement at runtime //span[@class='child-node field-required']
2023-05-25 11:27:08.538 [main] INFO  com.webMethodsUI.flow.pageObjects.common.LoginPage -  Clicking on element at index...4......[[ChromeDriver: chrome on WINDOWS (2ae3be79f90e2b72e6fa0dbd1b361cde)] -> xpath: //span[@class='child-node field-required']]
2023-05-25 11:27:08.965 [main] INFO  com.webMethodsUI.flow.pageObjects.common.LoginPage - Fetching webelement at runtime //span[@class='child-node field-required']
2023-05-25 11:27:09.169 [main] INFO  com.webMethodsUI.flow.pageObjects.common.LoginPage -  Clicking on element at index...8......[[ChromeDriver: chrome on WINDOWS (2ae3be79f90e2b72e6fa0dbd1b361cde)] -> xpath: //span[@class='child-node field-required']]
2023-05-25 11:27:09.602 [main] INFO  com.webMethodsUI.flow.pageObjects.flowService.EditMappingPage -   Verifying mapLink is enabled ...
2023-05-25 11:27:09.610 [main] INFO  com.webMethodsUI.flow.pageObjects.common.LoginPage - Clicking on mapLink...
2023-05-25 11:27:10.081 [main] INFO  com.webMethodsUI.flow.pageObjects.common.LoginPage - wait for page load
2023-05-25 11:27:10.213 [main] INFO  com.webMethodsUI.flow.pageObjects.common.LoginPage - Click on runButton
2023-05-25 11:27:10.633 [main] INFO  com.webMethodsUI.flow.pageObjects.common.LoginPage - wait for page load
2023-05-25 11:27:10.794 [main] INFO  com.webMethodsUI.flow.pageObjects.common.LoginPage - wait for page load
2023-05-25 11:27:10.959 [main] INFO  com.webMethodsUI.flow.helper.wait.WaitHelper - WaitHelper Object created....
2023-05-25 11:27:10.983 [main] INFO  com.webMethodsUI.flow.helper.wait.WaitHelper - waiting for :Proxy element for: DefaultElementLocator 'By.xpath: //h4[contains(text(),'Input values')]' for :40seconds
2023-05-25 11:27:14.740 [main] INFO  com.webMethodsUI.flow.helper.wait.WaitHelper - element is visible now.....
2023-05-25 11:27:14.741 [main] INFO  com.webMethodsUI.flow.pageObjects.flowService.EditMappingPage - element is visible now....[[ChromeDriver: chrome on WINDOWS (2ae3be79f90e2b72e6fa0dbd1b361cde)] -> xpath: //h4[contains(text(),'Input values')]]
2023-05-25 11:27:14.749 [main] INFO  com.webMethodsUI.flow.pageObjects.flowService.EditMappingPage -  Entering input value ...
2023-05-25 11:27:14.778 [main] INFO  com.webMethodsUI.flow.pageObjects.flowService.EditMappingPage - All input parameters are.....[[[ChromeDriver: chrome on WINDOWS (2ae3be79f90e2b72e6fa0dbd1b361cde)] -> xpath: //input[@placeholder='Enter value here']], [[ChromeDriver: chrome on WINDOWS (2ae3be79f90e2b72e6fa0dbd1b361cde)] -> xpath: //input[@placeholder='Enter value here']]]
2023-05-25 11:27:14.779 [main] INFO  com.webMethodsUI.flow.pageObjects.flowService.EditMappingPage -  Clicking on element at index...0......[[ChromeDriver: chrome on WINDOWS (2ae3be79f90e2b72e6fa0dbd1b361cde)] -> xpath: //input[@placeholder='Enter value here']]
2023-05-25 11:27:14.933 [main] INFO  com.webMethodsUI.flow.pageObjects.flowService.EditMappingPage -  Entering input value ...
2023-05-25 11:27:14.955 [main] INFO  com.webMethodsUI.flow.pageObjects.flowService.EditMappingPage - All input parameters are.....[[[ChromeDriver: chrome on WINDOWS (2ae3be79f90e2b72e6fa0dbd1b361cde)] -> xpath: //input[@placeholder='Enter value here']], [[ChromeDriver: chrome on WINDOWS (2ae3be79f90e2b72e6fa0dbd1b361cde)] -> xpath: //input[@placeholder='Enter value here']]]
2023-05-25 11:27:14.955 [main] INFO  com.webMethodsUI.flow.pageObjects.flowService.EditMappingPage -  Clicking on element at index...1......[[ChromeDriver: chrome on WINDOWS (2ae3be79f90e2b72e6fa0dbd1b361cde)] -> xpath: //input[@placeholder='Enter value here']]
2023-05-25 11:27:15.103 [main] INFO  com.webMethodsUI.flow.pageObjects.common.LoginPage - Click on run button
2023-05-25 11:27:15.587 [main] INFO  com.webMethodsUI.flow.pageObjects.common.LoginPage - wait for page load
2023-05-25 11:27:15.792 [main] INFO  com.webMethodsUI.flow.pageObjects.common.LoginPage - Verify runSuccessMessage is displayed
2023-05-25 11:27:16.203 [main] INFO  com.webMethodsUI.flow.pageObjects.common.LoginPage - Fetching webelement at runtime //div[contains(text(),'output1')]/parent::div/div[contains(text(),'13')]
2023-05-25 11:27:16.246 [main] INFO  com.webMethodsUI.flow.pageObjects.common.LoginPage - Verify output1 13 is visible
2023-05-25 11:27:16.476 [main] INFO  com.webMethodsUI.flow.pageObjects.common.LoginPage - wait for page load
2023-05-25 11:27:16.615 [main] INFO  com.webMethodsUI.flow.pageObjects.common.LoginPage - clicking on Back arrowLink...
2023-05-25 11:27:17.042 [main] INFO  com.webMethodsUI.flow.pageObjects.common.LoginPage - wait for page load
2023-05-25 11:27:18.257 [main] INFO  com.webMethodsUI.flow.pageObjects.common.LoginPage - Verify add flowservice plus icon is visible
2023-05-25 11:27:18.441 [main] INFO  com.webMethodsUI.flow.pageObjects.common.LoginPage - Fetching webelement at runtime //div[@class='tab-details']/ul/li/a/span[contains(text(),'APIs')]
2023-05-25 11:27:18.479 [main] INFO  com.webMethodsUI.flow.pageObjects.common.LoginPage - Clicking on subMenu...APIs
2023-05-25 11:27:18.858 [main] INFO  com.webMethodsUI.flow.pageObjects.common.LoginPage - wait for page load
2023-05-25 11:27:19.298 [main] INFO  com.webMethodsUI.flow.pageObjects.common.LoginPage - Fetching webelement at runtime //a[contains(text(),'SOAP API')]
2023-05-25 11:27:19.351 [main] INFO  com.webMethodsUI.flow.pageObjects.common.LoginPage - Clicking on subMenu...SOAP API
2023-05-25 11:27:19.723 [main] INFO  com.webMethodsUI.flow.pageObjects.common.LoginPage - wait for page load
2023-05-25 11:27:20.064 [main] INFO  com.webMethodsUI.flow.pageObjects.soapapi.SoapApiHomePage - SoapAPI Home Page objects created
2023-05-25 11:27:20.064 [main] INFO  com.webMethodsUI.flow.pageObjects.common.LoginPage - clicking on create api button...
2023-05-25 11:27:20.445 [main] INFO  com.webMethodsUI.flow.helper.wait.WaitHelper - WaitHelper Object created....
2023-05-25 11:27:20.468 [main] INFO  com.webMethodsUI.flow.helper.wait.WaitHelper - waiting for :[[ChromeDriver: chrome on WINDOWS (2ae3be79f90e2b72e6fa0dbd1b361cde)] -> xpath: //span[contains(text(),'get started')]] for :40seconds
2023-05-25 11:27:20.484 [main] INFO  com.webMethodsUI.flow.helper.wait.WaitHelper - element is visible now.....
2023-05-25 11:27:20.484 [main] INFO  com.webMethodsUI.flow.pageObjects.soapapi.SoapApiLetsGetStartedPage - element is visible now....[[ChromeDriver: chrome on WINDOWS (2ae3be79f90e2b72e6fa0dbd1b361cde)] -> xpath: //span[contains(text(),'get started')]]
2023-05-25 11:27:20.485 [main] INFO  com.webMethodsUI.flow.pageObjects.soapapi.SoapApiLetsGetStartedPage - clicking on Next button...
2023-05-25 11:27:20.499 [main] INFO  com.webMethodsUI.flow.helper.wait.WaitHelper - waiting for :[[ChromeDriver: chrome on WINDOWS (2ae3be79f90e2b72e6fa0dbd1b361cde)] -> xpath: //button[contains(text(),'Next')]] for :40seconds
2023-05-25 11:27:20.513 [main] INFO  com.webMethodsUI.flow.helper.wait.WaitHelper - element is visible now.....
2023-05-25 11:27:20.588 [main] INFO  com.webMethodsUI.flow.helper.wait.WaitHelper - WaitHelper Object created....
2023-05-25 11:27:20.612 [main] INFO  com.webMethodsUI.flow.helper.wait.WaitHelper - waiting for :[[ChromeDriver: chrome on WINDOWS (2ae3be79f90e2b72e6fa0dbd1b361cde)] -> xpath: //span[@class='inner-detail-title']] for :40seconds
2023-05-25 11:27:20.635 [main] INFO  com.webMethodsUI.flow.helper.wait.WaitHelper - element is visible now.....
2023-05-25 11:27:20.635 [main] INFO  com.webMethodsUI.flow.pageObjects.soapapi.SoapApiBasicInfoPage - element is visible now....[[ChromeDriver: chrome on WINDOWS (2ae3be79f90e2b72e6fa0dbd1b361cde)] -> xpath: //span[@class='inner-detail-title']]
2023-05-25 11:27:20.749 [main] INFO  com.webMethodsUI.flow.pageObjects.common.LoginPage - Entering the soap api name.....soapApiFromScratch
2023-05-25 11:27:21.053 [main] INFO  com.webMethodsUI.flow.pageObjects.common.LoginPage - Clicking on version dropdown
2023-05-25 11:27:21.402 [main] INFO  com.webMethodsUI.flow.pageObjects.common.LoginPage - Fetching webelement at runtime //*[contains(text(),'SOAP 1.2')]
2023-05-25 11:27:21.431 [main] INFO  com.webMethodsUI.flow.pageObjects.common.LoginPage - selecting version value..SOAP 1.2
2023-05-25 11:27:21.818 [main] INFO  com.webMethodsUI.flow.pageObjects.common.LoginPage - entering the description....This is soap api from scratch description
2023-05-25 11:27:22.320 [main] INFO  com.webMethodsUI.flow.pageObjects.common.LoginPage - Clicking on select flow service dropdown
2023-05-25 11:28:22.693 [main] INFO  com.webMethodsUI.flow.pageObjects.common.LoginPage - Fetching webelement at runtime //div[@class='tab-details']/ul/li/a/span[contains(text(),'APIs')]
2023-05-25 11:28:26.567 [main] INFO  com.webMethodsUI.flow.pageObjects.common.LoginPage - Clicking on subMenu...APIs
2023-05-25 11:28:26.933 [main] INFO  com.webMethodsUI.flow.pageObjects.common.LoginPage - wait for page load
2023-05-25 11:28:27.197 [main] INFO  com.webMethodsUI.flow.pageObjects.common.LoginPage - Fetching webelement at runtime //a[contains(text(),'SOAP API')]
2023-05-25 11:28:27.252 [main] INFO  com.webMethodsUI.flow.pageObjects.common.LoginPage - Clicking on subMenu...SOAP API
2023-05-25 11:28:27.588 [main] INFO  com.webMethodsUI.flow.pageObjects.common.LoginPage - wait for page load
2023-05-25 11:28:27.859 [main] INFO  com.webMethodsUI.flow.pageObjects.soapapi.SoapApiHomePage - SoapAPI Home Page objects created
2023-05-25 11:28:28.044 [main] INFO  com.webMethodsUI.flow.pageObjects.common.LoginPage - Fetching webelement at runtime //div[@class='tab-details']/ul/li/a/span[contains(text(),'Connectors')]
2023-05-25 11:28:28.072 [main] INFO  com.webMethodsUI.flow.pageObjects.common.LoginPage - Clicking on subMenu...Connectors
2023-05-25 11:28:28.439 [main] INFO  com.webMethodsUI.flow.pageObjects.common.LoginPage - wait for page load
2023-05-25 11:28:41.126 [main] INFO  com.webMethodsUI.flow.pageObjects.common.LoginPage - Verify PredefinedConnectorTitle is visible
2023-05-25 11:28:41.395 [main] INFO  com.webMethodsUI.flow.pageObjects.common.LoginPage - Fetching webelement at runtime //a[contains(text(),'SOAP')]
2023-05-25 11:28:41.442 [main] INFO  com.webMethodsUI.flow.pageObjects.common.LoginPage - Clicking on Left Panal MainMenu....SOAP
2023-05-25 11:28:41.858 [main] INFO  com.webMethodsUI.flow.pageObjects.common.LoginPage - wait for page load
2023-05-25 11:28:42.848 [main] INFO  com.webMethodsUI.flow.pageObjects.common.LoginPage - Wait for soap connector title element visible
2023-05-25 11:28:43.069 [main] INFO  com.webMethodsUI.flow.pageObjects.SOAPConnector.SOAPConnectorHomePage - Verifying the Add connector button is visible....
2023-05-25 11:28:43.157 [main] INFO  com.webMethodsUI.flow.pageObjects.common.LoginPage - Fetching webelement at runtime //button[contains(text(),'Add Connector')]
2023-05-25 11:28:43.198 [main] INFO  com.webMethodsUI.flow.pageObjects.common.LoginPage - Clicking on Button.. Add Connector
2023-05-25 11:28:43.578 [main] INFO  com.webMethodsUI.flow.pageObjects.common.LoginPage - wait for page load
2023-05-25 11:28:43.916 [main] INFO  com.webMethodsUI.flow.pageObjects.common.LoginPage - Verify title element is visible
2023-05-25 11:28:44.134 [main] INFO  com.webMethodsUI.flow.pageObjects.SOAPConnector.SoapConnectorLetsGetStartPage - Entering soap connector url null
2023-05-25 11:28:44.408 [main] INFO  com.webMethodsUI.flow.helper.wait.WaitHelper - WaitHelper Object created....
2023-05-25 11:28:44.427 [main] INFO  com.webMethodsUI.flow.helper.wait.WaitHelper - waiting for :Proxy element for: DefaultElementLocator 'By.xpath: //h1[contains(text(),'Define Connector')]' for :40seconds
2023-05-25 11:29:25.186 [main] INFO  com.webMethodsUI.flow.helper.wait.WaitHelper - WaitHelper Object created....
2023-05-25 11:29:25.208 [main] INFO  com.webMethodsUI.flow.helper.wait.WaitHelper - waiting for :Proxy element for: DefaultElementLocator 'By.xpath: //div[contains(text(),'Operations')]' for :40seconds
2023-05-25 11:30:05.544 [main] INFO  com.webMethodsUI.flow.pageObjects.common.LoginPage - Wait for soap connector title element visible
2023-05-25 11:30:05.724 [main] INFO  com.webMethodsUI.flow.pageObjects.common.LoginPage - Fetching webelement at runtime //a[contains(text(),'UrSopConnector')]/parent::div/span[2]/img[contains(@class,'SOAP-icon')]
2023-05-25 11:31:06.027 [main] INFO  com.webMethodsUI.flow.pageObjects.common.LoginPage - Wait for soap connector title element visible
2023-05-25 11:31:06.240 [main] INFO  com.webMethodsUI.flow.pageObjects.common.LoginPage - Fetching webelement at runtime //a[contains(text(),'UrSopConnector')]/parent::div/span[2]/img[contains(@class,'SOAP-icon')]
2023-05-25 11:32:06.501 [main] INFO  com.webMethodsUI.flow.pageObjects.common.LoginPage - Wait for operations page to visible
2023-05-25 11:33:06.961 [main] INFO  com.webMethodsUI.flow.helper.wait.WaitHelper - WaitHelper Object created....
2023-05-25 11:33:06.986 [main] INFO  com.webMethodsUI.flow.helper.wait.WaitHelper - waiting for :Proxy element for: DefaultElementLocator 'By.xpath: //div[contains(text(),'OUTPUT')]' for :40seconds
2023-05-25 11:33:47.296 [main] INFO  com.webMethodsUI.flow.pageObjects.common.LoginPage - Wait for operations page to visible
2023-05-25 11:34:47.675 [main] INFO  com.webMethodsUI.flow.helper.wait.WaitHelper - WaitHelper Object created....
2023-05-25 11:34:47.696 [main] INFO  com.webMethodsUI.flow.helper.wait.WaitHelper - waiting for :Proxy element for: DefaultElementLocator 'By.xpath: //span[contains(text(),'Result')]' for :40seconds
2023-05-25 11:35:28.066 [main] INFO  com.webMethodsUI.flow.pageObjects.common.LoginPage - Fetching webelement at runtime //div[@class='tab-details']/ul/li/a/span[contains(text(),'Integrations')]
2023-05-25 11:35:28.123 [main] INFO  com.webMethodsUI.flow.pageObjects.common.LoginPage - Clicking on subMenu...Integrations
2023-05-25 11:35:28.549 [main] INFO  com.webMethodsUI.flow.pageObjects.common.LoginPage - wait for page load
2023-05-25 11:35:30.146 [main] INFO  com.webMethodsUI.flow.pageObjects.common.LoginPage - Fetching webelement at runtime //a[contains(text(),'FlowServices')]
2023-05-25 11:36:30.461 [main] INFO  com.webMethodsUI.flow.pageObjects.flowService.FlowServiceCanvasPage - flowService Canvas page Object created
2023-05-25 11:36:30.463 [main] INFO  com.webMethodsUI.flow.pageObjects.common.LoginPage - wait for page load
2023-05-25 11:36:31.023 [main] INFO  com.webMethodsUI.flow.pageObjects.flowService.FlowServiceCanvasPage - flowService Canvas page Object created
2023-05-25 11:36:31.023 [main] INFO  com.webMethodsUI.flow.pageObjects.common.LoginPage - wait for page load
2023-05-25 11:36:31.864 [main] INFO  com.webMethodsUI.flow.pageObjects.flowService.FlowServiceCanvasPage - flowService Canvas page Object created
2023-05-25 11:36:31.864 [main] INFO  com.webMethodsUI.flow.pageObjects.common.LoginPage - wait for page load
2023-05-25 11:36:32.070 [main] INFO  com.webMethodsUI.flow.pageObjects.common.LoginPage - wait for page load
2023-05-25 11:36:32.264 [main] INFO  com.webMethodsUI.flow.pageObjects.common.LoginPage - Click on runButton
2023-05-25 11:37:32.647 [main] INFO  com.webMethodsUI.flow.pageObjects.flowService.FlowServiceCanvasPage - Scrolling down the page to click plus icon......
2023-05-25 11:37:32.933 [main] INFO  com.webMethodsUI.flow.pageObjects.common.LoginPage - wait for page load
2023-05-25 11:37:33.132 [main] INFO  com.webMethodsUI.flow.pageObjects.common.LoginPage - clicking on Back arrowLink...
2023-05-25 11:38:33.606 [main] INFO  com.webMethodsUI.flow.pageObjects.common.LoginPage - Fetching webelement at runtime //div[@class='tab-details']/ul/li/a/span[contains(text(),'Connectors')]
2023-05-25 11:38:33.663 [main] INFO  com.webMethodsUI.flow.pageObjects.common.LoginPage - Clicking on subMenu...Connectors
2023-05-25 11:38:34.151 [main] INFO  com.webMethodsUI.flow.pageObjects.common.LoginPage - wait for page load
2023-05-25 11:38:46.716 [main] INFO  com.webMethodsUI.flow.pageObjects.common.LoginPage - Fetching webelement at runtime //a[contains(text(),'SOAP')]
2023-05-25 11:38:46.770 [main] INFO  com.webMethodsUI.flow.pageObjects.common.LoginPage - Clicking on Left Panal MainMenu....SOAP
2023-05-25 11:38:47.195 [main] INFO  com.webMethodsUI.flow.pageObjects.common.LoginPage - wait for page load
2023-05-25 11:38:48.771 [main] INFO  com.webMethodsUI.flow.pageObjects.common.LoginPage - Wait for soap connector title element visible
2023-05-25 11:38:48.996 [main] INFO  com.webMethodsUI.flow.pageObjects.SOAPConnector.SOAPConnectorHomePage - Clicking on Soap connector name UrSopConnector
2023-05-25 11:38:49.358 [main] INFO  com.webMethodsUI.flow.pageObjects.common.LoginPage - Fetching webelement at runtime //div[@class='tab-details']/ul/li/a/span[contains(text(),'APIs')]
2023-05-25 11:38:49.392 [main] INFO  com.webMethodsUI.flow.pageObjects.common.LoginPage - Clicking on subMenu...APIs
2023-05-25 11:38:49.856 [main] INFO  com.webMethodsUI.flow.pageObjects.common.LoginPage - wait for page load
2023-05-25 11:38:50.108 [main] INFO  com.webMethodsUI.flow.pageObjects.common.LoginPage - Fetching webelement at runtime //a[contains(text(),'SOAP API')]
2023-05-25 11:38:50.139 [main] INFO  com.webMethodsUI.flow.pageObjects.common.LoginPage - Clicking on subMenu...SOAP API
2023-05-25 11:38:50.516 [main] INFO  com.webMethodsUI.flow.pageObjects.common.LoginPage - wait for page load
2023-05-25 11:38:50.888 [main] INFO  com.webMethodsUI.flow.pageObjects.soapapi.SoapApiHomePage - SoapAPI Home Page objects created
2023-05-25 11:38:50.888 [main] INFO  com.webMethodsUI.flow.pageObjects.common.LoginPage - Fetching webelement at runtime //span[contains(text(),'soapApiFromScratch')]/parent::div/parent::div//a[@title='Delete SOAP API']
2023-05-25 11:39:51.230 [main] INFO  com.webMethodsUI.flow.pageObjects.common.LoginPage - Fetching webelement at runtime //div[@class='tab-details']/ul/li/a/span[contains(text(),'Integrations')]
2023-05-25 11:39:51.261 [main] INFO  com.webMethodsUI.flow.pageObjects.common.LoginPage - Clicking on subMenu...Integrations
2023-05-25 11:39:51.748 [main] INFO  com.webMethodsUI.flow.pageObjects.common.LoginPage - wait for page load
2023-05-25 11:39:52.113 [main] INFO  com.webMethodsUI.flow.pageObjects.common.LoginPage - Fetching webelement at runtime //a[contains(text(),'FlowServices')]
2023-05-25 11:40:52.436 [main] INFO  com.webMethodsUI.flow.pageObjects.common.LoginPage - Fetching webelement at runtime //a[@title='webMethods.io Integration']
2023-05-25 11:40:52.464 [main] INFO  com.webMethodsUI.flow.pageObjects.common.LoginPage - Clicking on homeLogo.. 
2023-05-25 11:40:53.101 [main] INFO  com.webMethodsUI.flow.pageObjects.common.LoginPage - wait for page load
2023-05-25 11:40:53.898 [main] INFO  com.webMethodsUI.flow.pageObjects.common.LoginPage - Fetching webelement at runtime //a[contains(text(),'Projects')]
2023-05-25 11:40:53.937 [main] INFO  com.webMethodsUI.flow.pageObjects.common.LoginPage - Verify project menu is visible
2023-05-25 11:40:54.201 [main] INFO  com.webMethodsUI.flow.pageObjects.common.LoginPage - Verify Home page greet message is visible
2023-05-25 11:40:54.487 [main] INFO  com.webMethodsUI.flow.pageObjects.common.LoginPage - Verify create project plus button is visible
2023-05-25 11:40:54.756 [main] INFO  com.webMethodsUI.flow.pageObjects.common.LoginPage - Verify Home page greet message is visible
2023-05-25 11:40:54.952 [main] INFO  com.webMethodsUI.flow.pageObjects.common.LoginPage - Verify create project plus button is visible
2023-05-25 11:40:55.197 [main] INFO  com.webMethodsUI.flow.pageObjects.common.LoginPage - Click on projectpanel more menu
2023-05-25 11:40:55.708 [main] INFO  com.webMethodsUI.flow.pageObjects.common.LoginPage - Verify project delete button is present
2023-05-25 11:41:56.099 [main] INFO  com.webMethodsUI.flow.pageObjects.common.LoginPage - Fetching webelement at runtime //a[contains(text(),'Monitor')]
2023-05-25 11:41:56.130 [main] INFO  com.webMethodsUI.flow.pageObjects.common.LoginPage - Clicking on Menu...Monitor
2023-05-25 11:41:56.546 [main] INFO  com.webMethodsUI.flow.pageObjects.common.LoginPage - wait for page load
2023-05-25 11:41:56.744 [main] INFO  com.webMethodsUI.flow.helper.wait.WaitHelper - WaitHelper Object created....
2023-05-25 11:41:56.761 [main] INFO  com.webMethodsUI.flow.helper.wait.WaitHelper - waiting for :Proxy element for: DefaultElementLocator 'By.xpath: //h1[contains(text(),'Monitor')]' for :40seconds
2023-05-25 11:42:37.660 [main] INFO  com.webMethodsUI.flow.helper.wait.WaitHelper - WaitHelper Object created....
2023-05-25 11:42:37.669 [main] INFO  com.webMethodsUI.flow.helper.wait.WaitHelper - waiting for :Proxy element for: DefaultElementLocator 'By.xpath: //h1[contains(text(),'Monitor')]' for :40seconds
2023-05-25 11:43:17.975 [main] INFO  com.webMethodsUI.flow.helper.wait.WaitHelper - WaitHelper Object created....
2023-05-25 11:43:17.985 [main] INFO  com.webMethodsUI.flow.helper.wait.WaitHelper - waiting for :Proxy element for: DefaultElementLocator 'By.xpath: //h1[contains(text(),'Monitor')]' for :40seconds
2023-05-25 11:43:58.431 [main] INFO  com.webMethodsUI.flow.helper.wait.WaitHelper - WaitHelper Object created....
2023-05-25 11:43:58.461 [main] INFO  com.webMethodsUI.flow.helper.wait.WaitHelper - waiting for :Proxy element for: DefaultElementLocator 'By.xpath: //span[contains(text(),'12h')]' for :40seconds
