2024-07-04 13:03:06.879 [main] INFO  com.webMethodsUI.flow.testbase.TestBase - ChromeDriver: chrome on WINDOWS (c2ebb2b6979986f9f48c432da02fc9af)
2024-07-04 13:03:06.886 [main] INFO  com.webMethodsUI.flow.testbase.TestBase - Initilize Web Driver: 70666339
2024-07-04 13:03:06.977 [main] INFO  com.webMethodsUI.flow.testbase.TestBase - Navigating to URLhttps://azsprotenant6.int-az-us.webmethods-spro.io/
2024-07-04 13:03:08.576 [main] INFO  com.webMethodsUI.flow.pageObjects.common.LoginPage - Verify username text field is visible
2024-07-04 13:03:15.261 [main] INFO  com.webMethodsUI.flow.pageObjects.common.LoginPage - Entering user Name: megha
2024-07-04 13:03:15.460 [main] INFO  com.webMethodsUI.flow.pageObjects.common.LoginPage - Entering Password: SAGmanage@123456
2024-07-04 13:03:17.701 [main] INFO  com.webMethodsUI.flow.pageObjects.common.LoginPage - Click on Login Button
2024-07-04 13:03:21.988 [main] INFO  com.webMethodsUI.flow.pageObjects.common.LoginPage - wait for page load
2024-07-04 13:03:22.225 [main] INFO  com.webMethodsUI.flow.pageObjects.common.LoginPage - wait for page load
2024-07-04 13:03:22.733 [main] INFO  com.webMethodsUI.flow.pageObjects.common.LoginPage - Verify Home page greet message is visible
2024-07-04 13:03:25.845 [main] INFO  com.webMethodsUI.flow.pageObjects.common.LoginPage - Verify create project plus button is visible
2024-07-04 13:03:27.549 [main] INFO  com.webMethodsUI.flow.pageObjects.common.LoginPage - Cicking on search project field
2024-07-04 13:03:27.925 [main] INFO  com.webMethodsUI.flow.pageObjects.common.LoginPage - Entering project name in search box: ICUI_AutomationProject3
2024-07-04 13:03:28.361 [main] INFO  com.webMethodsUI.flow.pageObjects.common.LoginPage - Clicking on searchicon to search project
2024-07-04 13:03:28.754 [main] INFO  com.webMethodsUI.flow.pageObjects.common.LoginPage - wait for page load
2024-07-04 13:03:30.151 [main] INFO  com.webMethodsUI.flow.pageObjects.common.LoginPage - Fetching webelement at runtime //div[@class='tab-details']/ul/li/a/span[contains(text(),'Connectors ')]
2024-07-04 16:20:03.117 [main] INFO  com.webMethodsUI.flow.testbase.TestBase - ChromeDriver: chrome on WINDOWS (296430c565387327932179736cd1994f)
2024-07-04 16:20:03.125 [main] INFO  com.webMethodsUI.flow.testbase.TestBase - Initilize Web Driver: 70666339
2024-07-04 16:20:03.216 [main] INFO  com.webMethodsUI.flow.testbase.TestBase - Navigating to URLhttps://azsprotenant6.int-az-us.webmethods-spro.io/
2024-07-04 16:20:04.175 [main] INFO  com.webMethodsUI.flow.pageObjects.common.LoginPage - Verify username text field is visible
2024-07-04 16:20:11.390 [main] INFO  com.webMethodsUI.flow.pageObjects.common.LoginPage - Entering user Name: megha
2024-07-04 16:20:11.620 [main] INFO  com.webMethodsUI.flow.pageObjects.common.LoginPage - Entering Password: SAGmanage@123456
2024-07-04 16:20:13.974 [main] INFO  com.webMethodsUI.flow.pageObjects.common.LoginPage - Click on Login Button
2024-07-04 16:20:17.718 [main] INFO  com.webMethodsUI.flow.pageObjects.common.LoginPage - wait for page load
2024-07-04 16:20:17.916 [main] INFO  com.webMethodsUI.flow.pageObjects.common.LoginPage - wait for page load
2024-07-04 16:20:18.135 [main] INFO  com.webMethodsUI.flow.pageObjects.common.LoginPage - Verify Home page greet message is visible
2024-07-04 16:20:21.337 [main] INFO  com.webMethodsUI.flow.pageObjects.common.LoginPage - Verify create project plus button is visible
2024-07-04 16:20:23.108 [main] INFO  com.webMethodsUI.flow.pageObjects.common.LoginPage - Cicking on search project field
2024-07-04 16:20:23.515 [main] INFO  com.webMethodsUI.flow.pageObjects.common.LoginPage - Entering project name in search box: OriginUI_AutomationProject1
2024-07-04 16:20:23.999 [main] INFO  com.webMethodsUI.flow.pageObjects.common.LoginPage - Clicking on searchicon to search project
2024-07-04 16:20:24.406 [main] INFO  com.webMethodsUI.flow.pageObjects.common.LoginPage - wait for page load
2024-07-04 16:20:25.656 [main] INFO  com.webMethodsUI.flow.pageObjects.common.LoginPage - Clicking on Project [[ChromeDriver: chrome on WINDOWS (296430c565387327932179736cd1994f)] -> xpath: //span[contains(@class,'project-name')][contains(text(),'OriginUI_AutomationProject1')]]
2024-07-04 16:20:26.110 [main] INFO  com.webMethodsUI.flow.pageObjects.common.LoginPage - wait for page load
2024-07-04 16:20:28.498 [main] INFO  com.webMethodsUI.flow.pageObjects.common.LoginPage - Fetching webelement at runtime //div[@class='tab-details']/ul/li/a/span[contains(text(),'Packages')]
2024-07-04 16:20:28.560 [main] INFO  com.webMethodsUI.flow.pageObjects.common.LoginPage - Clicking on subMenu...Packages
2024-07-04 16:20:29.030 [main] INFO  com.webMethodsUI.flow.pageObjects.common.LoginPage - wait for page load
2024-07-04 16:20:29.717 [main] INFO  com.webMethodsUI.flow.pageObjects.common.LoginPage - Fetching webelement at runtime //button[contains(text(),'Add package')]
2024-07-04 16:20:29.766 [main] INFO  com.webMethodsUI.flow.pageObjects.common.LoginPage - wait for button to load:
2024-07-04 16:20:29.896 [main] INFO  com.webMethodsUI.flow.pageObjects.common.LoginPage - Click on buttonAdd package
2024-07-04 16:20:30.310 [main] INFO  com.webMethodsUI.flow.pageObjects.common.LoginPage - Fetching webelement at runtime //h2[contains(text(),'GIT')]
2024-07-04 16:20:30.359 [main] INFO  com.webMethodsUI.flow.pageObjects.common.LoginPage - wait for page to load:
2024-07-04 16:20:30.526 [main] INFO  com.webMethodsUI.flow.pageObjects.common.LoginPage - clicking on add git account
2024-07-04 16:20:30.911 [main] INFO  com.webMethodsUI.flow.pageObjects.common.LoginPage - Fetching webelement at runtime //input[@placeholder='Enter git URL']
2024-07-04 16:20:30.970 [main] INFO  com.webMethodsUI.flow.pageObjects.common.LoginPage - Entering GIT URl: https://github.com/ak879753/AbhiPackages
2024-07-04 16:20:31.419 [main] INFO  com.webMethodsUI.flow.pageObjects.common.LoginPage - Fetching webelement at runtime //button[contains(text(),'Next')]
2024-07-04 16:20:31.483 [main] INFO  com.webMethodsUI.flow.pageObjects.common.LoginPage - wait for button to load:
2024-07-04 16:20:31.662 [main] INFO  com.webMethodsUI.flow.pageObjects.common.LoginPage - Click on buttonNext
