2024-11-27 11:36:23.848 [main] INFO  com.webMethodsUI.flow.testbase.TestBase - ChromeDriver: chrome on windows (4e9b4863f0fabcdf2fc796552df4f757)
2024-11-27 11:36:23.852 [main] INFO  com.webMethodsUI.flow.testbase.TestBase - Initilize Web Driver: 999334666
2024-11-27 11:36:23.889 [main] INFO  com.webMethodsUI.flow.testbase.TestBase - Navigating to URLhttps://azsprotenant6.int-az-us.webmethods-spro.io/
2024-11-27 11:36:27.181 [main] INFO  com.webMethodsUI.flow.pageObjects.common.LoginPage - Verify username text field is visible
2024-11-27 11:36:41.133 [main] INFO  com.webMethodsUI.flow.pageObjects.common.LoginPage - Entering user Name: admin
2024-11-27 11:36:41.325 [main] INFO  com.webMethodsUI.flow.pageObjects.common.LoginPage - Entering Password: FMS2HdMkTDTHS_TS
2024-11-27 11:36:43.565 [main] INFO  com.webMethodsUI.flow.pageObjects.common.LoginPage - Click on Login Button
2024-11-27 11:36:46.458 [main] INFO  com.webMethodsUI.flow.pageObjects.common.LoginPage - wait for page load
2024-11-27 11:36:46.563 [main] INFO  com.webMethodsUI.flow.pageObjects.common.LoginPage - wait for page load
2024-11-27 11:36:46.660 [main] INFO  com.webMethodsUI.flow.pageObjects.common.LoginPage - Verify Home page greet message is visible
2024-11-27 11:36:49.327 [main] INFO  com.webMethodsUI.flow.pageObjects.common.LoginPage - Verify create project plus button is visible
2024-11-27 11:36:53.863 [main] INFO  com.webMethodsUI.flow.pageObjects.common.LoginPage - wait for loader not visible
2024-11-27 11:36:54.011 [main] INFO  com.webMethodsUI.flow.pageObjects.common.LoginPage - Fetching webelement at runtime //i[@class='delite-icon dlt-icon-profile']
2024-11-27 11:36:54.035 [main] INFO  com.webMethodsUI.flow.pageObjects.common.LoginPage - Click on profile
2024-11-27 11:36:54.364 [main] INFO  com.webMethodsUI.flow.pageObjects.common.LoginPage - Fetching webelement at runtime //span[normalize-space()='Settings']
2024-11-27 11:36:54.383 [main] INFO  com.webMethodsUI.flow.pageObjects.common.LoginPage - click on Settings
2024-11-27 11:36:54.687 [main] INFO  com.webMethodsUI.flow.pageObjects.common.LoginPage - wait for loader not visible
2024-11-27 11:36:54.980 [main] INFO  com.webMethodsUI.flow.pageObjects.common.LoginPage - Verify key or certificate table visible
2024-11-27 11:36:55.142 [main] INFO  com.webMethodsUI.flow.pageObjects.common.LoginPage - Click on runtime tab
2024-11-27 11:36:55.518 [main] INFO  com.webMethodsUI.flow.pageObjects.common.LoginPage - loader is not visble
2024-11-27 11:36:55.771 [main] INFO  com.webMethodsUI.flow.pageObjects.common.LoginPage - Click on new add button
2024-11-27 11:36:56.047 [main] INFO  com.webMethodsUI.flow.pageObjects.common.LoginPage - add new text visible
2024-11-27 11:36:56.178 [main] INFO  com.webMethodsUI.flow.pageObjects.common.LoginPage - Enter value for store name
2024-11-27 11:36:56.413 [main] INFO  com.webMethodsUI.flow.pageObjects.common.LoginPage - Click on next button
2024-11-27 11:36:58.749 [main] INFO  com.webMethodsUI.flow.pageObjects.common.LoginPage - Fetching webelement at runtime //h1[normalize-space()='ICRuntimeStore']
2024-11-27 11:36:58.931 [main] INFO  com.webMethodsUI.flow.pageObjects.common.LoginPage - Verify Store name visible
2024-11-27 11:36:59.064 [main] INFO  com.webMethodsUI.flow.pageObjects.common.LoginPage - No certificate for Key store visible
2024-11-27 11:37:00.184 [main] INFO  com.webMethodsUI.flow.pageObjects.common.LoginPage - No Certificate for trust store visible
2024-11-27 11:37:00.299 [main] INFO  com.webMethodsUI.flow.pageObjects.common.LoginPage - add button visible
2024-11-27 11:37:00.412 [main] INFO  com.webMethodsUI.flow.pageObjects.common.LoginPage - add button visible
2024-11-27 11:37:00.519 [main] INFO  com.webMethodsUI.flow.pageObjects.common.LoginPage - Verify info message for Identify
2024-11-27 11:37:00.643 [main] INFO  com.webMethodsUI.flow.pageObjects.common.LoginPage - verify info message for trust store
2024-11-27 11:37:00.804 [main] INFO  com.webMethodsUI.flow.pageObjects.common.LoginPage - Fetching webelement at runtime //div[@class='key-store store-pane']//span[@title='Copy password']
2024-11-27 11:37:00.826 [main] INFO  com.webMethodsUI.flow.pageObjects.common.LoginPage - click on copy docker command
2024-11-27 11:37:04.268 [main] INFO  com.webMethodsUI.flow.pageObjects.common.LoginPage - Fetching webelement at runtime //div[@class='trust-store store-pane']//span[@title='Copy password']
2024-11-27 11:37:04.285 [main] INFO  com.webMethodsUI.flow.pageObjects.common.LoginPage - click on copy password
2024-11-27 11:37:04.677 [main] INFO  com.webMethodsUI.flow.pageObjects.common.LoginPage - Fetching webelement at runtime //div[@class='key-store store-pane']//a[@class='dropdown-button certificate-button right secondary-btn small'][normalize-space()='+ Add']
2024-11-27 11:37:04.707 [main] INFO  com.webMethodsUI.flow.pageObjects.common.LoginPage - Click on add certificate button
2024-11-27 11:37:04.987 [main] INFO  com.webMethodsUI.flow.pageObjects.common.LoginPage - Fetching webelement at runtime //ul[@id='runtime-certificate-identity-store']//li//a[@href='javascript:;'][normalize-space()='Import Keystore']
2024-11-27 11:37:05.009 [main] INFO  com.webMethodsUI.flow.pageObjects.common.LoginPage - Verify import keystore is visible
2024-11-27 11:37:05.151 [main] INFO  com.webMethodsUI.flow.pageObjects.common.LoginPage - Fetching webelement at runtime //ul[@id='runtime-certificate-identity-store']//li//a[@href='javascript:;'][normalize-space()='Import Certificate']
2024-11-27 11:37:05.176 [main] INFO  com.webMethodsUI.flow.pageObjects.common.LoginPage - Verify import Certificate is visible
2024-11-27 11:37:05.307 [main] INFO  com.webMethodsUI.flow.pageObjects.common.LoginPage - Click on import certificate
2024-11-27 11:37:05.602 [main] INFO  com.webMethodsUI.flow.pageObjects.common.LoginPage - Fetching webelement at runtime //h1[normalize-space()='Import Keystore']
2024-11-27 11:37:05.624 [main] INFO  com.webMethodsUI.flow.pageObjects.common.LoginPage - Verify text is visble
2024-11-27 11:37:05.781 [main] INFO  com.webMethodsUI.flow.pageObjects.common.LoginPage - Fetching webelement at runtime //button[normalize-space()='Browse']
2024-11-27 11:37:09.895 [main] INFO  com.webMethodsUI.flow.pageObjects.common.LoginPage - Fetching webelement at runtime //input[@name='Passphrase']
2024-11-27 11:37:09.915 [main] INFO  com.webMethodsUI.flow.pageObjects.common.LoginPage - Enter the password
2024-11-27 11:37:10.145 [main] INFO  com.webMethodsUI.flow.pageObjects.common.LoginPage - Fetching webelement at runtime //button[normalize-space()='Next']
2024-11-27 11:37:10.162 [main] INFO  com.webMethodsUI.flow.pageObjects.common.LoginPage - Click on next button
2024-11-27 11:37:10.471 [main] INFO  com.webMethodsUI.flow.pageObjects.common.LoginPage - Fetching webelement at runtime //div[@class='alias-list-header']
2024-11-27 11:37:10.599 [main] INFO  com.webMethodsUI.flow.pageObjects.common.LoginPage - verify text is visible
2024-11-27 11:37:10.804 [main] INFO  com.webMethodsUI.flow.pageObjects.common.LoginPage - Fetching webelement at runtime //span[@class='parameters-value']
2024-11-27 11:37:10.840 [main] INFO  com.webMethodsUI.flow.pageObjects.common.LoginPage - Click on text to check the checkbox
2024-11-27 11:37:11.134 [main] INFO  com.webMethodsUI.flow.pageObjects.common.LoginPage - Fetching webelement at runtime //button[normalize-space()='Save']
2024-11-27 11:37:11.156 [main] INFO  com.webMethodsUI.flow.pageObjects.common.LoginPage - Click on save button
2024-11-27 11:37:11.471 [main] INFO  com.webMethodsUI.flow.pageObjects.common.LoginPage - Fetching webelement at runtime //span[normalize-space()='azstagetenant1.cc.az-us.webmethodscloud-stage.com']
2024-11-27 11:37:11.492 [main] INFO  com.webMethodsUI.flow.pageObjects.common.LoginPage - Verify certificate uploaded
2024-11-27 11:37:11.661 [main] INFO  com.webMethodsUI.flow.pageObjects.common.LoginPage - wait for loader
2024-11-27 11:37:12.040 [main] INFO  com.webMethodsUI.flow.pageObjects.common.LoginPage - Fetching webelement at runtime //i[@title='Delete certificate/store']
2024-11-27 11:37:12.062 [main] INFO  com.webMethodsUI.flow.pageObjects.common.LoginPage - Wait for Element visible
2024-11-27 11:37:12.244 [main] INFO  com.webMethodsUI.flow.pageObjects.common.LoginPage - Fetching webelement at runtime //div[@class='trust-store store-pane']//a[@class='dropdown-button certificate-button right secondary-btn small'][normalize-space()='+ Add']
2024-11-27 11:37:12.266 [main] INFO  com.webMethodsUI.flow.pageObjects.common.LoginPage - Click on add certificate button
2024-11-27 11:37:12.544 [main] INFO  com.webMethodsUI.flow.pageObjects.common.LoginPage - Fetching webelement at runtime //ul[@id='runtime-certificate-trust-store']//li//a[@href='javascript:;'][normalize-space()='Import Keystore']
2024-11-27 11:37:12.571 [main] INFO  com.webMethodsUI.flow.pageObjects.common.LoginPage - Verify import keystore is visible
2024-11-27 11:37:12.729 [main] INFO  com.webMethodsUI.flow.pageObjects.common.LoginPage - Fetching webelement at runtime //ul[@id='runtime-certificate-trust-store']//li//a[@href='javascript:;'][normalize-space()='Import Certificate']
2024-11-27 11:37:12.753 [main] INFO  com.webMethodsUI.flow.pageObjects.common.LoginPage - Verify import Certificate is visible
2024-11-27 11:37:12.894 [main] INFO  com.webMethodsUI.flow.pageObjects.common.LoginPage - Click on import certificate
2024-11-27 11:37:13.209 [main] INFO  com.webMethodsUI.flow.pageObjects.common.LoginPage - Fetching webelement at runtime //h1[normalize-space()='Import Truststore']
2024-11-27 11:37:13.238 [main] INFO  com.webMethodsUI.flow.pageObjects.common.LoginPage - Verify text is visble
2024-11-27 11:37:13.411 [main] INFO  com.webMethodsUI.flow.pageObjects.common.LoginPage - Fetching webelement at runtime //button[normalize-space()='Browse']
2024-11-27 11:37:17.502 [main] INFO  com.webMethodsUI.flow.pageObjects.common.LoginPage - Fetching webelement at runtime //input[@name='Passphrase']
2024-11-27 11:37:17.522 [main] INFO  com.webMethodsUI.flow.pageObjects.common.LoginPage - Enter the password
2024-11-27 11:37:17.688 [main] INFO  com.webMethodsUI.flow.pageObjects.common.LoginPage - Fetching webelement at runtime //button[normalize-space()='Save']
2024-11-27 11:37:17.703 [main] INFO  com.webMethodsUI.flow.pageObjects.common.LoginPage - Click on save button
2024-11-27 11:37:17.956 [main] INFO  com.webMethodsUI.flow.pageObjects.common.LoginPage - loader is not visible
2024-11-27 11:37:18.561 [main] INFO  com.webMethodsUI.flow.pageObjects.common.LoginPage - Fetching webelement at runtime //span[normalize-space()='is-aws2024']
2024-11-27 11:37:18.577 [main] INFO  com.webMethodsUI.flow.pageObjects.common.LoginPage - Verify certificate uploaded
2024-11-27 11:37:18.685 [main] INFO  com.webMethodsUI.flow.pageObjects.common.LoginPage - wait for loader
2024-11-27 11:37:18.805 [main] INFO  com.webMethodsUI.flow.pageObjects.common.LoginPage - Fetching webelement at runtime //i[@title='Delete certificate/store']
2024-11-27 11:37:18.819 [main] INFO  com.webMethodsUI.flow.pageObjects.common.LoginPage - Verify delete button visible
2024-11-27 11:37:18.939 [main] INFO  com.webMethodsUI.flow.pageObjects.common.LoginPage - Fetching webelement at runtime //button[normalize-space()='Done']
2024-11-27 11:37:18.957 [main] INFO  com.webMethodsUI.flow.pageObjects.common.LoginPage - Click on done button
2024-11-27 11:37:19.241 [main] INFO  com.webMethodsUI.flow.pageObjects.common.LoginPage - Fetching webelement at runtime //input[@id='ICRuntimeStore']/ancestor::div[@class='table-row runtimes-certificates-stores-row']//i[@title='Delete store']
2024-11-27 11:37:19.260 [main] INFO  com.webMethodsUI.flow.pageObjects.common.LoginPage - Click on delete button of Store
2024-11-27 11:37:19.526 [main] INFO  com.webMethodsUI.flow.pageObjects.common.LoginPage - Fetching webelement at runtime //h1[normalize-space()='Delete ICRuntimeStore']
2024-11-27 11:37:19.543 [main] INFO  com.webMethodsUI.flow.pageObjects.common.LoginPage - Verify delete confirm dialog visible
2024-11-27 11:37:19.659 [main] INFO  com.webMethodsUI.flow.pageObjects.common.LoginPage - Fetching webelement at runtime //button[normalize-space()='Yes']
2024-11-27 11:37:19.676 [main] INFO  com.webMethodsUI.flow.pageObjects.common.LoginPage - Click on yes to confirm delete runtime store
2024-11-27 11:45:46.877 [main] INFO  com.webMethodsUI.flow.testbase.TestBase - ChromeDriver: chrome on windows (f1c916fa81e61da3e929b6feb4c1d302)
2024-11-27 11:45:46.887 [main] INFO  com.webMethodsUI.flow.testbase.TestBase - Initilize Web Driver: 697463019
2024-11-27 11:45:46.949 [main] INFO  com.webMethodsUI.flow.testbase.TestBase - Navigating to URLhttps://azsprotenant6.int-az-us.webmethods-spro.io/
2024-11-27 11:45:48.458 [main] INFO  com.webMethodsUI.flow.pageObjects.common.LoginPage - Verify username text field is visible
2024-11-27 11:45:59.546 [main] INFO  com.webMethodsUI.flow.pageObjects.common.LoginPage - Entering user Name: admin
2024-11-27 11:45:59.772 [main] INFO  com.webMethodsUI.flow.pageObjects.common.LoginPage - Entering Password: FMS2HdMkTDTHS_TS
2024-11-27 11:46:02.015 [main] INFO  com.webMethodsUI.flow.pageObjects.common.LoginPage - Click on Login Button
2024-11-27 11:46:04.582 [main] INFO  com.webMethodsUI.flow.pageObjects.common.LoginPage - wait for page load
2024-11-27 11:46:04.696 [main] INFO  com.webMethodsUI.flow.pageObjects.common.LoginPage - wait for page load
2024-11-27 11:46:04.786 [main] INFO  com.webMethodsUI.flow.pageObjects.common.LoginPage - Verify Home page greet message is visible
2024-11-27 11:46:07.492 [main] INFO  com.webMethodsUI.flow.pageObjects.common.LoginPage - Verify create project plus button is visible
2024-11-27 11:46:09.018 [main] INFO  com.webMethodsUI.flow.pageObjects.common.LoginPage - wait for loader not visible
2024-11-27 11:46:09.169 [main] INFO  com.webMethodsUI.flow.pageObjects.common.LoginPage - Fetching webelement at runtime //i[@class='delite-icon dlt-icon-profile']
2024-11-27 11:46:09.195 [main] INFO  com.webMethodsUI.flow.pageObjects.common.LoginPage - Click on profile
2024-11-27 11:46:09.535 [main] INFO  com.webMethodsUI.flow.pageObjects.common.LoginPage - Fetching webelement at runtime //span[normalize-space()='Settings']
2024-11-27 11:46:09.561 [main] INFO  com.webMethodsUI.flow.pageObjects.common.LoginPage - click on Settings
2024-11-27 11:46:09.945 [main] INFO  com.webMethodsUI.flow.pageObjects.common.LoginPage - wait for loader not visible
2024-11-27 11:46:10.202 [main] INFO  com.webMethodsUI.flow.pageObjects.common.LoginPage - Verify key or certificate table visible
2024-11-27 11:46:10.353 [main] INFO  com.webMethodsUI.flow.pageObjects.common.LoginPage - Click on runtime tab
2024-11-27 11:46:10.767 [main] INFO  com.webMethodsUI.flow.pageObjects.common.LoginPage - loader is not visble
2024-11-27 11:46:11.033 [main] INFO  com.webMethodsUI.flow.pageObjects.common.LoginPage - Click on new add button
2024-11-27 11:46:11.350 [main] INFO  com.webMethodsUI.flow.pageObjects.common.LoginPage - add new text visible
2024-11-27 11:46:11.517 [main] INFO  com.webMethodsUI.flow.pageObjects.common.LoginPage - Enter value for store name
2024-11-27 11:46:11.780 [main] INFO  com.webMethodsUI.flow.pageObjects.common.LoginPage - Click on next button
2024-11-27 11:46:14.071 [main] INFO  com.webMethodsUI.flow.pageObjects.common.LoginPage - Fetching webelement at runtime //h1[normalize-space()='ICRuntimeStore']
2024-11-27 11:46:14.271 [main] INFO  com.webMethodsUI.flow.pageObjects.common.LoginPage - Verify Store name visible
2024-11-27 11:46:14.385 [main] INFO  com.webMethodsUI.flow.pageObjects.common.LoginPage - No certificate for Key store visible
2024-11-27 11:46:15.499 [main] INFO  com.webMethodsUI.flow.pageObjects.common.LoginPage - No Certificate for trust store visible
2024-11-27 11:46:15.599 [main] INFO  com.webMethodsUI.flow.pageObjects.common.LoginPage - add button visible
2024-11-27 11:46:15.685 [main] INFO  com.webMethodsUI.flow.pageObjects.common.LoginPage - add button visible
2024-11-27 11:46:15.771 [main] INFO  com.webMethodsUI.flow.pageObjects.common.LoginPage - Verify info message for Identify
2024-11-27 11:46:15.869 [main] INFO  com.webMethodsUI.flow.pageObjects.common.LoginPage - verify info message for trust store
2024-11-27 11:46:16.008 [main] INFO  com.webMethodsUI.flow.pageObjects.common.LoginPage - Fetching webelement at runtime //div[@class='key-store store-pane']//span[@title='Copy password']
2024-11-27 11:46:16.026 [main] INFO  com.webMethodsUI.flow.pageObjects.common.LoginPage - click on copy docker command
2024-11-27 11:46:19.378 [main] INFO  com.webMethodsUI.flow.pageObjects.common.LoginPage - Fetching webelement at runtime //div[@class='trust-store store-pane']//span[@title='Copy password']
2024-11-27 11:46:19.399 [main] INFO  com.webMethodsUI.flow.pageObjects.common.LoginPage - click on copy password
2024-11-27 11:46:19.790 [main] INFO  com.webMethodsUI.flow.pageObjects.common.LoginPage - Fetching webelement at runtime //div[@class='key-store store-pane']//a[@class='dropdown-button certificate-button right secondary-btn small'][normalize-space()='+ Add']
2024-11-27 11:46:19.817 [main] INFO  com.webMethodsUI.flow.pageObjects.common.LoginPage - Click on add certificate button
2024-11-27 11:46:20.094 [main] INFO  com.webMethodsUI.flow.pageObjects.common.LoginPage - Fetching webelement at runtime //ul[@id='runtime-certificate-identity-store']//li//a[@href='javascript:;'][normalize-space()='Import Keystore']
2024-11-27 11:46:20.118 [main] INFO  com.webMethodsUI.flow.pageObjects.common.LoginPage - Verify import keystore is visible
2024-11-27 11:46:20.260 [main] INFO  com.webMethodsUI.flow.pageObjects.common.LoginPage - Fetching webelement at runtime //ul[@id='runtime-certificate-identity-store']//li//a[@href='javascript:;'][normalize-space()='Import Certificate']
2024-11-27 11:46:20.285 [main] INFO  com.webMethodsUI.flow.pageObjects.common.LoginPage - Verify import Certificate is visible
2024-11-27 11:46:20.414 [main] INFO  com.webMethodsUI.flow.pageObjects.common.LoginPage - Click on import certificate
2024-11-27 11:46:20.727 [main] INFO  com.webMethodsUI.flow.pageObjects.common.LoginPage - Fetching webelement at runtime //h1[normalize-space()='Import Keystore']
2024-11-27 11:46:20.750 [main] INFO  com.webMethodsUI.flow.pageObjects.common.LoginPage - Verify text is visble
2024-11-27 11:46:20.909 [main] INFO  com.webMethodsUI.flow.pageObjects.common.LoginPage - Fetching webelement at runtime //button[normalize-space()='Browse']
2024-11-27 11:46:25.037 [main] INFO  com.webMethodsUI.flow.pageObjects.common.LoginPage - Fetching webelement at runtime //input[@name='Passphrase']
2024-11-27 11:46:25.059 [main] INFO  com.webMethodsUI.flow.pageObjects.common.LoginPage - Enter the password
2024-11-27 11:46:25.236 [main] INFO  com.webMethodsUI.flow.pageObjects.common.LoginPage - Fetching webelement at runtime //button[normalize-space()='Next']
2024-11-27 11:46:25.250 [main] INFO  com.webMethodsUI.flow.pageObjects.common.LoginPage - Click on next button
2024-11-27 11:46:25.531 [main] INFO  com.webMethodsUI.flow.pageObjects.common.LoginPage - Fetching webelement at runtime //div[@class='alias-list-header']
2024-11-27 11:46:25.706 [main] INFO  com.webMethodsUI.flow.pageObjects.common.LoginPage - verify text is visible
2024-11-27 11:46:25.857 [main] INFO  com.webMethodsUI.flow.pageObjects.common.LoginPage - Fetching webelement at runtime //span[@class='parameters-value']
2024-11-27 11:46:25.876 [main] INFO  com.webMethodsUI.flow.pageObjects.common.LoginPage - Click on text to check the checkbox
2024-11-27 11:46:26.138 [main] INFO  com.webMethodsUI.flow.pageObjects.common.LoginPage - Fetching webelement at runtime //button[normalize-space()='Save']
2024-11-27 11:46:26.162 [main] INFO  com.webMethodsUI.flow.pageObjects.common.LoginPage - Click on save button
2024-11-27 11:46:26.446 [main] INFO  com.webMethodsUI.flow.pageObjects.common.LoginPage - Fetching webelement at runtime //span[normalize-space()='azstagetenant1.cc.az-us.webmethodscloud-stage.com']
2024-11-27 11:46:26.466 [main] INFO  com.webMethodsUI.flow.pageObjects.common.LoginPage - Verify certificate uploaded
2024-11-27 11:46:26.596 [main] INFO  com.webMethodsUI.flow.pageObjects.common.LoginPage - wait for loader
2024-11-27 11:46:26.979 [main] INFO  com.webMethodsUI.flow.pageObjects.common.LoginPage - Fetching webelement at runtime //i[@title='Delete certificate/store']
2024-11-27 11:46:26.999 [main] INFO  com.webMethodsUI.flow.pageObjects.common.LoginPage - Wait for Element visible
2024-11-27 11:46:27.162 [main] INFO  com.webMethodsUI.flow.pageObjects.common.LoginPage - Fetching webelement at runtime //div[@class='trust-store store-pane']//a[@class='dropdown-button certificate-button right secondary-btn small'][normalize-space()='+ Add']
2024-11-27 11:46:27.185 [main] INFO  com.webMethodsUI.flow.pageObjects.common.LoginPage - Click on add certificate button
2024-11-27 11:46:27.468 [main] INFO  com.webMethodsUI.flow.pageObjects.common.LoginPage - Fetching webelement at runtime //ul[@id='runtime-certificate-trust-store']//li//a[@href='javascript:;'][normalize-space()='Import Keystore']
2024-11-27 11:46:27.489 [main] INFO  com.webMethodsUI.flow.pageObjects.common.LoginPage - Verify import keystore is visible
2024-11-27 11:46:27.625 [main] INFO  com.webMethodsUI.flow.pageObjects.common.LoginPage - Fetching webelement at runtime //ul[@id='runtime-certificate-trust-store']//li//a[@href='javascript:;'][normalize-space()='Import Certificate']
2024-11-27 11:46:27.646 [main] INFO  com.webMethodsUI.flow.pageObjects.common.LoginPage - Verify import Certificate is visible
2024-11-27 11:46:27.769 [main] INFO  com.webMethodsUI.flow.pageObjects.common.LoginPage - Click on import certificate
2024-11-27 11:46:28.078 [main] INFO  com.webMethodsUI.flow.pageObjects.common.LoginPage - Fetching webelement at runtime //h1[normalize-space()='Import Truststore']
2024-11-27 11:46:28.102 [main] INFO  com.webMethodsUI.flow.pageObjects.common.LoginPage - Verify text is visble
2024-11-27 11:46:28.283 [main] INFO  com.webMethodsUI.flow.pageObjects.common.LoginPage - Fetching webelement at runtime //button[normalize-space()='Browse']
2024-11-27 11:46:32.363 [main] INFO  com.webMethodsUI.flow.pageObjects.common.LoginPage - Fetching webelement at runtime //input[@name='Passphrase']
2024-11-27 11:46:32.379 [main] INFO  com.webMethodsUI.flow.pageObjects.common.LoginPage - Enter the password
2024-11-27 11:46:32.556 [main] INFO  com.webMethodsUI.flow.pageObjects.common.LoginPage - Fetching webelement at runtime //button[normalize-space()='Save']
2024-11-27 11:46:32.575 [main] INFO  com.webMethodsUI.flow.pageObjects.common.LoginPage - Click on save button
2024-11-27 11:46:32.897 [main] INFO  com.webMethodsUI.flow.pageObjects.common.LoginPage - loader is not visible
2024-11-27 11:46:33.439 [main] INFO  com.webMethodsUI.flow.pageObjects.common.LoginPage - Fetching webelement at runtime //span[normalize-space()='is-aws2024']
2024-11-27 11:46:33.466 [main] INFO  com.webMethodsUI.flow.pageObjects.common.LoginPage - Verify certificate uploaded
2024-11-27 11:46:33.631 [main] INFO  com.webMethodsUI.flow.pageObjects.common.LoginPage - wait for loader
2024-11-27 11:46:33.786 [main] INFO  com.webMethodsUI.flow.pageObjects.common.LoginPage - Fetching webelement at runtime //i[@title='Delete certificate/store']
2024-11-27 11:46:33.806 [main] INFO  com.webMethodsUI.flow.pageObjects.common.LoginPage - Verify delete button visible
2024-11-27 11:46:33.940 [main] INFO  com.webMethodsUI.flow.pageObjects.common.LoginPage - Fetching webelement at runtime //button[normalize-space()='Done']
2024-11-27 11:46:33.963 [main] INFO  com.webMethodsUI.flow.pageObjects.common.LoginPage - Click on done button
2024-11-27 11:46:34.291 [main] INFO  com.webMethodsUI.flow.pageObjects.common.LoginPage - Fetching webelement at runtime //input[@id='ICRuntimeStore']/ancestor::div[@class='table-row runtimes-certificates-stores-row']//i[@title='Delete store']
2024-11-27 11:46:34.317 [main] INFO  com.webMethodsUI.flow.pageObjects.common.LoginPage - Click on delete button of Store
2024-11-27 11:46:34.624 [main] INFO  com.webMethodsUI.flow.pageObjects.common.LoginPage - Fetching webelement at runtime //h1[normalize-space()='Delete ICRuntimeStore']
2024-11-27 11:46:34.648 [main] INFO  com.webMethodsUI.flow.pageObjects.common.LoginPage - Verify delete confirm dialog visible
2024-11-27 11:46:34.777 [main] INFO  com.webMethodsUI.flow.pageObjects.common.LoginPage - Fetching webelement at runtime //button[normalize-space()='Yes']
2024-11-27 11:46:34.794 [main] INFO  com.webMethodsUI.flow.pageObjects.common.LoginPage - Click on yes to confirm delete runtime store
2024-11-27 12:11:58.023 [main] INFO  com.webMethodsUI.flow.testbase.TestBase - ChromeDriver: chrome on windows (f7d65337af88be2680d96c653a282192)
2024-11-27 12:11:58.026 [main] INFO  com.webMethodsUI.flow.testbase.TestBase - Initilize Web Driver: 999334666
2024-11-27 12:11:58.048 [main] INFO  com.webMethodsUI.flow.testbase.TestBase - Navigating to URLhttps://azsprotenant6.int-az-us.webmethods-spro.io/
2024-11-27 12:12:02.279 [main] INFO  com.webMethodsUI.flow.pageObjects.common.LoginPage - Verify username text field is visible
2024-11-27 12:12:23.544 [main] INFO  com.webMethodsUI.flow.pageObjects.common.LoginPage - Entering user Name: admin
2024-11-27 12:12:23.693 [main] INFO  com.webMethodsUI.flow.pageObjects.common.LoginPage - Entering Password: FMS2HdMkTDTHS_TS
2024-11-27 12:12:25.858 [main] INFO  com.webMethodsUI.flow.pageObjects.common.LoginPage - Click on Login Button
2024-11-27 12:12:28.442 [main] INFO  com.webMethodsUI.flow.pageObjects.common.LoginPage - wait for page load
2024-11-27 12:12:28.539 [main] INFO  com.webMethodsUI.flow.pageObjects.common.LoginPage - wait for page load
2024-11-27 12:12:28.628 [main] INFO  com.webMethodsUI.flow.pageObjects.common.LoginPage - Verify Home page greet message is visible
2024-11-27 12:12:31.252 [main] INFO  com.webMethodsUI.flow.pageObjects.common.LoginPage - Verify create project plus button is visible
2024-11-27 12:12:32.619 [main] INFO  com.webMethodsUI.flow.pageObjects.common.LoginPage - wait for loader not visible
2024-11-27 12:12:32.698 [main] INFO  com.webMethodsUI.flow.pageObjects.common.LoginPage - Fetching webelement at runtime //i[@class='delite-icon dlt-icon-profile']
2024-11-27 12:12:32.713 [main] INFO  com.webMethodsUI.flow.pageObjects.common.LoginPage - Click on profile
2024-11-27 12:12:32.998 [main] INFO  com.webMethodsUI.flow.pageObjects.common.LoginPage - Fetching webelement at runtime //span[normalize-space()='Settings']
2024-11-27 12:12:33.015 [main] INFO  com.webMethodsUI.flow.pageObjects.common.LoginPage - click on Settings
2024-11-27 12:12:33.307 [main] INFO  com.webMethodsUI.flow.pageObjects.common.LoginPage - wait for loader not visible
2024-11-27 12:12:33.558 [main] INFO  com.webMethodsUI.flow.pageObjects.common.LoginPage - Verify key or certificate table visible
2024-11-27 12:12:33.682 [main] INFO  com.webMethodsUI.flow.pageObjects.common.LoginPage - Click on runtime tab
2024-11-27 12:12:33.979 [main] INFO  com.webMethodsUI.flow.pageObjects.common.LoginPage - loader is not visble
2024-11-27 12:12:34.222 [main] INFO  com.webMethodsUI.flow.pageObjects.common.LoginPage - Click on new add button
2024-11-27 12:12:34.464 [main] INFO  com.webMethodsUI.flow.pageObjects.common.LoginPage - add new text visible
2024-11-27 12:12:34.561 [main] INFO  com.webMethodsUI.flow.pageObjects.common.LoginPage - Enter value for store name
2024-11-27 12:12:34.730 [main] INFO  com.webMethodsUI.flow.pageObjects.common.LoginPage - Click on next button
2024-11-27 12:12:37.008 [main] INFO  com.webMethodsUI.flow.pageObjects.common.LoginPage - Fetching webelement at runtime //h1[normalize-space()='ICRuntimeStore']
2024-11-27 12:12:37.206 [main] INFO  com.webMethodsUI.flow.pageObjects.common.LoginPage - Verify Store name visible
2024-11-27 12:12:37.303 [main] INFO  com.webMethodsUI.flow.pageObjects.common.LoginPage - No certificate for Key store visible
2024-11-27 12:12:38.403 [main] INFO  com.webMethodsUI.flow.pageObjects.common.LoginPage - No Certificate for trust store visible
2024-11-27 12:12:38.497 [main] INFO  com.webMethodsUI.flow.pageObjects.common.LoginPage - add button visible
2024-11-27 12:12:38.588 [main] INFO  com.webMethodsUI.flow.pageObjects.common.LoginPage - add button visible
2024-11-27 12:12:38.675 [main] INFO  com.webMethodsUI.flow.pageObjects.common.LoginPage - Verify info message for Identify
2024-11-27 12:12:38.774 [main] INFO  com.webMethodsUI.flow.pageObjects.common.LoginPage - verify info message for trust store
2024-11-27 12:12:38.886 [main] INFO  com.webMethodsUI.flow.pageObjects.common.LoginPage - Fetching webelement at runtime //div[@class='key-store store-pane']//span[@title='Copy password']
2024-11-27 12:12:38.903 [main] INFO  com.webMethodsUI.flow.pageObjects.common.LoginPage - click on copy docker command
2024-11-27 12:12:44.269 [main] INFO  com.webMethodsUI.flow.pageObjects.common.LoginPage - Fetching webelement at runtime //div[@class='trust-store store-pane']//span[@title='Copy password']
2024-11-27 12:12:44.296 [main] INFO  com.webMethodsUI.flow.pageObjects.common.LoginPage - click on copy password
2024-11-27 12:12:44.666 [main] INFO  com.webMethodsUI.flow.pageObjects.common.LoginPage - Fetching webelement at runtime //div[@class='key-store store-pane']//a[@class='dropdown-button certificate-button right secondary-btn small'][normalize-space()='+ Add']
2024-11-27 12:12:44.710 [main] INFO  com.webMethodsUI.flow.pageObjects.common.LoginPage - Click on add certificate button
2024-11-27 12:12:44.969 [main] INFO  com.webMethodsUI.flow.pageObjects.common.LoginPage - Fetching webelement at runtime //ul[@id='runtime-certificate-identity-store']//li//a[@href='javascript:;'][normalize-space()='Import Keystore']
2024-11-27 12:12:44.984 [main] INFO  com.webMethodsUI.flow.pageObjects.common.LoginPage - Verify import keystore is visible
2024-11-27 12:12:45.094 [main] INFO  com.webMethodsUI.flow.pageObjects.common.LoginPage - Fetching webelement at runtime //ul[@id='runtime-certificate-identity-store']//li//a[@href='javascript:;'][normalize-space()='Import Certificate']
2024-11-27 12:12:45.110 [main] INFO  com.webMethodsUI.flow.pageObjects.common.LoginPage - Verify import Certificate is visible
2024-11-27 12:12:45.216 [main] INFO  com.webMethodsUI.flow.pageObjects.common.LoginPage - Click on import certificate
2024-11-27 12:12:45.494 [main] INFO  com.webMethodsUI.flow.pageObjects.common.LoginPage - Fetching webelement at runtime //h1[normalize-space()='Import Keystore']
2024-11-27 12:12:45.513 [main] INFO  com.webMethodsUI.flow.pageObjects.common.LoginPage - Verify text is visble
2024-11-27 12:12:45.644 [main] INFO  com.webMethodsUI.flow.pageObjects.common.LoginPage - Fetching webelement at runtime //button[normalize-space()='Browse']
2024-11-27 12:12:49.742 [main] INFO  com.webMethodsUI.flow.pageObjects.common.LoginPage - Fetching webelement at runtime //input[@name='Passphrase']
2024-11-27 12:12:49.761 [main] INFO  com.webMethodsUI.flow.pageObjects.common.LoginPage - Enter the password
2024-11-27 12:12:49.932 [main] INFO  com.webMethodsUI.flow.pageObjects.common.LoginPage - Fetching webelement at runtime //button[normalize-space()='Next']
2024-11-27 12:12:49.946 [main] INFO  com.webMethodsUI.flow.pageObjects.common.LoginPage - Click on next button
2024-11-27 12:12:50.206 [main] INFO  com.webMethodsUI.flow.pageObjects.common.LoginPage - Fetching webelement at runtime //div[@class='alias-list-header']
2024-11-27 12:12:50.387 [main] INFO  com.webMethodsUI.flow.pageObjects.common.LoginPage - verify text is visible
2024-11-27 12:12:50.505 [main] INFO  com.webMethodsUI.flow.pageObjects.common.LoginPage - Fetching webelement at runtime //span[@class='parameters-value']
2024-11-27 12:12:50.519 [main] INFO  com.webMethodsUI.flow.pageObjects.common.LoginPage - Click on text to check the checkbox
2024-11-27 12:12:50.757 [main] INFO  com.webMethodsUI.flow.pageObjects.common.LoginPage - Fetching webelement at runtime //button[normalize-space()='Save']
2024-11-27 12:12:50.774 [main] INFO  com.webMethodsUI.flow.pageObjects.common.LoginPage - Click on save button
2024-11-27 12:12:51.024 [main] INFO  com.webMethodsUI.flow.pageObjects.common.LoginPage - Fetching webelement at runtime //span[normalize-space()='azstagetenant1.cc.az-us.webmethodscloud-stage.com']
2024-11-27 12:12:51.039 [main] INFO  com.webMethodsUI.flow.pageObjects.common.LoginPage - Verify certificate uploaded
2024-11-27 12:12:51.146 [main] INFO  com.webMethodsUI.flow.pageObjects.common.LoginPage - wait for loader
2024-11-27 12:12:51.637 [main] INFO  com.webMethodsUI.flow.pageObjects.common.LoginPage - Fetching webelement at runtime //i[@title='Delete certificate/store']
2024-11-27 12:12:51.653 [main] INFO  com.webMethodsUI.flow.pageObjects.common.LoginPage - Wait for Element visible
2024-11-27 12:12:51.774 [main] INFO  com.webMethodsUI.flow.pageObjects.common.LoginPage - Fetching webelement at runtime //div[@class='trust-store store-pane']//a[@class='dropdown-button certificate-button right secondary-btn small'][normalize-space()='+ Add']
2024-11-27 12:12:51.790 [main] INFO  com.webMethodsUI.flow.pageObjects.common.LoginPage - Click on add certificate button
2024-11-27 12:12:52.075 [main] INFO  com.webMethodsUI.flow.pageObjects.common.LoginPage - Fetching webelement at runtime //ul[@id='runtime-certificate-trust-store']//li//a[@href='javascript:;'][normalize-space()='Import Keystore']
2024-11-27 12:12:52.092 [main] INFO  com.webMethodsUI.flow.pageObjects.common.LoginPage - Verify import keystore is visible
2024-11-27 12:12:52.208 [main] INFO  com.webMethodsUI.flow.pageObjects.common.LoginPage - Fetching webelement at runtime //ul[@id='runtime-certificate-trust-store']//li//a[@href='javascript:;'][normalize-space()='Import Certificate']
2024-11-27 12:12:52.226 [main] INFO  com.webMethodsUI.flow.pageObjects.common.LoginPage - Verify import Certificate is visible
2024-11-27 12:12:52.338 [main] INFO  com.webMethodsUI.flow.pageObjects.common.LoginPage - Click on import certificate
2024-11-27 12:12:52.600 [main] INFO  com.webMethodsUI.flow.pageObjects.common.LoginPage - Fetching webelement at runtime //h1[normalize-space()='Import Truststore']
2024-11-27 12:12:52.619 [main] INFO  com.webMethodsUI.flow.pageObjects.common.LoginPage - Verify text is visble
2024-11-27 12:12:52.748 [main] INFO  com.webMethodsUI.flow.pageObjects.common.LoginPage - Fetching webelement at runtime //button[normalize-space()='Browse']
2024-11-27 12:12:56.819 [main] INFO  com.webMethodsUI.flow.pageObjects.common.LoginPage - Fetching webelement at runtime //input[@name='Passphrase']
2024-11-27 12:12:56.832 [main] INFO  com.webMethodsUI.flow.pageObjects.common.LoginPage - Enter the password
2024-11-27 12:12:57.001 [main] INFO  com.webMethodsUI.flow.pageObjects.common.LoginPage - Fetching webelement at runtime //button[normalize-space()='Save']
2024-11-27 12:12:57.017 [main] INFO  com.webMethodsUI.flow.pageObjects.common.LoginPage - Click on save button
2024-11-27 12:12:57.260 [main] INFO  com.webMethodsUI.flow.pageObjects.common.LoginPage - loader is not visible
2024-11-27 12:12:57.866 [main] INFO  com.webMethodsUI.flow.pageObjects.common.LoginPage - Fetching webelement at runtime //span[normalize-space()='is-aws2024']
2024-11-27 12:12:57.883 [main] INFO  com.webMethodsUI.flow.pageObjects.common.LoginPage - Verify certificate uploaded
2024-11-27 12:12:58.006 [main] INFO  com.webMethodsUI.flow.pageObjects.common.LoginPage - wait for loader
2024-11-27 12:12:58.137 [main] INFO  com.webMethodsUI.flow.pageObjects.common.LoginPage - Fetching webelement at runtime //i[@title='Delete certificate/store']
2024-11-27 12:12:58.152 [main] INFO  com.webMethodsUI.flow.pageObjects.common.LoginPage - Verify delete button visible
2024-11-27 12:12:58.257 [main] INFO  com.webMethodsUI.flow.pageObjects.common.LoginPage - Fetching webelement at runtime //button[normalize-space()='Done']
2024-11-27 12:12:58.275 [main] INFO  com.webMethodsUI.flow.pageObjects.common.LoginPage - Click on done button
2024-11-27 12:12:58.559 [main] INFO  com.webMethodsUI.flow.pageObjects.common.LoginPage - Fetching webelement at runtime //input[@id='ICRuntimeStore']/ancestor::div[@class='table-row runtimes-certificates-stores-row']//i[@title='Delete store']
2024-11-27 12:12:58.580 [main] INFO  com.webMethodsUI.flow.pageObjects.common.LoginPage - Click on delete button of Store
2024-11-27 12:12:58.851 [main] INFO  com.webMethodsUI.flow.pageObjects.common.LoginPage - Fetching webelement at runtime //h1[normalize-space()='Delete ICRuntimeStore']
2024-11-27 12:12:58.868 [main] INFO  com.webMethodsUI.flow.pageObjects.common.LoginPage - Verify delete confirm dialog visible
2024-11-27 12:12:58.968 [main] INFO  com.webMethodsUI.flow.pageObjects.common.LoginPage - Fetching webelement at runtime //button[normalize-space()='Yes']
2024-11-27 12:12:58.984 [main] INFO  com.webMethodsUI.flow.pageObjects.common.LoginPage - Click on yes to confirm delete runtime store
2024-11-27 12:18:38.827 [main] INFO  com.webMethodsUI.flow.testbase.TestBase - ChromeDriver: chrome on windows (39b63a32d7a0755410db3196b5fc9245)
2024-11-27 12:18:38.831 [main] INFO  com.webMethodsUI.flow.testbase.TestBase - Initilize Web Driver: 999334666
2024-11-27 12:18:38.856 [main] INFO  com.webMethodsUI.flow.testbase.TestBase - Navigating to URLhttps://azsprotenant6.int-az-us.webmethods-spro.io/
2024-11-27 12:18:40.471 [main] INFO  com.webMethodsUI.flow.pageObjects.common.LoginPage - Verify username text field is visible
2024-11-27 12:18:59.522 [main] INFO  com.webMethodsUI.flow.pageObjects.common.LoginPage - Entering user Name: admin
2024-11-27 12:18:59.651 [main] INFO  com.webMethodsUI.flow.pageObjects.common.LoginPage - Entering Password: FMS2HdMkTDTHS_TS
2024-11-27 12:19:01.804 [main] INFO  com.webMethodsUI.flow.pageObjects.common.LoginPage - Click on Login Button
2024-11-27 12:19:05.072 [main] INFO  com.webMethodsUI.flow.pageObjects.common.LoginPage - wait for page load
2024-11-27 12:19:05.178 [main] INFO  com.webMethodsUI.flow.pageObjects.common.LoginPage - wait for page load
2024-11-27 12:19:05.275 [main] INFO  com.webMethodsUI.flow.pageObjects.common.LoginPage - Verify Home page greet message is visible
2024-11-27 12:19:07.996 [main] INFO  com.webMethodsUI.flow.pageObjects.common.LoginPage - Verify create project plus button is visible
2024-11-27 12:19:12.442 [main] INFO  com.webMethodsUI.flow.pageObjects.common.LoginPage - wait for loader not visible
2024-11-27 12:19:12.573 [main] INFO  com.webMethodsUI.flow.pageObjects.common.LoginPage - Fetching webelement at runtime //i[@class='delite-icon dlt-icon-profile']
2024-11-27 12:19:12.591 [main] INFO  com.webMethodsUI.flow.pageObjects.common.LoginPage - Click on profile
2024-11-27 12:19:12.871 [main] INFO  com.webMethodsUI.flow.pageObjects.common.LoginPage - Fetching webelement at runtime //span[normalize-space()='Settings']
2024-11-27 12:19:12.890 [main] INFO  com.webMethodsUI.flow.pageObjects.common.LoginPage - click on Settings
2024-11-27 12:19:13.168 [main] INFO  com.webMethodsUI.flow.pageObjects.common.LoginPage - wait for loader not visible
2024-11-27 12:19:13.523 [main] INFO  com.webMethodsUI.flow.pageObjects.common.LoginPage - Verify key or certificate table visible
2024-11-27 12:19:13.636 [main] INFO  com.webMethodsUI.flow.pageObjects.common.LoginPage - Click on runtime tab
2024-11-27 12:19:13.959 [main] INFO  com.webMethodsUI.flow.pageObjects.common.LoginPage - loader is not visble
2024-11-27 12:19:14.186 [main] INFO  com.webMethodsUI.flow.pageObjects.common.LoginPage - Click on new add button
2024-11-27 12:19:14.444 [main] INFO  com.webMethodsUI.flow.pageObjects.common.LoginPage - add new text visible
2024-11-27 12:19:14.541 [main] INFO  com.webMethodsUI.flow.pageObjects.common.LoginPage - Enter value for store name
2024-11-27 12:19:14.710 [main] INFO  com.webMethodsUI.flow.pageObjects.common.LoginPage - Click on next button
2024-11-27 12:19:16.987 [main] INFO  com.webMethodsUI.flow.pageObjects.common.LoginPage - Fetching webelement at runtime //h1[normalize-space()='ICRuntimeStore']
2024-11-27 12:19:17.187 [main] INFO  com.webMethodsUI.flow.pageObjects.common.LoginPage - Verify Store name visible
2024-11-27 12:19:17.285 [main] INFO  com.webMethodsUI.flow.pageObjects.common.LoginPage - No certificate for Key store visible
2024-11-27 12:19:18.387 [main] INFO  com.webMethodsUI.flow.pageObjects.common.LoginPage - No Certificate for trust store visible
2024-11-27 12:19:18.499 [main] INFO  com.webMethodsUI.flow.pageObjects.common.LoginPage - add button visible
2024-11-27 12:19:18.589 [main] INFO  com.webMethodsUI.flow.pageObjects.common.LoginPage - add button visible
2024-11-27 12:19:18.671 [main] INFO  com.webMethodsUI.flow.pageObjects.common.LoginPage - Verify info message for Identify
2024-11-27 12:19:18.767 [main] INFO  com.webMethodsUI.flow.pageObjects.common.LoginPage - verify info message for trust store
2024-11-27 12:19:18.905 [main] INFO  com.webMethodsUI.flow.pageObjects.common.LoginPage - Fetching webelement at runtime //div[@class='key-store store-pane']//span[@title='Copy password']
2024-11-27 12:19:18.922 [main] INFO  com.webMethodsUI.flow.pageObjects.common.LoginPage - click on copy docker command
2024-11-27 12:19:24.280 [main] INFO  com.webMethodsUI.flow.pageObjects.common.LoginPage - Fetching webelement at runtime //div[@class='trust-store store-pane']//span[@title='Copy password']
2024-11-27 12:19:24.298 [main] INFO  com.webMethodsUI.flow.pageObjects.common.LoginPage - click on copy password
2024-11-27 12:19:24.655 [main] INFO  com.webMethodsUI.flow.pageObjects.common.LoginPage - Fetching webelement at runtime //div[@class='key-store store-pane']//a[@class='dropdown-button certificate-button right secondary-btn small'][normalize-space()='+ Add']
2024-11-27 12:19:24.672 [main] INFO  com.webMethodsUI.flow.pageObjects.common.LoginPage - Click on add certificate button
2024-11-27 12:19:24.935 [main] INFO  com.webMethodsUI.flow.pageObjects.common.LoginPage - Fetching webelement at runtime //ul[@id='runtime-certificate-identity-store']//li//a[@href='javascript:;'][normalize-space()='Import Keystore']
2024-11-27 12:19:24.952 [main] INFO  com.webMethodsUI.flow.pageObjects.common.LoginPage - Verify import keystore is visible
2024-11-27 12:19:25.070 [main] INFO  com.webMethodsUI.flow.pageObjects.common.LoginPage - Fetching webelement at runtime //ul[@id='runtime-certificate-identity-store']//li//a[@href='javascript:;'][normalize-space()='Import Certificate']
2024-11-27 12:19:25.086 [main] INFO  com.webMethodsUI.flow.pageObjects.common.LoginPage - Verify import Certificate is visible
2024-11-27 12:19:25.182 [main] INFO  com.webMethodsUI.flow.pageObjects.common.LoginPage - Click on import certificate
2024-11-27 12:19:25.453 [main] INFO  com.webMethodsUI.flow.pageObjects.common.LoginPage - Fetching webelement at runtime //h1[normalize-space()='Import Keystore']
2024-11-27 12:19:25.472 [main] INFO  com.webMethodsUI.flow.pageObjects.common.LoginPage - Verify text is visble
2024-11-27 12:19:25.608 [main] INFO  com.webMethodsUI.flow.pageObjects.common.LoginPage - Fetching webelement at runtime //button[normalize-space()='Browse']
2024-11-27 12:19:29.724 [main] INFO  com.webMethodsUI.flow.pageObjects.common.LoginPage - Fetching webelement at runtime //input[@name='Passphrase']
2024-11-27 12:19:29.741 [main] INFO  com.webMethodsUI.flow.pageObjects.common.LoginPage - Enter the password
2024-11-27 12:19:29.915 [main] INFO  com.webMethodsUI.flow.pageObjects.common.LoginPage - Fetching webelement at runtime //button[normalize-space()='Next']
2024-11-27 12:19:29.929 [main] INFO  com.webMethodsUI.flow.pageObjects.common.LoginPage - Click on next button
2024-11-27 12:19:30.175 [main] INFO  com.webMethodsUI.flow.pageObjects.common.LoginPage - Fetching webelement at runtime //div[@class='alias-list-header']
2024-11-27 12:19:30.341 [main] INFO  com.webMethodsUI.flow.pageObjects.common.LoginPage - verify text is visible
2024-11-27 12:19:30.464 [main] INFO  com.webMethodsUI.flow.pageObjects.common.LoginPage - Fetching webelement at runtime //span[@class='parameters-value']
2024-11-27 12:19:30.481 [main] INFO  com.webMethodsUI.flow.pageObjects.common.LoginPage - Click on text to check the checkbox
2024-11-27 12:19:30.714 [main] INFO  com.webMethodsUI.flow.pageObjects.common.LoginPage - Fetching webelement at runtime //button[normalize-space()='Save']
2024-11-27 12:19:30.732 [main] INFO  com.webMethodsUI.flow.pageObjects.common.LoginPage - Click on save button
2024-11-27 12:19:30.967 [main] INFO  com.webMethodsUI.flow.pageObjects.common.LoginPage - Fetching webelement at runtime //span[normalize-space()='azstagetenant1.cc.az-us.webmethodscloud-stage.com']
2024-11-27 12:19:30.985 [main] INFO  com.webMethodsUI.flow.pageObjects.common.LoginPage - Verify certificate uploaded
2024-11-27 12:19:31.099 [main] INFO  com.webMethodsUI.flow.pageObjects.common.LoginPage - wait for loader
2024-11-27 12:19:31.591 [main] INFO  com.webMethodsUI.flow.pageObjects.common.LoginPage - Fetching webelement at runtime //i[@title='Delete certificate/store']
2024-11-27 12:19:31.605 [main] INFO  com.webMethodsUI.flow.pageObjects.common.LoginPage - Wait for Element visible
2024-11-27 12:19:31.759 [main] INFO  com.webMethodsUI.flow.pageObjects.common.LoginPage - Fetching webelement at runtime //div[@class='trust-store store-pane']//a[@class='dropdown-button certificate-button right secondary-btn small'][normalize-space()='+ Add']
2024-11-27 12:19:31.772 [main] INFO  com.webMethodsUI.flow.pageObjects.common.LoginPage - Click on add certificate button
2024-11-27 12:19:32.048 [main] INFO  com.webMethodsUI.flow.pageObjects.common.LoginPage - Fetching webelement at runtime //ul[@id='runtime-certificate-trust-store']//li//a[@href='javascript:;'][normalize-space()='Import Keystore']
2024-11-27 12:19:32.065 [main] INFO  com.webMethodsUI.flow.pageObjects.common.LoginPage - Verify import keystore is visible
2024-11-27 12:19:32.222 [main] INFO  com.webMethodsUI.flow.pageObjects.common.LoginPage - Fetching webelement at runtime //ul[@id='runtime-certificate-trust-store']//li//a[@href='javascript:;'][normalize-space()='Import Certificate']
2024-11-27 12:19:32.246 [main] INFO  com.webMethodsUI.flow.pageObjects.common.LoginPage - Verify import Certificate is visible
2024-11-27 12:19:32.387 [main] INFO  com.webMethodsUI.flow.pageObjects.common.LoginPage - Click on import certificate
2024-11-27 12:19:32.720 [main] INFO  com.webMethodsUI.flow.pageObjects.common.LoginPage - Fetching webelement at runtime //h1[normalize-space()='Import Truststore']
2024-11-27 12:19:32.748 [main] INFO  com.webMethodsUI.flow.pageObjects.common.LoginPage - Verify text is visble
2024-11-27 12:19:32.961 [main] INFO  com.webMethodsUI.flow.pageObjects.common.LoginPage - Fetching webelement at runtime //button[normalize-space()='Browse']
2024-11-27 12:19:37.065 [main] INFO  com.webMethodsUI.flow.pageObjects.common.LoginPage - Fetching webelement at runtime //input[@name='Passphrase']
2024-11-27 12:19:37.080 [main] INFO  com.webMethodsUI.flow.pageObjects.common.LoginPage - Enter the password
2024-11-27 12:19:37.266 [main] INFO  com.webMethodsUI.flow.pageObjects.common.LoginPage - Fetching webelement at runtime //button[normalize-space()='Save']
2024-11-27 12:19:37.280 [main] INFO  com.webMethodsUI.flow.pageObjects.common.LoginPage - Click on save button
2024-11-27 12:19:37.550 [main] INFO  com.webMethodsUI.flow.pageObjects.common.LoginPage - loader is not visible
2024-11-27 12:19:38.048 [main] INFO  com.webMethodsUI.flow.pageObjects.common.LoginPage - Fetching webelement at runtime //span[normalize-space()='is-aws2024']
2024-11-27 12:19:38.066 [main] INFO  com.webMethodsUI.flow.pageObjects.common.LoginPage - Verify certificate uploaded
2024-11-27 12:19:38.183 [main] INFO  com.webMethodsUI.flow.pageObjects.common.LoginPage - wait for loader
2024-11-27 12:19:38.302 [main] INFO  com.webMethodsUI.flow.pageObjects.common.LoginPage - Fetching webelement at runtime //i[@title='Delete certificate/store']
2024-11-27 12:19:38.318 [main] INFO  com.webMethodsUI.flow.pageObjects.common.LoginPage - Verify delete button visible
2024-11-27 12:19:38.436 [main] INFO  com.webMethodsUI.flow.pageObjects.common.LoginPage - Fetching webelement at runtime //button[normalize-space()='Done']
2024-11-27 12:19:38.453 [main] INFO  com.webMethodsUI.flow.pageObjects.common.LoginPage - Click on done button
2024-11-27 12:19:38.757 [main] INFO  com.webMethodsUI.flow.pageObjects.common.LoginPage - Fetching webelement at runtime //input[@id='ICRuntimeStore']/ancestor::div[@class='table-row runtimes-certificates-stores-row']//i[@title='Delete store']
2024-11-27 12:19:38.775 [main] INFO  com.webMethodsUI.flow.pageObjects.common.LoginPage - Click on delete button of Store
2024-11-27 12:19:39.032 [main] INFO  com.webMethodsUI.flow.pageObjects.common.LoginPage - Fetching webelement at runtime //h1[normalize-space()='Delete ICRuntimeStore']
2024-11-27 12:19:39.050 [main] INFO  com.webMethodsUI.flow.pageObjects.common.LoginPage - Verify delete confirm dialog visible
2024-11-27 12:19:39.156 [main] INFO  com.webMethodsUI.flow.pageObjects.common.LoginPage - Fetching webelement at runtime //button[normalize-space()='Yes']
2024-11-27 12:19:39.175 [main] INFO  com.webMethodsUI.flow.pageObjects.common.LoginPage - Click on yes to confirm delete runtime store
2024-11-27 12:27:34.438 [main] INFO  com.webMethodsUI.flow.testbase.TestBase - ChromeDriver: chrome on windows (57d0a68d5cecae03e9f6060dbc88d7f2)
2024-11-27 12:27:34.440 [main] INFO  com.webMethodsUI.flow.testbase.TestBase - Initilize Web Driver: 697463019
2024-11-27 12:27:34.463 [main] INFO  com.webMethodsUI.flow.testbase.TestBase - Navigating to URLhttps://azsprotenant6.int-az-us.webmethods-spro.io/
2024-11-27 12:27:36.052 [main] INFO  com.webMethodsUI.flow.pageObjects.common.LoginPage - Verify username text field is visible
2024-11-27 12:27:44.065 [main] INFO  com.webMethodsUI.flow.pageObjects.common.LoginPage - Entering user Name: admin
2024-11-27 12:27:44.213 [main] INFO  com.webMethodsUI.flow.pageObjects.common.LoginPage - Entering Password: FMS2HdMkTDTHS_TS
2024-11-27 12:27:46.366 [main] INFO  com.webMethodsUI.flow.pageObjects.common.LoginPage - Click on Login Button
2024-11-27 12:27:49.382 [main] INFO  com.webMethodsUI.flow.pageObjects.common.LoginPage - wait for page load
2024-11-27 12:27:49.492 [main] INFO  com.webMethodsUI.flow.pageObjects.common.LoginPage - wait for page load
2024-11-27 12:27:49.581 [main] INFO  com.webMethodsUI.flow.pageObjects.common.LoginPage - Verify Home page greet message is visible
2024-11-27 12:27:52.260 [main] INFO  com.webMethodsUI.flow.pageObjects.common.LoginPage - Verify create project plus button is visible
2024-11-27 12:27:56.716 [main] INFO  com.webMethodsUI.flow.pageObjects.common.LoginPage - wait for loader not visible
2024-11-27 12:27:56.818 [main] INFO  com.webMethodsUI.flow.pageObjects.common.LoginPage - Fetching webelement at runtime //i[@class='delite-icon dlt-icon-profile']
2024-11-27 12:27:56.840 [main] INFO  com.webMethodsUI.flow.pageObjects.common.LoginPage - Click on profile
2024-11-27 12:27:57.148 [main] INFO  com.webMethodsUI.flow.pageObjects.common.LoginPage - Fetching webelement at runtime //span[normalize-space()='Settings']
2024-11-27 12:27:57.169 [main] INFO  com.webMethodsUI.flow.pageObjects.common.LoginPage - click on Settings
2024-11-27 12:27:57.477 [main] INFO  com.webMethodsUI.flow.pageObjects.common.LoginPage - wait for loader not visible
2024-11-27 12:27:57.732 [main] INFO  com.webMethodsUI.flow.pageObjects.common.LoginPage - Verify key or certificate table visible
2024-11-27 12:27:57.874 [main] INFO  com.webMethodsUI.flow.pageObjects.common.LoginPage - Click on runtime tab
2024-11-27 12:27:58.209 [main] INFO  com.webMethodsUI.flow.pageObjects.common.LoginPage - loader is not visble
2024-11-27 12:27:58.683 [main] INFO  com.webMethodsUI.flow.pageObjects.common.LoginPage - Click on new add button
2024-11-27 12:27:58.939 [main] INFO  com.webMethodsUI.flow.pageObjects.common.LoginPage - add new text visible
2024-11-27 12:27:59.042 [main] INFO  com.webMethodsUI.flow.pageObjects.common.LoginPage - Enter value for store name
2024-11-27 12:27:59.220 [main] INFO  com.webMethodsUI.flow.pageObjects.common.LoginPage - Click on next button
2024-11-27 12:28:01.506 [main] INFO  com.webMethodsUI.flow.pageObjects.common.LoginPage - Fetching webelement at runtime //h1[normalize-space()='ICRuntimeStore']
2024-11-27 12:28:01.706 [main] INFO  com.webMethodsUI.flow.pageObjects.common.LoginPage - Verify Store name visible
2024-11-27 12:28:01.815 [main] INFO  com.webMethodsUI.flow.pageObjects.common.LoginPage - No certificate for Key store visible
2024-11-27 12:28:02.913 [main] INFO  com.webMethodsUI.flow.pageObjects.common.LoginPage - No Certificate for trust store visible
2024-11-27 12:28:03.012 [main] INFO  com.webMethodsUI.flow.pageObjects.common.LoginPage - add button visible
2024-11-27 12:28:03.104 [main] INFO  com.webMethodsUI.flow.pageObjects.common.LoginPage - add button visible
2024-11-27 12:28:03.190 [main] INFO  com.webMethodsUI.flow.pageObjects.common.LoginPage - Verify info message for Identify
2024-11-27 12:28:03.280 [main] INFO  com.webMethodsUI.flow.pageObjects.common.LoginPage - verify info message for trust store
2024-11-27 12:28:03.411 [main] INFO  com.webMethodsUI.flow.pageObjects.common.LoginPage - Fetching webelement at runtime //div[@class='key-store store-pane']//span[@title='Copy password']
2024-11-27 12:28:03.429 [main] INFO  com.webMethodsUI.flow.pageObjects.common.LoginPage - click on copy docker command
2024-11-27 12:28:08.763 [main] INFO  com.webMethodsUI.flow.pageObjects.common.LoginPage - Fetching webelement at runtime //div[@class='trust-store store-pane']//span[@title='Copy password']
2024-11-27 12:28:08.782 [main] INFO  com.webMethodsUI.flow.pageObjects.common.LoginPage - click on copy password
2024-11-27 12:28:09.138 [main] INFO  com.webMethodsUI.flow.pageObjects.common.LoginPage - Fetching webelement at runtime //div[@class='key-store store-pane']//a[@class='dropdown-button certificate-button right secondary-btn small'][normalize-space()='+ Add']
2024-11-27 12:28:09.179 [main] INFO  com.webMethodsUI.flow.pageObjects.common.LoginPage - Click on add certificate button
2024-11-27 12:28:09.451 [main] INFO  com.webMethodsUI.flow.pageObjects.common.LoginPage - Fetching webelement at runtime //ul[@id='runtime-certificate-identity-store']//li//a[@href='javascript:;'][normalize-space()='Import Keystore']
2024-11-27 12:28:09.468 [main] INFO  com.webMethodsUI.flow.pageObjects.common.LoginPage - Verify import keystore is visible
2024-11-27 12:28:09.586 [main] INFO  com.webMethodsUI.flow.pageObjects.common.LoginPage - Fetching webelement at runtime //ul[@id='runtime-certificate-identity-store']//li//a[@href='javascript:;'][normalize-space()='Import Certificate']
2024-11-27 12:28:09.606 [main] INFO  com.webMethodsUI.flow.pageObjects.common.LoginPage - Verify import Certificate is visible
2024-11-27 12:28:09.722 [main] INFO  com.webMethodsUI.flow.pageObjects.common.LoginPage - Click on import certificate
2024-11-27 12:28:10.001 [main] INFO  com.webMethodsUI.flow.pageObjects.common.LoginPage - Fetching webelement at runtime //h1[normalize-space()='Import Keystore']
2024-11-27 12:28:10.017 [main] INFO  com.webMethodsUI.flow.pageObjects.common.LoginPage - Verify text is visble
2024-11-27 12:28:10.169 [main] INFO  com.webMethodsUI.flow.pageObjects.common.LoginPage - Fetching webelement at runtime //button[normalize-space()='Browse']
2024-11-27 12:28:14.408 [main] INFO  com.webMethodsUI.flow.pageObjects.common.LoginPage - Fetching webelement at runtime //input[@name='Passphrase']
2024-11-27 12:28:14.424 [main] INFO  com.webMethodsUI.flow.pageObjects.common.LoginPage - Enter the password
2024-11-27 12:28:14.597 [main] INFO  com.webMethodsUI.flow.pageObjects.common.LoginPage - Fetching webelement at runtime //button[normalize-space()='Next']
2024-11-27 12:28:14.610 [main] INFO  com.webMethodsUI.flow.pageObjects.common.LoginPage - Click on next button
2024-11-27 12:28:14.864 [main] INFO  com.webMethodsUI.flow.pageObjects.common.LoginPage - Fetching webelement at runtime //div[@class='alias-list-header']
2024-11-27 12:28:15.046 [main] INFO  com.webMethodsUI.flow.pageObjects.common.LoginPage - verify text is visible
2024-11-27 12:28:15.172 [main] INFO  com.webMethodsUI.flow.pageObjects.common.LoginPage - Fetching webelement at runtime //span[@class='parameters-value']
2024-11-27 12:28:15.187 [main] INFO  com.webMethodsUI.flow.pageObjects.common.LoginPage - Click on text to check the checkbox
2024-11-27 12:28:15.427 [main] INFO  com.webMethodsUI.flow.pageObjects.common.LoginPage - Fetching webelement at runtime //button[normalize-space()='Save']
2024-11-27 12:28:15.443 [main] INFO  com.webMethodsUI.flow.pageObjects.common.LoginPage - Click on save button
2024-11-27 12:28:15.701 [main] INFO  com.webMethodsUI.flow.pageObjects.common.LoginPage - Fetching webelement at runtime //span[normalize-space()='azstagetenant1.cc.az-us.webmethodscloud-stage.com']
2024-11-27 12:28:15.719 [main] INFO  com.webMethodsUI.flow.pageObjects.common.LoginPage - Verify certificate uploaded
2024-11-27 12:28:15.828 [main] INFO  com.webMethodsUI.flow.pageObjects.common.LoginPage - wait for loader
2024-11-27 12:28:16.188 [main] INFO  com.webMethodsUI.flow.pageObjects.common.LoginPage - Fetching webelement at runtime //i[@title='Delete certificate/store']
2024-11-27 12:28:16.205 [main] INFO  com.webMethodsUI.flow.pageObjects.common.LoginPage - Wait for Element visible
2024-11-27 12:28:16.343 [main] INFO  com.webMethodsUI.flow.pageObjects.common.LoginPage - Fetching webelement at runtime //div[@class='trust-store store-pane']//a[@class='dropdown-button certificate-button right secondary-btn small'][normalize-space()='+ Add']
2024-11-27 12:28:16.359 [main] INFO  com.webMethodsUI.flow.pageObjects.common.LoginPage - Click on add certificate button
2024-11-27 12:28:16.609 [main] INFO  com.webMethodsUI.flow.pageObjects.common.LoginPage - Fetching webelement at runtime //ul[@id='runtime-certificate-trust-store']//li//a[@href='javascript:;'][normalize-space()='Import Keystore']
2024-11-27 12:28:16.627 [main] INFO  com.webMethodsUI.flow.pageObjects.common.LoginPage - Verify import keystore is visible
2024-11-27 12:28:16.762 [main] INFO  com.webMethodsUI.flow.pageObjects.common.LoginPage - Fetching webelement at runtime //ul[@id='runtime-certificate-trust-store']//li//a[@href='javascript:;'][normalize-space()='Import Certificate']
2024-11-27 12:28:16.778 [main] INFO  com.webMethodsUI.flow.pageObjects.common.LoginPage - Verify import Certificate is visible
2024-11-27 12:28:16.894 [main] INFO  com.webMethodsUI.flow.pageObjects.common.LoginPage - Click on import certificate
2024-11-27 12:28:17.171 [main] INFO  com.webMethodsUI.flow.pageObjects.common.LoginPage - Fetching webelement at runtime //h1[normalize-space()='Import Truststore']
2024-11-27 12:28:17.187 [main] INFO  com.webMethodsUI.flow.pageObjects.common.LoginPage - Verify text is visble
2024-11-27 12:28:17.341 [main] INFO  com.webMethodsUI.flow.pageObjects.common.LoginPage - Fetching webelement at runtime //button[normalize-space()='Browse']
2024-11-27 12:28:21.433 [main] INFO  com.webMethodsUI.flow.pageObjects.common.LoginPage - Fetching webelement at runtime //input[@name='Passphrase']
2024-11-27 12:28:21.448 [main] INFO  com.webMethodsUI.flow.pageObjects.common.LoginPage - Enter the password
2024-11-27 12:28:21.608 [main] INFO  com.webMethodsUI.flow.pageObjects.common.LoginPage - Fetching webelement at runtime //button[normalize-space()='Save']
2024-11-27 12:28:21.619 [main] INFO  com.webMethodsUI.flow.pageObjects.common.LoginPage - Click on save button
2024-11-27 12:28:21.864 [main] INFO  com.webMethodsUI.flow.pageObjects.common.LoginPage - loader is not visible
2024-11-27 12:28:22.465 [main] INFO  com.webMethodsUI.flow.pageObjects.common.LoginPage - Fetching webelement at runtime //span[normalize-space()='is-aws2024']
2024-11-27 12:28:22.482 [main] INFO  com.webMethodsUI.flow.pageObjects.common.LoginPage - Verify certificate uploaded
2024-11-27 12:28:22.594 [main] INFO  com.webMethodsUI.flow.pageObjects.common.LoginPage - wait for loader
2024-11-27 12:28:22.708 [main] INFO  com.webMethodsUI.flow.pageObjects.common.LoginPage - Fetching webelement at runtime //i[@title='Delete certificate/store']
2024-11-27 12:28:22.722 [main] INFO  com.webMethodsUI.flow.pageObjects.common.LoginPage - Verify delete button visible
2024-11-27 12:28:22.822 [main] INFO  com.webMethodsUI.flow.pageObjects.common.LoginPage - Fetching webelement at runtime //button[normalize-space()='Done']
2024-11-27 12:28:22.839 [main] INFO  com.webMethodsUI.flow.pageObjects.common.LoginPage - Click on done button
2024-11-27 12:28:23.119 [main] INFO  com.webMethodsUI.flow.pageObjects.common.LoginPage - Fetching webelement at runtime //input[@id='ICRuntimeStore']/ancestor::div[@class='table-row runtimes-certificates-stores-row']//i[@title='Delete store']
2024-11-27 12:28:23.138 [main] INFO  com.webMethodsUI.flow.pageObjects.common.LoginPage - Click on delete button of Store
2024-11-27 12:28:23.409 [main] INFO  com.webMethodsUI.flow.pageObjects.common.LoginPage - Fetching webelement at runtime //h1[normalize-space()='Delete ICRuntimeStore']
2024-11-27 12:28:23.427 [main] INFO  com.webMethodsUI.flow.pageObjects.common.LoginPage - Verify delete confirm dialog visible
2024-11-27 12:28:23.521 [main] INFO  com.webMethodsUI.flow.pageObjects.common.LoginPage - Fetching webelement at runtime //button[normalize-space()='Yes']
2024-11-27 12:28:23.540 [main] INFO  com.webMethodsUI.flow.pageObjects.common.LoginPage - Click on yes to confirm delete runtime store
