2025-02-07 17:04:14.415 [main] INFO  com.webMethodsUI.flow.testbase.TestBase - ChromeDriver: chrome on windows (7166d18af94ddabf51a0d8ace1712921)
2025-02-07 17:04:14.420 [main] INFO  com.webMethodsUI.flow.testbase.TestBase - Initilize Web Driver: 254812619
2025-02-07 17:04:14.457 [main] INFO  com.webMethodsUI.flow.testbase.TestBase - Navigating to URLhttps://azsprotenant6.int-az-us.webmethods-spro.io/
2025-02-07 17:04:18.984 [main] INFO  com.webMethodsUI.flow.pageObjects.common.LoginPage - Verify username text field is visible
2025-02-07 17:04:49.833 [main] INFO  com.webMethodsUI.flow.pageObjects.common.LoginPage - Fetching webelement at runtime //div[@class='notification-message']
2025-02-07 17:05:20.035 [main] INFO  com.webMethodsUI.flow.pageObjects.common.LoginPage - Fetching webelement at runtime //i[@class='delite-icon dlt-icon-profile']
2025-02-07 17:05:27.621 [main] INFO  com.webMethodsUI.flow.pageObjects.common.LoginPage - Fetching webelement at runtime //span[@data-eventmap='metadata-AccountDetailsDropdown-{"settings"}']
2025-02-07 17:07:54.762 [main] INFO  com.webMethodsUI.flow.testbase.TestBase - ChromeDriver: chrome on windows (f271261050090b46d404b7496c91e7dc)
2025-02-07 17:07:54.766 [main] INFO  com.webMethodsUI.flow.testbase.TestBase - Initilize Web Driver: 1970707120
2025-02-07 17:07:54.792 [main] INFO  com.webMethodsUI.flow.testbase.TestBase - Navigating to URLhttps://azsprotenant6.int-az-us.webmethods-spro.io
2025-02-07 17:07:59.294 [main] INFO  com.webMethodsUI.flow.pageObjects.common.LoginPage - Verify username text field is visible
2025-02-07 17:08:08.320 [main] INFO  com.webMethodsUI.flow.pageObjects.common.LoginPage - Entering user Name: arti.spro6
2025-02-07 17:08:08.489 [main] INFO  com.webMethodsUI.flow.pageObjects.common.LoginPage - Entering Password: Artisprotenant6!
2025-02-07 17:08:10.689 [main] INFO  com.webMethodsUI.flow.pageObjects.common.LoginPage - Click on Login Button
2025-02-07 17:08:13.475 [main] INFO  com.webMethodsUI.flow.pageObjects.common.LoginPage - wait for page load
2025-02-07 17:08:13.615 [main] INFO  com.webMethodsUI.flow.pageObjects.common.LoginPage - wait for page load
2025-02-07 17:08:13.719 [main] INFO  com.webMethodsUI.flow.pageObjects.common.LoginPage - Verify Home page greet message is visible
2025-02-07 17:08:17.366 [main] INFO  com.webMethodsUI.flow.pageObjects.common.LoginPage - Verify create project plus button is visible
2025-02-07 17:08:17.868 [main] INFO  com.webMethodsUI.flow.pageObjects.common.LoginPage - Fetching webelement at runtime //div[@class='notification-message']
2025-02-07 17:08:18.044 [main] INFO  com.webMethodsUI.flow.pageObjects.common.LoginPage - Fetching webelement at runtime //i[@class='delite-icon dlt-icon-profile']
2025-02-07 17:08:18.196 [main] INFO  com.webMethodsUI.flow.pageObjects.common.LoginPage - Fetching webelement at runtime //span[@data-eventmap='metadata-AccountDetailsDropdown-{"settings"}']
2025-02-07 17:14:53.169 [main] INFO  com.webMethodsUI.flow.testbase.TestBase - ChromeDriver: chrome on windows (f79e9a6e1fa6f6f387a4757216f09169)
2025-02-07 17:14:53.172 [main] INFO  com.webMethodsUI.flow.testbase.TestBase - Initilize Web Driver: 1970707120
2025-02-07 17:14:53.195 [main] INFO  com.webMethodsUI.flow.testbase.TestBase - Navigating to URLhttps://azsprotenant6.int-az-us.webmethods-spro.io
2025-02-07 17:14:57.847 [main] INFO  com.webMethodsUI.flow.pageObjects.common.LoginPage - Verify username text field is visible
2025-02-07 17:15:05.990 [main] INFO  com.webMethodsUI.flow.pageObjects.common.LoginPage - Entering user Name: arti.spro6
2025-02-07 17:15:06.177 [main] INFO  com.webMethodsUI.flow.pageObjects.common.LoginPage - Entering Password: Artisprotenant6!
2025-02-07 17:15:08.402 [main] INFO  com.webMethodsUI.flow.pageObjects.common.LoginPage - Click on Login Button
2025-02-07 17:15:13.059 [main] INFO  com.webMethodsUI.flow.pageObjects.common.LoginPage - wait for page load
2025-02-07 17:15:13.229 [main] INFO  com.webMethodsUI.flow.pageObjects.common.LoginPage - wait for page load
2025-02-07 17:15:13.368 [main] INFO  com.webMethodsUI.flow.pageObjects.common.LoginPage - Verify Home page greet message is visible
2025-02-07 17:15:16.673 [main] INFO  com.webMethodsUI.flow.pageObjects.common.LoginPage - Verify create project plus button is visible
2025-02-07 17:15:17.153 [main] INFO  com.webMethodsUI.flow.pageObjects.common.LoginPage - Fetching webelement at runtime //div[@class='notification-message']
2025-02-07 17:15:17.379 [main] INFO  com.webMethodsUI.flow.pageObjects.common.LoginPage - Fetching webelement at runtime UserProfile
2025-02-07 17:15:47.521 [main] INFO  com.webMethodsUI.flow.pageObjects.common.LoginPage - Fetching webelement at runtime //span[@data-eventmap='metadata-AccountDetailsDropdown-{"settings"}']
2025-02-07 17:21:03.196 [main] INFO  com.webMethodsUI.flow.testbase.TestBase - ChromeDriver: chrome on windows (11468c6cd1a56b3b72f73a4cc594bb60)
2025-02-07 17:21:03.199 [main] INFO  com.webMethodsUI.flow.testbase.TestBase - Initilize Web Driver: 1970707120
2025-02-07 17:21:03.223 [main] INFO  com.webMethodsUI.flow.testbase.TestBase - Navigating to URLhttps://azsprotenant6.int-az-us.webmethods-spro.io
2025-02-07 17:21:11.592 [main] INFO  com.webMethodsUI.flow.pageObjects.common.LoginPage - Verify username text field is visible
2025-02-07 17:21:22.634 [main] INFO  com.webMethodsUI.flow.pageObjects.common.LoginPage - Entering user Name: arti.spro6
2025-02-07 17:21:22.872 [main] INFO  com.webMethodsUI.flow.pageObjects.common.LoginPage - Entering Password: Artisprotenant6!
2025-02-07 17:21:25.142 [main] INFO  com.webMethodsUI.flow.pageObjects.common.LoginPage - Click on Login Button
2025-02-07 17:21:27.760 [main] INFO  com.webMethodsUI.flow.pageObjects.common.LoginPage - wait for page load
2025-02-07 17:21:27.871 [main] INFO  com.webMethodsUI.flow.pageObjects.common.LoginPage - wait for page load
2025-02-07 17:21:27.987 [main] INFO  com.webMethodsUI.flow.pageObjects.common.LoginPage - Verify Home page greet message is visible
2025-02-07 17:21:31.285 [main] INFO  com.webMethodsUI.flow.pageObjects.common.LoginPage - Verify create project plus button is visible
2025-02-07 17:21:32.728 [main] INFO  com.webMethodsUI.flow.pageObjects.common.LoginPage - Fetching webelement at runtime //div[@class='notification-message']
2025-02-07 17:21:32.890 [main] INFO  com.webMethodsUI.flow.pageObjects.common.LoginPage - Fetching webelement at runtime //i[@class='delite-icon dlt-icon-profile']
2025-02-07 17:21:33.036 [main] INFO  com.webMethodsUI.flow.pageObjects.common.LoginPage - Fetching webelement at runtime //span[@data-eventmap='metadata-AccountDetailsDropdown-{"settings"}']
2025-02-07 17:50:35.006 [main] INFO  com.webMethodsUI.flow.testbase.TestBase - ChromeDriver: chrome on windows (66d9f290d16eda9057b5b46dd8704961)
2025-02-07 17:50:35.011 [main] INFO  com.webMethodsUI.flow.testbase.TestBase - Initilize Web Driver: 2076627578
2025-02-07 17:50:35.047 [main] INFO  com.webMethodsUI.flow.testbase.TestBase - Navigating to URLhttps://azsprotenant6.int-az-us.webmethods-spro.io
2025-02-07 17:50:43.347 [main] INFO  com.webMethodsUI.flow.pageObjects.common.LoginPage - Verify username text field is visible
2025-02-07 17:50:52.680 [main] INFO  com.webMethodsUI.flow.pageObjects.common.LoginPage - Entering user Name: arti.spro6
2025-02-07 17:50:52.868 [main] INFO  com.webMethodsUI.flow.pageObjects.common.LoginPage - Entering Password: Artisprotenant6!
2025-02-07 17:50:55.163 [main] INFO  com.webMethodsUI.flow.pageObjects.common.LoginPage - Click on Login Button
2025-02-07 17:50:58.339 [main] INFO  com.webMethodsUI.flow.pageObjects.common.LoginPage - wait for page load
2025-02-07 17:50:58.458 [main] INFO  com.webMethodsUI.flow.pageObjects.common.LoginPage - wait for page load
2025-02-07 17:50:58.568 [main] INFO  com.webMethodsUI.flow.pageObjects.common.LoginPage - Verify Home page greet message is visible
2025-02-07 17:51:02.268 [main] INFO  com.webMethodsUI.flow.pageObjects.common.LoginPage - Verify create project plus button is visible
2025-02-07 17:51:02.850 [main] INFO  com.webMethodsUI.flow.pageObjects.common.LoginPage - Fetching webelement at runtime //span[@data-eventmap='metadata-AccountDetailsDropdown-{"settings"}']
2025-02-07 18:25:19.215 [main] INFO  com.webMethodsUI.flow.testbase.TestBase - ChromeDriver: chrome on windows (8e2377d835523a24259bdc7037cecf56)
2025-02-07 18:25:19.221 [main] INFO  com.webMethodsUI.flow.testbase.TestBase - Initilize Web Driver: 2076627578
2025-02-07 18:25:19.256 [main] INFO  com.webMethodsUI.flow.testbase.TestBase - Navigating to URLhttps://azsprotenant6.int-az-us.webmethods-spro.io
2025-02-07 18:25:22.306 [main] INFO  com.webMethodsUI.flow.pageObjects.common.LoginPage - Verify username text field is visible
2025-02-07 18:25:31.013 [main] INFO  com.webMethodsUI.flow.pageObjects.common.LoginPage - Entering user Name: arti.spro6
2025-02-07 18:25:31.173 [main] INFO  com.webMethodsUI.flow.pageObjects.common.LoginPage - Entering Password: Artisprotenant6!
2025-02-07 18:25:33.375 [main] INFO  com.webMethodsUI.flow.pageObjects.common.LoginPage - Click on Login Button
2025-02-07 18:25:36.287 [main] INFO  com.webMethodsUI.flow.pageObjects.common.LoginPage - wait for page load
2025-02-07 18:25:36.428 [main] INFO  com.webMethodsUI.flow.pageObjects.common.LoginPage - wait for page load
2025-02-07 18:25:36.554 [main] INFO  com.webMethodsUI.flow.pageObjects.common.LoginPage - Verify Home page greet message is visible
2025-02-07 18:25:40.513 [main] INFO  com.webMethodsUI.flow.pageObjects.common.LoginPage - Verify create project plus button is visible
2025-02-07 18:25:41.110 [main] INFO  com.webMethodsUI.flow.pageObjects.common.LoginPage - Fetching webelement at runtime //span[@data-eventmap='metadata-AccountDetailsDropdown-{"settings"}']
2025-02-07 18:33:35.484 [main] INFO  com.webMethodsUI.flow.testbase.TestBase - ChromeDriver: chrome on windows (e47f41c23a5b5a59cb9fd653b6918055)
2025-02-07 18:33:35.488 [main] INFO  com.webMethodsUI.flow.testbase.TestBase - Initilize Web Driver: 100703210
2025-02-07 18:33:35.517 [main] INFO  com.webMethodsUI.flow.testbase.TestBase - Navigating to URLhttps://azsprotenant6.int-az-us.webmethods-spro.io
2025-02-07 18:33:40.842 [main] INFO  com.webMethodsUI.flow.pageObjects.common.LoginPage - Verify username text field is visible
2025-02-07 18:33:50.450 [main] INFO  com.webMethodsUI.flow.pageObjects.common.LoginPage - Entering user Name: arti.spro6
2025-02-07 18:33:50.652 [main] INFO  com.webMethodsUI.flow.pageObjects.common.LoginPage - Entering Password: Artisprotenant6!
2025-02-07 18:33:52.917 [main] INFO  com.webMethodsUI.flow.pageObjects.common.LoginPage - Click on Login Button
2025-02-07 18:33:56.027 [main] INFO  com.webMethodsUI.flow.pageObjects.common.LoginPage - wait for page load
2025-02-07 18:33:56.147 [main] INFO  com.webMethodsUI.flow.pageObjects.common.LoginPage - wait for page load
2025-02-07 18:33:56.256 [main] INFO  com.webMethodsUI.flow.pageObjects.common.LoginPage - Verify Home page greet message is visible
2025-02-07 18:33:59.798 [main] INFO  com.webMethodsUI.flow.pageObjects.common.LoginPage - Verify create project plus button is visible
2025-02-07 18:34:02.138 [main] INFO  com.webMethodsUI.flow.pageObjects.common.LoginPage - waiting for element to be visible..
2025-02-07 18:36:21.664 [main] INFO  com.webMethodsUI.flow.testbase.TestBase - ChromeDriver: chrome on windows (a5a0e699c814a7f39645cc016792f954)
2025-02-07 18:36:21.668 [main] INFO  com.webMethodsUI.flow.testbase.TestBase - Initilize Web Driver: 100703210
2025-02-07 18:36:21.693 [main] INFO  com.webMethodsUI.flow.testbase.TestBase - Navigating to URLhttps://azsprotenant6.int-az-us.webmethods-spro.io
2025-02-07 18:36:23.536 [main] INFO  com.webMethodsUI.flow.pageObjects.common.LoginPage - Verify username text field is visible
2025-02-07 18:36:31.671 [main] INFO  com.webMethodsUI.flow.pageObjects.common.LoginPage - Entering user Name: arti.spro6
2025-02-07 18:36:31.868 [main] INFO  com.webMethodsUI.flow.pageObjects.common.LoginPage - Entering Password: Artisprotenant6!
2025-02-07 18:36:34.115 [main] INFO  com.webMethodsUI.flow.pageObjects.common.LoginPage - Click on Login Button
2025-02-07 18:36:38.701 [main] INFO  com.webMethodsUI.flow.pageObjects.common.LoginPage - wait for page load
2025-02-07 18:36:38.860 [main] INFO  com.webMethodsUI.flow.pageObjects.common.LoginPage - wait for page load
2025-02-07 18:36:39.001 [main] INFO  com.webMethodsUI.flow.pageObjects.common.LoginPage - Verify Home page greet message is visible
2025-02-07 18:36:42.999 [main] INFO  com.webMethodsUI.flow.pageObjects.common.LoginPage - Verify create project plus button is visible
2025-02-07 18:36:46.167 [main] INFO  com.webMethodsUI.flow.pageObjects.common.LoginPage - waiting for element to be visible..
2025-02-07 18:38:25.287 [main] INFO  com.webMethodsUI.flow.testbase.TestBase - ChromeDriver: chrome on windows (caef8155186dca05dc67fcad1dcd17f2)
2025-02-07 18:38:25.293 [main] INFO  com.webMethodsUI.flow.testbase.TestBase - Initilize Web Driver: 100703210
2025-02-07 18:38:25.334 [main] INFO  com.webMethodsUI.flow.testbase.TestBase - Navigating to URLhttps://azsprotenant6.int-az-us.webmethods-spro.io
2025-02-07 18:38:30.064 [main] INFO  com.webMethodsUI.flow.pageObjects.common.LoginPage - Verify username text field is visible
2025-02-07 18:38:40.878 [main] INFO  com.webMethodsUI.flow.pageObjects.common.LoginPage - Entering user Name: arti.spro6
2025-02-07 18:38:41.069 [main] INFO  com.webMethodsUI.flow.pageObjects.common.LoginPage - Entering Password: Artisprotenant6!
2025-02-07 18:38:43.342 [main] INFO  com.webMethodsUI.flow.pageObjects.common.LoginPage - Click on Login Button
2025-02-07 18:38:46.877 [main] INFO  com.webMethodsUI.flow.pageObjects.common.LoginPage - wait for page load
2025-02-07 18:38:47.075 [main] INFO  com.webMethodsUI.flow.pageObjects.common.LoginPage - wait for page load
2025-02-07 18:38:47.239 [main] INFO  com.webMethodsUI.flow.pageObjects.common.LoginPage - Verify Home page greet message is visible
2025-02-07 18:38:51.722 [main] INFO  com.webMethodsUI.flow.pageObjects.common.LoginPage - Verify create project plus button is visible
2025-02-07 18:38:54.228 [main] INFO  com.webMethodsUI.flow.pageObjects.common.LoginPage - waiting for element to be visible..
2025-02-07 18:49:10.905 [main] INFO  com.webMethodsUI.flow.testbase.TestBase - ChromeDriver: chrome on windows (e23abda1de1551035ae6111754ea5201)
2025-02-07 18:49:10.908 [main] INFO  com.webMethodsUI.flow.testbase.TestBase - Initilize Web Driver: 100703210
2025-02-07 18:49:10.932 [main] INFO  com.webMethodsUI.flow.testbase.TestBase - Navigating to URLhttps://azsprotenant6.int-az-us.webmethods-spro.io
2025-02-07 18:49:19.263 [main] INFO  com.webMethodsUI.flow.pageObjects.common.LoginPage - Verify username text field is visible
2025-02-07 18:49:30.984 [main] INFO  com.webMethodsUI.flow.pageObjects.common.LoginPage - Entering user Name: arti.spro6
2025-02-07 18:49:31.158 [main] INFO  com.webMethodsUI.flow.pageObjects.common.LoginPage - Entering Password: Artisprotenant6!
2025-02-07 18:49:33.354 [main] INFO  com.webMethodsUI.flow.pageObjects.common.LoginPage - Click on Login Button
2025-02-07 18:49:36.466 [main] INFO  com.webMethodsUI.flow.pageObjects.common.LoginPage - wait for page load
2025-02-07 18:49:36.587 [main] INFO  com.webMethodsUI.flow.pageObjects.common.LoginPage - wait for page load
2025-02-07 18:49:36.711 [main] INFO  com.webMethodsUI.flow.pageObjects.common.LoginPage - Verify Home page greet message is visible
2025-02-07 18:49:40.083 [main] INFO  com.webMethodsUI.flow.pageObjects.common.LoginPage - Verify create project plus button is visible
2025-02-07 18:49:42.130 [main] INFO  com.webMethodsUI.flow.pageObjects.common.LoginPage - click on User profile..
2025-02-07 18:53:54.554 [main] INFO  com.webMethodsUI.flow.testbase.TestBase - ChromeDriver: chrome on windows (6bfbe5abd47655e80b721b5566553144)
2025-02-07 18:53:54.557 [main] INFO  com.webMethodsUI.flow.testbase.TestBase - Initilize Web Driver: 100703210
2025-02-07 18:53:56.037 [main] INFO  com.webMethodsUI.flow.pageObjects.common.LoginPage - click on User profile..
2025-02-07 18:54:27.199 [main] INFO  com.webMethodsUI.flow.testbase.TestBase - Navigating to URLhttps://azsprotenant6.int-az-us.webmethods-spro.io
2025-02-07 18:54:30.946 [main] INFO  com.webMethodsUI.flow.pageObjects.common.LoginPage - Verify username text field is visible
2025-02-07 18:54:38.376 [main] INFO  com.webMethodsUI.flow.pageObjects.common.LoginPage - Entering user Name: arti.spro6
2025-02-07 18:54:38.545 [main] INFO  com.webMethodsUI.flow.pageObjects.common.LoginPage - Entering Password: Artisprotenant6!
2025-02-07 18:54:40.715 [main] INFO  com.webMethodsUI.flow.pageObjects.common.LoginPage - Click on Login Button
2025-02-07 18:54:43.936 [main] INFO  com.webMethodsUI.flow.pageObjects.common.LoginPage - wait for page load
2025-02-07 18:54:44.058 [main] INFO  com.webMethodsUI.flow.pageObjects.common.LoginPage - wait for page load
2025-02-07 18:54:44.171 [main] INFO  com.webMethodsUI.flow.pageObjects.common.LoginPage - Verify Home page greet message is visible
2025-02-07 18:54:47.490 [main] INFO  com.webMethodsUI.flow.pageObjects.common.LoginPage - Verify create project plus button is visible
2025-02-07 18:56:36.669 [main] INFO  com.webMethodsUI.flow.testbase.TestBase - ChromeDriver: chrome on windows (bf5476685b4b7f41772eac4668fd26b5)
2025-02-07 18:56:36.673 [main] INFO  com.webMethodsUI.flow.testbase.TestBase - Initilize Web Driver: 179233442
2025-02-07 18:56:36.697 [main] INFO  com.webMethodsUI.flow.testbase.TestBase - Navigating to URLhttps://azsprotenant6.int-az-us.webmethods-spro.io
2025-02-07 18:56:41.264 [main] INFO  com.webMethodsUI.flow.pageObjects.common.LoginPage - Verify username text field is visible
2025-02-07 18:56:47.938 [main] INFO  com.webMethodsUI.flow.pageObjects.common.LoginPage - Entering user Name: arti.spro6
2025-02-07 18:56:48.114 [main] INFO  com.webMethodsUI.flow.pageObjects.common.LoginPage - Entering Password: Artisprotenant6!
2025-02-07 18:56:50.306 [main] INFO  com.webMethodsUI.flow.pageObjects.common.LoginPage - Click on Login Button
2025-02-07 18:56:53.391 [main] INFO  com.webMethodsUI.flow.pageObjects.common.LoginPage - wait for page load
2025-02-07 18:56:53.546 [main] INFO  com.webMethodsUI.flow.pageObjects.common.LoginPage - wait for page load
2025-02-07 18:56:53.677 [main] INFO  com.webMethodsUI.flow.pageObjects.common.LoginPage - Verify Home page greet message is visible
2025-02-07 18:56:57.333 [main] INFO  com.webMethodsUI.flow.pageObjects.common.LoginPage - Verify create project plus button is visible
2025-02-07 18:58:53.763 [main] INFO  com.webMethodsUI.flow.testbase.TestBase - ChromeDriver: chrome on windows (088f496efd9302139eceb649e4357723)
2025-02-07 18:58:53.768 [main] INFO  com.webMethodsUI.flow.testbase.TestBase - Initilize Web Driver: 179233442
2025-02-07 18:58:53.799 [main] INFO  com.webMethodsUI.flow.testbase.TestBase - Navigating to URLhttps://azsprotenant6.int-az-us.webmethods-spro.io
2025-02-07 18:58:58.483 [main] INFO  com.webMethodsUI.flow.pageObjects.common.LoginPage - Verify username text field is visible
2025-02-07 18:59:09.010 [main] INFO  com.webMethodsUI.flow.pageObjects.common.LoginPage - Entering user Name: arti.spro6
2025-02-07 18:59:09.167 [main] INFO  com.webMethodsUI.flow.pageObjects.common.LoginPage - Entering Password: Artisprotenant6!
2025-02-07 18:59:11.356 [main] INFO  com.webMethodsUI.flow.pageObjects.common.LoginPage - Click on Login Button
2025-02-07 18:59:14.776 [main] INFO  com.webMethodsUI.flow.pageObjects.common.LoginPage - wait for page load
2025-02-07 18:59:14.907 [main] INFO  com.webMethodsUI.flow.pageObjects.common.LoginPage - wait for page load
2025-02-07 18:59:15.009 [main] INFO  com.webMethodsUI.flow.pageObjects.common.LoginPage - Verify Home page greet message is visible
2025-02-07 18:59:18.761 [main] INFO  com.webMethodsUI.flow.pageObjects.common.LoginPage - Verify create project plus button is visible
2025-02-07 19:01:46.207 [main] INFO  com.webMethodsUI.flow.testbase.TestBase - ChromeDriver: chrome on windows (2222a74e39d46ad38445d0817ac1deff)
2025-02-07 19:01:46.211 [main] INFO  com.webMethodsUI.flow.testbase.TestBase - Initilize Web Driver: 179233442
2025-02-07 19:01:46.238 [main] INFO  com.webMethodsUI.flow.testbase.TestBase - Navigating to URLhttps://azsprotenant6.int-az-us.webmethods-spro.io
2025-02-07 19:01:50.787 [main] INFO  com.webMethodsUI.flow.pageObjects.common.LoginPage - Verify username text field is visible
2025-02-07 19:01:58.881 [main] INFO  com.webMethodsUI.flow.pageObjects.common.LoginPage - Entering user Name: arti.spro6
2025-02-07 19:01:59.041 [main] INFO  com.webMethodsUI.flow.pageObjects.common.LoginPage - Entering Password: Artisprotenant6!
2025-02-07 19:02:01.236 [main] INFO  com.webMethodsUI.flow.pageObjects.common.LoginPage - Click on Login Button
2025-02-07 19:02:04.547 [main] INFO  com.webMethodsUI.flow.pageObjects.common.LoginPage - wait for page load
2025-02-07 19:02:04.685 [main] INFO  com.webMethodsUI.flow.pageObjects.common.LoginPage - wait for page load
2025-02-07 19:02:04.814 [main] INFO  com.webMethodsUI.flow.pageObjects.common.LoginPage - Verify Home page greet message is visible
2025-02-07 19:02:08.297 [main] INFO  com.webMethodsUI.flow.pageObjects.common.LoginPage - Verify create project plus button is visible
2025-02-07 19:06:47.378 [main] INFO  com.webMethodsUI.flow.testbase.TestBase - ChromeDriver: chrome on windows (296e956b6d69a956472fdecf8adbe048)
2025-02-07 19:06:47.381 [main] INFO  com.webMethodsUI.flow.testbase.TestBase - Initilize Web Driver: 2076627578
2025-02-07 19:06:47.405 [main] INFO  com.webMethodsUI.flow.testbase.TestBase - Navigating to URLhttps://azsprotenant6.int-az-us.webmethods-spro.io
2025-02-07 19:06:52.732 [main] INFO  com.webMethodsUI.flow.pageObjects.common.LoginPage - Verify username text field is visible
2025-02-07 19:07:05.617 [main] INFO  com.webMethodsUI.flow.pageObjects.common.LoginPage - Entering user Name: arti.spro6
2025-02-07 19:07:05.803 [main] INFO  com.webMethodsUI.flow.pageObjects.common.LoginPage - Entering Password: Artisprotenant6!
2025-02-07 19:07:08.035 [main] INFO  com.webMethodsUI.flow.pageObjects.common.LoginPage - Click on Login Button
2025-02-07 19:07:11.251 [main] INFO  com.webMethodsUI.flow.pageObjects.common.LoginPage - wait for page load
2025-02-07 19:07:11.355 [main] INFO  com.webMethodsUI.flow.pageObjects.common.LoginPage - wait for page load
2025-02-07 19:07:11.474 [main] INFO  com.webMethodsUI.flow.pageObjects.common.LoginPage - Verify Home page greet message is visible
2025-02-07 19:07:14.887 [main] INFO  com.webMethodsUI.flow.pageObjects.common.LoginPage - Verify create project plus button is visible
2025-02-07 19:07:16.869 [main] INFO  com.webMethodsUI.flow.pageObjects.common.LoginPage - click on User profile..
2025-02-07 19:09:29.096 [main] INFO  com.webMethodsUI.flow.testbase.TestBase - ChromeDriver: chrome on windows (17ea2d0336d40b967288533dc02e9c8e)
2025-02-07 19:09:29.100 [main] INFO  com.webMethodsUI.flow.testbase.TestBase - Initilize Web Driver: 100703210
2025-02-07 19:09:29.126 [main] INFO  com.webMethodsUI.flow.testbase.TestBase - Navigating to URLhttps://azsprotenant6.int-az-us.webmethods-spro.io
2025-02-07 19:09:33.867 [main] INFO  com.webMethodsUI.flow.pageObjects.common.LoginPage - Verify username text field is visible
2025-02-07 19:09:44.916 [main] INFO  com.webMethodsUI.flow.pageObjects.common.LoginPage - Entering user Name: arti.spro6
2025-02-07 19:09:45.104 [main] INFO  com.webMethodsUI.flow.pageObjects.common.LoginPage - Entering Password: Artisprotenant6!
2025-02-07 19:09:47.314 [main] INFO  com.webMethodsUI.flow.pageObjects.common.LoginPage - Click on Login Button
2025-02-07 19:09:50.725 [main] INFO  com.webMethodsUI.flow.pageObjects.common.LoginPage - wait for page load
2025-02-07 19:09:50.845 [main] INFO  com.webMethodsUI.flow.pageObjects.common.LoginPage - wait for page load
2025-02-07 19:09:50.958 [main] INFO  com.webMethodsUI.flow.pageObjects.common.LoginPage - Verify Home page greet message is visible
2025-02-07 19:09:54.446 [main] INFO  com.webMethodsUI.flow.pageObjects.common.LoginPage - Verify create project plus button is visible
