2024-11-21 14:25:37.891 [main] INFO  com.webMethodsUI.flow.testbase.TestBase - ChromeDriver: chrome on windows (3ddf3da5c25ff313138ea18a73f08537)
2024-11-21 14:25:37.897 [main] INFO  com.webMethodsUI.flow.testbase.TestBase - Initilize Web Driver: 999334666
2024-11-21 14:25:37.945 [main] INFO  com.webMethodsUI.flow.testbase.TestBase - Navigating to URLhttps://azsprotenant6.int-az-us.webmethods-spro.io/
2024-11-21 14:25:39.452 [main] INFO  com.webMethodsUI.flow.pageObjects.common.LoginPage - Verify username text field is visible
2024-11-21 14:25:56.595 [main] INFO  com.webMethodsUI.flow.pageObjects.common.LoginPage - Entering user Name: admin
2024-11-21 14:25:56.790 [main] INFO  com.webMethodsUI.flow.pageObjects.common.LoginPage - Entering Password: FMS2HdMkTDTHS_TS
2024-11-21 14:25:59.124 [main] INFO  com.webMethodsUI.flow.pageObjects.common.LoginPage - Click on Login Button
2024-11-21 14:26:01.814 [main] INFO  com.webMethodsUI.flow.pageObjects.common.LoginPage - wait for page load
2024-11-21 14:26:02.012 [main] INFO  com.webMethodsUI.flow.pageObjects.common.LoginPage - wait for page load
2024-11-21 14:26:02.197 [main] INFO  com.webMethodsUI.flow.pageObjects.common.LoginPage - Verify Home page greet message is visible
2024-11-21 14:26:05.355 [main] INFO  com.webMethodsUI.flow.pageObjects.common.LoginPage - Verify create project plus button is visible
2024-11-21 14:26:06.218 [main] INFO  com.webMethodsUI.flow.pageObjects.common.LoginPage - wait for loader not visible
2024-11-21 14:26:06.405 [main] INFO  com.webMethodsUI.flow.pageObjects.common.LoginPage - Fetching webelement at runtime //i[@class='delite-icon dlt-icon-profile']
2024-11-21 14:26:06.453 [main] INFO  com.webMethodsUI.flow.pageObjects.common.LoginPage - Click on profile
2024-11-21 14:26:06.911 [main] INFO  com.webMethodsUI.flow.pageObjects.common.LoginPage - Fetching webelement at runtime //span[normalize-space()='Settings']
2024-11-21 14:26:06.947 [main] INFO  com.webMethodsUI.flow.pageObjects.common.LoginPage - click on Settings
2024-11-21 14:26:07.336 [main] INFO  com.webMethodsUI.flow.pageObjects.common.LoginPage - wait for loader not visible
2024-11-21 14:26:07.624 [main] INFO  com.webMethodsUI.flow.pageObjects.common.LoginPage - Verify key or certificate table visible
2024-11-21 14:26:07.841 [main] INFO  com.webMethodsUI.flow.pageObjects.common.LoginPage - Click on runtime tab
2024-11-21 14:26:08.278 [main] INFO  com.webMethodsUI.flow.pageObjects.common.LoginPage - loader is not visble
2024-11-21 14:26:08.597 [main] INFO  com.webMethodsUI.flow.pageObjects.common.LoginPage - Click on new add button
2024-11-21 14:26:08.973 [main] INFO  com.webMethodsUI.flow.pageObjects.common.LoginPage - add new text visible
2024-11-21 14:26:09.184 [main] INFO  com.webMethodsUI.flow.pageObjects.common.LoginPage - Enter value for store name
2024-11-21 14:26:09.541 [main] INFO  com.webMethodsUI.flow.pageObjects.common.LoginPage - Click on next button
2024-11-21 14:26:12.098 [main] INFO  com.webMethodsUI.flow.pageObjects.common.LoginPage - Fetching webelement at runtime //h1[normalize-space()='ICRuntimeStore']
2024-11-21 14:26:12.169 [main] INFO  com.webMethodsUI.flow.pageObjects.common.LoginPage - Verify Store name visible
2024-11-21 14:26:12.377 [main] INFO  com.webMethodsUI.flow.pageObjects.common.LoginPage - No certificate for Key store visible
2024-11-21 14:26:12.569 [main] INFO  com.webMethodsUI.flow.pageObjects.common.LoginPage - No Certificate for trust store visible
2024-11-21 14:26:12.812 [main] INFO  com.webMethodsUI.flow.pageObjects.common.LoginPage - add button visible
2024-11-21 14:26:12.989 [main] INFO  com.webMethodsUI.flow.pageObjects.common.LoginPage - add button visible
2024-11-21 14:26:13.144 [main] INFO  com.webMethodsUI.flow.pageObjects.common.LoginPage - Verify info message for Identify
2024-11-21 14:26:13.364 [main] INFO  com.webMethodsUI.flow.pageObjects.common.LoginPage - verify info message for trust store
2024-11-21 14:26:13.598 [main] INFO  com.webMethodsUI.flow.pageObjects.common.LoginPage - Fetching webelement at runtime //div[@class='key-store store-pane']//span[@title='Copy password']
2024-11-21 14:26:13.642 [main] INFO  com.webMethodsUI.flow.pageObjects.common.LoginPage - click on copy docker command
2024-11-21 14:26:14.353 [main] INFO  com.webMethodsUI.flow.pageObjects.common.LoginPage - Fetching webelement at runtime //div[@class='trust-store store-pane']//span[@title='Copy password']
2024-11-21 14:26:14.385 [main] INFO  com.webMethodsUI.flow.pageObjects.common.LoginPage - click on copy password
2024-11-21 14:26:14.933 [main] INFO  com.webMethodsUI.flow.pageObjects.common.LoginPage - Fetching webelement at runtime //div[@class='key-store store-pane']//a[@class='dropdown-button certificate-button right secondary-btn small'][normalize-space()='+ Add']
2024-11-21 14:26:14.968 [main] INFO  com.webMethodsUI.flow.pageObjects.common.LoginPage - Click on add certificate button
2024-11-21 14:26:15.353 [main] INFO  com.webMethodsUI.flow.pageObjects.common.LoginPage - Fetching webelement at runtime //ul[@id='runtime-certificate-identity-store']//li//a[@href='javascript:;'][normalize-space()='Import Keystore']
2024-11-21 14:26:15.389 [main] INFO  com.webMethodsUI.flow.pageObjects.common.LoginPage - Verify import keystore is visible
2024-11-21 14:26:15.554 [main] INFO  com.webMethodsUI.flow.pageObjects.common.LoginPage - Fetching webelement at runtime //ul[@id='runtime-certificate-identity-store']//li//a[@href='javascript:;'][normalize-space()='Import Certificate']
2024-11-21 14:26:15.599 [main] INFO  com.webMethodsUI.flow.pageObjects.common.LoginPage - Verify import Certificate is visible
2024-11-21 14:26:15.765 [main] INFO  com.webMethodsUI.flow.pageObjects.common.LoginPage - Click on import certificate
2024-11-21 14:26:16.211 [main] INFO  com.webMethodsUI.flow.pageObjects.common.LoginPage - Fetching webelement at runtime //h1[normalize-space()='Import Keystore']
2024-11-21 14:26:16.253 [main] INFO  com.webMethodsUI.flow.pageObjects.common.LoginPage - Verify text is visble
2024-11-21 14:26:16.421 [main] INFO  com.webMethodsUI.flow.pageObjects.common.LoginPage - Fetching webelement at runtime //button[normalize-space()='Browse']
2024-11-21 14:26:16.606 [main] INFO  com.webMethodsUI.flow.pageObjects.common.LoginPage - Fetching webelement at runtime //input[@name='Passphrase']
2024-11-21 14:26:16.642 [main] INFO  com.webMethodsUI.flow.pageObjects.common.LoginPage - Enter the password
2024-11-21 14:26:16.910 [main] INFO  com.webMethodsUI.flow.pageObjects.common.LoginPage - Fetching webelement at runtime //button[normalize-space()='Next']
2024-11-21 14:26:16.943 [main] INFO  com.webMethodsUI.flow.pageObjects.common.LoginPage - Click on next button
2024-11-21 14:26:47.420 [main] INFO  com.webMethodsUI.flow.pageObjects.common.LoginPage - Fetching webelement at runtime //div[@class='trust-store store-pane']//a[@class='dropdown-button certificate-button right secondary-btn small'][normalize-space()='+ Add']
2024-11-21 14:26:47.462 [main] INFO  com.webMethodsUI.flow.pageObjects.common.LoginPage - Click on add certificate button
2024-11-21 14:26:47.823 [main] INFO  com.webMethodsUI.flow.pageObjects.common.LoginPage - Fetching webelement at runtime //ul[@id='runtime-certificate-trust-store']//li//a[@href='javascript:;'][normalize-space()='Import Keystore']
2024-11-21 14:27:18.400 [main] INFO  com.webMethodsUI.flow.pageObjects.common.LoginPage - Fetching webelement at runtime //input[@id='ICRuntimeStore']/ancestor::div[@class='table-row runtimes-certificates-stores-row']//i[@title='Delete store']
2024-11-21 14:27:18.434 [main] INFO  com.webMethodsUI.flow.pageObjects.common.LoginPage - Click on delete button of Store
2024-11-21 14:27:18.790 [main] INFO  com.webMethodsUI.flow.pageObjects.common.LoginPage - Fetching webelement at runtime //h1[normalize-space()='Delete ICRuntimeStore']
2024-11-21 14:32:10.011 [main] INFO  com.webMethodsUI.flow.testbase.TestBase - ChromeDriver: chrome on windows (3d3f34d8358276421ebc6568842f806c)
2024-11-21 14:32:10.015 [main] INFO  com.webMethodsUI.flow.testbase.TestBase - Initilize Web Driver: 999334666
2024-11-21 14:32:10.046 [main] INFO  com.webMethodsUI.flow.testbase.TestBase - Navigating to URLhttps://azsprotenant6.int-az-us.webmethods-spro.io/
2024-11-21 14:32:12.565 [main] INFO  com.webMethodsUI.flow.pageObjects.common.LoginPage - Verify username text field is visible
2024-11-21 14:32:22.963 [main] INFO  com.webMethodsUI.flow.pageObjects.common.LoginPage - Entering user Name: admin
2024-11-21 14:32:23.216 [main] INFO  com.webMethodsUI.flow.pageObjects.common.LoginPage - Entering Password: FMS2HdMkTDTHS_TS
2024-11-21 14:32:25.538 [main] INFO  com.webMethodsUI.flow.pageObjects.common.LoginPage - Click on Login Button
2024-11-21 14:32:28.585 [main] INFO  com.webMethodsUI.flow.pageObjects.common.LoginPage - wait for page load
2024-11-21 14:32:28.756 [main] INFO  com.webMethodsUI.flow.pageObjects.common.LoginPage - wait for page load
2024-11-21 14:32:28.926 [main] INFO  com.webMethodsUI.flow.pageObjects.common.LoginPage - Verify Home page greet message is visible
2024-11-21 14:32:32.389 [main] INFO  com.webMethodsUI.flow.pageObjects.common.LoginPage - Verify create project plus button is visible
2024-11-21 14:32:34.230 [main] INFO  com.webMethodsUI.flow.pageObjects.common.LoginPage - wait for loader not visible
2024-11-21 14:32:34.376 [main] INFO  com.webMethodsUI.flow.pageObjects.common.LoginPage - Fetching webelement at runtime //i[@class='delite-icon dlt-icon-profile']
2024-11-21 14:32:34.424 [main] INFO  com.webMethodsUI.flow.pageObjects.common.LoginPage - Click on profile
2024-11-21 14:32:34.867 [main] INFO  com.webMethodsUI.flow.pageObjects.common.LoginPage - Fetching webelement at runtime //span[normalize-space()='Settings']
2024-11-21 14:32:34.914 [main] INFO  com.webMethodsUI.flow.pageObjects.common.LoginPage - click on Settings
2024-11-21 14:32:35.365 [main] INFO  com.webMethodsUI.flow.pageObjects.common.LoginPage - wait for loader not visible
2024-11-21 14:32:36.615 [main] INFO  com.webMethodsUI.flow.pageObjects.common.LoginPage - Verify key or certificate table visible
2024-11-21 14:32:36.837 [main] INFO  com.webMethodsUI.flow.pageObjects.common.LoginPage - Click on runtime tab
2024-11-21 14:32:37.299 [main] INFO  com.webMethodsUI.flow.pageObjects.common.LoginPage - loader is not visble
2024-11-21 14:32:38.138 [main] INFO  com.webMethodsUI.flow.pageObjects.common.LoginPage - Click on new add button
2024-11-21 14:32:38.501 [main] INFO  com.webMethodsUI.flow.pageObjects.common.LoginPage - add new text visible
2024-11-21 14:32:38.689 [main] INFO  com.webMethodsUI.flow.pageObjects.common.LoginPage - Enter value for store name
2024-11-21 14:32:39.041 [main] INFO  com.webMethodsUI.flow.pageObjects.common.LoginPage - Click on next button
2024-11-21 14:32:40.509 [main] INFO  com.webMethodsUI.flow.pageObjects.common.LoginPage - Fetching webelement at runtime //h1[normalize-space()='ICRuntimeStore']
2024-11-21 14:32:40.716 [main] INFO  com.webMethodsUI.flow.pageObjects.common.LoginPage - Verify Store name visible
2024-11-21 14:32:40.906 [main] INFO  com.webMethodsUI.flow.pageObjects.common.LoginPage - No certificate for Key store visible
2024-11-21 14:32:42.155 [main] INFO  com.webMethodsUI.flow.pageObjects.common.LoginPage - No Certificate for trust store visible
2024-11-21 14:32:42.367 [main] INFO  com.webMethodsUI.flow.pageObjects.common.LoginPage - add button visible
2024-11-21 14:32:42.512 [main] INFO  com.webMethodsUI.flow.pageObjects.common.LoginPage - add button visible
2024-11-21 14:32:42.684 [main] INFO  com.webMethodsUI.flow.pageObjects.common.LoginPage - Verify info message for Identify
2024-11-21 14:32:42.862 [main] INFO  com.webMethodsUI.flow.pageObjects.common.LoginPage - verify info message for trust store
2024-11-21 14:32:43.097 [main] INFO  com.webMethodsUI.flow.pageObjects.common.LoginPage - Fetching webelement at runtime //div[@class='key-store store-pane']//span[@title='Copy password']
2024-11-21 14:32:43.137 [main] INFO  com.webMethodsUI.flow.pageObjects.common.LoginPage - click on copy docker command
2024-11-21 14:32:46.686 [main] INFO  com.webMethodsUI.flow.pageObjects.common.LoginPage - Fetching webelement at runtime //div[@class='trust-store store-pane']//span[@title='Copy password']
2024-11-21 14:32:46.726 [main] INFO  com.webMethodsUI.flow.pageObjects.common.LoginPage - click on copy password
2024-11-21 14:32:47.346 [main] INFO  com.webMethodsUI.flow.pageObjects.common.LoginPage - Fetching webelement at runtime //div[@class='key-store store-pane']//a[@class='dropdown-button certificate-button right secondary-btn small'][normalize-space()='+ Add']
2024-11-21 14:32:47.376 [main] INFO  com.webMethodsUI.flow.pageObjects.common.LoginPage - Click on add certificate button
2024-11-21 14:32:47.729 [main] INFO  com.webMethodsUI.flow.pageObjects.common.LoginPage - Fetching webelement at runtime //ul[@id='runtime-certificate-identity-store']//li//a[@href='javascript:;'][normalize-space()='Import Keystore']
2024-11-21 14:32:47.773 [main] INFO  com.webMethodsUI.flow.pageObjects.common.LoginPage - Verify import keystore is visible
2024-11-21 14:32:47.993 [main] INFO  com.webMethodsUI.flow.pageObjects.common.LoginPage - Fetching webelement at runtime //ul[@id='runtime-certificate-identity-store']//li//a[@href='javascript:;'][normalize-space()='Import Certificate']
2024-11-21 14:32:48.023 [main] INFO  com.webMethodsUI.flow.pageObjects.common.LoginPage - Verify import Certificate is visible
2024-11-21 14:32:48.187 [main] INFO  com.webMethodsUI.flow.pageObjects.common.LoginPage - Click on import certificate
2024-11-21 14:32:48.634 [main] INFO  com.webMethodsUI.flow.pageObjects.common.LoginPage - Fetching webelement at runtime //h1[normalize-space()='Import Keystore']
2024-11-21 14:32:48.692 [main] INFO  com.webMethodsUI.flow.pageObjects.common.LoginPage - Verify text is visble
2024-11-21 14:32:48.892 [main] INFO  com.webMethodsUI.flow.pageObjects.common.LoginPage - Fetching webelement at runtime //button[normalize-space()='Browse']
2024-11-21 14:32:49.024 [main] INFO  com.webMethodsUI.flow.pageObjects.common.LoginPage - wait for page load
2024-11-21 14:32:49.181 [main] INFO  com.webMethodsUI.flow.pageObjects.common.LoginPage - Fetching webelement at runtime //input[@name='Passphrase']
2024-11-21 14:32:49.221 [main] INFO  com.webMethodsUI.flow.pageObjects.common.LoginPage - Enter the password
2024-11-21 14:32:49.575 [main] INFO  com.webMethodsUI.flow.pageObjects.common.LoginPage - Fetching webelement at runtime //button[normalize-space()='Next']
2024-11-21 14:32:49.605 [main] INFO  com.webMethodsUI.flow.pageObjects.common.LoginPage - Click on next button
2024-11-21 14:33:20.469 [main] INFO  com.webMethodsUI.flow.pageObjects.common.LoginPage - Fetching webelement at runtime //div[@class='trust-store store-pane']//a[@class='dropdown-button certificate-button right secondary-btn small'][normalize-space()='+ Add']
2024-11-21 14:33:20.508 [main] INFO  com.webMethodsUI.flow.pageObjects.common.LoginPage - Click on add certificate button
2024-11-21 14:33:20.848 [main] INFO  com.webMethodsUI.flow.pageObjects.common.LoginPage - Fetching webelement at runtime //ul[@id='runtime-certificate-trust-store']//li//a[@href='javascript:;'][normalize-space()='Import Keystore']
2024-11-21 14:33:51.085 [main] INFO  com.webMethodsUI.flow.pageObjects.common.LoginPage - Fetching webelement at runtime //input[@id='ICRuntimeStore']/ancestor::div[@class='table-row runtimes-certificates-stores-row']//i[@title='Delete store']
2024-11-21 14:33:51.132 [main] INFO  com.webMethodsUI.flow.pageObjects.common.LoginPage - Click on delete button of Store
2024-11-21 14:33:51.521 [main] INFO  com.webMethodsUI.flow.pageObjects.common.LoginPage - Fetching webelement at runtime //h1[normalize-space()='Delete ICRuntimeStore']
2024-11-21 14:36:48.382 [main] INFO  com.webMethodsUI.flow.testbase.TestBase - ChromeDriver: chrome on windows (3382ebb1100b80f49ebb7bca975d6ef2)
2024-11-21 14:36:48.388 [main] INFO  com.webMethodsUI.flow.testbase.TestBase - Initilize Web Driver: 999334666
2024-11-21 14:36:48.436 [main] INFO  com.webMethodsUI.flow.testbase.TestBase - Navigating to URLhttps://azsprotenant6.int-az-us.webmethods-spro.io/
2024-11-21 14:36:52.688 [main] INFO  com.webMethodsUI.flow.pageObjects.common.LoginPage - Verify username text field is visible
2024-11-21 14:37:02.284 [main] INFO  com.webMethodsUI.flow.pageObjects.common.LoginPage - Entering user Name: admin
2024-11-21 14:37:02.532 [main] INFO  com.webMethodsUI.flow.pageObjects.common.LoginPage - Entering Password: FMS2HdMkTDTHS_TS
2024-11-21 14:37:04.938 [main] INFO  com.webMethodsUI.flow.pageObjects.common.LoginPage - Click on Login Button
2024-11-21 14:37:08.018 [main] INFO  com.webMethodsUI.flow.pageObjects.common.LoginPage - wait for page load
2024-11-21 14:37:08.207 [main] INFO  com.webMethodsUI.flow.pageObjects.common.LoginPage - wait for page load
2024-11-21 14:37:08.400 [main] INFO  com.webMethodsUI.flow.pageObjects.common.LoginPage - Verify Home page greet message is visible
2024-11-21 14:37:12.152 [main] INFO  com.webMethodsUI.flow.pageObjects.common.LoginPage - Verify create project plus button is visible
2024-11-21 14:37:13.091 [main] INFO  com.webMethodsUI.flow.pageObjects.common.LoginPage - wait for loader not visible
2024-11-21 14:37:13.253 [main] INFO  com.webMethodsUI.flow.pageObjects.common.LoginPage - Fetching webelement at runtime //i[@class='delite-icon dlt-icon-profile']
2024-11-21 14:37:13.297 [main] INFO  com.webMethodsUI.flow.pageObjects.common.LoginPage - Click on profile
2024-11-21 14:37:13.751 [main] INFO  com.webMethodsUI.flow.pageObjects.common.LoginPage - Fetching webelement at runtime //span[normalize-space()='Settings']
2024-11-21 14:37:13.797 [main] INFO  com.webMethodsUI.flow.pageObjects.common.LoginPage - click on Settings
2024-11-21 14:37:14.238 [main] INFO  com.webMethodsUI.flow.pageObjects.common.LoginPage - wait for loader not visible
2024-11-21 14:37:14.549 [main] INFO  com.webMethodsUI.flow.pageObjects.common.LoginPage - Verify key or certificate table visible
2024-11-21 14:37:14.779 [main] INFO  com.webMethodsUI.flow.pageObjects.common.LoginPage - Click on runtime tab
2024-11-21 14:37:15.334 [main] INFO  com.webMethodsUI.flow.pageObjects.common.LoginPage - loader is not visble
2024-11-21 14:37:15.509 [main] INFO  com.webMethodsUI.flow.pageObjects.common.LoginPage - Click on new add button
2024-11-21 14:37:15.910 [main] INFO  com.webMethodsUI.flow.pageObjects.common.LoginPage - add new text visible
2024-11-21 14:37:16.177 [main] INFO  com.webMethodsUI.flow.pageObjects.common.LoginPage - Enter value for store name
2024-11-21 14:37:16.504 [main] INFO  com.webMethodsUI.flow.pageObjects.common.LoginPage - Click on next button
2024-11-21 14:37:19.004 [main] INFO  com.webMethodsUI.flow.pageObjects.common.LoginPage - Fetching webelement at runtime //h1[normalize-space()='ICRuntimeStore']
2024-11-21 14:37:19.139 [main] INFO  com.webMethodsUI.flow.pageObjects.common.LoginPage - Verify Store name visible
2024-11-21 14:37:19.299 [main] INFO  com.webMethodsUI.flow.pageObjects.common.LoginPage - No certificate for Key store visible
2024-11-21 14:37:20.537 [main] INFO  com.webMethodsUI.flow.pageObjects.common.LoginPage - No Certificate for trust store visible
2024-11-21 14:37:20.728 [main] INFO  com.webMethodsUI.flow.pageObjects.common.LoginPage - add button visible
2024-11-21 14:37:20.888 [main] INFO  com.webMethodsUI.flow.pageObjects.common.LoginPage - add button visible
2024-11-21 14:37:21.039 [main] INFO  com.webMethodsUI.flow.pageObjects.common.LoginPage - Verify info message for Identify
2024-11-21 14:37:21.275 [main] INFO  com.webMethodsUI.flow.pageObjects.common.LoginPage - verify info message for trust store
2024-11-21 14:37:21.515 [main] INFO  com.webMethodsUI.flow.pageObjects.common.LoginPage - Fetching webelement at runtime //div[@class='key-store store-pane']//span[@title='Copy password']
2024-11-21 14:37:21.551 [main] INFO  com.webMethodsUI.flow.pageObjects.common.LoginPage - click on copy docker command
2024-11-21 14:37:22.274 [main] INFO  com.webMethodsUI.flow.pageObjects.common.LoginPage - Fetching webelement at runtime //div[@class='trust-store store-pane']//span[@title='Copy password']
2024-11-21 14:37:22.308 [main] INFO  com.webMethodsUI.flow.pageObjects.common.LoginPage - click on copy password
2024-11-21 14:37:22.873 [main] INFO  com.webMethodsUI.flow.pageObjects.common.LoginPage - Fetching webelement at runtime //div[@class='key-store store-pane']//a[@class='dropdown-button certificate-button right secondary-btn small'][normalize-space()='+ Add']
2024-11-21 14:37:22.919 [main] INFO  com.webMethodsUI.flow.pageObjects.common.LoginPage - Click on add certificate button
2024-11-21 14:37:23.230 [main] INFO  com.webMethodsUI.flow.pageObjects.common.LoginPage - Fetching webelement at runtime //ul[@id='runtime-certificate-identity-store']//li//a[@href='javascript:;'][normalize-space()='Import Keystore']
2024-11-21 14:37:23.278 [main] INFO  com.webMethodsUI.flow.pageObjects.common.LoginPage - Verify import keystore is visible
2024-11-21 14:37:23.468 [main] INFO  com.webMethodsUI.flow.pageObjects.common.LoginPage - Fetching webelement at runtime //ul[@id='runtime-certificate-identity-store']//li//a[@href='javascript:;'][normalize-space()='Import Certificate']
2024-11-21 14:37:23.508 [main] INFO  com.webMethodsUI.flow.pageObjects.common.LoginPage - Verify import Certificate is visible
2024-11-21 14:37:23.672 [main] INFO  com.webMethodsUI.flow.pageObjects.common.LoginPage - Click on import certificate
2024-11-21 14:37:24.090 [main] INFO  com.webMethodsUI.flow.pageObjects.common.LoginPage - Fetching webelement at runtime //h1[normalize-space()='Import Keystore']
2024-11-21 14:37:24.128 [main] INFO  com.webMethodsUI.flow.pageObjects.common.LoginPage - Verify text is visble
2024-11-21 14:37:24.337 [main] INFO  com.webMethodsUI.flow.pageObjects.common.LoginPage - Fetching webelement at runtime //button[normalize-space()='Browse']
2024-11-21 14:37:24.524 [main] INFO  com.webMethodsUI.flow.pageObjects.common.LoginPage - Fetching webelement at runtime //input[@name='Passphrase']
2024-11-21 14:37:24.554 [main] INFO  com.webMethodsUI.flow.pageObjects.common.LoginPage - Enter the password
2024-11-21 14:37:24.813 [main] INFO  com.webMethodsUI.flow.pageObjects.common.LoginPage - Fetching webelement at runtime //button[normalize-space()='Next']
2024-11-21 14:37:24.848 [main] INFO  com.webMethodsUI.flow.pageObjects.common.LoginPage - Click on next button
2024-11-21 14:37:55.370 [main] INFO  com.webMethodsUI.flow.pageObjects.common.LoginPage - Fetching webelement at runtime //div[@class='trust-store store-pane']//a[@class='dropdown-button certificate-button right secondary-btn small'][normalize-space()='+ Add']
2024-11-21 14:37:55.412 [main] INFO  com.webMethodsUI.flow.pageObjects.common.LoginPage - Click on add certificate button
2024-11-21 14:37:55.784 [main] INFO  com.webMethodsUI.flow.pageObjects.common.LoginPage - Fetching webelement at runtime //ul[@id='runtime-certificate-trust-store']//li//a[@href='javascript:;'][normalize-space()='Import Keystore']
2024-11-21 14:38:26.007 [main] INFO  com.webMethodsUI.flow.pageObjects.common.LoginPage - Fetching webelement at runtime //input[@id='ICRuntimeStore']/ancestor::div[@class='table-row runtimes-certificates-stores-row']//i[@title='Delete store']
2024-11-21 14:38:26.047 [main] INFO  com.webMethodsUI.flow.pageObjects.common.LoginPage - Click on delete button of Store
2024-11-21 14:38:26.407 [main] INFO  com.webMethodsUI.flow.pageObjects.common.LoginPage - Fetching webelement at runtime //h1[normalize-space()='Delete ICRuntimeStore']
2024-11-21 14:46:03.059 [main] INFO  com.webMethodsUI.flow.testbase.TestBase - ChromeDriver: chrome on windows (06c944e13726477cc6509c6cf7af1e2d)
2024-11-21 14:46:03.063 [main] INFO  com.webMethodsUI.flow.testbase.TestBase - Initilize Web Driver: 697463019
2024-11-21 14:46:03.108 [main] INFO  com.webMethodsUI.flow.testbase.TestBase - Navigating to URLhttps://azsprotenant6.int-az-us.webmethods-spro.io/
2024-11-21 14:46:04.663 [main] INFO  com.webMethodsUI.flow.pageObjects.common.LoginPage - Verify username text field is visible
2024-11-21 14:46:14.684 [main] INFO  com.webMethodsUI.flow.pageObjects.common.LoginPage - Entering user Name: admin
2024-11-21 14:46:14.936 [main] INFO  com.webMethodsUI.flow.pageObjects.common.LoginPage - Entering Password: FMS2HdMkTDTHS_TS
2024-11-21 14:46:17.275 [main] INFO  com.webMethodsUI.flow.pageObjects.common.LoginPage - Click on Login Button
2024-11-21 14:46:20.099 [main] INFO  com.webMethodsUI.flow.pageObjects.common.LoginPage - wait for page load
2024-11-21 14:46:20.315 [main] INFO  com.webMethodsUI.flow.pageObjects.common.LoginPage - wait for page load
2024-11-21 14:46:20.495 [main] INFO  com.webMethodsUI.flow.pageObjects.common.LoginPage - Verify Home page greet message is visible
2024-11-21 14:46:24.033 [main] INFO  com.webMethodsUI.flow.pageObjects.common.LoginPage - Verify create project plus button is visible
2024-11-21 14:46:25.841 [main] INFO  com.webMethodsUI.flow.pageObjects.common.LoginPage - wait for loader not visible
2024-11-21 14:46:26.037 [main] INFO  com.webMethodsUI.flow.pageObjects.common.LoginPage - Fetching webelement at runtime //i[@class='delite-icon dlt-icon-profile']
2024-11-21 14:46:26.075 [main] INFO  com.webMethodsUI.flow.pageObjects.common.LoginPage - Click on profile
2024-11-21 14:46:26.526 [main] INFO  com.webMethodsUI.flow.pageObjects.common.LoginPage - Fetching webelement at runtime //span[normalize-space()='Settings']
2024-11-21 14:46:26.579 [main] INFO  com.webMethodsUI.flow.pageObjects.common.LoginPage - click on Settings
2024-11-21 14:46:27.021 [main] INFO  com.webMethodsUI.flow.pageObjects.common.LoginPage - wait for loader not visible
2024-11-21 14:46:27.315 [main] INFO  com.webMethodsUI.flow.pageObjects.common.LoginPage - Verify key or certificate table visible
2024-11-21 14:46:27.543 [main] INFO  com.webMethodsUI.flow.pageObjects.common.LoginPage - Click on runtime tab
2024-11-21 14:46:28.052 [main] INFO  com.webMethodsUI.flow.pageObjects.common.LoginPage - loader is not visble
2024-11-21 14:46:28.208 [main] INFO  com.webMethodsUI.flow.pageObjects.common.LoginPage - Click on new add button
2024-11-21 14:46:28.588 [main] INFO  com.webMethodsUI.flow.pageObjects.common.LoginPage - add new text visible
2024-11-21 14:46:28.805 [main] INFO  com.webMethodsUI.flow.pageObjects.common.LoginPage - Enter value for store name
2024-11-21 14:46:29.083 [main] INFO  com.webMethodsUI.flow.pageObjects.common.LoginPage - Click on next button
2024-11-21 14:46:31.580 [main] INFO  com.webMethodsUI.flow.pageObjects.common.LoginPage - Fetching webelement at runtime //h1[normalize-space()='ICRuntimeStore']
2024-11-21 14:46:31.727 [main] INFO  com.webMethodsUI.flow.pageObjects.common.LoginPage - Verify Store name visible
2024-11-21 14:46:31.903 [main] INFO  com.webMethodsUI.flow.pageObjects.common.LoginPage - No certificate for Key store visible
2024-11-21 14:46:33.142 [main] INFO  com.webMethodsUI.flow.pageObjects.common.LoginPage - No Certificate for trust store visible
2024-11-21 14:46:33.375 [main] INFO  com.webMethodsUI.flow.pageObjects.common.LoginPage - add button visible
2024-11-21 14:46:33.549 [main] INFO  com.webMethodsUI.flow.pageObjects.common.LoginPage - add button visible
2024-11-21 14:46:33.684 [main] INFO  com.webMethodsUI.flow.pageObjects.common.LoginPage - Verify info message for Identify
2024-11-21 14:46:33.887 [main] INFO  com.webMethodsUI.flow.pageObjects.common.LoginPage - verify info message for trust store
2024-11-21 14:46:34.183 [main] INFO  com.webMethodsUI.flow.pageObjects.common.LoginPage - Fetching webelement at runtime //div[@class='key-store store-pane']//span[@title='Copy password']
2024-11-21 14:46:34.233 [main] INFO  com.webMethodsUI.flow.pageObjects.common.LoginPage - click on copy docker command
2024-11-21 14:46:34.973 [main] INFO  com.webMethodsUI.flow.pageObjects.common.LoginPage - Fetching webelement at runtime //div[@class='trust-store store-pane']//span[@title='Copy password']
2024-11-21 14:46:35.028 [main] INFO  com.webMethodsUI.flow.pageObjects.common.LoginPage - click on copy password
2024-11-21 14:46:35.663 [main] INFO  com.webMethodsUI.flow.pageObjects.common.LoginPage - Fetching webelement at runtime //div[@class='key-store store-pane']//a[@class='dropdown-button certificate-button right secondary-btn small'][normalize-space()='+ Add']
2024-11-21 14:46:35.716 [main] INFO  com.webMethodsUI.flow.pageObjects.common.LoginPage - Click on add certificate button
2024-11-21 14:46:36.065 [main] INFO  com.webMethodsUI.flow.pageObjects.common.LoginPage - Fetching webelement at runtime //ul[@id='runtime-certificate-identity-store']//li//a[@href='javascript:;'][normalize-space()='Import Keystore']
2024-11-21 14:46:36.110 [main] INFO  com.webMethodsUI.flow.pageObjects.common.LoginPage - Verify import keystore is visible
2024-11-21 14:46:36.310 [main] INFO  com.webMethodsUI.flow.pageObjects.common.LoginPage - Fetching webelement at runtime //ul[@id='runtime-certificate-identity-store']//li//a[@href='javascript:;'][normalize-space()='Import Certificate']
2024-11-21 14:46:36.350 [main] INFO  com.webMethodsUI.flow.pageObjects.common.LoginPage - Verify import Certificate is visible
2024-11-21 14:46:36.542 [main] INFO  com.webMethodsUI.flow.pageObjects.common.LoginPage - Click on import certificate
2024-11-21 14:46:36.913 [main] INFO  com.webMethodsUI.flow.pageObjects.common.LoginPage - Fetching webelement at runtime //h1[normalize-space()='Import Keystore']
2024-11-21 14:46:36.954 [main] INFO  com.webMethodsUI.flow.pageObjects.common.LoginPage - Verify text is visble
2024-11-21 14:46:37.161 [main] INFO  com.webMethodsUI.flow.pageObjects.common.LoginPage - Fetching webelement at runtime //button[normalize-space()='Browse']
2024-11-21 14:46:37.461 [main] INFO  com.webMethodsUI.flow.pageObjects.common.LoginPage - Fetching webelement at runtime //input[@name='Passphrase']
2024-11-21 14:46:37.508 [main] INFO  com.webMethodsUI.flow.pageObjects.common.LoginPage - Enter the password
2024-11-21 14:46:37.906 [main] INFO  com.webMethodsUI.flow.pageObjects.common.LoginPage - Fetching webelement at runtime //button[normalize-space()='Next']
2024-11-21 14:46:37.943 [main] INFO  com.webMethodsUI.flow.pageObjects.common.LoginPage - Click on next button
2024-11-21 14:47:08.382 [main] INFO  com.webMethodsUI.flow.pageObjects.common.LoginPage - Fetching webelement at runtime //div[@class='trust-store store-pane']//a[@class='dropdown-button certificate-button right secondary-btn small'][normalize-space()='+ Add']
2024-11-21 14:47:08.415 [main] INFO  com.webMethodsUI.flow.pageObjects.common.LoginPage - Click on add certificate button
2024-11-21 14:47:08.768 [main] INFO  com.webMethodsUI.flow.pageObjects.common.LoginPage - Fetching webelement at runtime //ul[@id='runtime-certificate-trust-store']//li//a[@href='javascript:;'][normalize-space()='Import Keystore']
2024-11-21 14:47:39.024 [main] INFO  com.webMethodsUI.flow.pageObjects.common.LoginPage - Fetching webelement at runtime //input[@id='ICRuntimeStore']/ancestor::div[@class='table-row runtimes-certificates-stores-row']//i[@title='Delete store']
2024-11-21 14:47:39.059 [main] INFO  com.webMethodsUI.flow.pageObjects.common.LoginPage - Click on delete button of Store
2024-11-21 14:47:39.411 [main] INFO  com.webMethodsUI.flow.pageObjects.common.LoginPage - Fetching webelement at runtime //h1[normalize-space()='Delete ICRuntimeStore']
2024-11-21 14:49:27.570 [main] INFO  com.webMethodsUI.flow.testbase.TestBase - ChromeDriver: chrome on windows (5b5cb9128ed44db646e18755616ba8d0)
2024-11-21 14:49:27.576 [main] INFO  com.webMethodsUI.flow.testbase.TestBase - Initilize Web Driver: 999334666
2024-11-21 14:49:27.619 [main] INFO  com.webMethodsUI.flow.testbase.TestBase - Navigating to URLhttps://azsprotenant6.int-az-us.webmethods-spro.io/
2024-11-21 14:49:30.191 [main] INFO  com.webMethodsUI.flow.pageObjects.common.LoginPage - Verify username text field is visible
2024-11-21 14:49:39.719 [main] INFO  com.webMethodsUI.flow.pageObjects.common.LoginPage - Entering user Name: admin
2024-11-21 14:49:39.954 [main] INFO  com.webMethodsUI.flow.pageObjects.common.LoginPage - Entering Password: FMS2HdMkTDTHS_TS
2024-11-21 14:49:42.347 [main] INFO  com.webMethodsUI.flow.pageObjects.common.LoginPage - Click on Login Button
2024-11-21 14:49:45.187 [main] INFO  com.webMethodsUI.flow.pageObjects.common.LoginPage - wait for page load
2024-11-21 14:49:45.374 [main] INFO  com.webMethodsUI.flow.pageObjects.common.LoginPage - wait for page load
2024-11-21 14:49:45.624 [main] INFO  com.webMethodsUI.flow.pageObjects.common.LoginPage - Verify Home page greet message is visible
2024-11-21 14:49:49.566 [main] INFO  com.webMethodsUI.flow.pageObjects.common.LoginPage - Verify create project plus button is visible
2024-11-21 14:49:50.381 [main] INFO  com.webMethodsUI.flow.pageObjects.common.LoginPage - wait for loader not visible
2024-11-21 14:49:50.544 [main] INFO  com.webMethodsUI.flow.pageObjects.common.LoginPage - Fetching webelement at runtime //i[@class='delite-icon dlt-icon-profile']
2024-11-21 14:49:50.581 [main] INFO  com.webMethodsUI.flow.pageObjects.common.LoginPage - Click on profile
2024-11-21 14:49:51.006 [main] INFO  com.webMethodsUI.flow.pageObjects.common.LoginPage - Fetching webelement at runtime //span[normalize-space()='Settings']
2024-11-21 14:49:51.049 [main] INFO  com.webMethodsUI.flow.pageObjects.common.LoginPage - click on Settings
2024-11-21 14:49:51.483 [main] INFO  com.webMethodsUI.flow.pageObjects.common.LoginPage - wait for loader not visible
2024-11-21 14:49:51.819 [main] INFO  com.webMethodsUI.flow.pageObjects.common.LoginPage - Verify key or certificate table visible
2024-11-21 14:49:52.082 [main] INFO  com.webMethodsUI.flow.pageObjects.common.LoginPage - Click on runtime tab
2024-11-21 14:49:52.573 [main] INFO  com.webMethodsUI.flow.pageObjects.common.LoginPage - loader is not visble
2024-11-21 14:49:52.777 [main] INFO  com.webMethodsUI.flow.pageObjects.common.LoginPage - Click on new add button
2024-11-21 14:49:53.159 [main] INFO  com.webMethodsUI.flow.pageObjects.common.LoginPage - add new text visible
2024-11-21 14:49:53.363 [main] INFO  com.webMethodsUI.flow.pageObjects.common.LoginPage - Enter value for store name
2024-11-21 14:49:53.649 [main] INFO  com.webMethodsUI.flow.pageObjects.common.LoginPage - Click on next button
2024-11-21 14:50:02.458 [main] INFO  com.webMethodsUI.flow.pageObjects.common.LoginPage - Fetching webelement at runtime //h1[normalize-space()='ICRuntimeStore']
2024-11-21 14:50:32.679 [main] INFO  com.webMethodsUI.flow.pageObjects.common.LoginPage - Fetching webelement at runtime //div[@class='key-store store-pane']//span[@title='Copy password']
2024-11-21 14:50:32.714 [main] INFO  com.webMethodsUI.flow.pageObjects.common.LoginPage - click on copy docker command
2024-11-21 14:50:33.321 [main] INFO  com.webMethodsUI.flow.pageObjects.common.LoginPage - Fetching webelement at runtime //div[@class='trust-store store-pane']//span[@title='Copy password']
2024-11-21 14:50:33.364 [main] INFO  com.webMethodsUI.flow.pageObjects.common.LoginPage - click on copy password
2024-11-21 14:50:33.961 [main] INFO  com.webMethodsUI.flow.pageObjects.common.LoginPage - Fetching webelement at runtime //div[@class='key-store store-pane']//a[@class='dropdown-button certificate-button right secondary-btn small'][normalize-space()='+ Add']
2024-11-21 14:50:34.003 [main] INFO  com.webMethodsUI.flow.pageObjects.common.LoginPage - Click on add certificate button
2024-11-21 14:50:34.365 [main] INFO  com.webMethodsUI.flow.pageObjects.common.LoginPage - Fetching webelement at runtime //ul[@id='runtime-certificate-identity-store']//li//a[@href='javascript:;'][normalize-space()='Import Keystore']
2024-11-21 14:50:34.410 [main] INFO  com.webMethodsUI.flow.pageObjects.common.LoginPage - Verify import keystore is visible
2024-11-21 14:50:34.714 [main] INFO  com.webMethodsUI.flow.pageObjects.common.LoginPage - Fetching webelement at runtime //ul[@id='runtime-certificate-identity-store']//li//a[@href='javascript:;'][normalize-space()='Import Certificate']
2024-11-21 14:50:34.772 [main] INFO  com.webMethodsUI.flow.pageObjects.common.LoginPage - Verify import Certificate is visible
2024-11-21 14:50:34.988 [main] INFO  com.webMethodsUI.flow.pageObjects.common.LoginPage - Click on import certificate
2024-11-21 14:50:35.427 [main] INFO  com.webMethodsUI.flow.pageObjects.common.LoginPage - Fetching webelement at runtime //h1[normalize-space()='Import Keystore']
2024-11-21 14:50:35.457 [main] INFO  com.webMethodsUI.flow.pageObjects.common.LoginPage - Verify text is visble
2024-11-21 14:50:35.669 [main] INFO  com.webMethodsUI.flow.pageObjects.common.LoginPage - Fetching webelement at runtime //button[normalize-space()='Browse']
2024-11-21 14:50:35.848 [main] INFO  com.webMethodsUI.flow.pageObjects.common.LoginPage - Fetching webelement at runtime //input[@name='Passphrase']
2024-11-21 14:50:35.880 [main] INFO  com.webMethodsUI.flow.pageObjects.common.LoginPage - Enter the password
2024-11-21 14:50:36.203 [main] INFO  com.webMethodsUI.flow.pageObjects.common.LoginPage - Fetching webelement at runtime //button[normalize-space()='Next']
2024-11-21 14:50:36.239 [main] INFO  com.webMethodsUI.flow.pageObjects.common.LoginPage - Click on next button
2024-11-21 14:51:07.707 [main] INFO  com.webMethodsUI.flow.pageObjects.common.LoginPage - Fetching webelement at runtime //div[@class='trust-store store-pane']//a[@class='dropdown-button certificate-button right secondary-btn small'][normalize-space()='+ Add']
2024-11-21 14:51:07.740 [main] INFO  com.webMethodsUI.flow.pageObjects.common.LoginPage - Click on add certificate button
2024-11-21 14:51:08.052 [main] INFO  com.webMethodsUI.flow.pageObjects.common.LoginPage - Fetching webelement at runtime //ul[@id='runtime-certificate-trust-store']//li//a[@href='javascript:;'][normalize-space()='Import Keystore']
2024-11-21 14:51:38.237 [main] INFO  com.webMethodsUI.flow.pageObjects.common.LoginPage - Fetching webelement at runtime //input[@id='ICRuntimeStore']/ancestor::div[@class='table-row runtimes-certificates-stores-row']//i[@title='Delete store']
2024-11-21 14:51:38.275 [main] INFO  com.webMethodsUI.flow.pageObjects.common.LoginPage - Click on delete button of Store
2024-11-21 14:51:38.595 [main] INFO  com.webMethodsUI.flow.pageObjects.common.LoginPage - Fetching webelement at runtime //h1[normalize-space()='Delete ICRuntimeStore']
2024-11-21 14:55:05.826 [main] INFO  com.webMethodsUI.flow.testbase.TestBase - ChromeDriver: chrome on windows (aa9b2cfdd44b2f0516eeee1878d42e82)
2024-11-21 14:55:05.832 [main] INFO  com.webMethodsUI.flow.testbase.TestBase - Initilize Web Driver: 697463019
2024-11-21 14:55:05.883 [main] INFO  com.webMethodsUI.flow.testbase.TestBase - Navigating to URLhttps://azsprotenant6.int-az-us.webmethods-spro.io/
2024-11-21 14:55:07.461 [main] INFO  com.webMethodsUI.flow.pageObjects.common.LoginPage - Verify username text field is visible
2024-11-21 14:55:16.107 [main] INFO  com.webMethodsUI.flow.pageObjects.common.LoginPage - Entering user Name: admin
2024-11-21 14:55:16.344 [main] INFO  com.webMethodsUI.flow.pageObjects.common.LoginPage - Entering Password: FMS2HdMkTDTHS_TS
2024-11-21 14:55:18.683 [main] INFO  com.webMethodsUI.flow.pageObjects.common.LoginPage - Click on Login Button
2024-11-21 14:55:21.806 [main] INFO  com.webMethodsUI.flow.pageObjects.common.LoginPage - wait for page load
2024-11-21 14:55:22.029 [main] INFO  com.webMethodsUI.flow.pageObjects.common.LoginPage - wait for page load
2024-11-21 14:55:22.218 [main] INFO  com.webMethodsUI.flow.pageObjects.common.LoginPage - Verify Home page greet message is visible
2024-11-21 14:55:26.081 [main] INFO  com.webMethodsUI.flow.pageObjects.common.LoginPage - Verify create project plus button is visible
2024-11-21 14:55:27.011 [main] INFO  com.webMethodsUI.flow.pageObjects.common.LoginPage - wait for loader not visible
2024-11-21 14:55:27.200 [main] INFO  com.webMethodsUI.flow.pageObjects.common.LoginPage - Fetching webelement at runtime //i[@class='delite-icon dlt-icon-profile']
2024-11-21 14:55:27.246 [main] INFO  com.webMethodsUI.flow.pageObjects.common.LoginPage - Click on profile
2024-11-21 14:55:27.769 [main] INFO  com.webMethodsUI.flow.pageObjects.common.LoginPage - Fetching webelement at runtime //span[normalize-space()='Settings']
2024-11-21 14:55:27.815 [main] INFO  com.webMethodsUI.flow.pageObjects.common.LoginPage - click on Settings
2024-11-21 14:55:28.245 [main] INFO  com.webMethodsUI.flow.pageObjects.common.LoginPage - wait for loader not visible
2024-11-21 14:55:28.561 [main] INFO  com.webMethodsUI.flow.pageObjects.common.LoginPage - Verify key or certificate table visible
2024-11-21 14:55:28.773 [main] INFO  com.webMethodsUI.flow.pageObjects.common.LoginPage - Click on runtime tab
2024-11-21 14:55:29.201 [main] INFO  com.webMethodsUI.flow.pageObjects.common.LoginPage - loader is not visble
2024-11-21 14:55:29.477 [main] INFO  com.webMethodsUI.flow.pageObjects.common.LoginPage - Click on new add button
2024-11-21 14:55:29.834 [main] INFO  com.webMethodsUI.flow.pageObjects.common.LoginPage - add new text visible
2024-11-21 14:55:30.035 [main] INFO  com.webMethodsUI.flow.pageObjects.common.LoginPage - Enter value for store name
2024-11-21 14:55:30.390 [main] INFO  com.webMethodsUI.flow.pageObjects.common.LoginPage - Click on next button
2024-11-21 14:55:32.907 [main] INFO  com.webMethodsUI.flow.pageObjects.common.LoginPage - Fetching webelement at runtime //h1[normalize-space()='ICRuntimeStore']
2024-11-21 14:55:33.023 [main] INFO  com.webMethodsUI.flow.pageObjects.common.LoginPage - Verify Store name visible
2024-11-21 14:55:33.183 [main] INFO  com.webMethodsUI.flow.pageObjects.common.LoginPage - No certificate for Key store visible
2024-11-21 14:55:34.395 [main] INFO  com.webMethodsUI.flow.pageObjects.common.LoginPage - No Certificate for trust store visible
2024-11-21 14:55:34.577 [main] INFO  com.webMethodsUI.flow.pageObjects.common.LoginPage - add button visible
2024-11-21 14:55:34.736 [main] INFO  com.webMethodsUI.flow.pageObjects.common.LoginPage - add button visible
2024-11-21 14:55:34.883 [main] INFO  com.webMethodsUI.flow.pageObjects.common.LoginPage - Verify info message for Identify
2024-11-21 14:55:35.043 [main] INFO  com.webMethodsUI.flow.pageObjects.common.LoginPage - verify info message for trust store
2024-11-21 14:55:35.263 [main] INFO  com.webMethodsUI.flow.pageObjects.common.LoginPage - Fetching webelement at runtime //div[@class='key-store store-pane']//span[@title='Copy password']
2024-11-21 14:55:35.319 [main] INFO  com.webMethodsUI.flow.pageObjects.common.LoginPage - click on copy docker command
2024-11-21 14:55:38.882 [main] INFO  com.webMethodsUI.flow.pageObjects.common.LoginPage - Fetching webelement at runtime //div[@class='trust-store store-pane']//span[@title='Copy password']
2024-11-21 14:55:38.918 [main] INFO  com.webMethodsUI.flow.pageObjects.common.LoginPage - click on copy password
2024-11-21 14:55:39.511 [main] INFO  com.webMethodsUI.flow.pageObjects.common.LoginPage - Fetching webelement at runtime //div[@class='key-store store-pane']//a[@class='dropdown-button certificate-button right secondary-btn small'][normalize-space()='+ Add']
2024-11-21 14:55:39.546 [main] INFO  com.webMethodsUI.flow.pageObjects.common.LoginPage - Click on add certificate button
2024-11-21 14:55:39.889 [main] INFO  com.webMethodsUI.flow.pageObjects.common.LoginPage - Fetching webelement at runtime //ul[@id='runtime-certificate-identity-store']//li//a[@href='javascript:;'][normalize-space()='Import Keystore']
2024-11-21 14:55:39.938 [main] INFO  com.webMethodsUI.flow.pageObjects.common.LoginPage - Verify import keystore is visible
2024-11-21 14:55:40.153 [main] INFO  com.webMethodsUI.flow.pageObjects.common.LoginPage - Fetching webelement at runtime //ul[@id='runtime-certificate-identity-store']//li//a[@href='javascript:;'][normalize-space()='Import Certificate']
2024-11-21 14:55:40.187 [main] INFO  com.webMethodsUI.flow.pageObjects.common.LoginPage - Verify import Certificate is visible
2024-11-21 14:55:40.370 [main] INFO  com.webMethodsUI.flow.pageObjects.common.LoginPage - Click on import certificate
2024-11-21 14:55:40.815 [main] INFO  com.webMethodsUI.flow.pageObjects.common.LoginPage - Fetching webelement at runtime //h1[normalize-space()='Import Keystore']
2024-11-21 14:55:40.871 [main] INFO  com.webMethodsUI.flow.pageObjects.common.LoginPage - Verify text is visble
2024-11-21 14:55:41.051 [main] INFO  com.webMethodsUI.flow.pageObjects.common.LoginPage - Fetching webelement at runtime //button[normalize-space()='Browse']
2024-11-21 14:55:41.225 [main] INFO  com.webMethodsUI.flow.pageObjects.common.LoginPage - Fetching webelement at runtime //input[@name='Passphrase']
2024-11-21 14:55:41.254 [main] INFO  com.webMethodsUI.flow.pageObjects.common.LoginPage - Enter the password
2024-11-21 14:55:41.534 [main] INFO  com.webMethodsUI.flow.pageObjects.common.LoginPage - Fetching webelement at runtime //button[normalize-space()='Next']
2024-11-21 14:55:41.559 [main] INFO  com.webMethodsUI.flow.pageObjects.common.LoginPage - Click on next button
2024-11-21 14:56:12.155 [main] INFO  com.webMethodsUI.flow.pageObjects.common.LoginPage - Fetching webelement at runtime //div[@class='trust-store store-pane']//a[@class='dropdown-button certificate-button right secondary-btn small'][normalize-space()='+ Add']
2024-11-21 14:56:12.199 [main] INFO  com.webMethodsUI.flow.pageObjects.common.LoginPage - Click on add certificate button
2024-11-21 14:56:12.529 [main] INFO  com.webMethodsUI.flow.pageObjects.common.LoginPage - Fetching webelement at runtime //ul[@id='runtime-certificate-trust-store']//li//a[@href='javascript:;'][normalize-space()='Import Keystore']
2024-11-21 14:56:42.862 [main] INFO  com.webMethodsUI.flow.pageObjects.common.LoginPage - Fetching webelement at runtime //input[@id='ICRuntimeStore']/ancestor::div[@class='table-row runtimes-certificates-stores-row']//i[@title='Delete store']
2024-11-21 14:56:42.905 [main] INFO  com.webMethodsUI.flow.pageObjects.common.LoginPage - Click on delete button of Store
2024-11-21 14:56:43.298 [main] INFO  com.webMethodsUI.flow.pageObjects.common.LoginPage - Fetching webelement at runtime //h1[normalize-space()='Delete ICRuntimeStore']
2024-11-21 15:09:12.570 [main] INFO  com.webMethodsUI.flow.testbase.TestBase - ChromeDriver: chrome on windows (583a396f24e7fc4bc5b54625b31cecfd)
2024-11-21 15:09:12.578 [main] INFO  com.webMethodsUI.flow.testbase.TestBase - Initilize Web Driver: 697463019
2024-11-21 15:09:12.613 [main] INFO  com.webMethodsUI.flow.testbase.TestBase - Navigating to URLhttps://azsprotenant6.int-az-us.webmethods-spro.io/
2024-11-21 15:09:15.232 [main] INFO  com.webMethodsUI.flow.pageObjects.common.LoginPage - Verify username text field is visible
2024-11-21 15:09:46.967 [main] INFO  com.webMethodsUI.flow.pageObjects.common.LoginPage - wait for loader not visible
2024-11-21 15:10:03.820 [main] INFO  com.webMethodsUI.flow.pageObjects.common.LoginPage - Fetching webelement at runtime //i[@class='delite-icon dlt-icon-profile']
2024-11-21 15:10:33.983 [main] INFO  com.webMethodsUI.flow.pageObjects.common.LoginPage - loader is not visble
2024-11-21 15:10:34.108 [main] INFO  com.webMethodsUI.flow.pageObjects.common.LoginPage - Click on new add button
2024-11-21 15:11:05.052 [main] INFO  com.webMethodsUI.flow.pageObjects.common.LoginPage - Fetching webelement at runtime //div[@class='key-store store-pane']//span[@title='Copy password']
2024-11-21 15:11:35.197 [main] INFO  com.webMethodsUI.flow.pageObjects.common.LoginPage - Fetching webelement at runtime //div[@class='trust-store store-pane']//span[@title='Copy password']
2024-11-21 15:12:05.362 [main] INFO  com.webMethodsUI.flow.pageObjects.common.LoginPage - Fetching webelement at runtime //div[@class='key-store store-pane']//a[@class='dropdown-button certificate-button right secondary-btn small'][normalize-space()='+ Add']
2024-11-21 15:12:35.493 [main] INFO  com.webMethodsUI.flow.pageObjects.common.LoginPage - Fetching webelement at runtime //div[@class='trust-store store-pane']//a[@class='dropdown-button certificate-button right secondary-btn small'][normalize-space()='+ Add']
2024-11-21 15:13:05.647 [main] INFO  com.webMethodsUI.flow.pageObjects.common.LoginPage - Fetching webelement at runtime //input[@id='ICRuntimeStore']/ancestor::div[@class='table-row runtimes-certificates-stores-row']//i[@title='Delete store']
2024-11-21 15:14:59.569 [main] INFO  com.webMethodsUI.flow.testbase.TestBase - ChromeDriver: chrome on windows (53b8ad03d4ae5ca899819427d87e7681)
2024-11-21 15:14:59.574 [main] INFO  com.webMethodsUI.flow.testbase.TestBase - Initilize Web Driver: 999334666
2024-11-21 15:14:59.610 [main] INFO  com.webMethodsUI.flow.testbase.TestBase - Navigating to URLhttps://azsprotenant6.int-az-us.webmethods-spro.io/
2024-11-21 15:15:02.224 [main] INFO  com.webMethodsUI.flow.pageObjects.common.LoginPage - Verify username text field is visible
2024-11-21 15:15:33.762 [main] INFO  com.webMethodsUI.flow.pageObjects.common.LoginPage - wait for loader not visible
2024-11-21 15:15:33.935 [main] INFO  com.webMethodsUI.flow.pageObjects.common.LoginPage - Fetching webelement at runtime //i[@class='delite-icon dlt-icon-profile']
2024-11-21 15:16:04.072 [main] INFO  com.webMethodsUI.flow.pageObjects.common.LoginPage - loader is not visble
2024-11-21 15:16:04.190 [main] INFO  com.webMethodsUI.flow.pageObjects.common.LoginPage - Click on new add button
2024-11-21 15:16:35.167 [main] INFO  com.webMethodsUI.flow.pageObjects.common.LoginPage - Fetching webelement at runtime //div[@class='key-store store-pane']//span[@title='Copy password']
2024-11-21 15:17:05.340 [main] INFO  com.webMethodsUI.flow.pageObjects.common.LoginPage - Fetching webelement at runtime //div[@class='trust-store store-pane']//span[@title='Copy password']
2024-11-21 15:17:35.494 [main] INFO  com.webMethodsUI.flow.pageObjects.common.LoginPage - Fetching webelement at runtime //div[@class='key-store store-pane']//a[@class='dropdown-button certificate-button right secondary-btn small'][normalize-space()='+ Add']
2024-11-21 15:18:05.621 [main] INFO  com.webMethodsUI.flow.pageObjects.common.LoginPage - Fetching webelement at runtime //div[@class='trust-store store-pane']//a[@class='dropdown-button certificate-button right secondary-btn small'][normalize-space()='+ Add']
2024-11-21 15:18:35.747 [main] INFO  com.webMethodsUI.flow.pageObjects.common.LoginPage - Fetching webelement at runtime //input[@id='ICRuntimeStore']/ancestor::div[@class='table-row runtimes-certificates-stores-row']//i[@title='Delete store']
2024-11-21 15:21:42.008 [main] INFO  com.webMethodsUI.flow.testbase.TestBase - ChromeDriver: chrome on windows (2630b68c7c342584a251d18920f6b0fc)
2024-11-21 15:21:42.012 [main] INFO  com.webMethodsUI.flow.testbase.TestBase - Initilize Web Driver: 697463019
2024-11-21 15:21:42.047 [main] INFO  com.webMethodsUI.flow.testbase.TestBase - Navigating to URLhttps://azsprotenant6.int-az-us.webmethods-spro.io/
2024-11-21 15:21:44.721 [main] INFO  com.webMethodsUI.flow.pageObjects.common.LoginPage - Verify username text field is visible
2024-11-21 15:22:16.335 [main] INFO  com.webMethodsUI.flow.pageObjects.common.LoginPage - wait for loader not visible
2024-11-21 15:22:16.482 [main] INFO  com.webMethodsUI.flow.pageObjects.common.LoginPage - Fetching webelement at runtime //i[@class='delite-icon dlt-icon-profile']
2024-11-21 15:22:46.624 [main] INFO  com.webMethodsUI.flow.pageObjects.common.LoginPage - loader is not visble
2024-11-21 15:22:46.763 [main] INFO  com.webMethodsUI.flow.pageObjects.common.LoginPage - Click on new add button
2024-11-21 15:23:17.835 [main] INFO  com.webMethodsUI.flow.pageObjects.common.LoginPage - Fetching webelement at runtime //div[@class='key-store store-pane']//span[@title='Copy password']
2024-11-21 15:23:48.050 [main] INFO  com.webMethodsUI.flow.pageObjects.common.LoginPage - Fetching webelement at runtime //div[@class='trust-store store-pane']//span[@title='Copy password']
2024-11-21 15:24:18.352 [main] INFO  com.webMethodsUI.flow.pageObjects.common.LoginPage - Fetching webelement at runtime //div[@class='key-store store-pane']//a[@class='dropdown-button certificate-button right secondary-btn small'][normalize-space()='+ Add']
2024-11-21 15:24:48.542 [main] INFO  com.webMethodsUI.flow.pageObjects.common.LoginPage - Fetching webelement at runtime //div[@class='trust-store store-pane']//a[@class='dropdown-button certificate-button right secondary-btn small'][normalize-space()='+ Add']
2024-11-21 15:25:18.721 [main] INFO  com.webMethodsUI.flow.pageObjects.common.LoginPage - Fetching webelement at runtime //input[@id='ICRuntimeStore']/ancestor::div[@class='table-row runtimes-certificates-stores-row']//i[@title='Delete store']
