2023-05-24 15:56:16.266 [main] INFO  com.webMethodsUI.flow.testbase.TestBase - session not created: This version of ChromeDriver only supports Chrome version 111
Current browser version is 113.0.5672.93 with binary path C:\Program Files\Google\Chrome\Application\chrome.exe
Build info: version: '3.141.59', revision: 'e82be7d358', time: '2018-11-14T08:17:03'
System info: host: 'SAG-CVDCSG3', ip: '10.60.98.201', os.name: 'Windows 10', os.arch: 'amd64', os.version: '10.0', java.version: '11.0.19'
Driver info: driver.version: ChromeDriver
remote stacktrace: Backtrace:
	(No symbol) [0x0109DCE3]
	(No symbol) [0x010339D1]
	(No symbol) [0x00F44DA8]
	(No symbol) [0x00F64F6C]
	(No symbol) [0x00F60D11]
	(No symbol) [0x00F5ED19]
	(No symbol) [0x00F915AE]
	(No symbol) [0x00F9129C]
	(No symbol) [0x00F8ACC6]
	(No symbol) [0x00F66F68]
	(No symbol) [0x00F680CD]
	GetHandleVerifier [0x01313832+2506274]
	GetHandleVerifier [0x01349794+2727300]
	GetHandleVerifier [0x0134E36C+2746716]
	GetHandleVerifier [0x01146690+617600]
	(No symbol) [0x0103C712]
	(No symbol) [0x01041FF8]
	(No symbol) [0x010420DB]
	(No symbol) [0x0104C63B]
	BaseThreadInitThunk [0x75DC00C9+25]
	RtlGetAppContainerNamedObjectPath [0x77B37B4E+286]
	RtlGetAppContainerNamedObjectPath [0x77B37B1E+238]

2023-05-24 16:01:00.539 [main] INFO  com.webMethodsUI.flow.testbase.TestBase - ChromeDriver: chrome on WINDOWS (0fd5803cbb3aab3326df7796e6e2c596)
2023-05-24 16:01:00.543 [main] INFO  com.webMethodsUI.flow.testbase.TestBase - Initilize Web Driver: 783141366
2023-05-24 16:01:00.689 [main] INFO  com.webMethodsUI.flow.testbase.TestBase - Navigating to URLhttps://devrealm2.dev-int-aws-us.webmethods.io
2023-05-24 16:01:04.485 [main] INFO  com.webMethodsUI.flow.pageObjects.common.LoginPage - Verify username text field is visible
2023-05-24 16:01:07.907 [main] INFO  com.webMethodsUI.flow.pageObjects.common.LoginPage - Entering user Name: wmioicqa
2023-05-24 16:01:08.109 [main] INFO  com.webMethodsUI.flow.pageObjects.common.LoginPage - Entering user Name: [[ChromeDriver: chrome on WINDOWS (0fd5803cbb3aab3326df7796e6e2c596)] -> xpath: //*[@id='password']]
2023-05-24 16:01:10.348 [main] INFO  com.webMethodsUI.flow.pageObjects.common.LoginPage - Click on Login Button
2023-05-24 16:01:12.721 [main] INFO  com.webMethodsUI.flow.pageObjects.common.LoginPage - wait for page load
2023-05-24 16:01:12.899 [main] INFO  com.webMethodsUI.flow.pageObjects.common.LoginPage - Verify Home page greet message is visible
2023-05-24 16:01:14.157 [main] INFO  com.webMethodsUI.flow.pageObjects.common.LoginPage - Verify create project plus button is visible
2023-05-24 16:01:15.271 [main] INFO  com.webMethodsUI.flow.pageObjects.common.LoginPage - Click on Add Project Button
2023-05-24 16:01:15.726 [main] INFO  com.webMethodsUI.flow.pageObjects.common.LoginPage - Entering Project Name ICUI_RESTApp24May1600
2023-05-24 16:01:16.030 [main] INFO  com.webMethodsUI.flow.pageObjects.common.LoginPage - Click createProject Button
2023-05-24 16:01:19.827 [main] INFO  com.webMethodsUI.flow.pageObjects.common.LoginPage - Verify project created successfully message is visible
2023-05-24 16:01:19.982 [main] INFO  com.webMethodsUI.flow.pageObjects.common.LoginPage - Verify ProjectDropDown is visible
2023-05-24 16:01:20.901 [main] INFO  com.webMethodsUI.flow.pageObjects.common.LoginPage - Fetching webelement at runtime //div[@class='tab-details']/ul/li/a/span[contains(text(),'Connectors ')]
2023-05-24 16:01:20.934 [main] INFO  com.webMethodsUI.flow.pageObjects.common.LoginPage - Clicking on subMenu...Connectors 
2023-05-24 16:01:21.300 [main] INFO  com.webMethodsUI.flow.pageObjects.common.LoginPage - wait for page load
2023-05-24 16:01:32.938 [main] INFO  com.webMethodsUI.flow.pageObjects.common.LoginPage - Verify PredefinedConnectorTitle is visible
2023-05-24 16:01:33.330 [main] INFO  com.webMethodsUI.flow.pageObjects.common.LoginPage - Fetching webelement at runtime //a[contains(text(),'REST')]
2023-05-24 16:01:33.386 [main] INFO  com.webMethodsUI.flow.pageObjects.common.LoginPage - Clicking on Left Panal MainMenu....REST
2023-05-24 16:01:33.930 [main] INFO  com.webMethodsUI.flow.pageObjects.common.LoginPage - wait for page load
2023-05-24 16:01:34.945 [main] INFO  com.webMethodsUI.flow.pageObjects.common.LoginPage - Verify RESTConnectorPageTitle is visible
2023-05-24 16:01:35.326 [main] INFO  com.webMethodsUI.flow.pageObjects.common.LoginPage - Fetching webelement at runtime //button[contains(text(),'Add Connector')]
2023-05-24 16:01:35.375 [main] INFO  com.webMethodsUI.flow.pageObjects.common.LoginPage - Clicking on Button.. Add Connector
2023-05-24 16:01:35.872 [main] INFO  com.webMethodsUI.flow.pageObjects.common.LoginPage - wait for page load
2023-05-24 16:01:36.086 [main] INFO  com.webMethodsUI.flow.pageObjects.common.LoginPage - Verify defineConnetorPageTitle is visible
2023-05-24 16:01:36.334 [main] INFO  com.webMethodsUI.flow.pageObjects.common.LoginPage - Verify defineConnetorPageTitle is visible.. [[ChromeDriver: chrome on WINDOWS (0fd5803cbb3aab3326df7796e6e2c596)] -> xpath: //span[contains(text(),'Define Connector')]]
2023-05-24 16:01:36.545 [main] INFO  com.webMethodsUI.flow.pageObjects.common.LoginPage - Entering connector Name.. MyFirstRESTConnectorTestApp
2023-05-24 16:01:37.039 [main] INFO  com.webMethodsUI.flow.pageObjects.common.LoginPage - Entering connectorDescription.. MyREST Connector Description
2023-05-24 16:01:37.468 [main] INFO  com.webMethodsUI.flow.pageObjects.common.LoginPage - Entering REST connector URL... https://reqres.in
2023-05-24 16:01:37.821 [main] INFO  com.webMethodsUI.flow.pageObjects.common.LoginPage - Clicking on Authentication Type drop down
2023-05-24 16:01:38.325 [main] INFO  com.webMethodsUI.flow.pageObjects.common.LoginPage - Fetching webelement at runtime //div[contains(text(),'Credentials')]
2023-05-24 16:01:38.386 [main] INFO  com.webMethodsUI.flow.pageObjects.common.LoginPage - selecting value from drop down link  Credentials
2023-05-24 16:01:38.866 [main] INFO  com.webMethodsUI.flow.pageObjects.common.LoginPage - Fetching webelement at runtime //button[contains(text(),'Next')]
2023-05-24 16:01:38.915 [main] INFO  com.webMethodsUI.flow.pageObjects.common.LoginPage - Clicking on Button.. Next
2023-05-24 16:01:39.352 [main] INFO  com.webMethodsUI.flow.pageObjects.common.LoginPage - wait for page load
2023-05-24 16:01:39.564 [main] INFO  com.webMethodsUI.flow.pageObjects.common.LoginPage - Verify resourcePageTitle is visible
2023-05-24 16:01:39.866 [main] INFO  com.webMethodsUI.flow.pageObjects.common.LoginPage - Fetching webelement at runtime //button[contains(text(),'Add resource')]
2023-05-24 16:01:39.917 [main] INFO  com.webMethodsUI.flow.pageObjects.common.LoginPage - Clicking on Button.. Add resource
2023-05-24 16:01:40.332 [main] INFO  com.webMethodsUI.flow.pageObjects.common.LoginPage - wait for page load
2023-05-24 16:01:40.585 [main] INFO  com.webMethodsUI.flow.pageObjects.common.LoginPage - Verify resourcePageTitle is present
2023-05-24 16:01:40.815 [main] INFO  com.webMethodsUI.flow.pageObjects.common.LoginPage - Entering Resource Name.. testResource
2023-05-24 16:01:41.232 [main] INFO  com.webMethodsUI.flow.pageObjects.common.LoginPage - Entering Resource resourcePath.. /api/users
2023-05-24 16:01:41.614 [main] INFO  com.webMethodsUI.flow.pageObjects.common.LoginPage - Entering Resource resourceDescription.. MyResourceDescription
2023-05-24 16:01:42.024 [main] INFO  com.webMethodsUI.flow.pageObjects.common.LoginPage - Fetching webelement at runtime //span[@class='new-checkbox-label-text'][contains(text(),'GET')]
2023-05-24 16:01:42.052 [main] INFO  com.webMethodsUI.flow.pageObjects.common.LoginPage - clicking on checkbox.. GET
2023-05-24 16:01:42.585 [main] INFO  com.webMethodsUI.flow.pageObjects.common.LoginPage - Verify requestTab is visible
2023-05-24 16:01:42.981 [main] INFO  com.webMethodsUI.flow.pageObjects.common.LoginPage - Fetching webelement at runtime //a[contains(text(),'Add Parameters')]
2023-05-24 16:01:43.026 [main] INFO  com.webMethodsUI.flow.pageObjects.common.LoginPage - Clicking on button... Add Parameters
2023-05-24 16:01:43.531 [main] INFO  com.webMethodsUI.flow.pageObjects.common.LoginPage - Verify parametersHeader is visible
2023-05-24 16:01:43.848 [main] INFO  com.webMethodsUI.flow.pageObjects.common.LoginPage - Entering parameter Name.. page
2023-05-24 16:01:44.452 [main] INFO  com.webMethodsUI.flow.pageObjects.common.LoginPage - Entering parameter Value.. 2
2023-05-24 16:01:44.853 [main] INFO  com.webMethodsUI.flow.pageObjects.common.LoginPage - Fetching webelement at runtime //*[text()='Parameter Type']/..//div[text()='Select Parameter type']
2023-05-24 16:01:44.906 [main] INFO  com.webMethodsUI.flow.pageObjects.common.LoginPage - Clicking on Drop Down..[[ChromeDriver: chrome on WINDOWS (0fd5803cbb3aab3326df7796e6e2c596)] -> xpath: //*[text()='Parameter Type']/..//div[text()='Select Parameter type']] at index..0
2023-05-24 16:01:45.377 [main] INFO  com.webMethodsUI.flow.pageObjects.common.LoginPage - Fetching webelement at runtime //div[contains(text(),'FORM_ENCODED_PARAM')]
2023-05-24 16:01:45.425 [main] INFO  com.webMethodsUI.flow.pageObjects.common.LoginPage - selecting value from drop down link  FORM_ENCODED_PARAM
2023-05-24 16:01:45.889 [main] INFO  com.webMethodsUI.flow.pageObjects.common.LoginPage - Fetching webelement at runtime //*[text()='Mandatory']/../div/div/div/div[contains(@class,'singleValue')]
2023-05-24 16:01:45.944 [main] INFO  com.webMethodsUI.flow.pageObjects.common.LoginPage - Clicking on Drop Down..[[ChromeDriver: chrome on WINDOWS (0fd5803cbb3aab3326df7796e6e2c596)] -> xpath: //*[text()='Mandatory']/../div/div/div/div[contains(@class,'singleValue')]] at index..0
2023-05-24 16:01:46.412 [main] INFO  com.webMethodsUI.flow.pageObjects.common.LoginPage - Fetching webelement at runtime //div[contains(text(),'Yes')]
2023-05-24 16:01:46.459 [main] INFO  com.webMethodsUI.flow.pageObjects.common.LoginPage - selecting value from drop down link  Yes
2023-05-24 16:01:46.951 [main] INFO  com.webMethodsUI.flow.pageObjects.common.LoginPage - Verify requestTab is visible
2023-05-24 16:01:47.190 [main] INFO  com.webMethodsUI.flow.pageObjects.common.LoginPage - Fetching webelement at runtime //a[contains(text(),'Add Header')]
2023-05-24 16:01:47.245 [main] INFO  com.webMethodsUI.flow.pageObjects.common.LoginPage - Clicking on button... Add Header
2023-05-24 16:01:47.716 [main] INFO  com.webMethodsUI.flow.pageObjects.common.LoginPage - Fetching webelement at runtime (//input[@placeholder='Type the Header Name'])[1]
2023-05-24 16:01:47.768 [main] INFO  com.webMethodsUI.flow.pageObjects.common.LoginPage - Entering headerName... AcceptAnd header section index is 1
2023-05-24 16:01:48.080 [main] INFO  com.webMethodsUI.flow.pageObjects.common.LoginPage - Fetching webelement at runtime (//input[@placeholder='Type a Value'])[2]
2023-05-24 16:01:48.130 [main] INFO  com.webMethodsUI.flow.pageObjects.common.LoginPage - Entering header Value... application/jsonAnd header section index is 2
2023-05-24 16:01:48.569 [main] INFO  com.webMethodsUI.flow.pageObjects.common.LoginPage - Fetching webelement at runtime //*[text()='Mandatory']/../div/div/div/div[contains(@class,'singleValue')]
2023-05-24 16:01:48.616 [main] INFO  com.webMethodsUI.flow.pageObjects.common.LoginPage - Clicking on Drop Down..[[ChromeDriver: chrome on WINDOWS (0fd5803cbb3aab3326df7796e6e2c596)] -> xpath: //*[text()='Mandatory']/../div/div/div/div[contains(@class,'singleValue')]] at index..1
2023-05-24 16:01:49.043 [main] INFO  com.webMethodsUI.flow.pageObjects.common.LoginPage - Fetching webelement at runtime (//div[contains(text(),'Yes')])['2']
2023-05-24 16:01:49.102 [main] INFO  com.webMethodsUI.flow.pageObjects.common.LoginPage - selecting value from drop down link  Yes
2023-05-24 16:01:49.517 [main] INFO  com.webMethodsUI.flow.pageObjects.common.LoginPage - Fetching webelement at runtime //a[contains(text(),'Add Header')]
2023-05-24 16:01:49.554 [main] INFO  com.webMethodsUI.flow.pageObjects.common.LoginPage - Clicking on button... Add Header
2023-05-24 16:01:49.901 [main] INFO  com.webMethodsUI.flow.pageObjects.common.LoginPage - Fetching webelement at runtime (//input[@placeholder='Type the Header Name'])[2]
2023-05-24 16:01:49.937 [main] INFO  com.webMethodsUI.flow.pageObjects.common.LoginPage - Entering headerName... Content-TypeAnd header section index is 2
2023-05-24 16:01:50.254 [main] INFO  com.webMethodsUI.flow.pageObjects.common.LoginPage - Fetching webelement at runtime (//input[@placeholder='Type a Value'])[3]
2023-05-24 16:01:50.290 [main] INFO  com.webMethodsUI.flow.pageObjects.common.LoginPage - Entering header Value... application/jsonAnd header section index is 3
2023-05-24 16:01:50.749 [main] INFO  com.webMethodsUI.flow.pageObjects.common.LoginPage - Fetching webelement at runtime //*[text()='Mandatory']/../div/div/div/div[contains(@class,'singleValue')]
2023-05-24 16:01:50.807 [main] INFO  com.webMethodsUI.flow.pageObjects.common.LoginPage - Clicking on Drop Down..[[ChromeDriver: chrome on WINDOWS (0fd5803cbb3aab3326df7796e6e2c596)] -> xpath: //*[text()='Mandatory']/../div/div/div/div[contains(@class,'singleValue')]] at index..2
2023-05-24 16:01:51.211 [main] INFO  com.webMethodsUI.flow.pageObjects.common.LoginPage - Fetching webelement at runtime (//div[contains(text(),'Yes')])['3']
2023-05-24 16:01:51.262 [main] INFO  com.webMethodsUI.flow.pageObjects.common.LoginPage - selecting value from drop down link  Yes
2023-05-24 16:01:51.621 [main] INFO  com.webMethodsUI.flow.pageObjects.common.LoginPage - Verify requestTab is visible
2023-05-24 16:01:51.983 [main] INFO  com.webMethodsUI.flow.pageObjects.common.LoginPage - Fetching webelement at runtime //button[contains(text(),'Next')]
2023-05-24 16:01:52.010 [main] INFO  com.webMethodsUI.flow.pageObjects.common.LoginPage - Clicking on Button.. [[ChromeDriver: chrome on WINDOWS (0fd5803cbb3aab3326df7796e6e2c596)] -> xpath: //button[contains(text(),'Next')]]
2023-05-24 16:01:52.426 [main] INFO  com.webMethodsUI.flow.pageObjects.common.LoginPage - wait for page load
2023-05-24 16:01:52.628 [main] INFO  com.webMethodsUI.flow.pageObjects.common.LoginPage - Fetching webelement at runtime //a[contains(text(),'Add Header')]
2023-05-24 16:01:52.661 [main] INFO  com.webMethodsUI.flow.pageObjects.common.LoginPage - Clicking on Button Link.. Add Header
2023-05-24 16:01:53.024 [main] INFO  com.webMethodsUI.flow.pageObjects.common.LoginPage - Fetching webelement at runtime (//input[@placeholder='Type the Header Name'])[1]
2023-05-24 16:01:53.056 [main] INFO  com.webMethodsUI.flow.pageObjects.common.LoginPage - Entering headerName... Content-TypeAnd header section index is 1
2023-05-24 16:01:53.468 [main] INFO  com.webMethodsUI.flow.pageObjects.common.LoginPage - Fetching webelement at runtime (//input[@placeholder='Type a Value'])[1]
2023-05-24 16:01:53.518 [main] INFO  com.webMethodsUI.flow.pageObjects.common.LoginPage - Entering header Value... application/jsonAnd header section index is 1
2023-05-24 16:01:53.986 [main] INFO  com.webMethodsUI.flow.pageObjects.common.LoginPage - Fetching webelement at runtime //*[text()='Mandatory']/../div/div/div/div[contains(@class,'singleValue')]
2023-05-24 16:01:54.016 [main] INFO  com.webMethodsUI.flow.pageObjects.common.LoginPage - Clicking on Drop Down..[[ChromeDriver: chrome on WINDOWS (0fd5803cbb3aab3326df7796e6e2c596)] -> xpath: //*[text()='Mandatory']/../div/div/div/div[contains(@class,'singleValue')]] at index..0
2023-05-24 16:01:54.458 [main] INFO  com.webMethodsUI.flow.pageObjects.common.LoginPage - Fetching webelement at runtime (//div[contains(text(),'No')])['1']
2023-05-24 16:01:54.498 [main] INFO  com.webMethodsUI.flow.pageObjects.common.LoginPage - selecting value from drop down link  No
2023-05-24 16:01:54.946 [main] INFO  com.webMethodsUI.flow.pageObjects.common.LoginPage - Entering HTTP Code.. 200-500
2023-05-24 16:01:55.413 [main] INFO  com.webMethodsUI.flow.pageObjects.common.LoginPage - Verify HTTPCode is visible.. [[ChromeDriver: chrome on WINDOWS (0fd5803cbb3aab3326df7796e6e2c596)] -> xpath: //input[@placeholder='Type HTTP Codes, E.g. 200, 201 or 200-299']]
2023-05-24 16:01:55.645 [main] INFO  com.webMethodsUI.flow.pageObjects.common.LoginPage - Clicking on Add Document Plus icon 
2023-05-24 16:02:00.110 [main] INFO  com.webMethodsUI.flow.pageObjects.common.LoginPage - wait for page load
2023-05-24 16:02:00.372 [main] INFO  com.webMethodsUI.flow.pageObjects.common.LoginPage - Verify AddNewDocumentTitle is visible
2023-05-24 16:02:00.673 [main] INFO  com.webMethodsUI.flow.pageObjects.common.LoginPage - Entering documentTypeName... Document4
2023-05-24 16:02:01.050 [main] INFO  com.webMethodsUI.flow.pageObjects.common.LoginPage - Entering documentTypeName... Test Document Description is here....
2023-05-24 16:02:01.501 [main] INFO  com.webMethodsUI.flow.pageObjects.common.LoginPage - Fetching webelement at runtime //input[@type='submit'][@value='Save']
2023-05-24 16:02:01.548 [main] INFO  com.webMethodsUI.flow.pageObjects.common.LoginPage - Clicking on Save button
2023-05-24 16:02:02.005 [main] INFO  com.webMethodsUI.flow.pageObjects.common.LoginPage - Fetching webelement at runtime //div[@class='notification-message']
2023-05-24 16:02:05.566 [main] INFO  com.webMethodsUI.flow.pageObjects.common.LoginPage - wait for page load
2023-05-24 16:02:05.813 [main] INFO  com.webMethodsUI.flow.pageObjects.common.LoginPage - wait for page load
2023-05-24 16:02:06.124 [main] INFO  com.webMethodsUI.flow.pageObjects.common.LoginPage - Verify HTTPCode is visible.. [[ChromeDriver: chrome on WINDOWS (0fd5803cbb3aab3326df7796e6e2c596)] -> xpath: //input[@placeholder='Type HTTP Codes, E.g. 200, 201 or 200-299']]
2023-05-24 16:02:06.379 [main] INFO  com.webMethodsUI.flow.pageObjects.common.LoginPage - clicking DocumentTypeDropDown
2023-05-24 16:02:06.854 [main] INFO  com.webMethodsUI.flow.pageObjects.common.LoginPage - Fetching webelement at runtime //*[(text()='Document4')]
2023-05-24 16:02:06.905 [main] INFO  com.webMethodsUI.flow.pageObjects.common.LoginPage - clicking created document from dropdown.. [[ChromeDriver: chrome on WINDOWS (0fd5803cbb3aab3326df7796e6e2c596)] -> xpath: //*[(text()='Document4')]]
2023-05-24 16:02:07.367 [main] INFO  com.webMethodsUI.flow.pageObjects.common.LoginPage - Fetching webelement at runtime //button[contains(text(),'Next')]
2023-05-24 16:02:07.409 [main] INFO  com.webMethodsUI.flow.pageObjects.common.LoginPage - Clicking on Button.. [[ChromeDriver: chrome on WINDOWS (0fd5803cbb3aab3326df7796e6e2c596)] -> xpath: //button[contains(text(),'Next')]]
2023-05-24 16:02:07.901 [main] INFO  com.webMethodsUI.flow.pageObjects.common.LoginPage - wait for page load
2023-05-24 16:02:08.158 [main] INFO  com.webMethodsUI.flow.pageObjects.common.LoginPage - Verify resourcePageTitle is present
2023-05-24 16:02:08.540 [main] INFO  com.webMethodsUI.flow.pageObjects.common.LoginPage - Fetching webelement at runtime //button[contains(text(),'Save')]
2023-05-24 16:02:08.571 [main] INFO  com.webMethodsUI.flow.pageObjects.common.LoginPage - Clicking on Button.. Save
2023-05-24 16:02:09.030 [main] INFO  com.webMethodsUI.flow.pageObjects.common.LoginPage - wait for page load
2023-05-24 16:02:14.439 [main] INFO  com.webMethodsUI.flow.pageObjects.common.LoginPage - Verify resourcePageTitle is visible
2023-05-24 16:02:14.853 [main] INFO  com.webMethodsUI.flow.pageObjects.common.LoginPage - Fetching webelement at runtime //div[@class='tab-details']/ul/li/a/span[contains(text(),'Connectors')]
2023-05-24 16:02:14.909 [main] INFO  com.webMethodsUI.flow.pageObjects.common.LoginPage - Clicking on subMenu...Connectors
2023-05-24 16:02:15.389 [main] INFO  com.webMethodsUI.flow.pageObjects.common.LoginPage - wait for page load
2023-05-24 16:02:27.049 [main] INFO  com.webMethodsUI.flow.pageObjects.common.LoginPage - Fetching webelement at runtime //a[contains(text(),'REST')]
2023-05-24 16:02:27.078 [main] INFO  com.webMethodsUI.flow.pageObjects.common.LoginPage - Clicking on Left Panal MainMenu....REST
2023-05-24 16:02:27.359 [main] INFO  com.webMethodsUI.flow.pageObjects.common.LoginPage - wait for page load
2023-05-24 16:02:33.477 [main] INFO  com.webMethodsUI.flow.pageObjects.common.LoginPage - Verify RESTConnectorPageTitle is visible
2023-05-24 16:02:33.723 [main] INFO  com.webMethodsUI.flow.pageObjects.common.LoginPage - Fetching webelement at runtime //a[contains(text(),'MyFirstRESTConnectorTestApp')]/parent::div/span[2]/img
2023-05-24 16:02:33.757 [main] INFO  com.webMethodsUI.flow.pageObjects.common.LoginPage - mousehover on created REST connector MyFirstRESTConnectorTestApp
2023-05-24 16:02:34.063 [main] INFO  com.webMethodsUI.flow.pageObjects.common.LoginPage - Verify NewAccountButton is present
2023-05-24 16:02:34.208 [main] INFO  com.webMethodsUI.flow.pageObjects.common.LoginPage - Clicked on NewAccount Button...
2023-05-24 16:02:34.510 [main] INFO  com.webMethodsUI.flow.pageObjects.common.LoginPage - Verify AddAccountModelTitle is visible
2023-05-24 16:02:34.969 [main] INFO  com.webMethodsUI.flow.pageObjects.common.LoginPage - Clicking on authorization Drop Down....[[ChromeDriver: chrome on WINDOWS (0fd5803cbb3aab3326df7796e6e2c596)] -> xpath: //*[text()='Authorization Type']/../div/div/div/div[contains(@class,'singleValue')]]
2023-05-24 16:02:35.308 [main] INFO  com.webMethodsUI.flow.pageObjects.common.LoginPage - Selecting Auth type....basic
2023-05-24 16:02:35.617 [main] INFO  com.webMethodsUI.flow.pageObjects.common.LoginPage - Entering SNIserverName... reqres.in
2023-05-24 16:02:35.880 [main] INFO  com.webMethodsUI.flow.pageObjects.common.LoginPage - Entering user Name: wmioicqa
2023-05-24 16:02:36.126 [main] INFO  com.webMethodsUI.flow.pageObjects.common.LoginPage - Entering Password: [[ChromeDriver: chrome on WINDOWS (0fd5803cbb3aab3326df7796e6e2c596)] -> xpath: //input[@name='Password']]
2023-05-24 16:02:36.388 [main] INFO  com.webMethodsUI.flow.pageObjects.common.LoginPage - clicked on add button
2023-05-24 16:02:36.691 [main] INFO  com.webMethodsUI.flow.pageObjects.common.LoginPage - wait for page load
2023-05-24 16:02:43.646 [main] INFO  com.webMethodsUI.flow.pageObjects.common.LoginPage - Verify Account saved successfully message is visible
2023-05-24 16:02:43.816 [main] INFO  com.webMethodsUI.flow.pageObjects.common.LoginPage - Verify RESTConnectorPageTitle is visible
2023-05-24 16:02:48.730 [main] INFO  com.webMethodsUI.flow.pageObjects.common.LoginPage - Fetching webelement at runtime //div[contains(text(),'1 Account(s) configured')]
2023-05-24 16:02:48.760 [main] INFO  com.webMethodsUI.flow.pageObjects.common.LoginPage - Verify CreatedAccount is visible
2023-05-24 16:02:49.001 [main] INFO  com.webMethodsUI.flow.pageObjects.common.LoginPage - Fetching webelement at runtime //div[@class='tab-details']/ul/li/a/span[contains(text(),'Integrations')]
2023-05-24 16:02:49.039 [main] INFO  com.webMethodsUI.flow.pageObjects.common.LoginPage - Clicking on subMenu...Integrations
2023-05-24 16:02:49.454 [main] INFO  com.webMethodsUI.flow.pageObjects.common.LoginPage - wait for page load
2023-05-24 16:02:49.805 [main] INFO  com.webMethodsUI.flow.pageObjects.common.LoginPage - Fetching webelement at runtime //a[contains(text(),'FlowServices')]
2023-05-24 16:03:52.917 [main] INFO  com.webMethodsUI.flow.pageObjects.flowService.FlowServiceCanvasPage - flowService Canvas page Object created
2023-05-24 16:03:52.918 [main] INFO  com.webMethodsUI.flow.pageObjects.common.LoginPage - wait for page load
2023-05-24 16:03:53.126 [main] INFO  com.webMethodsUI.flow.pageObjects.common.LoginPage - wait for page load
2023-05-24 16:03:53.353 [main] INFO  com.webMethodsUI.flow.pageObjects.common.LoginPage - Click on runButton
2023-05-24 16:04:53.746 [main] INFO  com.webMethodsUI.flow.pageObjects.common.LoginPage - wait for page load
2023-05-24 16:04:53.949 [main] INFO  com.webMethodsUI.flow.pageObjects.common.LoginPage - clicking on Back arrowLink...
2023-05-24 16:05:54.382 [main] INFO  com.webMethodsUI.flow.pageObjects.common.LoginPage - Verify operationpageheading is visible
2023-05-24 16:06:54.812 [main] INFO  com.webMethodsUI.flow.pageObjects.common.LoginPage - Verify RESTConnectorPageTitle is visible
2023-05-24 16:07:55.069 [main] INFO  com.webMethodsUI.flow.pageObjects.common.LoginPage - Fetching webelement at runtime //div[@class='tab-details']/ul/li/a/span[contains(text(),'Connectors ')]
2023-05-24 16:07:55.100 [main] INFO  com.webMethodsUI.flow.pageObjects.common.LoginPage - Clicking on subMenu...Connectors 
2023-05-24 16:07:55.461 [main] INFO  com.webMethodsUI.flow.pageObjects.common.LoginPage - wait for page load
2023-05-24 16:08:55.769 [main] INFO  com.webMethodsUI.flow.pageObjects.common.LoginPage - Verify RESTConnectorPageTitle is visible
2023-05-24 16:09:56.027 [main] INFO  com.webMethodsUI.flow.pageObjects.common.LoginPage - Verify RESTConnectorPageTitle is visible
2023-05-24 16:10:56.340 [main] INFO  com.webMethodsUI.flow.pageObjects.common.LoginPage - Fetching webelement at runtime //div[@class='tab-details']/ul/li/a/span[contains(text(),'Integrations')]
2023-05-24 16:10:56.370 [main] INFO  com.webMethodsUI.flow.pageObjects.common.LoginPage - Clicking on subMenu...Integrations
2023-05-24 16:10:56.793 [main] INFO  com.webMethodsUI.flow.pageObjects.common.LoginPage - wait for page load
2023-05-24 16:10:58.229 [main] INFO  com.webMethodsUI.flow.pageObjects.common.LoginPage - Fetching webelement at runtime //a[contains(text(),'FlowServices')]
2023-05-24 16:11:58.626 [main] INFO  com.webMethodsUI.flow.pageObjects.common.LoginPage - Fetching webelement at runtime //div[@class='tab-details']/ul/li/a/span[contains(text(),'Connectors ')]
2023-05-24 16:11:58.678 [main] INFO  com.webMethodsUI.flow.pageObjects.common.LoginPage - Clicking on subMenu...Connectors 
2023-05-24 16:11:59.340 [main] INFO  com.webMethodsUI.flow.pageObjects.common.LoginPage - wait for page load
2023-05-24 16:12:00.987 [main] INFO  com.webMethodsUI.flow.pageObjects.common.LoginPage - Verify PredefinedConnectorTitle is visible
2023-05-24 16:13:01.421 [main] INFO  com.webMethodsUI.flow.pageObjects.common.LoginPage - Verify RESTConnectorPageTitle is visible
2023-05-24 16:14:01.760 [main] INFO  com.webMethodsUI.flow.pageObjects.common.LoginPage - Verify RESTConnectorPageTitle is visible
2023-05-24 16:15:02.034 [main] INFO  com.webMethodsUI.flow.pageObjects.common.LoginPage - Fetching webelement at runtime //a[@title='webMethods.io Integration']
2023-05-24 16:16:02.383 [main] INFO  com.webMethodsUI.flow.helper.wait.WaitHelper - WaitHelper Object created....
2023-05-24 16:16:02.415 [main] INFO  com.webMethodsUI.flow.helper.wait.WaitHelper - waiting for :Proxy element for: DefaultElementLocator 'By.xpath: //h1[contains(text(),'Monitor')]' for :40seconds
2023-05-24 16:16:43.233 [main] INFO  com.webMethodsUI.flow.helper.wait.WaitHelper - WaitHelper Object created....
2023-05-24 16:16:43.256 [main] INFO  com.webMethodsUI.flow.helper.wait.WaitHelper - waiting for :Proxy element for: DefaultElementLocator 'By.xpath: //h1[contains(text(),'Monitor')]' for :40seconds
2023-05-24 16:50:23.981 [main] INFO  com.webMethodsUI.flow.testbase.TestBase - ChromeDriver: chrome on WINDOWS (58a27d1ca68b2d2ca1f922116a7f2f2d)
2023-05-24 16:50:23.985 [main] INFO  com.webMethodsUI.flow.testbase.TestBase - Initilize Web Driver: 1187225933
2023-05-24 16:50:24.168 [main] INFO  com.webMethodsUI.flow.testbase.TestBase - Navigating to URLhttps://devrealm2.dev-int-aws-us.webmethods.io
2023-05-24 16:50:25.057 [main] INFO  com.webMethodsUI.flow.pageObjects.common.LoginPage - Verify username text field is visible
2023-05-24 16:50:30.207 [main] INFO  com.webMethodsUI.flow.pageObjects.common.LoginPage - Entering user Name: wmioicqa
2023-05-24 16:50:30.454 [main] INFO  com.webMethodsUI.flow.pageObjects.common.LoginPage - Entering user Name: [[ChromeDriver: chrome on WINDOWS (58a27d1ca68b2d2ca1f922116a7f2f2d)] -> xpath: //*[@id='password']]
2023-05-24 16:50:32.720 [main] INFO  com.webMethodsUI.flow.pageObjects.common.LoginPage - Click on Login Button
2023-05-24 16:50:35.730 [main] INFO  com.webMethodsUI.flow.pageObjects.common.LoginPage - wait for page load
2023-05-24 16:50:35.869 [main] INFO  com.webMethodsUI.flow.pageObjects.common.LoginPage - Verify Home page greet message is visible
2023-05-24 16:50:37.804 [main] INFO  com.webMethodsUI.flow.pageObjects.common.LoginPage - Verify create project plus button is visible
2023-05-24 16:50:39.236 [main] INFO  com.webMethodsUI.flow.pageObjects.common.LoginPage - Click on Add Project Button
2023-05-24 16:50:39.655 [main] INFO  com.webMethodsUI.flow.pageObjects.common.LoginPage - Entering Project Name ICUI_RESTApp24May1650
2023-05-24 16:50:39.907 [main] INFO  com.webMethodsUI.flow.pageObjects.common.LoginPage - Click createProject Button
2023-05-24 16:50:43.838 [main] INFO  com.webMethodsUI.flow.pageObjects.common.LoginPage - Verify project created successfully message is visible
2023-05-24 16:50:43.978 [main] INFO  com.webMethodsUI.flow.pageObjects.common.LoginPage - Verify ProjectDropDown is visible
2023-05-24 16:50:45.001 [main] INFO  com.webMethodsUI.flow.helper.wait.WaitHelper - WaitHelper Object created....
2023-05-24 16:50:45.026 [main] INFO  com.webMethodsUI.flow.helper.wait.WaitHelper - waiting for :Proxy element for: DefaultElementLocator 'By.xpath: //h1[contains(text(),'Monitor')]' for :40seconds
2023-05-24 16:51:25.672 [main] INFO  com.webMethodsUI.flow.helper.wait.WaitHelper - WaitHelper Object created....
2023-05-24 16:51:25.680 [main] INFO  com.webMethodsUI.flow.helper.wait.WaitHelper - waiting for :Proxy element for: DefaultElementLocator 'By.xpath: //h1[contains(text(),'Monitor')]' for :40seconds
2023-05-24 17:40:40.643 [main] INFO  com.webMethodsUI.flow.testbase.TestBase - ChromeDriver: chrome on WINDOWS (d0d921ad48dbc27086e5bfbb6c11175b)
2023-05-24 17:40:40.649 [main] INFO  com.webMethodsUI.flow.testbase.TestBase - Initilize Web Driver: 1051453514
2023-05-24 17:40:40.825 [main] INFO  com.webMethodsUI.flow.testbase.TestBase - Navigating to URLhttps://devrealm2.dev-int-aws-us.webmethods.io
2023-05-24 17:40:41.642 [main] INFO  com.webMethodsUI.flow.pageObjects.common.LoginPage - Verify username text field is visible
2023-05-24 17:40:47.311 [main] INFO  com.webMethodsUI.flow.pageObjects.common.LoginPage - Entering user Name: wmioicqa
2023-05-24 17:40:47.607 [main] INFO  com.webMethodsUI.flow.pageObjects.common.LoginPage - Entering user Name: [[ChromeDriver: chrome on WINDOWS (d0d921ad48dbc27086e5bfbb6c11175b)] -> xpath: //*[@id='password']]
2023-05-24 17:40:49.902 [main] INFO  com.webMethodsUI.flow.pageObjects.common.LoginPage - Click on Login Button
2023-05-24 17:40:52.698 [main] INFO  com.webMethodsUI.flow.pageObjects.common.LoginPage - wait for page load
2023-05-24 17:40:52.835 [main] INFO  com.webMethodsUI.flow.pageObjects.common.LoginPage - Verify Home page greet message is visible
2023-05-24 17:40:54.954 [main] INFO  com.webMethodsUI.flow.pageObjects.common.LoginPage - Verify create project plus button is visible
2023-05-24 17:40:56.302 [main] INFO  com.webMethodsUI.flow.pageObjects.common.LoginPage - Fetching webelement at runtime //a[contains(text(),'Monitor')]
2023-05-24 17:40:56.349 [main] INFO  com.webMethodsUI.flow.pageObjects.common.LoginPage - Clicking on Menu...Monitor
2023-05-24 17:40:56.711 [main] INFO  com.webMethodsUI.flow.pageObjects.common.LoginPage - wait for page load
2023-05-24 17:40:57.532 [main] INFO  com.webMethodsUI.flow.helper.wait.WaitHelper - WaitHelper Object created....
2023-05-24 17:40:57.550 [main] INFO  com.webMethodsUI.flow.helper.wait.WaitHelper - waiting for :[[ChromeDriver: chrome on WINDOWS (d0d921ad48dbc27086e5bfbb6c11175b)] -> xpath: //h1[contains(text(),'Monitor')]] for :40seconds
2023-05-24 17:40:57.564 [main] INFO  com.webMethodsUI.flow.helper.wait.WaitHelper - element is visible now.....
2023-05-24 17:40:57.564 [main] INFO  com.webMethodsUI.flow.pageObjects.monitor.MonitorPage - element is visible now....
2023-05-24 17:40:57.565 [main] INFO  com.webMethodsUI.flow.pageObjects.monitor.MonitorPage - Clicking on General Text on Monitor Page.......  
2023-05-24 17:40:57.581 [main] INFO  com.webMethodsUI.flow.helper.wait.WaitHelper - waiting for :[[ChromeDriver: chrome on WINDOWS (d0d921ad48dbc27086e5bfbb6c11175b)] -> xpath: //span[contains(text(),'General')]] for :40seconds
2023-05-24 17:40:57.612 [main] INFO  com.webMethodsUI.flow.helper.wait.WaitHelper - element is visible now.....
2023-05-24 17:40:57.662 [main] INFO  com.webMethodsUI.flow.pageObjects.monitor.MonitorPage - Clicking on Audit log  label on Monitor Page.......  
2023-05-24 17:40:57.692 [main] INFO  com.webMethodsUI.flow.helper.wait.WaitHelper - waiting for :[[ChromeDriver: chrome on WINDOWS (d0d921ad48dbc27086e5bfbb6c11175b)] -> xpath: //a[contains(text(),'Audit logs')]] for :40seconds
2023-05-24 17:40:57.717 [main] INFO  com.webMethodsUI.flow.helper.wait.WaitHelper - element is visible now.....
2023-05-24 17:40:57.787 [main] INFO  com.webMethodsUI.flow.pageObjects.monitor.MonitorPage - Clicking on Audit log  label on Monitor Page.......  
2023-05-24 17:40:57.821 [main] INFO  com.webMethodsUI.flow.helper.wait.WaitHelper - waiting for :[[ChromeDriver: chrome on WINDOWS (d0d921ad48dbc27086e5bfbb6c11175b)] -> xpath: //*[contains(text(),'Usage')]] for :40seconds
2023-05-24 17:40:57.844 [main] INFO  com.webMethodsUI.flow.helper.wait.WaitHelper - element is visible now.....
2023-05-24 17:40:57.890 [main] INFO  com.webMethodsUI.flow.pageObjects.monitor.MonitorPage - Clicking on Audit log  label on Monitor Page.......  
2023-05-24 17:40:57.891 [main] INFO  com.webMethodsUI.flow.helper.wait.WaitHelper - waiting for :[[ChromeDriver: chrome on WINDOWS (d0d921ad48dbc27086e5bfbb6c11175b)] -> xpath: //a[contains(text(),'Audit logs')]] for :40seconds
2023-05-24 17:40:57.917 [main] INFO  com.webMethodsUI.flow.helper.wait.WaitHelper - element is visible now.....
2023-05-24 17:40:57.968 [main] INFO  com.webMethodsUI.flow.helper.wait.WaitHelper - WaitHelper Object created....
2023-05-24 17:40:57.978 [main] INFO  com.webMethodsUI.flow.helper.wait.WaitHelper - waiting for :[[ChromeDriver: chrome on WINDOWS (d0d921ad48dbc27086e5bfbb6c11175b)] -> xpath: //span[contains(text(),'12h')]] for :40seconds
2023-05-24 17:40:57.995 [main] INFO  com.webMethodsUI.flow.helper.wait.WaitHelper - element is visible now.....
2023-05-24 17:40:57.995 [main] INFO  com.webMethodsUI.flow.pageObjects.monitor.AuditLogsPage -  waiting   title text   in  Audit log Page...... [[ChromeDriver: chrome on WINDOWS (d0d921ad48dbc27086e5bfbb6c11175b)] -> xpath: //span[contains(text(),'12h')]]
2023-05-24 17:40:57.996 [main] INFO  com.webMethodsUI.flow.pageObjects.monitor.AuditLogsPage - clear the element
2023-05-24 17:40:58.111 [main] INFO  com.webMethodsUI.flow.pageObjects.monitor.AuditLogsPage - Search the elementApplication
2023-05-24 17:40:58.235 [main] INFO  com.webMethodsUI.flow.pageObjects.monitor.AuditLogsPage -  Verifing  Action  text   in  Audit log Page...... 
2023-05-24 17:40:58.523 [main] INFO  com.webMethodsUI.flow.helper.wait.WaitHelper - WaitHelper Object created....
2023-05-24 17:40:58.540 [main] INFO  com.webMethodsUI.flow.helper.wait.WaitHelper - waiting for :[[ChromeDriver: chrome on WINDOWS (d0d921ad48dbc27086e5bfbb6c11175b)] -> xpath: //h1[contains(text(),'Monitor')]] for :40seconds
2023-05-24 17:40:58.557 [main] INFO  com.webMethodsUI.flow.helper.wait.WaitHelper - element is visible now.....
2023-05-24 17:40:58.557 [main] INFO  com.webMethodsUI.flow.pageObjects.monitor.MonitorPage - element is visible now....
2023-05-24 17:40:58.557 [main] INFO  com.webMethodsUI.flow.pageObjects.monitor.MonitorPage - Clicking on Audit log  label on Monitor Page.......  
2023-05-24 17:40:58.569 [main] INFO  com.webMethodsUI.flow.helper.wait.WaitHelper - waiting for :[[ChromeDriver: chrome on WINDOWS (d0d921ad48dbc27086e5bfbb6c11175b)] -> xpath: //a[contains(text(),'Audit logs')]] for :40seconds
2023-05-24 17:40:58.585 [main] INFO  com.webMethodsUI.flow.helper.wait.WaitHelper - element is visible now.....
2023-05-24 17:40:58.630 [main] INFO  com.webMethodsUI.flow.pageObjects.monitor.MonitorPage - Clicking on Audit log  label on Monitor Page.......  
2023-05-24 17:40:58.645 [main] INFO  com.webMethodsUI.flow.helper.wait.WaitHelper - waiting for :[[ChromeDriver: chrome on WINDOWS (d0d921ad48dbc27086e5bfbb6c11175b)] -> xpath: //*[contains(text(),'Usage')]] for :40seconds
2023-05-24 17:40:58.677 [main] INFO  com.webMethodsUI.flow.helper.wait.WaitHelper - element is visible now.....
2023-05-24 17:40:58.720 [main] INFO  com.webMethodsUI.flow.pageObjects.monitor.MonitorPage - Clicking on Audit log  label on Monitor Page.......  
2023-05-24 17:40:58.722 [main] INFO  com.webMethodsUI.flow.helper.wait.WaitHelper - waiting for :[[ChromeDriver: chrome on WINDOWS (d0d921ad48dbc27086e5bfbb6c11175b)] -> xpath: //a[contains(text(),'Audit logs')]] for :40seconds
2023-05-24 17:40:58.739 [main] INFO  com.webMethodsUI.flow.helper.wait.WaitHelper - element is visible now.....
2023-05-24 17:40:58.785 [main] INFO  com.webMethodsUI.flow.helper.wait.WaitHelper - WaitHelper Object created....
2023-05-24 17:40:58.798 [main] INFO  com.webMethodsUI.flow.helper.wait.WaitHelper - waiting for :[[ChromeDriver: chrome on WINDOWS (d0d921ad48dbc27086e5bfbb6c11175b)] -> xpath: //span[contains(text(),'12h')]] for :40seconds
2023-05-24 17:40:58.816 [main] INFO  com.webMethodsUI.flow.helper.wait.WaitHelper - element is visible now.....
2023-05-24 17:40:58.817 [main] INFO  com.webMethodsUI.flow.pageObjects.monitor.AuditLogsPage -  waiting   title text   in  Audit log Page...... [[ChromeDriver: chrome on WINDOWS (d0d921ad48dbc27086e5bfbb6c11175b)] -> xpath: //span[contains(text(),'12h')]]
2023-05-24 17:40:58.817 [main] INFO  com.webMethodsUI.flow.pageObjects.monitor.AuditLogsPage - clear the element
2023-05-24 17:40:58.917 [main] INFO  com.webMethodsUI.flow.pageObjects.monitor.AuditLogsPage - Search the elementApplication
2023-05-24 17:40:59.024 [main] INFO  com.webMethodsUI.flow.pageObjects.monitor.AuditLogsPage -  Verifing  Action  text   in  Audit log Page...... 
2023-05-24 17:41:45.858 [main] INFO  com.webMethodsUI.flow.testbase.TestBase - ChromeDriver: chrome on WINDOWS (c3d98c0a2270fa712e66df056ef59d03)
2023-05-24 17:41:45.860 [main] INFO  com.webMethodsUI.flow.testbase.TestBase - Initilize Web Driver: 1051453514
2023-05-24 17:41:46.034 [main] INFO  com.webMethodsUI.flow.testbase.TestBase - Navigating to URLhttps://devrealm2.dev-int-aws-us.webmethods.io
2023-05-24 17:41:46.856 [main] INFO  com.webMethodsUI.flow.pageObjects.common.LoginPage - Verify username text field is visible
2023-05-24 17:41:50.285 [main] INFO  com.webMethodsUI.flow.pageObjects.common.LoginPage - Entering user Name: wmioicqa
2023-05-24 17:41:50.493 [main] INFO  com.webMethodsUI.flow.pageObjects.common.LoginPage - Entering user Name: [[ChromeDriver: chrome on WINDOWS (c3d98c0a2270fa712e66df056ef59d03)] -> xpath: //*[@id='password']]
2023-05-24 17:41:52.702 [main] INFO  com.webMethodsUI.flow.pageObjects.common.LoginPage - Click on Login Button
2023-05-24 17:41:55.297 [main] INFO  com.webMethodsUI.flow.pageObjects.common.LoginPage - wait for page load
2023-05-24 17:41:55.413 [main] INFO  com.webMethodsUI.flow.pageObjects.common.LoginPage - Verify Home page greet message is visible
2023-05-24 17:41:57.347 [main] INFO  com.webMethodsUI.flow.pageObjects.common.LoginPage - Verify create project plus button is visible
2023-05-24 17:41:58.586 [main] INFO  com.webMethodsUI.flow.pageObjects.common.LoginPage - Fetching webelement at runtime //a[contains(text(),'Monitor')]
2023-05-24 17:41:58.617 [main] INFO  com.webMethodsUI.flow.pageObjects.common.LoginPage - Clicking on Menu...Monitor
2023-05-24 17:41:59.080 [main] INFO  com.webMethodsUI.flow.pageObjects.common.LoginPage - wait for page load
2023-05-24 17:41:59.734 [main] INFO  com.webMethodsUI.flow.helper.wait.WaitHelper - WaitHelper Object created....
2023-05-24 17:41:59.764 [main] INFO  com.webMethodsUI.flow.helper.wait.WaitHelper - waiting for :[[ChromeDriver: chrome on WINDOWS (c3d98c0a2270fa712e66df056ef59d03)] -> xpath: //h1[contains(text(),'Monitor')]] for :40seconds
2023-05-24 17:41:59.795 [main] INFO  com.webMethodsUI.flow.helper.wait.WaitHelper - element is visible now.....
2023-05-24 17:41:59.795 [main] INFO  com.webMethodsUI.flow.pageObjects.monitor.MonitorPage - element is visible now....
2023-05-24 17:41:59.796 [main] INFO  com.webMethodsUI.flow.pageObjects.monitor.MonitorPage - Clicking on General Text on Monitor Page.......  
2023-05-24 17:41:59.825 [main] INFO  com.webMethodsUI.flow.helper.wait.WaitHelper - waiting for :[[ChromeDriver: chrome on WINDOWS (c3d98c0a2270fa712e66df056ef59d03)] -> xpath: //span[contains(text(),'General')]] for :40seconds
2023-05-24 17:41:59.851 [main] INFO  com.webMethodsUI.flow.helper.wait.WaitHelper - element is visible now.....
2023-05-24 17:41:59.927 [main] INFO  com.webMethodsUI.flow.pageObjects.monitor.MonitorPage - Clicking on Audit log  label on Monitor Page.......  
2023-05-24 17:41:59.969 [main] INFO  com.webMethodsUI.flow.helper.wait.WaitHelper - waiting for :[[ChromeDriver: chrome on WINDOWS (c3d98c0a2270fa712e66df056ef59d03)] -> xpath: //a[contains(text(),'Audit logs')]] for :40seconds
2023-05-24 17:42:00.015 [main] INFO  com.webMethodsUI.flow.helper.wait.WaitHelper - element is visible now.....
2023-05-24 17:42:00.189 [main] INFO  com.webMethodsUI.flow.pageObjects.monitor.MonitorPage - Clicking on Audit log  label on Monitor Page.......  
2023-05-24 17:42:00.245 [main] INFO  com.webMethodsUI.flow.helper.wait.WaitHelper - waiting for :[[ChromeDriver: chrome on WINDOWS (c3d98c0a2270fa712e66df056ef59d03)] -> xpath: //*[contains(text(),'Usage')]] for :40seconds
2023-05-24 17:42:00.279 [main] INFO  com.webMethodsUI.flow.helper.wait.WaitHelper - element is visible now.....
2023-05-24 17:42:00.368 [main] INFO  com.webMethodsUI.flow.pageObjects.monitor.MonitorPage - Clicking on Audit log  label on Monitor Page.......  
2023-05-24 17:42:00.368 [main] INFO  com.webMethodsUI.flow.helper.wait.WaitHelper - waiting for :[[ChromeDriver: chrome on WINDOWS (c3d98c0a2270fa712e66df056ef59d03)] -> xpath: //a[contains(text(),'Audit logs')]] for :40seconds
2023-05-24 17:42:00.393 [main] INFO  com.webMethodsUI.flow.helper.wait.WaitHelper - element is visible now.....
2023-05-24 17:42:00.472 [main] INFO  com.webMethodsUI.flow.helper.wait.WaitHelper - WaitHelper Object created....
2023-05-24 17:42:00.523 [main] INFO  com.webMethodsUI.flow.helper.wait.WaitHelper - waiting for :[[ChromeDriver: chrome on WINDOWS (c3d98c0a2270fa712e66df056ef59d03)] -> xpath: //span[contains(text(),'12h')]] for :40seconds
2023-05-24 17:42:00.558 [main] INFO  com.webMethodsUI.flow.helper.wait.WaitHelper - element is visible now.....
2023-05-24 17:42:00.559 [main] INFO  com.webMethodsUI.flow.pageObjects.monitor.AuditLogsPage -  waiting   title text   in  Audit log Page...... [[ChromeDriver: chrome on WINDOWS (c3d98c0a2270fa712e66df056ef59d03)] -> xpath: //span[contains(text(),'12h')]]
2023-05-24 17:42:00.559 [main] INFO  com.webMethodsUI.flow.pageObjects.monitor.AuditLogsPage - clear the element
2023-05-24 17:42:00.705 [main] INFO  com.webMethodsUI.flow.pageObjects.monitor.AuditLogsPage - Search the elementApplication
2023-05-24 17:42:00.868 [main] INFO  com.webMethodsUI.flow.pageObjects.monitor.AuditLogsPage -  Verifing  Action  text   in  Audit log Page...... 
2023-05-24 17:42:01.170 [main] INFO  com.webMethodsUI.flow.helper.wait.WaitHelper - WaitHelper Object created....
2023-05-24 17:42:01.189 [main] INFO  com.webMethodsUI.flow.helper.wait.WaitHelper - waiting for :[[ChromeDriver: chrome on WINDOWS (c3d98c0a2270fa712e66df056ef59d03)] -> xpath: //h1[contains(text(),'Monitor')]] for :40seconds
2023-05-24 17:42:01.207 [main] INFO  com.webMethodsUI.flow.helper.wait.WaitHelper - element is visible now.....
2023-05-24 17:42:01.207 [main] INFO  com.webMethodsUI.flow.pageObjects.monitor.MonitorPage - element is visible now....
2023-05-24 17:42:01.208 [main] INFO  com.webMethodsUI.flow.pageObjects.monitor.MonitorPage - Clicking on Audit log  label on Monitor Page.......  
2023-05-24 17:42:01.221 [main] INFO  com.webMethodsUI.flow.helper.wait.WaitHelper - waiting for :[[ChromeDriver: chrome on WINDOWS (c3d98c0a2270fa712e66df056ef59d03)] -> xpath: //a[contains(text(),'Audit logs')]] for :40seconds
2023-05-24 17:42:01.253 [main] INFO  com.webMethodsUI.flow.helper.wait.WaitHelper - element is visible now.....
2023-05-24 17:42:01.300 [main] INFO  com.webMethodsUI.flow.pageObjects.monitor.MonitorPage - Clicking on Audit log  label on Monitor Page.......  
2023-05-24 17:42:01.310 [main] INFO  com.webMethodsUI.flow.helper.wait.WaitHelper - waiting for :[[ChromeDriver: chrome on WINDOWS (c3d98c0a2270fa712e66df056ef59d03)] -> xpath: //*[contains(text(),'Usage')]] for :40seconds
2023-05-24 17:42:01.346 [main] INFO  com.webMethodsUI.flow.helper.wait.WaitHelper - element is visible now.....
2023-05-24 17:42:01.389 [main] INFO  com.webMethodsUI.flow.pageObjects.monitor.MonitorPage - Clicking on Audit log  label on Monitor Page.......  
2023-05-24 17:42:01.389 [main] INFO  com.webMethodsUI.flow.helper.wait.WaitHelper - waiting for :[[ChromeDriver: chrome on WINDOWS (c3d98c0a2270fa712e66df056ef59d03)] -> xpath: //a[contains(text(),'Audit logs')]] for :40seconds
2023-05-24 17:42:01.421 [main] INFO  com.webMethodsUI.flow.helper.wait.WaitHelper - element is visible now.....
2023-05-24 17:42:01.467 [main] INFO  com.webMethodsUI.flow.helper.wait.WaitHelper - WaitHelper Object created....
2023-05-24 17:42:01.478 [main] INFO  com.webMethodsUI.flow.helper.wait.WaitHelper - waiting for :[[ChromeDriver: chrome on WINDOWS (c3d98c0a2270fa712e66df056ef59d03)] -> xpath: //span[contains(text(),'12h')]] for :40seconds
2023-05-24 17:42:01.495 [main] INFO  com.webMethodsUI.flow.helper.wait.WaitHelper - element is visible now.....
2023-05-24 17:42:01.495 [main] INFO  com.webMethodsUI.flow.pageObjects.monitor.AuditLogsPage -  waiting   title text   in  Audit log Page...... [[ChromeDriver: chrome on WINDOWS (c3d98c0a2270fa712e66df056ef59d03)] -> xpath: //span[contains(text(),'12h')]]
2023-05-24 17:42:01.496 [main] INFO  com.webMethodsUI.flow.pageObjects.monitor.AuditLogsPage - clear the element
2023-05-24 17:42:01.598 [main] INFO  com.webMethodsUI.flow.pageObjects.monitor.AuditLogsPage - Search the elementApplication
2023-05-24 17:42:01.704 [main] INFO  com.webMethodsUI.flow.pageObjects.monitor.AuditLogsPage -  Verifing  Action  text   in  Audit log Page...... 
