2025-02-12 15:59:05.959 [main] INFO  com.webMethodsUI.flow.testbase.TestBase - ChromeDriver: chrome on windows (b2b197a8a3ef6df9e87200bed3373433)
2025-02-12 15:59:05.963 [main] INFO  com.webMethodsUI.flow.testbase.TestBase - Initilize Web Driver: 1751753651
2025-02-12 15:59:05.991 [main] INFO  com.webMethodsUI.flow.testbase.TestBase - Navigating to URLhttps://azsprotenant6.int-az-us.webmethods-spro.io
2025-02-12 15:59:11.366 [main] INFO  com.webMethodsUI.flow.pageObjects.common.LoginPage - Verify username text field is visible
2025-02-12 15:59:21.203 [main] INFO  com.webMethodsUI.flow.pageObjects.common.LoginPage - Entering user Name: arti.spro6
2025-02-12 15:59:21.431 [main] INFO  com.webMethodsUI.flow.pageObjects.common.LoginPage - Entering Password: Artisprotenant6!
2025-02-12 15:59:23.682 [main] INFO  com.webMethodsUI.flow.pageObjects.common.LoginPage - Click on Login Button
2025-02-12 15:59:26.784 [main] INFO  com.webMethodsUI.flow.pageObjects.common.LoginPage - wait for page load
2025-02-12 15:59:26.913 [main] INFO  com.webMethodsUI.flow.pageObjects.common.LoginPage - wait for page load
2025-02-12 15:59:27.033 [main] INFO  com.webMethodsUI.flow.pageObjects.common.LoginPage - Verify Home page greet message is visible
2025-02-12 15:59:30.674 [main] INFO  com.webMethodsUI.flow.pageObjects.common.LoginPage - Verify create project plus button is visible
2025-02-12 15:59:31.206 [main] INFO  com.webMethodsUI.flow.pageObjects.common.LoginPage - click on User profile..
2025-02-12 15:59:31.610 [main] INFO  com.webMethodsUI.flow.pageObjects.common.LoginPage - click on settings..
2025-02-12 15:59:32.003 [main] INFO  com.webMethodsUI.flow.pageObjects.common.LoginPage - click on Version Control tab..
2025-02-12 15:59:32.501 [main] INFO  com.webMethodsUI.flow.pageObjects.common.LoginPage - click on Add Button..
2025-02-12 15:59:32.906 [main] INFO  com.webMethodsUI.flow.pageObjects.Settingpage.Oauthclientregistrationhomepage - Entering Github source control
2025-02-12 15:59:32.907 [main] INFO  com.webMethodsUI.flow.pageObjects.common.LoginPage - Enter the source control srcGithubCtrl_Arti
2025-02-12 15:59:33.266 [main] INFO  com.webMethodsUI.flow.pageObjects.Settingpage.Oauthclientregistrationhomepage - Entering Username
2025-02-12 15:59:33.266 [main] INFO  com.webMethodsUI.flow.pageObjects.common.LoginPage - Enter the User name ArtiKhareIBM
2025-02-12 15:59:33.562 [main] INFO  com.webMethodsUI.flow.pageObjects.common.LoginPage - Fetching webelement at runtime //div[contains(text(),'GitHub')]
2025-02-12 15:59:33.581 [main] INFO  com.webMethodsUI.flow.pageObjects.common.LoginPage - click on filter :GitHub
2025-02-12 15:59:33.916 [main] INFO  com.webMethodsUI.flow.pageObjects.common.LoginPage - Fetching webelement at runtime //div[contains(text(),'GitHub')]
2025-02-12 15:59:33.935 [main] INFO  com.webMethodsUI.flow.pageObjects.common.LoginPage - click on filter :GitHub
2025-02-12 15:59:34.366 [main] INFO  com.webMethodsUI.flow.pageObjects.Settingpage.Oauthclientregistrationhomepage - Entering HostName
2025-02-12 15:59:34.366 [main] INFO  com.webMethodsUI.flow.pageObjects.common.LoginPage - Entering HostName
2025-02-12 15:59:34.623 [main] INFO  com.webMethodsUI.flow.pageObjects.Settingpage.Oauthclientregistrationhomepage - Entering Personal Access Token
2025-02-12 15:59:34.623 [main] INFO  com.webMethodsUI.flow.pageObjects.common.LoginPage - Entering Personal Access Token
2025-02-12 15:59:34.957 [main] INFO  com.webMethodsUI.flow.pageObjects.Settingpage.Oauthclientregistrationhomepage - click Validate And Add...
2025-02-12 15:59:34.957 [main] INFO  com.webMethodsUI.flow.pageObjects.common.LoginPage - click Validate And Add...
2025-02-12 15:59:35.110 [main] INFO  com.webMethodsUI.flow.pageObjects.common.LoginPage - click on Validate Button..
2025-02-12 15:59:35.427 [main] INFO  com.webMethodsUI.flow.pageObjects.common.LoginPage - click on Add Version Control Button..
2025-02-12 15:59:36.735 [main] INFO  com.webMethodsUI.flow.pageObjects.common.LoginPage - checking success notification message for add success
2025-02-12 15:59:36.912 [main] INFO  com.webMethodsUI.flow.pageObjects.common.LoginPage - Fetching webelement at runtime //span[contains(text(),'srcGithubCtrl_Arti')]
2025-02-12 15:59:40.522 [main] INFO  com.webMethodsUI.flow.pageObjects.common.LoginPage - Verify vissible level is: srcGithubCtrl_Arti
2025-02-12 16:02:30.614 [main] INFO  com.webMethodsUI.flow.testbase.TestBase - ChromeDriver: chrome on windows (0ec9564bed5bc5d9b7f5e888fb4af38d)
2025-02-12 16:02:30.618 [main] INFO  com.webMethodsUI.flow.testbase.TestBase - Initilize Web Driver: 1751753651
2025-02-12 16:02:30.644 [main] INFO  com.webMethodsUI.flow.testbase.TestBase - Navigating to URLhttps://azsprotenant6.int-az-us.webmethods-spro.io
2025-02-12 16:02:35.172 [main] INFO  com.webMethodsUI.flow.pageObjects.common.LoginPage - Verify username text field is visible
2025-02-12 16:02:42.537 [main] INFO  com.webMethodsUI.flow.pageObjects.common.LoginPage - Entering user Name: arti.spro6
2025-02-12 16:02:42.727 [main] INFO  com.webMethodsUI.flow.pageObjects.common.LoginPage - Entering Password: Artisprotenant6!
2025-02-12 16:02:44.966 [main] INFO  com.webMethodsUI.flow.pageObjects.common.LoginPage - Click on Login Button
2025-02-12 16:02:48.268 [main] INFO  com.webMethodsUI.flow.pageObjects.common.LoginPage - wait for page load
2025-02-12 16:02:48.456 [main] INFO  com.webMethodsUI.flow.pageObjects.common.LoginPage - wait for page load
2025-02-12 16:02:48.567 [main] INFO  com.webMethodsUI.flow.pageObjects.common.LoginPage - Verify Home page greet message is visible
2025-02-12 16:02:52.719 [main] INFO  com.webMethodsUI.flow.pageObjects.common.LoginPage - Verify create project plus button is visible
2025-02-12 16:02:53.318 [main] INFO  com.webMethodsUI.flow.pageObjects.common.LoginPage - click on User profile..
2025-02-12 16:02:53.741 [main] INFO  com.webMethodsUI.flow.pageObjects.common.LoginPage - click on settings..
2025-02-12 16:02:54.140 [main] INFO  com.webMethodsUI.flow.pageObjects.common.LoginPage - click on Version Control tab..
2025-02-12 16:02:54.460 [main] INFO  com.webMethodsUI.flow.pageObjects.common.LoginPage - click on Add Button..
2025-02-12 16:02:55.033 [main] INFO  com.webMethodsUI.flow.pageObjects.Settingpage.Oauthclientregistrationhomepage - Entering Github source control
2025-02-12 16:02:55.033 [main] INFO  com.webMethodsUI.flow.pageObjects.common.LoginPage - Enter the source control srcGithubCtrl_Arti
2025-02-12 16:02:55.401 [main] INFO  com.webMethodsUI.flow.pageObjects.Settingpage.Oauthclientregistrationhomepage - Entering Username
2025-02-12 16:02:55.401 [main] INFO  com.webMethodsUI.flow.pageObjects.common.LoginPage - Enter the User name ArtiKhareIBM
2025-02-12 16:02:55.696 [main] INFO  com.webMethodsUI.flow.pageObjects.common.LoginPage - Fetching webelement at runtime //div[contains(text(),'GitHub')]
2025-02-12 16:02:55.720 [main] INFO  com.webMethodsUI.flow.pageObjects.common.LoginPage - click on filter :GitHub
2025-02-12 16:02:56.081 [main] INFO  com.webMethodsUI.flow.pageObjects.common.LoginPage - Fetching webelement at runtime //div[contains(text(),'GitHub')]
2025-02-12 16:02:56.100 [main] INFO  com.webMethodsUI.flow.pageObjects.common.LoginPage - click on filter :GitHub
2025-02-12 16:02:56.645 [main] INFO  com.webMethodsUI.flow.pageObjects.Settingpage.Oauthclientregistrationhomepage - Entering HostName
2025-02-12 16:02:56.645 [main] INFO  com.webMethodsUI.flow.pageObjects.common.LoginPage - Entering HostName
2025-02-12 16:02:56.902 [main] INFO  com.webMethodsUI.flow.pageObjects.Settingpage.Oauthclientregistrationhomepage - Entering Personal Access Token
2025-02-12 16:02:56.902 [main] INFO  com.webMethodsUI.flow.pageObjects.common.LoginPage - Entering Personal Access Token
2025-02-12 16:02:57.279 [main] INFO  com.webMethodsUI.flow.pageObjects.Settingpage.Oauthclientregistrationhomepage - click Validate And Add...
2025-02-12 16:02:57.279 [main] INFO  com.webMethodsUI.flow.pageObjects.common.LoginPage - click Validate And Add...
2025-02-12 16:02:57.433 [main] INFO  com.webMethodsUI.flow.pageObjects.common.LoginPage - click on Validate Button..
2025-02-12 16:02:57.736 [main] INFO  com.webMethodsUI.flow.pageObjects.common.LoginPage - click on Add Version Control Button..
2025-02-12 16:02:59.079 [main] INFO  com.webMethodsUI.flow.pageObjects.common.LoginPage - checking success notification message for add success
2025-02-12 16:02:59.296 [main] INFO  com.webMethodsUI.flow.pageObjects.common.LoginPage - Fetching webelement at runtime //span[contains(text(),'srcGithubCtrl_Arti')]
2025-02-12 16:02:59.325 [main] INFO  com.webMethodsUI.flow.pageObjects.common.LoginPage - Verify vissible level is: srcGithubCtrl_Arti
2025-02-12 16:02:59.490 [main] INFO  com.webMethodsUI.flow.pageObjects.Settingpage.Oauthclientregistrationhomepage - Deleting Source Control...
2025-02-12 16:02:59.491 [main] INFO  com.webMethodsUI.flow.pageObjects.common.LoginPage - Fetching webelement at runtime //span[normalize-space()='srcGithubCtrl_Arti']/ancestor::div[@class='git-account-row row']//a[contains(@title, 'Delete')]
2025-02-12 16:02:59.515 [main] INFO  com.webMethodsUI.flow.pageObjects.common.LoginPage - Removing the added source control :
2025-02-12 16:02:59.830 [main] INFO  com.webMethodsUI.flow.pageObjects.common.LoginPage - clicking confirm delete button..
2025-02-12 16:04:17.105 [main] INFO  com.webMethodsUI.flow.testbase.TestBase - ChromeDriver: chrome on windows (a0456f5c99842e8a0163d80b2747dfe9)
2025-02-12 16:04:17.108 [main] INFO  com.webMethodsUI.flow.testbase.TestBase - Initilize Web Driver: 1751753651
2025-02-12 16:04:17.136 [main] INFO  com.webMethodsUI.flow.testbase.TestBase - Navigating to URLhttps://azsprotenant6.int-az-us.webmethods-spro.io
2025-02-12 16:04:21.658 [main] INFO  com.webMethodsUI.flow.pageObjects.common.LoginPage - Verify username text field is visible
2025-02-12 16:04:33.165 [main] INFO  com.webMethodsUI.flow.pageObjects.common.LoginPage - Entering user Name: arti.spro6
2025-02-12 16:04:33.387 [main] INFO  com.webMethodsUI.flow.pageObjects.common.LoginPage - Entering Password: Artisprotenant6!
2025-02-12 16:04:35.681 [main] INFO  com.webMethodsUI.flow.pageObjects.common.LoginPage - Click on Login Button
2025-02-12 16:04:38.199 [main] INFO  com.webMethodsUI.flow.pageObjects.common.LoginPage - wait for page load
2025-02-12 16:04:38.369 [main] INFO  com.webMethodsUI.flow.pageObjects.common.LoginPage - wait for page load
2025-02-12 16:04:38.512 [main] INFO  com.webMethodsUI.flow.pageObjects.common.LoginPage - Verify Home page greet message is visible
2025-02-12 16:04:42.080 [main] INFO  com.webMethodsUI.flow.pageObjects.common.LoginPage - Verify create project plus button is visible
2025-02-12 16:04:42.567 [main] INFO  com.webMethodsUI.flow.pageObjects.common.LoginPage - click on User profile..
2025-02-12 16:04:42.995 [main] INFO  com.webMethodsUI.flow.pageObjects.common.LoginPage - click on settings..
2025-02-12 16:04:43.409 [main] INFO  com.webMethodsUI.flow.pageObjects.common.LoginPage - click on Version Control tab..
2025-02-12 16:04:43.840 [main] INFO  com.webMethodsUI.flow.pageObjects.common.LoginPage - click on Add Button..
2025-02-12 16:04:44.324 [main] INFO  com.webMethodsUI.flow.pageObjects.Settingpage.Oauthclientregistrationhomepage - Entering Github source control
2025-02-12 16:04:44.325 [main] INFO  com.webMethodsUI.flow.pageObjects.common.LoginPage - Enter the source control srcGithubCtrl_Arti
2025-02-12 16:04:44.733 [main] INFO  com.webMethodsUI.flow.pageObjects.Settingpage.Oauthclientregistrationhomepage - Entering Username
2025-02-12 16:04:44.733 [main] INFO  com.webMethodsUI.flow.pageObjects.common.LoginPage - Enter the User name ArtiKhareIBM
2025-02-12 16:04:45.011 [main] INFO  com.webMethodsUI.flow.pageObjects.common.LoginPage - Fetching webelement at runtime //div[contains(text(),'GitHub')]
2025-02-12 16:04:45.039 [main] INFO  com.webMethodsUI.flow.pageObjects.common.LoginPage - click on filter :GitHub
2025-02-12 16:04:45.574 [main] INFO  com.webMethodsUI.flow.pageObjects.common.LoginPage - Fetching webelement at runtime //div[contains(text(),'GitHub')]
2025-02-12 16:04:45.598 [main] INFO  com.webMethodsUI.flow.pageObjects.common.LoginPage - click on filter :GitHub
2025-02-12 16:04:45.865 [main] INFO  com.webMethodsUI.flow.pageObjects.Settingpage.Oauthclientregistrationhomepage - Entering HostName
2025-02-12 16:04:45.865 [main] INFO  com.webMethodsUI.flow.pageObjects.common.LoginPage - Entering HostName
2025-02-12 16:04:46.154 [main] INFO  com.webMethodsUI.flow.pageObjects.Settingpage.Oauthclientregistrationhomepage - Entering Personal Access Token
2025-02-12 16:04:46.154 [main] INFO  com.webMethodsUI.flow.pageObjects.common.LoginPage - Entering Personal Access Token
2025-02-12 16:04:46.528 [main] INFO  com.webMethodsUI.flow.pageObjects.Settingpage.Oauthclientregistrationhomepage - click Validate And Add...
2025-02-12 16:04:46.528 [main] INFO  com.webMethodsUI.flow.pageObjects.common.LoginPage - click Validate And Add...
2025-02-12 16:04:46.689 [main] INFO  com.webMethodsUI.flow.pageObjects.common.LoginPage - click on Validate Button..
2025-02-12 16:04:46.975 [main] INFO  com.webMethodsUI.flow.pageObjects.common.LoginPage - click on Add Version Control Button..
2025-02-12 16:04:48.326 [main] INFO  com.webMethodsUI.flow.pageObjects.common.LoginPage - checking success notification message for add success
2025-02-12 16:04:48.526 [main] INFO  com.webMethodsUI.flow.pageObjects.common.LoginPage - Fetching webelement at runtime //span[contains(text(),'srcGithubCtrl_Arti')]
2025-02-12 16:04:52.355 [main] INFO  com.webMethodsUI.flow.pageObjects.common.LoginPage - Verify vissible level is: srcGithubCtrl_Arti
2025-02-12 16:04:52.494 [main] INFO  com.webMethodsUI.flow.pageObjects.Settingpage.Oauthclientregistrationhomepage - Deleting Source Control...
2025-02-12 16:04:52.494 [main] INFO  com.webMethodsUI.flow.pageObjects.common.LoginPage - Fetching webelement at runtime //span[normalize-space()='srcGithubCtrl_Arti']/ancestor::div[@class='git-account-row row']//a[contains(@title, 'Delete')]
2025-02-12 16:04:52.520 [main] INFO  com.webMethodsUI.flow.pageObjects.common.LoginPage - Removing the added source control :
2025-02-12 16:04:52.864 [main] INFO  com.webMethodsUI.flow.pageObjects.common.LoginPage - clicking confirm delete button..
2025-02-12 16:04:53.179 [main] INFO  com.webMethodsUI.flow.pageObjects.common.LoginPage - Confirming Source Control delete.. 
2025-02-12 16:04:53.328 [main] INFO  com.webMethodsUI.flow.pageObjects.Settingpage.Oauthclientregistrationhomepage -  Source Control Deleted...
