2024-12-05 11:32:05.478 [main] INFO  com.webMethodsUI.flow.testbase.TestBase - ChromeDriver: chrome on windows (67ea7d2f57147e25480bb62402487337)
2024-12-05 11:32:05.484 [main] INFO  com.webMethodsUI.flow.testbase.TestBase - Initilize Web Driver: 837946527
2024-12-05 11:32:05.545 [main] INFO  com.webMethodsUI.flow.testbase.TestBase - Navigating to URLhttps://azsprotenant6.int-az-us.webmethods-spro.io/
2024-12-05 11:32:06.987 [main] INFO  com.webMethodsUI.flow.pageObjects.common.LoginPage - Verify username text field is visible
2024-12-05 11:32:16.505 [main] INFO  com.webMethodsUI.flow.pageObjects.common.LoginPage - Entering user Name: admin
2024-12-05 11:32:16.750 [main] INFO  com.webMethodsUI.flow.pageObjects.common.LoginPage - Entering Password: FMS2HdMkTDTHS_TS
2024-12-05 11:32:19.014 [main] INFO  com.webMethodsUI.flow.pageObjects.common.LoginPage - Click on Login Button
2024-12-05 11:32:21.671 [main] INFO  com.webMethodsUI.flow.pageObjects.common.LoginPage - wait for page load
2024-12-05 11:32:21.824 [main] INFO  com.webMethodsUI.flow.pageObjects.common.LoginPage - wait for page load
2024-12-05 11:32:21.961 [main] INFO  com.webMethodsUI.flow.pageObjects.common.LoginPage - Verify Home page greet message is visible
2024-12-05 11:32:25.676 [main] INFO  com.webMethodsUI.flow.pageObjects.common.LoginPage - Verify create project plus button is visible
2024-12-05 11:32:27.155 [main] INFO  com.webMethodsUI.flow.pageObjects.common.LoginPage - Fetching webelement at runtime //a[normalize-space()='Projects']
2024-12-05 11:32:27.186 [main] INFO  com.webMethodsUI.flow.pageObjects.common.LoginPage - Click on projetc
2024-12-05 11:32:36.570 [main] INFO  com.webMethodsUI.flow.pageObjects.common.LoginPage - Cicking on search project field
2024-12-05 11:32:36.843 [main] INFO  com.webMethodsUI.flow.pageObjects.common.LoginPage - Entering project name in search box: rajkaprojetc2
2024-12-05 11:32:37.103 [main] INFO  com.webMethodsUI.flow.pageObjects.common.LoginPage - Clicking on searchicon to search project
2024-12-05 11:32:37.409 [main] INFO  com.webMethodsUI.flow.pageObjects.common.LoginPage - wait for page load
2024-12-05 11:32:38.543 [main] INFO  com.webMethodsUI.flow.pageObjects.common.LoginPage - Clicking on Project [[ChromeDriver: chrome on windows (67ea7d2f57147e25480bb62402487337)] -> xpath: //span[contains(@class,'project-name')][contains(text(),'rajkaprojetc2')]]
2024-12-05 11:32:38.843 [main] INFO  com.webMethodsUI.flow.pageObjects.common.LoginPage - wait for page load
2024-12-05 11:32:41.043 [main] INFO  com.webMethodsUI.flow.pageObjects.common.LoginPage - Wait for loader is not Visible
2024-12-05 11:32:41.163 [main] INFO  com.webMethodsUI.flow.pageObjects.common.LoginPage - Fetching webelement at runtime //div[@class='tab-details']/ul/li/a/span[contains(text(),'Connectors ')]
2024-12-05 11:32:41.184 [main] INFO  com.webMethodsUI.flow.pageObjects.common.LoginPage - Wait for Element is visble
2024-12-05 11:32:41.318 [main] INFO  com.webMethodsUI.flow.pageObjects.common.LoginPage - Clicking on subMenu...Connectors 
2024-12-05 11:32:41.696 [main] INFO  com.webMethodsUI.flow.pageObjects.common.LoginPage - wait for page load
2024-12-05 11:32:46.552 [main] INFO  com.webMethodsUI.flow.pageObjects.common.LoginPage - Wait for loader is not visible
2024-12-05 11:32:46.689 [main] INFO  com.webMethodsUI.flow.pageObjects.common.LoginPage - Fetching webelement at runtime //a[contains(text(),'Deploy Anywhere')]
2024-12-05 11:32:46.721 [main] INFO  com.webMethodsUI.flow.pageObjects.common.LoginPage - Clicking on Left Panal MainMenu....Deploy Anywhere
2024-12-05 11:32:47.152 [main] INFO  com.webMethodsUI.flow.pageObjects.common.LoginPage - wait for page load
2024-12-05 11:32:48.285 [main] INFO  com.webMethodsUI.flow.pageObjects.common.LoginPage - Fetching webelement at runtime //div[contains(text(),'Connector')]
2024-12-05 11:32:48.303 [main] INFO  com.webMethodsUI.flow.pageObjects.common.LoginPage - Verify vissible level is: Connector
2024-12-05 11:32:48.406 [main] INFO  com.webMethodsUI.flow.pageObjects.common.LoginPage - Fetching webelement at runtime //span[@class='delite-icon dlt-icon-chevron-down icon-chevron-down']
2024-12-05 11:32:48.423 [main] INFO  com.webMethodsUI.flow.pageObjects.common.LoginPage - Click on connector details button
2024-12-05 11:32:48.700 [main] INFO  com.webMethodsUI.flow.pageObjects.common.LoginPage - Fetching webelement at runtime //a[contains(text(),'Manage runtimes')]
2024-12-05 11:32:48.741 [main] INFO  com.webMethodsUI.flow.pageObjects.common.LoginPage - Clicking on Manage Runtime
2024-12-05 11:32:49.059 [main] INFO  com.webMethodsUI.flow.pageObjects.common.LoginPage - Fetching webelement at runtime //span[normalize-space()='Cloud Designtime']/ancestor::div[@class='runtimes-item row']//i[@title='Edit configurations']
2024-12-05 11:32:49.426 [main] INFO  com.webMethodsUI.flow.pageObjects.common.LoginPage - click on icon: Cloud Designtime
2024-12-05 11:32:49.791 [main] INFO  com.webMethodsUI.flow.pageObjects.common.LoginPage - wait for loader is not visible
2024-12-05 11:32:49.971 [main] INFO  com.webMethodsUI.flow.pageObjects.common.LoginPage - Fetching webelement at runtime //div[@class='select-arrow-icon ']
2024-12-05 11:33:01.191 [main] INFO  com.webMethodsUI.flow.pageObjects.common.LoginPage - Click on drop down
2024-12-05 11:33:04.495 [main] INFO  com.webMethodsUI.flow.pageObjects.common.LoginPage - Fetching webelement at runtime //option[@value='LOCAL_TRANSACTION'][normalize-space()='LOCAL_TRANSACTION']
2024-12-05 11:33:04.514 [main] INFO  com.webMethodsUI.flow.pageObjects.common.LoginPage - Click on drop down value
2024-12-05 11:42:56.435 [main] INFO  com.webMethodsUI.flow.testbase.TestBase - ChromeDriver: chrome on windows (aeaa417a1fac4d40210e06d21c36fed6)
2024-12-05 11:42:56.439 [main] INFO  com.webMethodsUI.flow.testbase.TestBase - Initilize Web Driver: 199041063
2024-12-05 11:42:56.470 [main] INFO  com.webMethodsUI.flow.testbase.TestBase - Navigating to URLhttps://azsprotenant6.int-az-us.webmethods-spro.io/
2024-12-05 11:42:58.042 [main] INFO  com.webMethodsUI.flow.pageObjects.common.LoginPage - Verify username text field is visible
2024-12-05 11:43:09.539 [main] INFO  com.webMethodsUI.flow.pageObjects.common.LoginPage - Entering user Name: admin
2024-12-05 11:43:09.693 [main] INFO  com.webMethodsUI.flow.pageObjects.common.LoginPage - Entering Password: FMS2HdMkTDTHS_TS
2024-12-05 11:43:11.881 [main] INFO  com.webMethodsUI.flow.pageObjects.common.LoginPage - Click on Login Button
2024-12-05 11:43:14.626 [main] INFO  com.webMethodsUI.flow.pageObjects.common.LoginPage - wait for page load
2024-12-05 11:43:14.767 [main] INFO  com.webMethodsUI.flow.pageObjects.common.LoginPage - wait for page load
2024-12-05 11:43:14.912 [main] INFO  com.webMethodsUI.flow.pageObjects.common.LoginPage - Verify Home page greet message is visible
2024-12-05 11:43:19.137 [main] INFO  com.webMethodsUI.flow.pageObjects.common.LoginPage - Verify create project plus button is visible
2024-12-05 11:43:22.624 [main] INFO  com.webMethodsUI.flow.pageObjects.common.LoginPage - Fetching webelement at runtime //a[normalize-space()='Projects']
2024-12-05 11:43:22.653 [main] INFO  com.webMethodsUI.flow.pageObjects.common.LoginPage - Click on projetc
2024-12-05 11:43:31.991 [main] INFO  com.webMethodsUI.flow.pageObjects.common.LoginPage - Cicking on search project field
2024-12-05 11:43:32.226 [main] INFO  com.webMethodsUI.flow.pageObjects.common.LoginPage - Entering project name in search box: rajkaprojetc2
2024-12-05 11:43:32.438 [main] INFO  com.webMethodsUI.flow.pageObjects.common.LoginPage - Clicking on searchicon to search project
2024-12-05 11:43:32.718 [main] INFO  com.webMethodsUI.flow.pageObjects.common.LoginPage - wait for page load
2024-12-05 11:43:33.857 [main] INFO  com.webMethodsUI.flow.pageObjects.common.LoginPage - Clicking on Project [[ChromeDriver: chrome on windows (aeaa417a1fac4d40210e06d21c36fed6)] -> xpath: //span[contains(@class,'project-name')][contains(text(),'rajkaprojetc2')]]
2024-12-05 11:43:34.158 [main] INFO  com.webMethodsUI.flow.pageObjects.common.LoginPage - wait for page load
2024-12-05 11:43:36.384 [main] INFO  com.webMethodsUI.flow.pageObjects.common.LoginPage - Wait for loader is not Visible
2024-12-05 11:43:36.490 [main] INFO  com.webMethodsUI.flow.pageObjects.common.LoginPage - Fetching webelement at runtime //div[@class='tab-details']/ul/li/a/span[contains(text(),'Connectors ')]
2024-12-05 11:43:36.513 [main] INFO  com.webMethodsUI.flow.pageObjects.common.LoginPage - Wait for Element is visble
2024-12-05 11:43:36.633 [main] INFO  com.webMethodsUI.flow.pageObjects.common.LoginPage - Clicking on subMenu...Connectors 
2024-12-05 11:43:36.996 [main] INFO  com.webMethodsUI.flow.pageObjects.common.LoginPage - wait for page load
2024-12-05 11:43:41.556 [main] INFO  com.webMethodsUI.flow.pageObjects.common.LoginPage - Wait for loader is not visible
2024-12-05 11:43:41.665 [main] INFO  com.webMethodsUI.flow.pageObjects.common.LoginPage - Fetching webelement at runtime //a[contains(text(),'Deploy Anywhere')]
2024-12-05 11:43:41.683 [main] INFO  com.webMethodsUI.flow.pageObjects.common.LoginPage - Clicking on Left Panal MainMenu....Deploy Anywhere
2024-12-05 11:43:42.019 [main] INFO  com.webMethodsUI.flow.pageObjects.common.LoginPage - wait for page load
2024-12-05 11:43:43.129 [main] INFO  com.webMethodsUI.flow.pageObjects.common.LoginPage - Fetching webelement at runtime //div[contains(text(),'Connector')]
2024-12-05 11:43:43.146 [main] INFO  com.webMethodsUI.flow.pageObjects.common.LoginPage - Verify vissible level is: Connector
2024-12-05 11:43:43.241 [main] INFO  com.webMethodsUI.flow.pageObjects.common.LoginPage - Fetching webelement at runtime //span[@class='delite-icon dlt-icon-chevron-down icon-chevron-down']
2024-12-05 11:43:43.258 [main] INFO  com.webMethodsUI.flow.pageObjects.common.LoginPage - Click on connector details button
2024-12-05 11:43:43.490 [main] INFO  com.webMethodsUI.flow.pageObjects.common.LoginPage - Fetching webelement at runtime //a[contains(text(),'Manage runtimes')]
2024-12-05 11:43:43.523 [main] INFO  com.webMethodsUI.flow.pageObjects.common.LoginPage - Clicking on Manage Runtime
2024-12-05 11:43:43.851 [main] INFO  com.webMethodsUI.flow.pageObjects.common.LoginPage - Fetching webelement at runtime //span[normalize-space()='Cloud Designtime']/ancestor::div[@class='runtimes-item row']//i[@title='Edit configurations']
2024-12-05 11:43:44.553 [main] INFO  com.webMethodsUI.flow.pageObjects.common.LoginPage - click on icon: Cloud Designtime
2024-12-05 11:43:44.874 [main] INFO  com.webMethodsUI.flow.pageObjects.common.LoginPage - wait for loader is not visible
2024-12-05 11:43:45.251 [main] INFO  com.webMethodsUI.flow.pageObjects.common.LoginPage - Fetching webelement at runtime //div[@class='select-arrow-icon ']
2024-12-05 11:43:46.319 [main] INFO  com.webMethodsUI.flow.pageObjects.common.LoginPage - Click on drop down
2024-12-05 11:43:49.632 [main] INFO  com.webMethodsUI.flow.pageObjects.common.LoginPage - Fetching webelement at runtime //option[@value='LOCAL_TRANSACTION'][normalize-space()='LOCAL_TRANSACTION']
2024-12-05 11:43:49.649 [main] INFO  com.webMethodsUI.flow.pageObjects.common.LoginPage - Click on drop down value
2024-12-05 13:58:51.512 [main] INFO  com.webMethodsUI.flow.testbase.TestBase - ChromeDriver: chrome on windows (726275f0795a60ddae2a94f509478209)
2024-12-05 13:58:51.519 [main] INFO  com.webMethodsUI.flow.testbase.TestBase - Initilize Web Driver: 837946527
2024-12-05 13:58:51.630 [main] INFO  com.webMethodsUI.flow.testbase.TestBase - Navigating to URLhttps://azsprotenant6.int-az-us.webmethods-spro.io/
2024-12-05 13:58:53.085 [main] INFO  com.webMethodsUI.flow.pageObjects.common.LoginPage - Verify username text field is visible
2024-12-05 13:59:12.118 [main] INFO  com.webMethodsUI.flow.pageObjects.common.LoginPage - Entering user Name: admin
2024-12-05 13:59:12.267 [main] INFO  com.webMethodsUI.flow.pageObjects.common.LoginPage - Entering Password: FMS2HdMkTDTHS_TS
2024-12-05 13:59:14.421 [main] INFO  com.webMethodsUI.flow.pageObjects.common.LoginPage - Click on Login Button
2024-12-05 13:59:17.075 [main] INFO  com.webMethodsUI.flow.pageObjects.common.LoginPage - wait for page load
2024-12-05 13:59:17.215 [main] INFO  com.webMethodsUI.flow.pageObjects.common.LoginPage - wait for page load
2024-12-05 13:59:17.332 [main] INFO  com.webMethodsUI.flow.pageObjects.common.LoginPage - Verify Home page greet message is visible
2024-12-05 13:59:20.463 [main] INFO  com.webMethodsUI.flow.pageObjects.common.LoginPage - Verify create project plus button is visible
2024-12-05 13:59:21.934 [main] INFO  com.webMethodsUI.flow.pageObjects.common.LoginPage - Fetching webelement at runtime //a[normalize-space()='Projects']
2024-12-05 13:59:21.959 [main] INFO  com.webMethodsUI.flow.pageObjects.common.LoginPage - Click on projetc
2024-12-05 13:59:31.297 [main] INFO  com.webMethodsUI.flow.pageObjects.common.LoginPage - Cicking on search project field
2024-12-05 13:59:31.542 [main] INFO  com.webMethodsUI.flow.pageObjects.common.LoginPage - Entering project name in search box: rajkaprojetc2
2024-12-05 13:59:31.789 [main] INFO  com.webMethodsUI.flow.pageObjects.common.LoginPage - Clicking on searchicon to search project
2024-12-05 13:59:32.056 [main] INFO  com.webMethodsUI.flow.pageObjects.common.LoginPage - wait for page load
2024-12-05 13:59:33.180 [main] INFO  com.webMethodsUI.flow.pageObjects.common.LoginPage - Clicking on Project [[ChromeDriver: chrome on windows (726275f0795a60ddae2a94f509478209)] -> xpath: //span[contains(@class,'project-name')][contains(text(),'rajkaprojetc2')]]
2024-12-05 13:59:33.461 [main] INFO  com.webMethodsUI.flow.pageObjects.common.LoginPage - wait for page load
2024-12-05 13:59:35.633 [main] INFO  com.webMethodsUI.flow.pageObjects.common.LoginPage - Wait for loader is not Visible
2024-12-05 13:59:35.722 [main] INFO  com.webMethodsUI.flow.pageObjects.common.LoginPage - Fetching webelement at runtime //div[@class='tab-details']/ul/li/a/span[contains(text(),'Connectors ')]
2024-12-05 13:59:35.739 [main] INFO  com.webMethodsUI.flow.pageObjects.common.LoginPage - Wait for Element is visble
2024-12-05 13:59:35.817 [main] INFO  com.webMethodsUI.flow.pageObjects.common.LoginPage - Clicking on subMenu...Connectors 
2024-12-05 13:59:36.098 [main] INFO  com.webMethodsUI.flow.pageObjects.common.LoginPage - wait for page load
2024-12-05 13:59:40.818 [main] INFO  com.webMethodsUI.flow.pageObjects.common.LoginPage - Wait for loader is not visible
2024-12-05 13:59:40.902 [main] INFO  com.webMethodsUI.flow.pageObjects.common.LoginPage - Fetching webelement at runtime //a[contains(text(),'Deploy Anywhere')]
2024-12-05 13:59:40.922 [main] INFO  com.webMethodsUI.flow.pageObjects.common.LoginPage - Clicking on Left Panal MainMenu....Deploy Anywhere
2024-12-05 13:59:41.213 [main] INFO  com.webMethodsUI.flow.pageObjects.common.LoginPage - wait for page load
2024-12-05 13:59:42.323 [main] INFO  com.webMethodsUI.flow.pageObjects.common.LoginPage - Fetching webelement at runtime //div[contains(text(),'Connector')]
2024-12-05 13:59:42.339 [main] INFO  com.webMethodsUI.flow.pageObjects.common.LoginPage - Verify vissible level is: Connector
2024-12-05 13:59:42.422 [main] INFO  com.webMethodsUI.flow.pageObjects.common.LoginPage - Fetching webelement at runtime //span[@class='delite-icon dlt-icon-chevron-down icon-chevron-down']
2024-12-05 13:59:42.441 [main] INFO  com.webMethodsUI.flow.pageObjects.common.LoginPage - Click on connector details button
2024-12-05 13:59:42.673 [main] INFO  com.webMethodsUI.flow.pageObjects.common.LoginPage - Fetching webelement at runtime //a[contains(text(),'Manage runtimes')]
2024-12-05 13:59:42.700 [main] INFO  com.webMethodsUI.flow.pageObjects.common.LoginPage - Clicking on Manage Runtime
2024-12-05 13:59:42.978 [main] INFO  com.webMethodsUI.flow.pageObjects.common.LoginPage - Fetching webelement at runtime //span[normalize-space()='Cloud Designtime']/ancestor::div[@class='runtimes-item row']//i[@title='Edit configurations']
2024-12-05 13:59:43.408 [main] INFO  com.webMethodsUI.flow.pageObjects.common.LoginPage - click on icon: Cloud Designtime
2024-12-05 13:59:43.684 [main] INFO  com.webMethodsUI.flow.pageObjects.common.LoginPage - wait for loader is not visible
2024-12-05 13:59:43.802 [main] INFO  com.webMethodsUI.flow.pageObjects.common.LoginPage - Fetching webelement at runtime //select[@id='artConnection.JDBCAdapter.connection.SSL_ORCL.connectionSettings.transactionType']
