2025-02-10 09:07:12.245 [main] INFO  com.webMethodsUI.flow.testbase.TestBase - ChromeDriver: chrome on windows (3aee9d49fa264f3d9d80fe31d9d72e50)
2025-02-10 09:07:12.248 [main] INFO  com.webMethodsUI.flow.testbase.TestBase - Initilize Web Driver: 100703210
2025-02-10 09:07:12.275 [main] INFO  com.webMethodsUI.flow.testbase.TestBase - Navigating to URLhttps://azsprotenant6.int-az-us.webmethods-spro.io
2025-02-10 09:07:14.735 [main] INFO  com.webMethodsUI.flow.pageObjects.common.LoginPage - Verify username text field is visible
2025-02-10 09:07:26.758 [main] INFO  com.webMethodsUI.flow.pageObjects.common.LoginPage - Entering user Name: arti.spro6
2025-02-10 09:07:26.957 [main] INFO  com.webMethodsUI.flow.pageObjects.common.LoginPage - Entering Password: Artisprotenant6!
2025-02-10 09:07:29.187 [main] INFO  com.webMethodsUI.flow.pageObjects.common.LoginPage - Click on Login Button
2025-02-10 09:07:32.574 [main] INFO  com.webMethodsUI.flow.pageObjects.common.LoginPage - wait for page load
2025-02-10 09:07:32.705 [main] INFO  com.webMethodsUI.flow.pageObjects.common.LoginPage - wait for page load
2025-02-10 09:07:32.826 [main] INFO  com.webMethodsUI.flow.pageObjects.common.LoginPage - Verify Home page greet message is visible
2025-02-10 09:07:36.301 [main] INFO  com.webMethodsUI.flow.pageObjects.common.LoginPage - Verify create project plus button is visible
2025-02-10 09:07:38.297 [main] INFO  com.webMethodsUI.flow.pageObjects.common.LoginPage - click on User profile..
2025-02-10 09:10:20.449 [main] INFO  com.webMethodsUI.flow.testbase.TestBase - ChromeDriver: chrome on windows (a379b7cb16a87e98b4befe2bb0693d31)
2025-02-10 09:10:20.452 [main] INFO  com.webMethodsUI.flow.testbase.TestBase - Initilize Web Driver: 2076627578
2025-02-10 09:10:20.478 [main] INFO  com.webMethodsUI.flow.testbase.TestBase - Navigating to URLhttps://azsprotenant6.int-az-us.webmethods-spro.io
2025-02-10 09:10:22.434 [main] INFO  com.webMethodsUI.flow.pageObjects.common.LoginPage - Verify username text field is visible
2025-02-10 09:10:43.708 [main] INFO  com.webMethodsUI.flow.pageObjects.common.LoginPage - Entering user Name: arti.spro6
2025-02-10 09:10:43.879 [main] INFO  com.webMethodsUI.flow.pageObjects.common.LoginPage - Entering Password: Artisprotenant6!
2025-02-10 09:10:46.085 [main] INFO  com.webMethodsUI.flow.pageObjects.common.LoginPage - Click on Login Button
2025-02-10 09:10:49.095 [main] INFO  com.webMethodsUI.flow.pageObjects.common.LoginPage - wait for page load
2025-02-10 09:10:49.224 [main] INFO  com.webMethodsUI.flow.pageObjects.common.LoginPage - wait for page load
2025-02-10 09:10:49.332 [main] INFO  com.webMethodsUI.flow.pageObjects.common.LoginPage - Verify Home page greet message is visible
2025-02-10 09:10:52.940 [main] INFO  com.webMethodsUI.flow.pageObjects.common.LoginPage - Verify create project plus button is visible
2025-02-10 09:18:46.003 [main] INFO  com.webMethodsUI.flow.testbase.TestBase - ChromeDriver: chrome on windows (dbfda9c31ba7c3e9a3f4c2cdf2b7f69b)
2025-02-10 09:18:46.007 [main] INFO  com.webMethodsUI.flow.testbase.TestBase - Initilize Web Driver: 373973695
2025-02-10 09:18:46.040 [main] INFO  com.webMethodsUI.flow.testbase.TestBase - Navigating to URLhttps://azsprotenant6.int-az-us.webmethods-spro.io
2025-02-10 09:18:49.035 [main] INFO  com.webMethodsUI.flow.pageObjects.common.LoginPage - Verify username text field is visible
2025-02-10 09:19:03.716 [main] INFO  com.webMethodsUI.flow.pageObjects.common.LoginPage - Entering user Name: arti.spro6
2025-02-10 09:19:03.891 [main] INFO  com.webMethodsUI.flow.pageObjects.common.LoginPage - Entering Password: Artisprotenant6!
2025-02-10 09:19:06.178 [main] INFO  com.webMethodsUI.flow.pageObjects.common.LoginPage - Click on Login Button
2025-02-10 09:19:09.555 [main] INFO  com.webMethodsUI.flow.pageObjects.common.LoginPage - wait for page load
2025-02-10 09:19:09.695 [main] INFO  com.webMethodsUI.flow.pageObjects.common.LoginPage - wait for page load
2025-02-10 09:19:09.807 [main] INFO  com.webMethodsUI.flow.pageObjects.common.LoginPage - Verify Home page greet message is visible
2025-02-10 09:19:13.449 [main] INFO  com.webMethodsUI.flow.pageObjects.common.LoginPage - Verify create project plus button is visible
2025-02-10 09:19:14.941 [main] INFO  com.webMethodsUI.flow.pageObjects.common.LoginPage - click on User profile..
2025-02-10 09:19:15.318 [main] INFO  com.webMethodsUI.flow.pageObjects.common.LoginPage - click on settings..
2025-02-10 09:52:43.522 [main] INFO  com.webMethodsUI.flow.testbase.TestBase - ChromeDriver: chrome on windows (1b599974720245760f3e5a00f21c979f)
2025-02-10 09:52:43.525 [main] INFO  com.webMethodsUI.flow.testbase.TestBase - Initilize Web Driver: 2076627578
2025-02-10 09:52:43.553 [main] INFO  com.webMethodsUI.flow.testbase.TestBase - Navigating to URLhttps://azsprotenant6.int-az-us.webmethods-spro.io
2025-02-10 09:52:46.497 [main] INFO  com.webMethodsUI.flow.pageObjects.common.LoginPage - Verify username text field is visible
2025-02-10 09:52:57.764 [main] INFO  com.webMethodsUI.flow.pageObjects.common.LoginPage - Entering user Name: arti.spro6
2025-02-10 09:52:57.953 [main] INFO  com.webMethodsUI.flow.pageObjects.common.LoginPage - Entering Password: Artisprotenant6!
2025-02-10 09:53:00.173 [main] INFO  com.webMethodsUI.flow.pageObjects.common.LoginPage - Click on Login Button
2025-02-10 09:53:03.858 [main] INFO  com.webMethodsUI.flow.pageObjects.common.LoginPage - wait for page load
2025-02-10 09:53:03.991 [main] INFO  com.webMethodsUI.flow.pageObjects.common.LoginPage - wait for page load
2025-02-10 09:53:04.121 [main] INFO  com.webMethodsUI.flow.pageObjects.common.LoginPage - Verify Home page greet message is visible
2025-02-10 09:53:07.600 [main] INFO  com.webMethodsUI.flow.pageObjects.common.LoginPage - Verify create project plus button is visible
2025-02-10 09:53:09.084 [main] INFO  com.webMethodsUI.flow.pageObjects.common.LoginPage - click on User profile..
2025-02-10 09:53:09.460 [main] INFO  com.webMethodsUI.flow.pageObjects.common.LoginPage - click on settings..
2025-02-10 09:53:09.827 [main] INFO  com.webMethodsUI.flow.pageObjects.common.LoginPage - click on Version Control tab..
2025-02-10 09:59:07.278 [main] INFO  com.webMethodsUI.flow.testbase.TestBase - ChromeDriver: chrome on windows (bcacc7588b641728006638fc1fa3d01e)
2025-02-10 09:59:07.281 [main] INFO  com.webMethodsUI.flow.testbase.TestBase - Initilize Web Driver: 100703210
2025-02-10 09:59:07.311 [main] INFO  com.webMethodsUI.flow.testbase.TestBase - Navigating to URLhttps://azsprotenant6.int-az-us.webmethods-spro.io
2025-02-10 09:59:09.146 [main] INFO  com.webMethodsUI.flow.pageObjects.common.LoginPage - Verify username text field is visible
2025-02-10 09:59:24.083 [main] INFO  com.webMethodsUI.flow.pageObjects.common.LoginPage - Entering user Name: arti.spro6
2025-02-10 09:59:24.271 [main] INFO  com.webMethodsUI.flow.pageObjects.common.LoginPage - Entering Password: Artisprotenant6!
2025-02-10 09:59:26.499 [main] INFO  com.webMethodsUI.flow.pageObjects.common.LoginPage - Click on Login Button
2025-02-10 09:59:29.590 [main] INFO  com.webMethodsUI.flow.pageObjects.common.LoginPage - wait for page load
2025-02-10 09:59:29.727 [main] INFO  com.webMethodsUI.flow.pageObjects.common.LoginPage - wait for page load
2025-02-10 09:59:29.845 [main] INFO  com.webMethodsUI.flow.pageObjects.common.LoginPage - Verify Home page greet message is visible
2025-02-10 09:59:33.568 [main] INFO  com.webMethodsUI.flow.pageObjects.common.LoginPage - Verify create project plus button is visible
2025-02-10 09:59:34.037 [main] INFO  com.webMethodsUI.flow.pageObjects.common.LoginPage - click on User profile..
2025-02-10 09:59:34.428 [main] INFO  com.webMethodsUI.flow.pageObjects.common.LoginPage - click on settings..
2025-02-10 09:59:34.795 [main] INFO  com.webMethodsUI.flow.pageObjects.common.LoginPage - click on Version Control tab..
2025-02-10 09:59:35.112 [main] INFO  com.webMethodsUI.flow.pageObjects.common.LoginPage - click on Add Button..
2025-02-10 10:17:25.275 [main] INFO  com.webMethodsUI.flow.testbase.TestBase - ChromeDriver: chrome on windows (786f29d7438644ed63661031f0504b15)
2025-02-10 10:17:25.279 [main] INFO  com.webMethodsUI.flow.testbase.TestBase - Initilize Web Driver: 1970707120
2025-02-10 10:17:25.306 [main] INFO  com.webMethodsUI.flow.testbase.TestBase - Navigating to URLhttps://azsprotenant6.int-az-us.webmethods-spro.io
2025-02-10 10:17:28.292 [main] INFO  com.webMethodsUI.flow.pageObjects.common.LoginPage - Verify username text field is visible
2025-02-10 10:17:38.815 [main] INFO  com.webMethodsUI.flow.pageObjects.common.LoginPage - Entering user Name: arti.spro6
2025-02-10 10:17:39.015 [main] INFO  com.webMethodsUI.flow.pageObjects.common.LoginPage - Entering Password: Artisprotenant6!
2025-02-10 10:17:41.286 [main] INFO  com.webMethodsUI.flow.pageObjects.common.LoginPage - Click on Login Button
2025-02-10 10:17:44.571 [main] INFO  com.webMethodsUI.flow.pageObjects.common.LoginPage - wait for page load
2025-02-10 10:17:44.696 [main] INFO  com.webMethodsUI.flow.pageObjects.common.LoginPage - wait for page load
2025-02-10 10:17:44.808 [main] INFO  com.webMethodsUI.flow.pageObjects.common.LoginPage - Verify Home page greet message is visible
2025-02-10 10:17:48.437 [main] INFO  com.webMethodsUI.flow.pageObjects.common.LoginPage - Verify create project plus button is visible
2025-02-10 10:17:49.887 [main] INFO  com.webMethodsUI.flow.pageObjects.common.LoginPage - click on User profile..
2025-02-10 10:17:50.257 [main] INFO  com.webMethodsUI.flow.pageObjects.common.LoginPage - click on settings..
2025-02-10 10:17:50.656 [main] INFO  com.webMethodsUI.flow.pageObjects.common.LoginPage - click on Version Control tab..
2025-02-10 10:17:50.983 [main] INFO  com.webMethodsUI.flow.pageObjects.common.LoginPage - click on Add Button..
2025-02-10 10:21:31.392 [main] INFO  com.webMethodsUI.flow.testbase.TestBase - ChromeDriver: chrome on windows (f9a3e7d74a153d255c572798284af9cc)
2025-02-10 10:21:31.395 [main] INFO  com.webMethodsUI.flow.testbase.TestBase - Initilize Web Driver: 2076627578
2025-02-10 10:21:31.420 [main] INFO  com.webMethodsUI.flow.testbase.TestBase - Navigating to URLhttps://azsprotenant6.int-az-us.webmethods-spro.io
2025-02-10 10:21:34.244 [main] INFO  com.webMethodsUI.flow.pageObjects.common.LoginPage - Verify username text field is visible
2025-02-10 10:21:43.858 [main] INFO  com.webMethodsUI.flow.pageObjects.common.LoginPage - Entering user Name: arti.spro6
2025-02-10 10:21:44.063 [main] INFO  com.webMethodsUI.flow.pageObjects.common.LoginPage - Entering Password: Artisprotenant6!
2025-02-10 10:21:46.304 [main] INFO  com.webMethodsUI.flow.pageObjects.common.LoginPage - Click on Login Button
2025-02-10 10:21:49.393 [main] INFO  com.webMethodsUI.flow.pageObjects.common.LoginPage - wait for page load
2025-02-10 10:21:49.517 [main] INFO  com.webMethodsUI.flow.pageObjects.common.LoginPage - wait for page load
2025-02-10 10:21:49.626 [main] INFO  com.webMethodsUI.flow.pageObjects.common.LoginPage - Verify Home page greet message is visible
2025-02-10 10:21:53.122 [main] INFO  com.webMethodsUI.flow.pageObjects.common.LoginPage - Verify create project plus button is visible
2025-02-10 10:21:54.598 [main] INFO  com.webMethodsUI.flow.pageObjects.common.LoginPage - click on User profile..
2025-02-10 10:21:54.956 [main] INFO  com.webMethodsUI.flow.pageObjects.common.LoginPage - click on settings..
2025-02-10 10:21:55.334 [main] INFO  com.webMethodsUI.flow.pageObjects.common.LoginPage - click on Version Control tab..
2025-02-10 10:21:55.673 [main] INFO  com.webMethodsUI.flow.pageObjects.common.LoginPage - click on Add Button..
2025-02-10 10:27:30.515 [main] INFO  com.webMethodsUI.flow.testbase.TestBase - ChromeDriver: chrome on windows (fced9284c68abcd0cb2b7d097bcf429c)
2025-02-10 10:27:30.518 [main] INFO  com.webMethodsUI.flow.testbase.TestBase - Initilize Web Driver: 2076627578
2025-02-10 10:27:30.543 [main] INFO  com.webMethodsUI.flow.testbase.TestBase - Navigating to URLhttps://azsprotenant6.int-az-us.webmethods-spro.io
2025-02-10 10:27:32.144 [main] INFO  com.webMethodsUI.flow.pageObjects.common.LoginPage - Verify username text field is visible
2025-02-10 10:27:41.655 [main] INFO  com.webMethodsUI.flow.pageObjects.common.LoginPage - Entering user Name: arti.spro6
2025-02-10 10:27:41.816 [main] INFO  com.webMethodsUI.flow.pageObjects.common.LoginPage - Entering Password: Artisprotenant6!
2025-02-10 10:27:44.042 [main] INFO  com.webMethodsUI.flow.pageObjects.common.LoginPage - Click on Login Button
2025-02-10 10:27:46.924 [main] INFO  com.webMethodsUI.flow.pageObjects.common.LoginPage - wait for page load
2025-02-10 10:27:47.054 [main] INFO  com.webMethodsUI.flow.pageObjects.common.LoginPage - wait for page load
2025-02-10 10:27:47.173 [main] INFO  com.webMethodsUI.flow.pageObjects.common.LoginPage - Verify Home page greet message is visible
2025-02-10 10:27:50.824 [main] INFO  com.webMethodsUI.flow.pageObjects.common.LoginPage - Verify create project plus button is visible
2025-02-10 10:27:52.288 [main] INFO  com.webMethodsUI.flow.pageObjects.common.LoginPage - click on User profile..
2025-02-10 10:27:52.672 [main] INFO  com.webMethodsUI.flow.pageObjects.common.LoginPage - click on settings..
2025-02-10 10:27:53.029 [main] INFO  com.webMethodsUI.flow.pageObjects.common.LoginPage - click on Version Control tab..
2025-02-10 10:27:53.361 [main] INFO  com.webMethodsUI.flow.pageObjects.common.LoginPage - click on Add Button..
2025-02-10 10:27:53.728 [main] INFO  com.webMethodsUI.flow.pageObjects.Settingpage.Oauthclientregistrationhomepage - Entering Github source control
2025-02-10 10:27:53.728 [main] INFO  com.webMethodsUI.flow.pageObjects.common.LoginPage - Enter the source control srcGithubCtrl_Arti
2025-02-10 11:31:18.934 [main] INFO  com.webMethodsUI.flow.testbase.TestBase - ChromeDriver: chrome on windows (d55054d4d46590f6e19ef1b46fa53de1)
2025-02-10 11:31:18.939 [main] INFO  com.webMethodsUI.flow.testbase.TestBase - Initilize Web Driver: 2076627578
2025-02-10 11:31:18.974 [main] INFO  com.webMethodsUI.flow.testbase.TestBase - Navigating to URLhttps://azsprotenant6.int-az-us.webmethods-spro.io
2025-02-10 11:31:22.400 [main] INFO  com.webMethodsUI.flow.pageObjects.common.LoginPage - Verify username text field is visible
2025-02-10 11:31:32.681 [main] INFO  com.webMethodsUI.flow.pageObjects.common.LoginPage - Entering user Name: arti.spro6
2025-02-10 11:31:32.884 [main] INFO  com.webMethodsUI.flow.pageObjects.common.LoginPage - Entering Password: Artisprotenant6!
2025-02-10 11:31:35.120 [main] INFO  com.webMethodsUI.flow.pageObjects.common.LoginPage - Click on Login Button
2025-02-10 11:31:38.261 [main] INFO  com.webMethodsUI.flow.pageObjects.common.LoginPage - wait for page load
2025-02-10 11:31:38.374 [main] INFO  com.webMethodsUI.flow.pageObjects.common.LoginPage - wait for page load
2025-02-10 11:31:38.494 [main] INFO  com.webMethodsUI.flow.pageObjects.common.LoginPage - Verify Home page greet message is visible
2025-02-10 11:31:41.982 [main] INFO  com.webMethodsUI.flow.pageObjects.common.LoginPage - Verify create project plus button is visible
2025-02-10 11:31:43.483 [main] INFO  com.webMethodsUI.flow.pageObjects.common.LoginPage - click on User profile..
2025-02-10 11:31:43.862 [main] INFO  com.webMethodsUI.flow.pageObjects.common.LoginPage - click on settings..
2025-02-10 11:31:44.256 [main] INFO  com.webMethodsUI.flow.pageObjects.common.LoginPage - click on Version Control tab..
2025-02-10 11:31:44.567 [main] INFO  com.webMethodsUI.flow.pageObjects.common.LoginPage - click on Add Button..
2025-02-10 11:31:44.924 [main] INFO  com.webMethodsUI.flow.pageObjects.Settingpage.Oauthclientregistrationhomepage - Entering Github source control
2025-02-10 11:31:44.925 [main] INFO  com.webMethodsUI.flow.pageObjects.common.LoginPage - Enter the source control srcGithubCtrl_Arti
2025-02-10 11:31:45.209 [main] INFO  com.webMethodsUI.flow.pageObjects.Settingpage.Oauthclientregistrationhomepage - Entering Username
2025-02-10 11:31:45.209 [main] INFO  com.webMethodsUI.flow.pageObjects.common.LoginPage - Enter the User name ArtiKhareIBM
2025-02-10 11:31:45.458 [main] INFO  com.webMethodsUI.flow.pageObjects.Settingpage.Oauthclientregistrationhomepage - Entering Username
2025-02-10 11:31:45.458 [main] INFO  com.webMethodsUI.flow.pageObjects.common.LoginPage - Selecting Git Provider
2025-02-10 12:25:33.481 [main] INFO  com.webMethodsUI.flow.testbase.TestBase - ChromeDriver: chrome on windows (e5e7c6a1ff94d23062ea999e89d58dc6)
2025-02-10 12:25:33.484 [main] INFO  com.webMethodsUI.flow.testbase.TestBase - Initilize Web Driver: 2076627578
2025-02-10 12:25:33.509 [main] INFO  com.webMethodsUI.flow.testbase.TestBase - Navigating to URLhttps://azsprotenant6.int-az-us.webmethods-spro.io
2025-02-10 12:25:36.472 [main] INFO  com.webMethodsUI.flow.pageObjects.common.LoginPage - Verify username text field is visible
2025-02-10 12:25:48.776 [main] INFO  com.webMethodsUI.flow.pageObjects.common.LoginPage - Entering user Name: arti.spro6
2025-02-10 12:25:48.969 [main] INFO  com.webMethodsUI.flow.pageObjects.common.LoginPage - Entering Password: Artisprotenant6!
2025-02-10 12:25:51.188 [main] INFO  com.webMethodsUI.flow.pageObjects.common.LoginPage - Click on Login Button
2025-02-10 12:25:54.487 [main] INFO  com.webMethodsUI.flow.pageObjects.common.LoginPage - wait for page load
2025-02-10 12:25:54.603 [main] INFO  com.webMethodsUI.flow.pageObjects.common.LoginPage - wait for page load
2025-02-10 12:25:54.721 [main] INFO  com.webMethodsUI.flow.pageObjects.common.LoginPage - Verify Home page greet message is visible
2025-02-10 12:25:58.155 [main] INFO  com.webMethodsUI.flow.pageObjects.common.LoginPage - Verify create project plus button is visible
2025-02-10 12:25:59.618 [main] INFO  com.webMethodsUI.flow.pageObjects.common.LoginPage - click on User profile..
2025-02-10 12:26:00.002 [main] INFO  com.webMethodsUI.flow.pageObjects.common.LoginPage - click on settings..
2025-02-10 12:26:00.378 [main] INFO  com.webMethodsUI.flow.pageObjects.common.LoginPage - click on Version Control tab..
2025-02-10 12:26:00.694 [main] INFO  com.webMethodsUI.flow.pageObjects.common.LoginPage - click on Add Button..
2025-02-10 12:26:01.023 [main] INFO  com.webMethodsUI.flow.pageObjects.Settingpage.Oauthclientregistrationhomepage - Entering Github source control
2025-02-10 12:26:01.023 [main] INFO  com.webMethodsUI.flow.pageObjects.common.LoginPage - Enter the source control srcGithubCtrl_Arti
2025-02-10 12:26:01.309 [main] INFO  com.webMethodsUI.flow.pageObjects.Settingpage.Oauthclientregistrationhomepage - Entering Username
2025-02-10 12:26:01.310 [main] INFO  com.webMethodsUI.flow.pageObjects.common.LoginPage - Enter the User name ArtiKhareIBM
2025-02-10 12:26:01.536 [main] INFO  com.webMethodsUI.flow.pageObjects.Settingpage.Oauthclientregistrationhomepage - Entering Username
2025-02-10 12:31:44.985 [main] INFO  com.webMethodsUI.flow.testbase.TestBase - ChromeDriver: chrome on windows (dfa725532e16b82990cc69663e50d3ac)
2025-02-10 12:31:44.988 [main] INFO  com.webMethodsUI.flow.testbase.TestBase - Initilize Web Driver: 2076627578
2025-02-10 12:31:45.013 [main] INFO  com.webMethodsUI.flow.testbase.TestBase - Navigating to URLhttps://azsprotenant6.int-az-us.webmethods-spro.io
2025-02-10 12:31:47.877 [main] INFO  com.webMethodsUI.flow.pageObjects.common.LoginPage - Verify username text field is visible
2025-02-10 12:32:05.599 [main] INFO  com.webMethodsUI.flow.pageObjects.common.LoginPage - Entering user Name: arti.spro6
2025-02-10 12:32:05.757 [main] INFO  com.webMethodsUI.flow.pageObjects.common.LoginPage - Entering Password: Artisprotenant6!
2025-02-10 12:32:07.963 [main] INFO  com.webMethodsUI.flow.pageObjects.common.LoginPage - Click on Login Button
2025-02-10 12:32:11.232 [main] INFO  com.webMethodsUI.flow.pageObjects.common.LoginPage - wait for page load
2025-02-10 12:32:11.358 [main] INFO  com.webMethodsUI.flow.pageObjects.common.LoginPage - wait for page load
2025-02-10 12:32:11.479 [main] INFO  com.webMethodsUI.flow.pageObjects.common.LoginPage - Verify Home page greet message is visible
2025-02-10 12:32:15.033 [main] INFO  com.webMethodsUI.flow.pageObjects.common.LoginPage - Verify create project plus button is visible
2025-02-10 12:32:15.500 [main] INFO  com.webMethodsUI.flow.pageObjects.common.LoginPage - click on User profile..
2025-02-10 12:32:15.895 [main] INFO  com.webMethodsUI.flow.pageObjects.common.LoginPage - click on settings..
2025-02-10 12:32:16.253 [main] INFO  com.webMethodsUI.flow.pageObjects.common.LoginPage - click on Version Control tab..
2025-02-10 12:32:16.567 [main] INFO  com.webMethodsUI.flow.pageObjects.common.LoginPage - click on Add Button..
2025-02-10 12:32:16.924 [main] INFO  com.webMethodsUI.flow.pageObjects.Settingpage.Oauthclientregistrationhomepage - Entering Github source control
2025-02-10 12:32:16.925 [main] INFO  com.webMethodsUI.flow.pageObjects.common.LoginPage - Enter the source control srcGithubCtrl_Arti
2025-02-10 12:32:17.229 [main] INFO  com.webMethodsUI.flow.pageObjects.Settingpage.Oauthclientregistrationhomepage - Entering Username
2025-02-10 12:32:17.230 [main] INFO  com.webMethodsUI.flow.pageObjects.common.LoginPage - Enter the User name ArtiKhareIBM
2025-02-10 12:32:17.457 [main] INFO  com.webMethodsUI.flow.pageObjects.Settingpage.Oauthclientregistrationhomepage - Selecting GitHub Provider
2025-02-10 12:32:17.457 [main] INFO  com.webMethodsUI.flow.pageObjects.common.LoginPage - Fetching webelement at runtime //div[contains(text(),'GitHub')]
2025-02-10 12:32:17.479 [main] INFO  com.webMethodsUI.flow.pageObjects.common.LoginPage - click on filter :GitHub
2025-02-10 12:32:17.765 [main] INFO  com.webMethodsUI.flow.pageObjects.common.LoginPage - Fetching webelement at runtime //div[@id='GitHub']
2025-02-10 12:38:33.188 [main] INFO  com.webMethodsUI.flow.testbase.TestBase - ChromeDriver: chrome on windows (42d00e758ab9b8c0a5e1e2615959d845)
2025-02-10 12:38:33.192 [main] INFO  com.webMethodsUI.flow.testbase.TestBase - Initilize Web Driver: 1970707120
2025-02-10 12:38:33.215 [main] INFO  com.webMethodsUI.flow.testbase.TestBase - Navigating to URLhttps://azsprotenant6.int-az-us.webmethods-spro.io
2025-02-10 12:38:34.452 [main] INFO  com.webMethodsUI.flow.pageObjects.common.LoginPage - Verify username text field is visible
2025-02-10 12:38:44.763 [main] INFO  com.webMethodsUI.flow.pageObjects.common.LoginPage - Entering user Name: arti.spro6
2025-02-10 12:38:44.947 [main] INFO  com.webMethodsUI.flow.pageObjects.common.LoginPage - Entering Password: Artisprotenant6!
2025-02-10 12:38:47.192 [main] INFO  com.webMethodsUI.flow.pageObjects.common.LoginPage - Click on Login Button
2025-02-10 12:38:50.466 [main] INFO  com.webMethodsUI.flow.pageObjects.common.LoginPage - wait for page load
2025-02-10 12:38:50.578 [main] INFO  com.webMethodsUI.flow.pageObjects.common.LoginPage - wait for page load
2025-02-10 12:38:50.692 [main] INFO  com.webMethodsUI.flow.pageObjects.common.LoginPage - Verify Home page greet message is visible
2025-02-10 12:38:54.161 [main] INFO  com.webMethodsUI.flow.pageObjects.common.LoginPage - Verify create project plus button is visible
2025-02-10 12:38:55.623 [main] INFO  com.webMethodsUI.flow.pageObjects.common.LoginPage - click on User profile..
2025-02-10 12:38:56.023 [main] INFO  com.webMethodsUI.flow.pageObjects.common.LoginPage - click on settings..
2025-02-10 12:38:56.376 [main] INFO  com.webMethodsUI.flow.pageObjects.common.LoginPage - click on Version Control tab..
2025-02-10 12:38:56.714 [main] INFO  com.webMethodsUI.flow.pageObjects.common.LoginPage - click on Add Button..
2025-02-10 12:38:57.064 [main] INFO  com.webMethodsUI.flow.pageObjects.Settingpage.Oauthclientregistrationhomepage - Entering Github source control
2025-02-10 12:38:57.064 [main] INFO  com.webMethodsUI.flow.pageObjects.common.LoginPage - Enter the source control srcGithubCtrl_Arti
2025-02-10 12:38:57.359 [main] INFO  com.webMethodsUI.flow.pageObjects.Settingpage.Oauthclientregistrationhomepage - Entering Username
2025-02-10 12:38:57.359 [main] INFO  com.webMethodsUI.flow.pageObjects.common.LoginPage - Enter the User name ArtiKhareIBM
2025-02-10 12:38:57.599 [main] INFO  com.webMethodsUI.flow.pageObjects.Settingpage.Oauthclientregistrationhomepage - Selecting GitHub Provider
2025-02-10 12:38:57.600 [main] INFO  com.webMethodsUI.flow.pageObjects.common.LoginPage - Selecting GitHub Provider
2025-02-10 12:51:01.326 [main] INFO  com.webMethodsUI.flow.testbase.TestBase - ChromeDriver: chrome on windows (6fb6063e18c84918ae69e4d29cb3908d)
2025-02-10 12:51:01.329 [main] INFO  com.webMethodsUI.flow.testbase.TestBase - Initilize Web Driver: 2076627578
2025-02-10 12:51:01.352 [main] INFO  com.webMethodsUI.flow.testbase.TestBase - Navigating to URLhttps://azsprotenant6.int-az-us.webmethods-spro.io
2025-02-10 12:51:04.202 [main] INFO  com.webMethodsUI.flow.pageObjects.common.LoginPage - Verify username text field is visible
2025-02-10 12:51:14.341 [main] INFO  com.webMethodsUI.flow.pageObjects.common.LoginPage - Entering user Name: arti.spro6
2025-02-10 12:51:14.514 [main] INFO  com.webMethodsUI.flow.pageObjects.common.LoginPage - Entering Password: Artisprotenant6!
2025-02-10 12:51:16.726 [main] INFO  com.webMethodsUI.flow.pageObjects.common.LoginPage - Click on Login Button
2025-02-10 12:51:20.038 [main] INFO  com.webMethodsUI.flow.pageObjects.common.LoginPage - wait for page load
2025-02-10 12:51:20.164 [main] INFO  com.webMethodsUI.flow.pageObjects.common.LoginPage - wait for page load
2025-02-10 12:51:20.259 [main] INFO  com.webMethodsUI.flow.pageObjects.common.LoginPage - Verify Home page greet message is visible
2025-02-10 12:51:23.786 [main] INFO  com.webMethodsUI.flow.pageObjects.common.LoginPage - Verify create project plus button is visible
2025-02-10 12:51:25.196 [main] INFO  com.webMethodsUI.flow.pageObjects.common.LoginPage - click on User profile..
2025-02-10 12:51:25.561 [main] INFO  com.webMethodsUI.flow.pageObjects.common.LoginPage - click on settings..
2025-02-10 12:51:25.917 [main] INFO  com.webMethodsUI.flow.pageObjects.common.LoginPage - click on Version Control tab..
2025-02-10 12:51:26.264 [main] INFO  com.webMethodsUI.flow.pageObjects.common.LoginPage - click on Add Button..
2025-02-10 12:51:26.614 [main] INFO  com.webMethodsUI.flow.pageObjects.Settingpage.Oauthclientregistrationhomepage - Entering Github source control
2025-02-10 12:51:26.614 [main] INFO  com.webMethodsUI.flow.pageObjects.common.LoginPage - Enter the source control srcGithubCtrl_Arti
2025-02-10 12:51:26.894 [main] INFO  com.webMethodsUI.flow.pageObjects.Settingpage.Oauthclientregistrationhomepage - Entering Username
2025-02-10 12:51:26.895 [main] INFO  com.webMethodsUI.flow.pageObjects.common.LoginPage - Enter the User name ArtiKhareIBM
2025-02-10 12:51:27.126 [main] INFO  com.webMethodsUI.flow.pageObjects.Settingpage.Oauthclientregistrationhomepage - Selecting GitHub Provider
2025-02-10 12:51:27.126 [main] INFO  com.webMethodsUI.flow.pageObjects.common.LoginPage - Selecting GitHub Provider
2025-02-10 12:53:06.274 [main] INFO  com.webMethodsUI.flow.testbase.TestBase - ChromeDriver: chrome on windows (5fea1a383448378866275a93b7edfd80)
2025-02-10 12:53:06.277 [main] INFO  com.webMethodsUI.flow.testbase.TestBase - Initilize Web Driver: 2076627578
2025-02-10 12:53:06.305 [main] INFO  com.webMethodsUI.flow.testbase.TestBase - Navigating to URLhttps://azsprotenant6.int-az-us.webmethods-spro.io
2025-02-10 12:53:08.359 [main] INFO  com.webMethodsUI.flow.pageObjects.common.LoginPage - Verify username text field is visible
2025-02-10 12:53:30.113 [main] INFO  com.webMethodsUI.flow.pageObjects.common.LoginPage - Entering user Name: arti.spro6
2025-02-10 12:53:30.265 [main] INFO  com.webMethodsUI.flow.pageObjects.common.LoginPage - Entering Password: Artisprotenant6!
2025-02-10 12:53:32.472 [main] INFO  com.webMethodsUI.flow.pageObjects.common.LoginPage - Click on Login Button
2025-02-10 12:53:36.241 [main] INFO  com.webMethodsUI.flow.pageObjects.common.LoginPage - wait for page load
2025-02-10 12:53:36.364 [main] INFO  com.webMethodsUI.flow.pageObjects.common.LoginPage - wait for page load
2025-02-10 12:53:36.496 [main] INFO  com.webMethodsUI.flow.pageObjects.common.LoginPage - Verify Home page greet message is visible
2025-02-10 12:53:39.809 [main] INFO  com.webMethodsUI.flow.pageObjects.common.LoginPage - Verify create project plus button is visible
2025-02-10 12:53:41.272 [main] INFO  com.webMethodsUI.flow.pageObjects.common.LoginPage - click on User profile..
2025-02-10 12:53:41.660 [main] INFO  com.webMethodsUI.flow.pageObjects.common.LoginPage - click on settings..
2025-02-10 12:53:42.003 [main] INFO  com.webMethodsUI.flow.pageObjects.common.LoginPage - click on Version Control tab..
2025-02-10 12:53:42.334 [main] INFO  com.webMethodsUI.flow.pageObjects.common.LoginPage - click on Add Button..
2025-02-10 12:53:42.689 [main] INFO  com.webMethodsUI.flow.pageObjects.Settingpage.Oauthclientregistrationhomepage - Entering Github source control
2025-02-10 12:53:42.689 [main] INFO  com.webMethodsUI.flow.pageObjects.common.LoginPage - Enter the source control srcGithubCtrl_Arti
2025-02-10 12:53:42.984 [main] INFO  com.webMethodsUI.flow.pageObjects.Settingpage.Oauthclientregistrationhomepage - Entering Username
2025-02-10 12:53:42.984 [main] INFO  com.webMethodsUI.flow.pageObjects.common.LoginPage - Enter the User name ArtiKhareIBM
2025-02-10 12:53:43.208 [main] INFO  com.webMethodsUI.flow.pageObjects.Settingpage.Oauthclientregistrationhomepage - Selecting GitHub Provider
2025-02-10 12:53:43.209 [main] INFO  com.webMethodsUI.flow.pageObjects.common.LoginPage - Fetching webelement at runtime //div[@id='GitHub']
2025-02-10 13:57:00.155 [main] INFO  com.webMethodsUI.flow.testbase.TestBase - ChromeDriver: chrome on windows (8a4a3e699bcafd47284f24165da3c2e8)
2025-02-10 13:57:00.158 [main] INFO  com.webMethodsUI.flow.testbase.TestBase - Initilize Web Driver: 2076627578
2025-02-10 13:57:00.185 [main] INFO  com.webMethodsUI.flow.testbase.TestBase - Navigating to URLhttps://azsprotenant6.int-az-us.webmethods-spro.io
2025-02-10 13:57:02.944 [main] INFO  com.webMethodsUI.flow.pageObjects.common.LoginPage - Verify username text field is visible
2025-02-10 13:57:34.130 [main] INFO  com.webMethodsUI.flow.pageObjects.common.LoginPage - click on User profile..
2025-02-10 13:58:05.052 [main] INFO  com.webMethodsUI.flow.pageObjects.Settingpage.Oauthclientregistrationhomepage - Entering Github source control
2025-02-10 13:58:05.053 [main] INFO  com.webMethodsUI.flow.pageObjects.common.LoginPage - Enter the source control srcGithubCtrl_Arti
2025-02-10 14:01:01.714 [main] INFO  com.webMethodsUI.flow.testbase.TestBase - ChromeDriver: chrome on windows (19e5f302f792bbed950d087858e2be41)
2025-02-10 14:01:01.717 [main] INFO  com.webMethodsUI.flow.testbase.TestBase - Initilize Web Driver: 179233442
2025-02-10 14:01:01.741 [main] INFO  com.webMethodsUI.flow.testbase.TestBase - Navigating to URLhttps://azsprotenant6.int-az-us.webmethods-spro.io
2025-02-10 14:01:03.381 [main] INFO  com.webMethodsUI.flow.pageObjects.common.LoginPage - Verify username text field is visible
2025-02-10 14:01:15.262 [main] INFO  com.webMethodsUI.flow.pageObjects.common.LoginPage - Entering user Name: arti.spro6
2025-02-10 14:01:15.461 [main] INFO  com.webMethodsUI.flow.pageObjects.common.LoginPage - Entering Password: Artisprotenant6!
2025-02-10 14:01:17.691 [main] INFO  com.webMethodsUI.flow.pageObjects.common.LoginPage - Click on Login Button
2025-02-10 14:01:20.992 [main] INFO  com.webMethodsUI.flow.pageObjects.common.LoginPage - wait for page load
2025-02-10 14:01:21.116 [main] INFO  com.webMethodsUI.flow.pageObjects.common.LoginPage - wait for page load
2025-02-10 14:01:21.211 [main] INFO  com.webMethodsUI.flow.pageObjects.common.LoginPage - Verify Home page greet message is visible
2025-02-10 14:01:24.792 [main] INFO  com.webMethodsUI.flow.pageObjects.common.LoginPage - Verify create project plus button is visible
2025-02-10 14:01:25.275 [main] INFO  com.webMethodsUI.flow.pageObjects.common.LoginPage - click on User profile..
2025-02-10 14:01:25.682 [main] INFO  com.webMethodsUI.flow.pageObjects.common.LoginPage - click on settings..
2025-02-10 14:01:26.052 [main] INFO  com.webMethodsUI.flow.pageObjects.common.LoginPage - click on Version Control tab..
2025-02-10 14:01:26.408 [main] INFO  com.webMethodsUI.flow.pageObjects.common.LoginPage - click on Add Button..
2025-02-10 14:01:26.793 [main] INFO  com.webMethodsUI.flow.pageObjects.Settingpage.Oauthclientregistrationhomepage - Entering Github source control
2025-02-10 14:01:26.794 [main] INFO  com.webMethodsUI.flow.pageObjects.common.LoginPage - Enter the source control srcGithubCtrl_Arti
2025-02-10 14:01:27.069 [main] INFO  com.webMethodsUI.flow.pageObjects.Settingpage.Oauthclientregistrationhomepage - Entering Username
2025-02-10 14:01:27.069 [main] INFO  com.webMethodsUI.flow.pageObjects.common.LoginPage - Enter the User name ArtiKhareIBM
2025-02-10 14:01:27.311 [main] INFO  com.webMethodsUI.flow.pageObjects.common.LoginPage - Selecting Git Provider..
2025-02-10 14:01:27.611 [main] INFO  com.webMethodsUI.flow.pageObjects.common.LoginPage - Selecting Git Provider..
2025-02-10 14:07:42.372 [main] INFO  com.webMethodsUI.flow.testbase.TestBase - ChromeDriver: chrome on windows (6d4cf9eb0fec564dc54e6f26a2eaf72f)
2025-02-10 14:07:42.376 [main] INFO  com.webMethodsUI.flow.testbase.TestBase - Initilize Web Driver: 2076627578
2025-02-10 14:07:42.412 [main] INFO  com.webMethodsUI.flow.testbase.TestBase - Navigating to URLhttps://azsprotenant6.int-az-us.webmethods-spro.io
2025-02-10 14:07:45.238 [main] INFO  com.webMethodsUI.flow.pageObjects.common.LoginPage - Verify username text field is visible
2025-02-10 14:08:16.523 [main] INFO  com.webMethodsUI.flow.pageObjects.common.LoginPage - click on User profile..
2025-02-10 14:08:47.483 [main] INFO  com.webMethodsUI.flow.pageObjects.Settingpage.Oauthclientregistrationhomepage - Entering Github source control
2025-02-10 14:08:47.483 [main] INFO  com.webMethodsUI.flow.pageObjects.common.LoginPage - Enter the source control srcGithubCtrl_Arti
2025-02-10 14:13:39.785 [main] INFO  com.webMethodsUI.flow.testbase.TestBase - ChromeDriver: chrome on windows (d175d551892124b2fc7a86008b205a02)
2025-02-10 14:13:39.788 [main] INFO  com.webMethodsUI.flow.testbase.TestBase - Initilize Web Driver: 1970707120
2025-02-10 14:13:39.817 [main] INFO  com.webMethodsUI.flow.testbase.TestBase - Navigating to URLhttps://azsprotenant6.int-az-us.webmethods-spro.io
2025-02-10 14:13:41.402 [main] INFO  com.webMethodsUI.flow.pageObjects.common.LoginPage - Verify username text field is visible
2025-02-10 14:13:50.175 [main] INFO  com.webMethodsUI.flow.pageObjects.common.LoginPage - Entering user Name: arti.spro6
2025-02-10 14:13:50.336 [main] INFO  com.webMethodsUI.flow.pageObjects.common.LoginPage - Entering Password: Artisprotenant6!
2025-02-10 14:13:52.557 [main] INFO  com.webMethodsUI.flow.pageObjects.common.LoginPage - Click on Login Button
2025-02-10 14:13:56.030 [main] INFO  com.webMethodsUI.flow.pageObjects.common.LoginPage - wait for page load
2025-02-10 14:13:56.162 [main] INFO  com.webMethodsUI.flow.pageObjects.common.LoginPage - wait for page load
2025-02-10 14:13:56.287 [main] INFO  com.webMethodsUI.flow.pageObjects.common.LoginPage - Verify Home page greet message is visible
2025-02-10 14:13:59.793 [main] INFO  com.webMethodsUI.flow.pageObjects.common.LoginPage - Verify create project plus button is visible
2025-02-10 14:14:00.241 [main] INFO  com.webMethodsUI.flow.pageObjects.common.LoginPage - click on User profile..
2025-02-10 14:14:00.641 [main] INFO  com.webMethodsUI.flow.pageObjects.common.LoginPage - click on settings..
2025-02-10 14:14:00.981 [main] INFO  com.webMethodsUI.flow.pageObjects.common.LoginPage - click on Version Control tab..
2025-02-10 14:14:01.311 [main] INFO  com.webMethodsUI.flow.pageObjects.common.LoginPage - click on Add Button..
2025-02-10 14:14:01.751 [main] INFO  com.webMethodsUI.flow.pageObjects.Settingpage.Oauthclientregistrationhomepage - Entering Github source control
2025-02-10 14:14:01.751 [main] INFO  com.webMethodsUI.flow.pageObjects.common.LoginPage - Enter the source control srcGithubCtrl_Arti
2025-02-10 14:14:02.066 [main] INFO  com.webMethodsUI.flow.pageObjects.Settingpage.Oauthclientregistrationhomepage - Entering Username
2025-02-10 14:14:02.066 [main] INFO  com.webMethodsUI.flow.pageObjects.common.LoginPage - Enter the User name ArtiKhareIBM
2025-02-10 14:14:02.322 [main] INFO  com.webMethodsUI.flow.pageObjects.common.LoginPage - Fetching webelement at runtime //div[contains(text(),'GitHub')]
2025-02-10 14:14:02.343 [main] INFO  com.webMethodsUI.flow.pageObjects.common.LoginPage - click on filter :GitHub
2025-02-10 14:15:48.263 [main] INFO  com.webMethodsUI.flow.testbase.TestBase - ChromeDriver: chrome on windows (13c540bcf97764b514e3ab693ba77e03)
2025-02-10 14:15:48.266 [main] INFO  com.webMethodsUI.flow.testbase.TestBase - Initilize Web Driver: 1970707120
2025-02-10 14:15:48.290 [main] INFO  com.webMethodsUI.flow.testbase.TestBase - Navigating to URLhttps://azsprotenant6.int-az-us.webmethods-spro.io
2025-02-10 14:15:49.871 [main] INFO  com.webMethodsUI.flow.pageObjects.common.LoginPage - Verify username text field is visible
2025-02-10 14:16:01.152 [main] INFO  com.webMethodsUI.flow.pageObjects.common.LoginPage - Entering user Name: arti.spro6
2025-02-10 14:16:01.314 [main] INFO  com.webMethodsUI.flow.pageObjects.common.LoginPage - Entering Password: Artisprotenant6!
2025-02-10 14:16:03.547 [main] INFO  com.webMethodsUI.flow.pageObjects.common.LoginPage - Click on Login Button
2025-02-10 14:16:07.029 [main] INFO  com.webMethodsUI.flow.pageObjects.common.LoginPage - wait for page load
2025-02-10 14:16:07.166 [main] INFO  com.webMethodsUI.flow.pageObjects.common.LoginPage - wait for page load
2025-02-10 14:16:07.278 [main] INFO  com.webMethodsUI.flow.pageObjects.common.LoginPage - Verify Home page greet message is visible
2025-02-10 14:16:10.783 [main] INFO  com.webMethodsUI.flow.pageObjects.common.LoginPage - Verify create project plus button is visible
2025-02-10 14:16:11.254 [main] INFO  com.webMethodsUI.flow.pageObjects.common.LoginPage - click on User profile..
2025-02-10 14:16:11.647 [main] INFO  com.webMethodsUI.flow.pageObjects.common.LoginPage - click on settings..
2025-02-10 14:16:12.035 [main] INFO  com.webMethodsUI.flow.pageObjects.common.LoginPage - click on Version Control tab..
2025-02-10 14:16:12.420 [main] INFO  com.webMethodsUI.flow.pageObjects.common.LoginPage - click on Add Button..
2025-02-10 14:16:12.827 [main] INFO  com.webMethodsUI.flow.pageObjects.Settingpage.Oauthclientregistrationhomepage - Entering Github source control
2025-02-10 14:16:12.828 [main] INFO  com.webMethodsUI.flow.pageObjects.common.LoginPage - Enter the source control srcGithubCtrl_Arti
2025-02-10 14:16:13.140 [main] INFO  com.webMethodsUI.flow.pageObjects.Settingpage.Oauthclientregistrationhomepage - Entering Username
2025-02-10 14:16:13.140 [main] INFO  com.webMethodsUI.flow.pageObjects.common.LoginPage - Enter the User name ArtiKhareIBM
2025-02-10 14:16:13.409 [main] INFO  com.webMethodsUI.flow.pageObjects.common.LoginPage - Fetching webelement at runtime //div[contains(text(),'GitLab')]
2025-02-10 14:19:56.376 [main] INFO  com.webMethodsUI.flow.testbase.TestBase - ChromeDriver: chrome on windows (b37f206fc7fa4d3909592ee04e05765d)
2025-02-10 14:19:56.381 [main] INFO  com.webMethodsUI.flow.testbase.TestBase - Initilize Web Driver: 1970707120
2025-02-10 14:19:56.408 [main] INFO  com.webMethodsUI.flow.testbase.TestBase - Navigating to URLhttps://azsprotenant6.int-az-us.webmethods-spro.io
2025-02-10 14:19:59.169 [main] INFO  com.webMethodsUI.flow.pageObjects.common.LoginPage - Verify username text field is visible
2025-02-10 14:20:09.448 [main] INFO  com.webMethodsUI.flow.pageObjects.common.LoginPage - Entering user Name: arti.spro6
2025-02-10 14:20:09.616 [main] INFO  com.webMethodsUI.flow.pageObjects.common.LoginPage - Entering Password: Artisprotenant6!
2025-02-10 14:20:11.867 [main] INFO  com.webMethodsUI.flow.pageObjects.common.LoginPage - Click on Login Button
2025-02-10 14:20:15.362 [main] INFO  com.webMethodsUI.flow.pageObjects.common.LoginPage - wait for page load
2025-02-10 14:20:15.491 [main] INFO  com.webMethodsUI.flow.pageObjects.common.LoginPage - wait for page load
2025-02-10 14:20:15.596 [main] INFO  com.webMethodsUI.flow.pageObjects.common.LoginPage - Verify Home page greet message is visible
2025-02-10 14:20:19.139 [main] INFO  com.webMethodsUI.flow.pageObjects.common.LoginPage - Verify create project plus button is visible
2025-02-10 14:20:19.561 [main] INFO  com.webMethodsUI.flow.pageObjects.common.LoginPage - click on User profile..
2025-02-10 14:20:19.958 [main] INFO  com.webMethodsUI.flow.pageObjects.common.LoginPage - click on settings..
2025-02-10 14:20:20.322 [main] INFO  com.webMethodsUI.flow.pageObjects.common.LoginPage - click on Version Control tab..
2025-02-10 14:20:20.638 [main] INFO  com.webMethodsUI.flow.pageObjects.common.LoginPage - click on Add Button..
2025-02-10 14:20:20.994 [main] INFO  com.webMethodsUI.flow.pageObjects.Settingpage.Oauthclientregistrationhomepage - Entering Github source control
2025-02-10 14:20:20.995 [main] INFO  com.webMethodsUI.flow.pageObjects.common.LoginPage - Enter the source control srcGithubCtrl_Arti
2025-02-10 14:20:21.327 [main] INFO  com.webMethodsUI.flow.pageObjects.Settingpage.Oauthclientregistrationhomepage - Entering Username
2025-02-10 14:20:21.328 [main] INFO  com.webMethodsUI.flow.pageObjects.common.LoginPage - Enter the User name ArtiKhareIBM
2025-02-10 14:20:21.563 [main] INFO  com.webMethodsUI.flow.helper.DropDown.DropDownHelper - Dropdown helper object is created.....
2025-02-10 14:55:39.889 [main] INFO  com.webMethodsUI.flow.testbase.TestBase - ChromeDriver: chrome on windows (f0bb4269dc12e75f1cad99c7f28af842)
2025-02-10 14:55:39.892 [main] INFO  com.webMethodsUI.flow.testbase.TestBase - Initilize Web Driver: 2076627578
2025-02-10 14:55:39.918 [main] INFO  com.webMethodsUI.flow.testbase.TestBase - Navigating to URLhttps://azsprotenant6.int-az-us.webmethods-spro.io
2025-02-10 14:55:44.489 [main] INFO  com.webMethodsUI.flow.pageObjects.common.LoginPage - Verify username text field is visible
2025-02-10 14:55:56.315 [main] INFO  com.webMethodsUI.flow.pageObjects.common.LoginPage - Entering user Name: arti.spro6
2025-02-10 14:55:56.477 [main] INFO  com.webMethodsUI.flow.pageObjects.common.LoginPage - Entering Password: Artisprotenant6!
2025-02-10 14:55:58.671 [main] INFO  com.webMethodsUI.flow.pageObjects.common.LoginPage - Click on Login Button
2025-02-10 14:56:02.170 [main] INFO  com.webMethodsUI.flow.pageObjects.common.LoginPage - wait for page load
2025-02-10 14:56:02.327 [main] INFO  com.webMethodsUI.flow.pageObjects.common.LoginPage - wait for page load
2025-02-10 14:56:02.435 [main] INFO  com.webMethodsUI.flow.pageObjects.common.LoginPage - Verify Home page greet message is visible
2025-02-10 14:56:05.737 [main] INFO  com.webMethodsUI.flow.pageObjects.common.LoginPage - Verify create project plus button is visible
2025-02-10 14:56:06.197 [main] INFO  com.webMethodsUI.flow.pageObjects.common.LoginPage - click on User profile..
2025-02-10 14:56:06.573 [main] INFO  com.webMethodsUI.flow.pageObjects.common.LoginPage - click on settings..
2025-02-10 14:56:06.932 [main] INFO  com.webMethodsUI.flow.pageObjects.common.LoginPage - click on Version Control tab..
2025-02-10 14:56:07.334 [main] INFO  com.webMethodsUI.flow.pageObjects.common.LoginPage - click on Add Button..
2025-02-10 14:56:07.717 [main] INFO  com.webMethodsUI.flow.pageObjects.Settingpage.Oauthclientregistrationhomepage - Entering Github source control
2025-02-10 14:56:07.717 [main] INFO  com.webMethodsUI.flow.pageObjects.common.LoginPage - Enter the source control srcGithubCtrl_Arti
2025-02-10 14:56:08.039 [main] INFO  com.webMethodsUI.flow.pageObjects.Settingpage.Oauthclientregistrationhomepage - Entering Username
2025-02-10 14:56:08.039 [main] INFO  com.webMethodsUI.flow.pageObjects.common.LoginPage - Enter the User name ArtiKhareIBM
2025-02-10 15:03:26.147 [main] INFO  com.webMethodsUI.flow.testbase.TestBase - ChromeDriver: chrome on windows (0ac33fac14faaebefe087e6537522ab2)
2025-02-10 15:03:26.150 [main] INFO  com.webMethodsUI.flow.testbase.TestBase - Initilize Web Driver: 1970707120
2025-02-10 15:03:26.175 [main] INFO  com.webMethodsUI.flow.testbase.TestBase - Navigating to URLhttps://azsprotenant6.int-az-us.webmethods-spro.io
2025-02-10 15:03:30.641 [main] INFO  com.webMethodsUI.flow.pageObjects.common.LoginPage - Verify username text field is visible
2025-02-10 15:03:37.297 [main] INFO  com.webMethodsUI.flow.pageObjects.common.LoginPage - Entering user Name: arti.spro6
2025-02-10 15:03:37.468 [main] INFO  com.webMethodsUI.flow.pageObjects.common.LoginPage - Entering Password: Artisprotenant6!
2025-02-10 15:03:39.678 [main] INFO  com.webMethodsUI.flow.pageObjects.common.LoginPage - Click on Login Button
2025-02-10 15:03:42.715 [main] INFO  com.webMethodsUI.flow.pageObjects.common.LoginPage - wait for page load
2025-02-10 15:03:42.892 [main] INFO  com.webMethodsUI.flow.pageObjects.common.LoginPage - wait for page load
2025-02-10 15:03:43.022 [main] INFO  com.webMethodsUI.flow.pageObjects.common.LoginPage - Verify Home page greet message is visible
2025-02-10 15:03:46.866 [main] INFO  com.webMethodsUI.flow.pageObjects.common.LoginPage - Verify create project plus button is visible
2025-02-10 15:03:47.297 [main] INFO  com.webMethodsUI.flow.pageObjects.common.LoginPage - click on User profile..
2025-02-10 15:03:47.676 [main] INFO  com.webMethodsUI.flow.pageObjects.common.LoginPage - click on settings..
2025-02-10 15:03:48.039 [main] INFO  com.webMethodsUI.flow.pageObjects.common.LoginPage - click on Version Control tab..
2025-02-10 15:03:48.463 [main] INFO  com.webMethodsUI.flow.pageObjects.common.LoginPage - click on Add Button..
2025-02-10 15:03:48.835 [main] INFO  com.webMethodsUI.flow.pageObjects.Settingpage.Oauthclientregistrationhomepage - Entering Github source control
2025-02-10 15:03:48.836 [main] INFO  com.webMethodsUI.flow.pageObjects.common.LoginPage - Enter the source control srcGithubCtrl_Arti
2025-02-10 15:03:49.148 [main] INFO  com.webMethodsUI.flow.pageObjects.Settingpage.Oauthclientregistrationhomepage - Entering Username
2025-02-10 15:03:49.149 [main] INFO  com.webMethodsUI.flow.pageObjects.common.LoginPage - Enter the User name ArtiKhareIBM
2025-02-10 15:04:53.917 [main] INFO  com.webMethodsUI.flow.testbase.TestBase - ChromeDriver: chrome on windows (05bb39b27a33f33480f25a47f554d59e)
2025-02-10 15:04:53.920 [main] INFO  com.webMethodsUI.flow.testbase.TestBase - Initilize Web Driver: 1970707120
2025-02-10 15:04:53.945 [main] INFO  com.webMethodsUI.flow.testbase.TestBase - Navigating to URLhttps://azsprotenant6.int-az-us.webmethods-spro.io
2025-02-10 15:04:58.565 [main] INFO  com.webMethodsUI.flow.pageObjects.common.LoginPage - Verify username text field is visible
2025-02-10 15:05:07.989 [main] INFO  com.webMethodsUI.flow.pageObjects.common.LoginPage - Entering user Name: arti.spro6
2025-02-10 15:05:08.154 [main] INFO  com.webMethodsUI.flow.pageObjects.common.LoginPage - Entering Password: Artisprotenant6!
2025-02-10 15:05:10.364 [main] INFO  com.webMethodsUI.flow.pageObjects.common.LoginPage - Click on Login Button
2025-02-10 15:05:13.052 [main] INFO  com.webMethodsUI.flow.pageObjects.common.LoginPage - wait for page load
2025-02-10 15:05:13.191 [main] INFO  com.webMethodsUI.flow.pageObjects.common.LoginPage - wait for page load
2025-02-10 15:05:13.311 [main] INFO  com.webMethodsUI.flow.pageObjects.common.LoginPage - Verify Home page greet message is visible
2025-02-10 15:05:16.823 [main] INFO  com.webMethodsUI.flow.pageObjects.common.LoginPage - Verify create project plus button is visible
2025-02-10 15:05:17.260 [main] INFO  com.webMethodsUI.flow.pageObjects.common.LoginPage - click on User profile..
2025-02-10 15:05:17.674 [main] INFO  com.webMethodsUI.flow.pageObjects.common.LoginPage - click on settings..
2025-02-10 15:05:18.035 [main] INFO  com.webMethodsUI.flow.pageObjects.common.LoginPage - click on Version Control tab..
2025-02-10 15:05:18.408 [main] INFO  com.webMethodsUI.flow.pageObjects.common.LoginPage - click on Add Button..
2025-02-10 15:05:18.880 [main] INFO  com.webMethodsUI.flow.pageObjects.Settingpage.Oauthclientregistrationhomepage - Entering Github source control
2025-02-10 15:05:18.881 [main] INFO  com.webMethodsUI.flow.pageObjects.common.LoginPage - Enter the source control srcGithubCtrl_Arti
2025-02-10 15:05:19.202 [main] INFO  com.webMethodsUI.flow.pageObjects.Settingpage.Oauthclientregistrationhomepage - Entering Username
2025-02-10 15:05:19.203 [main] INFO  com.webMethodsUI.flow.pageObjects.common.LoginPage - Enter the User name ArtiKhareIBM
2025-02-10 15:05:19.493 [main] INFO  com.webMethodsUI.flow.pageObjects.common.LoginPage - Fetching webelement at runtime //div[contains(text(),'Gitlab')]
2025-02-10 15:23:11.307 [main] INFO  com.webMethodsUI.flow.testbase.TestBase - ChromeDriver: chrome on windows (51cd1e8c853bec61c5ee705b302e1837)
2025-02-10 15:23:11.310 [main] INFO  com.webMethodsUI.flow.testbase.TestBase - Initilize Web Driver: 2076627578
2025-02-10 15:23:11.334 [main] INFO  com.webMethodsUI.flow.testbase.TestBase - Navigating to URLhttps://azsprotenant6.int-az-us.webmethods-spro.io
2025-02-10 15:23:16.693 [main] INFO  com.webMethodsUI.flow.pageObjects.common.LoginPage - Verify username text field is visible
2025-02-10 15:23:26.321 [main] INFO  com.webMethodsUI.flow.pageObjects.common.LoginPage - Entering user Name: arti.spro6
2025-02-10 15:23:26.497 [main] INFO  com.webMethodsUI.flow.pageObjects.common.LoginPage - Entering Password: Artisprotenant6!
2025-02-10 15:23:28.737 [main] INFO  com.webMethodsUI.flow.pageObjects.common.LoginPage - Click on Login Button
2025-02-10 15:23:31.695 [main] INFO  com.webMethodsUI.flow.pageObjects.common.LoginPage - wait for page load
2025-02-10 15:23:31.823 [main] INFO  com.webMethodsUI.flow.pageObjects.common.LoginPage - wait for page load
2025-02-10 15:23:31.927 [main] INFO  com.webMethodsUI.flow.pageObjects.common.LoginPage - Verify Home page greet message is visible
2025-02-10 15:23:35.149 [main] INFO  com.webMethodsUI.flow.pageObjects.common.LoginPage - Verify create project plus button is visible
2025-02-10 15:23:35.605 [main] INFO  com.webMethodsUI.flow.pageObjects.common.LoginPage - click on User profile..
2025-02-10 15:23:35.992 [main] INFO  com.webMethodsUI.flow.pageObjects.common.LoginPage - click on settings..
2025-02-10 15:23:36.354 [main] INFO  com.webMethodsUI.flow.pageObjects.common.LoginPage - click on Version Control tab..
2025-02-10 15:23:36.744 [main] INFO  com.webMethodsUI.flow.pageObjects.common.LoginPage - click on Add Button..
2025-02-10 15:23:37.116 [main] INFO  com.webMethodsUI.flow.pageObjects.Settingpage.Oauthclientregistrationhomepage - Entering Github source control
2025-02-10 15:23:37.117 [main] INFO  com.webMethodsUI.flow.pageObjects.common.LoginPage - Enter the source control srcGithubCtrl_Arti
2025-02-10 15:23:37.427 [main] INFO  com.webMethodsUI.flow.pageObjects.Settingpage.Oauthclientregistrationhomepage - Entering Username
2025-02-10 15:23:37.427 [main] INFO  com.webMethodsUI.flow.pageObjects.common.LoginPage - Enter the User name ArtiKhareIBM
2025-02-10 15:23:37.694 [main] INFO  com.webMethodsUI.flow.pageObjects.common.LoginPage - Fetching webelement at runtime //div[contains(text(),'GitHub')]
2025-02-10 15:23:37.716 [main] INFO  com.webMethodsUI.flow.pageObjects.common.LoginPage - click on filter :GitHub
2025-02-10 15:23:38.052 [main] INFO  com.webMethodsUI.flow.pageObjects.common.LoginPage - Fetching webelement at runtime //div[contains(text(),'GitLab')]
2025-02-10 15:23:38.074 [main] INFO  com.webMethodsUI.flow.pageObjects.common.LoginPage - click on filter :GitLab
2025-02-10 15:24:45.740 [main] INFO  com.webMethodsUI.flow.testbase.TestBase - ChromeDriver: chrome on windows (a38f020b1372db33b3f3e5a7fcf78821)
2025-02-10 15:24:45.743 [main] INFO  com.webMethodsUI.flow.testbase.TestBase - Initilize Web Driver: 1970707120
2025-02-10 15:24:45.771 [main] INFO  com.webMethodsUI.flow.testbase.TestBase - Navigating to URLhttps://azsprotenant6.int-az-us.webmethods-spro.io
2025-02-10 15:24:51.691 [main] INFO  com.webMethodsUI.flow.pageObjects.common.LoginPage - Verify username text field is visible
2025-02-10 15:25:00.084 [main] INFO  com.webMethodsUI.flow.pageObjects.common.LoginPage - Entering user Name: arti.spro6
2025-02-10 15:25:00.312 [main] INFO  com.webMethodsUI.flow.pageObjects.common.LoginPage - Entering Password: Artisprotenant6!
2025-02-10 15:25:02.679 [main] INFO  com.webMethodsUI.flow.pageObjects.common.LoginPage - Click on Login Button
2025-02-10 15:25:05.634 [main] INFO  com.webMethodsUI.flow.pageObjects.common.LoginPage - wait for page load
2025-02-10 15:25:05.772 [main] INFO  com.webMethodsUI.flow.pageObjects.common.LoginPage - wait for page load
2025-02-10 15:25:05.893 [main] INFO  com.webMethodsUI.flow.pageObjects.common.LoginPage - Verify Home page greet message is visible
2025-02-10 15:25:09.493 [main] INFO  com.webMethodsUI.flow.pageObjects.common.LoginPage - Verify create project plus button is visible
2025-02-10 15:25:09.919 [main] INFO  com.webMethodsUI.flow.pageObjects.common.LoginPage - click on User profile..
2025-02-10 15:25:10.315 [main] INFO  com.webMethodsUI.flow.pageObjects.common.LoginPage - click on settings..
2025-02-10 15:25:10.689 [main] INFO  com.webMethodsUI.flow.pageObjects.common.LoginPage - click on Version Control tab..
2025-02-10 15:25:11.157 [main] INFO  com.webMethodsUI.flow.pageObjects.common.LoginPage - click on Add Button..
2025-02-10 15:25:11.548 [main] INFO  com.webMethodsUI.flow.pageObjects.Settingpage.Oauthclientregistrationhomepage - Entering Github source control
2025-02-10 15:25:11.549 [main] INFO  com.webMethodsUI.flow.pageObjects.common.LoginPage - Enter the source control srcGithubCtrl_Arti
2025-02-10 15:25:11.868 [main] INFO  com.webMethodsUI.flow.pageObjects.Settingpage.Oauthclientregistrationhomepage - Entering Username
2025-02-10 15:25:11.868 [main] INFO  com.webMethodsUI.flow.pageObjects.common.LoginPage - Enter the User name ArtiKhareIBM
2025-02-10 15:25:12.150 [main] INFO  com.webMethodsUI.flow.pageObjects.common.LoginPage - Fetching webelement at runtime //div[contains(text(),'GitHub')]
2025-02-10 15:25:12.171 [main] INFO  com.webMethodsUI.flow.pageObjects.common.LoginPage - click on filter :GitHub
2025-02-10 15:25:12.495 [main] INFO  com.webMethodsUI.flow.pageObjects.common.LoginPage - Fetching webelement at runtime //div[contains(text(),'GitLab')]
2025-02-10 15:25:12.518 [main] INFO  com.webMethodsUI.flow.pageObjects.common.LoginPage - click on filter :GitLab
2025-02-10 15:34:21.055 [main] INFO  com.webMethodsUI.flow.testbase.TestBase - ChromeDriver: chrome on windows (97d1843963071920a6f412a927b3f521)
2025-02-10 15:34:21.058 [main] INFO  com.webMethodsUI.flow.testbase.TestBase - Initilize Web Driver: 2076627578
2025-02-10 15:34:21.082 [main] INFO  com.webMethodsUI.flow.testbase.TestBase - Navigating to URLhttps://azsprotenant6.int-az-us.webmethods-spro.io
2025-02-10 15:34:26.457 [main] INFO  com.webMethodsUI.flow.pageObjects.common.LoginPage - Verify username text field is visible
2025-02-10 15:34:36.098 [main] INFO  com.webMethodsUI.flow.pageObjects.common.LoginPage - Entering user Name: arti.spro6
2025-02-10 15:34:36.288 [main] INFO  com.webMethodsUI.flow.pageObjects.common.LoginPage - Entering Password: Artisprotenant6!
2025-02-10 15:34:38.537 [main] INFO  com.webMethodsUI.flow.pageObjects.common.LoginPage - Click on Login Button
2025-02-10 15:34:41.320 [main] INFO  com.webMethodsUI.flow.pageObjects.common.LoginPage - wait for page load
2025-02-10 15:34:41.428 [main] INFO  com.webMethodsUI.flow.pageObjects.common.LoginPage - wait for page load
2025-02-10 15:34:41.535 [main] INFO  com.webMethodsUI.flow.pageObjects.common.LoginPage - Verify Home page greet message is visible
2025-02-10 15:34:44.843 [main] INFO  com.webMethodsUI.flow.pageObjects.common.LoginPage - Verify create project plus button is visible
2025-02-10 15:34:45.289 [main] INFO  com.webMethodsUI.flow.pageObjects.common.LoginPage - click on User profile..
2025-02-10 15:34:45.672 [main] INFO  com.webMethodsUI.flow.pageObjects.common.LoginPage - click on settings..
2025-02-10 15:34:46.029 [main] INFO  com.webMethodsUI.flow.pageObjects.common.LoginPage - click on Version Control tab..
2025-02-10 15:34:46.378 [main] INFO  com.webMethodsUI.flow.pageObjects.common.LoginPage - click on Add Button..
2025-02-10 15:34:46.774 [main] INFO  com.webMethodsUI.flow.pageObjects.Settingpage.Oauthclientregistrationhomepage - Entering Github source control
2025-02-10 15:34:46.775 [main] INFO  com.webMethodsUI.flow.pageObjects.common.LoginPage - Enter the source control srcGithubCtrl_Arti
2025-02-10 15:34:47.101 [main] INFO  com.webMethodsUI.flow.pageObjects.Settingpage.Oauthclientregistrationhomepage - Entering Username
2025-02-10 15:34:47.101 [main] INFO  com.webMethodsUI.flow.pageObjects.common.LoginPage - Enter the User name ArtiKhareIBM
2025-02-10 15:34:47.365 [main] INFO  com.webMethodsUI.flow.pageObjects.common.LoginPage - Fetching webelement at runtime //div[contains(text(),'GitHub')]
2025-02-10 15:34:47.386 [main] INFO  com.webMethodsUI.flow.pageObjects.common.LoginPage - click on filter :GitHub
2025-02-10 15:34:47.718 [main] INFO  com.webMethodsUI.flow.pageObjects.common.LoginPage - Fetching webelement at runtime //div[contains(text(),'GitHub')]
2025-02-10 15:34:47.739 [main] INFO  com.webMethodsUI.flow.pageObjects.common.LoginPage - click on filter :GitHub
2025-02-10 15:34:48.176 [main] INFO  com.webMethodsUI.flow.pageObjects.Settingpage.Oauthclientregistrationhomepage - Entering HostName
2025-02-10 15:34:48.177 [main] INFO  com.webMethodsUI.flow.pageObjects.common.LoginPage - Entering HostName
2025-02-10 16:31:22.539 [main] INFO  com.webMethodsUI.flow.testbase.TestBase - ChromeDriver: chrome on windows (c3464434979f00cbe1e51a40df6ea44a)
2025-02-10 16:31:22.543 [main] INFO  com.webMethodsUI.flow.testbase.TestBase - Initilize Web Driver: 1970707120
2025-02-10 16:31:22.568 [main] INFO  com.webMethodsUI.flow.testbase.TestBase - Navigating to URLhttps://azsprotenant6.int-az-us.webmethods-spro.io
2025-02-10 16:31:27.930 [main] INFO  com.webMethodsUI.flow.pageObjects.common.LoginPage - Verify username text field is visible
2025-02-10 16:31:37.271 [main] INFO  com.webMethodsUI.flow.pageObjects.common.LoginPage - Entering user Name: arti.spro6
2025-02-10 16:31:37.520 [main] INFO  com.webMethodsUI.flow.pageObjects.common.LoginPage - Entering Password: Artisprotenant6!
2025-02-10 16:31:39.769 [main] INFO  com.webMethodsUI.flow.pageObjects.common.LoginPage - Click on Login Button
2025-02-10 16:31:42.865 [main] INFO  com.webMethodsUI.flow.pageObjects.common.LoginPage - wait for page load
2025-02-10 16:31:42.974 [main] INFO  com.webMethodsUI.flow.pageObjects.common.LoginPage - wait for page load
2025-02-10 16:31:43.082 [main] INFO  com.webMethodsUI.flow.pageObjects.common.LoginPage - Verify Home page greet message is visible
2025-02-10 16:31:46.530 [main] INFO  com.webMethodsUI.flow.pageObjects.common.LoginPage - Verify create project plus button is visible
2025-02-10 16:31:46.995 [main] INFO  com.webMethodsUI.flow.pageObjects.common.LoginPage - click on User profile..
2025-02-10 16:31:47.387 [main] INFO  com.webMethodsUI.flow.pageObjects.common.LoginPage - click on settings..
2025-02-10 16:31:47.769 [main] INFO  com.webMethodsUI.flow.pageObjects.common.LoginPage - click on Version Control tab..
2025-02-10 16:31:48.152 [main] INFO  com.webMethodsUI.flow.pageObjects.common.LoginPage - click on Add Button..
2025-02-10 16:31:48.569 [main] INFO  com.webMethodsUI.flow.pageObjects.Settingpage.Oauthclientregistrationhomepage - Entering Github source control
2025-02-10 16:31:48.571 [main] INFO  com.webMethodsUI.flow.pageObjects.common.LoginPage - Enter the source control srcGithubCtrl_Arti
2025-02-10 16:31:48.896 [main] INFO  com.webMethodsUI.flow.pageObjects.Settingpage.Oauthclientregistrationhomepage - Entering Username
2025-02-10 16:31:48.896 [main] INFO  com.webMethodsUI.flow.pageObjects.common.LoginPage - Enter the User name ArtiKhareIBM
2025-02-10 16:31:49.180 [main] INFO  com.webMethodsUI.flow.pageObjects.common.LoginPage - Fetching webelement at runtime //div[contains(text(),'GitHub')]
2025-02-10 16:31:49.201 [main] INFO  com.webMethodsUI.flow.pageObjects.common.LoginPage - click on filter :GitHub
2025-02-10 16:31:49.551 [main] INFO  com.webMethodsUI.flow.pageObjects.common.LoginPage - Fetching webelement at runtime //div[contains(text(),'GitHub')]
2025-02-10 16:31:49.570 [main] INFO  com.webMethodsUI.flow.pageObjects.common.LoginPage - click on filter :GitHub
2025-02-10 16:31:50.029 [main] INFO  com.webMethodsUI.flow.pageObjects.Settingpage.Oauthclientregistrationhomepage - Entering HostName
2025-02-10 16:31:50.029 [main] INFO  com.webMethodsUI.flow.pageObjects.common.LoginPage - Entering HostName
2025-02-10 16:31:50.297 [main] INFO  com.webMethodsUI.flow.pageObjects.Settingpage.Oauthclientregistrationhomepage - Entering Personal Access Token
2025-02-10 16:31:50.297 [main] INFO  com.webMethodsUI.flow.pageObjects.common.LoginPage - Entering Personal Access Token
2025-02-10 16:31:50.615 [main] INFO  com.webMethodsUI.flow.pageObjects.Settingpage.Oauthclientregistrationhomepage - click Validate And Add...
2025-02-10 16:31:50.615 [main] INFO  com.webMethodsUI.flow.pageObjects.common.LoginPage - click on Validate Button..
2025-02-10 16:31:50.896 [main] INFO  com.webMethodsUI.flow.pageObjects.common.LoginPage - click on Add Version Control Button..
2025-02-10 16:57:05.333 [main] INFO  com.webMethodsUI.flow.testbase.TestBase - ChromeDriver: chrome on windows (178b07b42baf3e958df4433df621255f)
2025-02-10 16:57:05.336 [main] INFO  com.webMethodsUI.flow.testbase.TestBase - Initilize Web Driver: 1751753651
2025-02-10 16:57:05.362 [main] INFO  com.webMethodsUI.flow.testbase.TestBase - Navigating to URLhttps://azsprotenant6.int-az-us.webmethods-spro.io
2025-02-10 16:57:13.658 [main] INFO  com.webMethodsUI.flow.pageObjects.common.LoginPage - Verify username text field is visible
2025-02-10 16:57:21.585 [main] INFO  com.webMethodsUI.flow.pageObjects.common.LoginPage - Entering user Name: arti.spro6
2025-02-10 16:57:21.764 [main] INFO  com.webMethodsUI.flow.pageObjects.common.LoginPage - Entering Password: Artisprotenant6!
2025-02-10 16:57:23.986 [main] INFO  com.webMethodsUI.flow.pageObjects.common.LoginPage - Click on Login Button
2025-02-10 16:57:27.207 [main] INFO  com.webMethodsUI.flow.pageObjects.common.LoginPage - wait for page load
2025-02-10 16:57:27.333 [main] INFO  com.webMethodsUI.flow.pageObjects.common.LoginPage - wait for page load
2025-02-10 16:57:27.444 [main] INFO  com.webMethodsUI.flow.pageObjects.common.LoginPage - Verify Home page greet message is visible
2025-02-10 16:57:30.814 [main] INFO  com.webMethodsUI.flow.pageObjects.common.LoginPage - Verify create project plus button is visible
2025-02-10 16:57:31.288 [main] INFO  com.webMethodsUI.flow.pageObjects.common.LoginPage - click on User profile..
2025-02-10 16:57:31.669 [main] INFO  com.webMethodsUI.flow.pageObjects.common.LoginPage - click on settings..
2025-02-10 16:57:32.020 [main] INFO  com.webMethodsUI.flow.pageObjects.common.LoginPage - click on Version Control tab..
2025-02-10 16:57:32.338 [main] INFO  com.webMethodsUI.flow.pageObjects.common.LoginPage - click on Add Button..
2025-02-10 16:57:32.883 [main] INFO  com.webMethodsUI.flow.pageObjects.Settingpage.Oauthclientregistrationhomepage - Entering Github source control
2025-02-10 16:57:32.884 [main] INFO  com.webMethodsUI.flow.pageObjects.common.LoginPage - Enter the source control srcGithubCtrl_Arti
2025-02-10 16:57:33.220 [main] INFO  com.webMethodsUI.flow.pageObjects.Settingpage.Oauthclientregistrationhomepage - Entering Username
2025-02-10 16:57:33.220 [main] INFO  com.webMethodsUI.flow.pageObjects.common.LoginPage - Enter the User name ArtiKhareIBM
2025-02-10 16:57:33.500 [main] INFO  com.webMethodsUI.flow.pageObjects.common.LoginPage - Fetching webelement at runtime //div[contains(text(),'GitHub')]
2025-02-10 16:57:33.522 [main] INFO  com.webMethodsUI.flow.pageObjects.common.LoginPage - click on filter :GitHub
2025-02-10 16:57:33.861 [main] INFO  com.webMethodsUI.flow.pageObjects.common.LoginPage - Fetching webelement at runtime //div[contains(text(),'GitHub')]
2025-02-10 16:57:33.877 [main] INFO  com.webMethodsUI.flow.pageObjects.common.LoginPage - click on filter :GitHub
2025-02-10 16:57:34.298 [main] INFO  com.webMethodsUI.flow.pageObjects.Settingpage.Oauthclientregistrationhomepage - Entering HostName
2025-02-10 16:57:34.298 [main] INFO  com.webMethodsUI.flow.pageObjects.common.LoginPage - Entering HostName
2025-02-10 16:57:34.540 [main] INFO  com.webMethodsUI.flow.pageObjects.Settingpage.Oauthclientregistrationhomepage - Entering Personal Access Token
2025-02-10 16:57:34.540 [main] INFO  com.webMethodsUI.flow.pageObjects.common.LoginPage - Entering Personal Access Token
2025-02-10 16:57:34.840 [main] INFO  com.webMethodsUI.flow.pageObjects.Settingpage.Oauthclientregistrationhomepage - click Validate And Add...
2025-02-10 16:57:34.840 [main] INFO  com.webMethodsUI.flow.pageObjects.common.LoginPage - click Validate And Add...
2025-02-10 16:57:34.978 [main] INFO  com.webMethodsUI.flow.pageObjects.common.LoginPage - click on Validate Button..
2025-02-10 16:57:35.263 [main] INFO  com.webMethodsUI.flow.pageObjects.common.LoginPage - click on Add Version Control Button..
2025-02-10 17:10:23.699 [main] INFO  com.webMethodsUI.flow.testbase.TestBase - ChromeDriver: chrome on windows (c7eae7aa601cfc236b6d7f449fc1c310)
2025-02-10 17:10:23.702 [main] INFO  com.webMethodsUI.flow.testbase.TestBase - Initilize Web Driver: 179233442
2025-02-10 17:10:23.725 [main] INFO  com.webMethodsUI.flow.testbase.TestBase - Navigating to URLhttps://azsprotenant6.int-az-us.webmethods-spro.io
2025-02-10 17:10:31.923 [main] INFO  com.webMethodsUI.flow.pageObjects.common.LoginPage - Verify username text field is visible
2025-02-10 17:10:41.987 [main] INFO  com.webMethodsUI.flow.pageObjects.common.LoginPage - Entering user Name: arti.spro6
2025-02-10 17:10:42.150 [main] INFO  com.webMethodsUI.flow.pageObjects.common.LoginPage - Entering Password: Artisprotenant6!
2025-02-10 17:10:44.382 [main] INFO  com.webMethodsUI.flow.pageObjects.common.LoginPage - Click on Login Button
2025-02-10 17:10:47.120 [main] INFO  com.webMethodsUI.flow.pageObjects.common.LoginPage - wait for page load
2025-02-10 17:10:47.225 [main] INFO  com.webMethodsUI.flow.pageObjects.common.LoginPage - wait for page load
2025-02-10 17:10:47.320 [main] INFO  com.webMethodsUI.flow.pageObjects.common.LoginPage - Verify Home page greet message is visible
2025-02-10 17:10:50.704 [main] INFO  com.webMethodsUI.flow.pageObjects.common.LoginPage - Verify create project plus button is visible
2025-02-10 17:10:51.175 [main] INFO  com.webMethodsUI.flow.pageObjects.common.LoginPage - click on User profile..
2025-02-10 17:10:51.581 [main] INFO  com.webMethodsUI.flow.pageObjects.common.LoginPage - click on settings..
2025-02-10 17:10:51.942 [main] INFO  com.webMethodsUI.flow.pageObjects.common.LoginPage - click on Version Control tab..
2025-02-10 17:10:52.400 [main] INFO  com.webMethodsUI.flow.pageObjects.common.LoginPage - click on Add Button..
2025-02-10 17:10:52.811 [main] INFO  com.webMethodsUI.flow.pageObjects.Settingpage.Oauthclientregistrationhomepage - Entering Github source control
2025-02-10 17:10:52.812 [main] INFO  com.webMethodsUI.flow.pageObjects.common.LoginPage - Enter the source control srcGithubCtrl_Arti
2025-02-10 17:10:53.198 [main] INFO  com.webMethodsUI.flow.pageObjects.Settingpage.Oauthclientregistrationhomepage - Entering Username
2025-02-10 17:10:53.198 [main] INFO  com.webMethodsUI.flow.pageObjects.common.LoginPage - Enter the User name ArtiKhareIBM
2025-02-10 17:10:53.474 [main] INFO  com.webMethodsUI.flow.pageObjects.common.LoginPage - Fetching webelement at runtime //div[contains(text(),'GitHub')]
2025-02-10 17:10:53.500 [main] INFO  com.webMethodsUI.flow.pageObjects.common.LoginPage - click on filter :GitHub
2025-02-10 17:10:53.843 [main] INFO  com.webMethodsUI.flow.pageObjects.common.LoginPage - Fetching webelement at runtime //div[contains(text(),'GitHub')]
2025-02-10 17:10:53.861 [main] INFO  com.webMethodsUI.flow.pageObjects.common.LoginPage - click on filter :GitHub
2025-02-10 17:10:54.437 [main] INFO  com.webMethodsUI.flow.pageObjects.Settingpage.Oauthclientregistrationhomepage - Entering HostName
2025-02-10 17:10:54.437 [main] INFO  com.webMethodsUI.flow.pageObjects.common.LoginPage - Entering HostName
2025-02-10 17:10:54.695 [main] INFO  com.webMethodsUI.flow.pageObjects.Settingpage.Oauthclientregistrationhomepage - Entering Personal Access Token
2025-02-10 17:10:54.695 [main] INFO  com.webMethodsUI.flow.pageObjects.common.LoginPage - Entering Personal Access Token
2025-02-10 17:10:55.007 [main] INFO  com.webMethodsUI.flow.pageObjects.Settingpage.Oauthclientregistrationhomepage - click Validate And Add...
2025-02-10 17:10:55.007 [main] INFO  com.webMethodsUI.flow.pageObjects.common.LoginPage - click Validate And Add...
2025-02-10 17:10:55.160 [main] INFO  com.webMethodsUI.flow.pageObjects.common.LoginPage - click on Validate Button..
2025-02-10 17:10:55.425 [main] INFO  com.webMethodsUI.flow.pageObjects.common.LoginPage - click on Add Version Control Button..
2025-02-10 17:10:56.806 [main] INFO  com.webMethodsUI.flow.pageObjects.common.LoginPage - Fetching webelement at runtime //span[contains(text(),'srcGithubCtrl_Arti')]
2025-02-10 17:11:00.727 [main] INFO  com.webMethodsUI.flow.pageObjects.common.LoginPage - Verify vissible level is: srcGithubCtrl_Arti
